2025-01-27 16:50:36.249 [info] Reading sessions from keychain...
2025-01-27 16:50:36.249 [info] Getting sessions for all scopes...
2025-01-27 16:50:36.249 [info] Getting sessions for all scopes...
2025-01-27 16:50:36.249 [info] Getting sessions for all scopes...
2025-01-27 16:50:36.249 [info] Getting sessions for all scopes...
2025-01-27 16:50:36.249 [info] Getting sessions for all scopes...
2025-01-27 16:50:36.249 [info] Getting sessions for all scopes...
2025-01-27 16:50:36.249 [info] Getting sessions for all scopes...
2025-01-27 16:50:36.249 [info] Got stored sessions!
2025-01-27 16:50:36.249 [info] Got 1 verified sessions.
2025-01-27 16:50:36.249 [info] Got 1 sessions for ...
2025-01-27 16:50:36.249 [info] Got 1 sessions for ...
2025-01-27 16:50:36.249 [info] Got 1 sessions for ...
2025-01-27 16:50:36.249 [info] Got 1 sessions for ...
2025-01-27 16:50:36.249 [info] Got 1 sessions for ...
2025-01-27 16:50:36.249 [info] Got 1 sessions for ...
2025-01-27 16:50:36.249 [info] Got 1 sessions for ...
2025-01-27 16:50:37.520 [info] Getting sessions for all scopes...
2025-01-27 16:50:37.520 [info] Got 1 sessions for ...
2025-01-27 16:50:37.538 [info] Getting sessions for read:user,repo,user:email...
2025-01-27 16:50:37.538 [info] Got 0 sessions for read:user,repo,user:email...
2025-01-27 16:50:37.538 [info] Getting sessions for read:user,repo,user:email,workflow...
2025-01-27 16:50:37.538 [info] Got 1 sessions for read:user,repo,user:email,workflow...
2025-01-27 16:50:37.539 [info] Getting sessions for all scopes...
2025-01-27 16:50:37.539 [info] Got 1 sessions for ...
2025-01-27 16:50:37.539 [info] Getting sessions for all scopes...
2025-01-27 16:50:37.539 [info] Got 1 sessions for ...
2025-01-27 16:50:37.565 [info] Getting sessions for read:user,repo,user:email,workflow...
2025-01-27 16:50:37.565 [info] Got 1 sessions for read:user,repo,user:email,workflow...
2025-01-27 16:50:37.788 [info] Getting sessions for read:user,repo,user:email,workflow...
2025-01-27 16:50:37.788 [info] Got 1 sessions for read:user,repo,user:email,workflow...
2025-01-27 16:50:38.605 [info] Getting sessions for all scopes...
2025-01-27 16:50:38.605 [info] Got 1 sessions for ...
2025-01-27 16:50:38.687 [info] Getting sessions for read:user,repo,user:email,workflow...
2025-01-27 16:50:38.687 [info] Got 1 sessions for read:user,repo,user:email,workflow...
2025-01-27 16:50:38.712 [info] Getting sessions for all scopes...
2025-01-27 16:50:38.713 [info] Got 1 sessions for ...
2025-01-27 16:50:38.717 [info] Getting sessions for read:user,repo,user:email,workflow...
2025-01-27 16:50:38.717 [info] Got 1 sessions for read:user,repo,user:email,workflow...
2025-01-27 16:50:38.764 [info] Getting sessions for all scopes...
2025-01-27 16:50:38.764 [info] Got 1 sessions for ...
2025-01-27 16:50:38.765 [info] Getting sessions for read:user,repo,user:email,workflow...
2025-01-27 16:50:38.765 [info] Got 1 sessions for read:user,repo,user:email,workflow...
2025-01-27 16:50:40.259 [info] Getting sessions for read:user,repo,user:email,workflow...
2025-01-27 16:50:40.259 [info] Got 1 sessions for read:user,repo,user:email,workflow...
2025-01-27 16:50:41.150 [info] Getting sessions for read:user,repo,user:email,workflow...
2025-01-27 16:50:41.150 [info] Got 1 sessions for read:user,repo,user:email,workflow...
2025-01-27 16:50:42.529 [info] Getting sessions for all scopes...
2025-01-27 16:50:42.529 [info] Got 1 sessions for ...
2025-01-27 16:50:42.529 [info] Getting sessions for all scopes...
2025-01-27 16:50:42.529 [info] Got 1 sessions for ...
2025-01-27 16:50:42.551 [info] Getting sessions for read:user,repo,user:email,workflow...
2025-01-27 16:50:42.551 [info] Got 1 sessions for read:user,repo,user:email,workflow...
2025-01-27 16:50:42.575 [info] Getting sessions for all scopes...
2025-01-27 16:50:42.575 [info] Got 1 sessions for ...
2025-01-27 16:50:42.578 [info] Getting sessions for read:user,repo,user:email,workflow...
2025-01-27 16:50:42.578 [info] Got 1 sessions for read:user,repo,user:email,workflow...
2025-01-27 16:50:42.642 [info] Getting sessions for all scopes...
2025-01-27 16:50:42.642 [info] Got 1 sessions for ...
2025-01-27 16:50:42.682 [info] Getting sessions for read:user,repo,user:email,workflow...
2025-01-27 16:50:42.682 [info] Got 1 sessions for read:user,repo,user:email,workflow...
2025-01-27 16:50:43.373 [info] Getting sessions for read:user,repo,user:email,workflow...
2025-01-27 16:50:43.373 [info] Got 1 sessions for read:user,repo,user:email,workflow...
2025-01-27 16:50:44.607 [info] Getting sessions for all scopes...
2025-01-27 16:50:44.607 [info] Got 1 sessions for ...
2025-01-27 16:50:44.608 [info] Getting sessions for read:user,repo,user:email,workflow...
2025-01-27 16:50:44.608 [info] Got 1 sessions for read:user,repo,user:email,workflow...
