2025-03-23 23:53:33.124 [info] Reading sessions from keychain...
2025-03-23 23:53:33.124 [info] Getting sessions for all scopes...
2025-03-23 23:53:33.124 [info] Getting sessions for all scopes...
2025-03-23 23:53:33.124 [info] Getting sessions for all scopes...
2025-03-23 23:53:33.124 [info] Got stored sessions!
2025-03-23 23:53:33.124 [info] Got 1 verified sessions.
2025-03-23 23:53:33.124 [info] Got 1 sessions for ...
2025-03-23 23:53:33.124 [info] Got 1 sessions for ...
2025-03-23 23:53:33.124 [info] Got 1 sessions for ...
2025-03-23 23:53:33.124 [info] Getting sessions for all scopes...
2025-03-23 23:53:33.124 [info] Got 1 sessions for ...
2025-03-23 23:53:33.124 [info] Getting sessions for all scopes...
2025-03-23 23:53:33.124 [info] Got 1 sessions for ...
2025-03-23 23:53:33.124 [info] Getting sessions for all scopes...
2025-03-23 23:53:33.124 [info] Got 1 sessions for ...
2025-03-23 23:53:33.124 [info] Getting sessions for all scopes...
2025-03-23 23:53:33.124 [info] Got 1 sessions for ...
2025-03-23 23:53:33.124 [info] Getting sessions for all scopes...
2025-03-23 23:53:33.124 [info] Got 1 sessions for ...
2025-03-23 23:53:33.524 [info] Getting sessions for user:email...
2025-03-23 23:53:33.524 [info] Got 1 sessions for user:email...
2025-03-23 23:53:35.252 [info] Getting sessions for all scopes...
2025-03-23 23:53:35.253 [info] Got 1 sessions for ...
2025-03-23 23:53:35.304 [info] Getting sessions for read:user,repo,user:email...
2025-03-23 23:53:35.304 [info] Got 0 sessions for read:user,repo,user:email...
2025-03-23 23:53:35.304 [info] Getting sessions for read:user,repo,user:email,workflow...
2025-03-23 23:53:35.304 [info] Got 0 sessions for read:user,repo,user:email,workflow...
2025-03-23 23:53:35.305 [info] Getting sessions for all scopes...
2025-03-23 23:53:35.305 [info] Got 1 sessions for ...
2025-03-23 23:53:35.305 [info] Getting sessions for all scopes...
2025-03-23 23:53:35.305 [info] Got 1 sessions for ...
2025-03-23 23:53:35.334 [info] Getting sessions for project,read:org,read:user,repo,user:email,workflow...
2025-03-23 23:53:35.334 [info] Got 0 sessions for project,read:org,read:user,repo,user:email,workflow...
2025-03-23 23:53:35.565 [info] Getting sessions for read:user...
2025-03-23 23:53:35.565 [info] Got 0 sessions for read:user...
2025-03-23 23:53:35.565 [info] Getting sessions for read:user,repo,user:email,workflow...
2025-03-23 23:53:35.565 [info] Got 0 sessions for read:user,repo,user:email,workflow...
2025-03-23 23:53:35.565 [info] Getting sessions for read:user,repo,user:email,workflow...
2025-03-23 23:53:35.565 [info] Got 0 sessions for read:user,repo,user:email,workflow...
2025-03-23 23:53:35.647 [info] Getting sessions for read:user,repo,user:email...
2025-03-23 23:53:35.647 [info] Got 0 sessions for read:user,repo,user:email...
2025-03-23 23:53:35.691 [info] Getting sessions for user:email...
2025-03-23 23:53:35.691 [info] Got 1 sessions for user:email...
2025-03-23 23:53:35.691 [info] Getting sessions for user:email...
2025-03-23 23:53:35.691 [info] Got 1 sessions for user:email...
2025-03-23 23:53:35.691 [info] Getting sessions for read:user,repo,user:email,workflow...
2025-03-23 23:53:35.691 [info] Got 0 sessions for read:user,repo,user:email,workflow...
2025-03-23 23:53:35.691 [info] Getting sessions for read:user,repo,user:email...
2025-03-23 23:53:35.691 [info] Got 0 sessions for read:user,repo,user:email...
2025-03-23 23:53:35.727 [info] Getting sessions for all scopes...
2025-03-23 23:53:35.727 [info] Got 1 sessions for ...
2025-03-23 23:53:35.727 [info] Getting sessions for all scopes...
2025-03-23 23:53:35.727 [info] Got 1 sessions for ...
2025-03-23 23:53:35.727 [info] Getting sessions for read:user,repo,user:email,workflow...
2025-03-23 23:53:35.727 [info] Got 0 sessions for read:user,repo,user:email,workflow...
2025-03-23 23:53:36.673 [info] Getting sessions for read:user,repo,user:email,workflow...
2025-03-23 23:53:36.673 [info] Got 0 sessions for read:user,repo,user:email,workflow...
2025-03-23 23:53:36.839 [info] Getting sessions for user:email...
2025-03-23 23:53:36.839 [info] Got 1 sessions for user:email...
2025-03-23 23:53:37.601 [info] Getting sessions for all scopes...
2025-03-23 23:53:37.601 [info] Got 1 sessions for ...
2025-03-23 23:53:37.601 [info] Getting sessions for all scopes...
2025-03-23 23:53:37.601 [info] Got 1 sessions for ...
2025-03-23 23:53:37.646 [info] Getting sessions for read:user,repo,user:email,workflow...
2025-03-23 23:53:37.646 [info] Got 0 sessions for read:user,repo,user:email,workflow...
2025-03-23 23:53:37.647 [info] Getting sessions for user:email...
2025-03-23 23:53:37.647 [info] Got 1 sessions for user:email...
2025-03-23 23:53:37.647 [info] Getting sessions for read:user,repo,user:email,workflow...
2025-03-23 23:53:37.647 [info] Got 0 sessions for read:user,repo,user:email,workflow...
2025-03-23 23:53:37.651 [info] Getting sessions for all scopes...
2025-03-23 23:53:37.651 [info] Got 1 sessions for ...
2025-03-23 23:53:37.652 [info] Getting sessions for read:user,repo,user:email,workflow...
2025-03-23 23:53:37.652 [info] Got 0 sessions for read:user,repo,user:email,workflow...
2025-03-23 23:53:37.652 [info] Getting sessions for user:email...
2025-03-23 23:53:37.652 [info] Got 1 sessions for user:email...
2025-03-23 23:53:37.751 [info] Getting sessions for all scopes...
2025-03-23 23:53:37.751 [info] Got 1 sessions for ...
2025-03-23 23:53:37.752 [info] Getting sessions for all scopes...
2025-03-23 23:53:37.752 [info] Got 1 sessions for ...
2025-03-23 23:53:37.761 [info] Getting sessions for read:user,repo,user:email,workflow...
2025-03-23 23:53:37.761 [info] Got 0 sessions for read:user,repo,user:email,workflow...
2025-03-23 23:53:37.763 [info] Getting sessions for user:email...
2025-03-23 23:53:37.763 [info] Got 1 sessions for user:email...
2025-03-23 23:53:37.763 [info] Getting sessions for read:user,repo,user:email,workflow...
2025-03-23 23:53:37.763 [info] Got 0 sessions for read:user,repo,user:email,workflow...
2025-03-23 23:53:37.774 [info] Getting sessions for all scopes...
2025-03-23 23:53:37.774 [info] Got 1 sessions for ...
2025-03-23 23:53:37.775 [info] Getting sessions for read:user,repo,user:email,workflow...
2025-03-23 23:53:37.775 [info] Got 0 sessions for read:user,repo,user:email,workflow...
2025-03-23 23:53:37.776 [info] Getting sessions for user:email...
2025-03-23 23:53:37.776 [info] Got 1 sessions for user:email...
2025-03-23 23:53:38.230 [info] Getting sessions for all scopes...
2025-03-23 23:53:38.230 [info] Got 1 sessions for ...
2025-03-23 23:53:38.239 [info] Getting sessions for read:user,repo,user:email,workflow...
2025-03-23 23:53:38.239 [info] Got 0 sessions for read:user,repo,user:email,workflow...
2025-03-23 23:53:38.262 [info] Getting sessions for user:email...
2025-03-23 23:53:38.262 [info] Got 1 sessions for user:email...
