2025-03-25 09:23:43.078 [info] Reading sessions from keychain...
2025-03-25 09:23:43.078 [info] Getting sessions for all scopes...
2025-03-25 09:23:43.078 [info] Getting sessions for all scopes...
2025-03-25 09:23:43.078 [info] Getting sessions for all scopes...
2025-03-25 09:23:43.078 [info] Getting sessions for all scopes...
2025-03-25 09:23:43.078 [info] Getting sessions for all scopes...
2025-03-25 09:23:43.078 [info] Getting sessions for all scopes...
2025-03-25 09:23:43.078 [info] Getting sessions for all scopes...
2025-03-25 09:23:43.157 [info] Got 0 sessions for ...
2025-03-25 09:23:43.157 [info] Got 0 sessions for ...
2025-03-25 09:23:43.157 [info] Got 0 sessions for ...
2025-03-25 09:23:43.157 [info] Got 0 sessions for ...
2025-03-25 09:23:43.157 [info] Got 0 sessions for ...
2025-03-25 09:23:43.157 [info] Got 0 sessions for ...
2025-03-25 09:23:43.157 [info] Got 0 sessions for ...
2025-03-25 09:23:43.199 [info] Getting sessions for all scopes...
2025-03-25 09:23:43.199 [info] Got 0 sessions for ...
2025-03-25 09:23:43.393 [info] Getting sessions for user:email...
2025-03-25 09:23:43.393 [info] Got 0 sessions for user:email...
2025-03-25 09:23:44.244 [info] Getting sessions for read:user,repo,user:email...
2025-03-25 09:23:44.244 [info] Got 0 sessions for read:user,repo,user:email...
2025-03-25 09:23:44.245 [info] Getting sessions for project,read:org,read:user,repo,user:email,workflow...
2025-03-25 09:23:44.245 [info] Got 0 sessions for project,read:org,read:user,repo,user:email,workflow...
2025-03-25 09:23:44.372 [info] Getting sessions for read:user,repo,user:email,workflow...
2025-03-25 09:23:44.372 [info] Got 0 sessions for read:user,repo,user:email,workflow...
2025-03-25 09:23:44.409 [info] Getting sessions for read:user,repo,user:email...
2025-03-25 09:23:44.410 [info] Got 0 sessions for read:user,repo,user:email...
2025-03-25 09:23:44.450 [info] Getting sessions for read:user,repo,user:email...
2025-03-25 09:23:44.450 [info] Got 0 sessions for read:user,repo,user:email...
2025-03-25 09:23:44.470 [info] Getting sessions for all scopes...
2025-03-25 09:23:44.470 [info] Got 0 sessions for ...
2025-03-25 09:23:44.473 [info] Getting sessions for read:user,repo,user:email,workflow...
2025-03-25 09:23:44.473 [info] Got 0 sessions for read:user,repo,user:email,workflow...
2025-03-25 10:53:44.246 [info] Reading sessions from keychain...
2025-03-25 10:53:44.246 [info] Getting sessions for all scopes...
2025-03-25 10:53:44.246 [info] Getting sessions for all scopes...
2025-03-25 10:53:44.246 [info] Getting sessions for all scopes...
2025-03-25 10:53:44.246 [info] Getting sessions for all scopes...
2025-03-25 10:53:44.246 [info] Getting sessions for all scopes...
2025-03-25 10:53:44.246 [info] Getting sessions for all scopes...
2025-03-25 10:53:44.246 [info] Getting sessions for all scopes...
2025-03-25 10:53:44.296 [info] Got 0 sessions for ...
2025-03-25 10:53:44.296 [info] Got 0 sessions for ...
2025-03-25 10:53:44.296 [info] Got 0 sessions for ...
2025-03-25 10:53:44.296 [info] Got 0 sessions for ...
2025-03-25 10:53:44.296 [info] Got 0 sessions for ...
2025-03-25 10:53:44.296 [info] Got 0 sessions for ...
2025-03-25 10:53:44.296 [info] Got 0 sessions for ...
2025-03-25 10:53:44.612 [info] Getting sessions for all scopes...
2025-03-25 10:53:44.612 [info] Got 0 sessions for ...
2025-03-25 10:53:44.803 [info] Getting sessions for user:email...
2025-03-25 10:53:44.803 [info] Got 0 sessions for user:email...
2025-03-25 10:53:45.565 [info] Getting sessions for read:user,repo,user:email...
2025-03-25 10:53:45.565 [info] Got 0 sessions for read:user,repo,user:email...
2025-03-25 10:53:45.580 [info] Getting sessions for project,read:org,read:user,repo,user:email,workflow...
2025-03-25 10:53:45.580 [info] Got 0 sessions for project,read:org,read:user,repo,user:email,workflow...
2025-03-25 10:53:45.703 [info] Getting sessions for read:user,repo,user:email,workflow...
2025-03-25 10:53:45.703 [info] Got 0 sessions for read:user,repo,user:email,workflow...
2025-03-25 10:53:45.742 [info] Getting sessions for read:user,repo,user:email...
2025-03-25 10:53:45.742 [info] Got 0 sessions for read:user,repo,user:email...
2025-03-25 10:53:45.777 [info] Getting sessions for read:user,repo,user:email,workflow...
2025-03-25 10:53:45.777 [info] Got 0 sessions for read:user,repo,user:email,workflow...
2025-03-25 10:55:50.311 [info] Getting sessions for all scopes...
2025-03-25 10:55:50.311 [info] Got 0 sessions for ...
