2025-03-25 00:10:48.041 [info] Reading sessions from keychain...
2025-03-25 00:10:48.041 [info] Getting sessions for all scopes...
2025-03-25 00:10:48.041 [info] Getting sessions for all scopes...
2025-03-25 00:10:48.041 [info] Getting sessions for all scopes...
2025-03-25 00:10:48.041 [info] Getting sessions for user:email...
2025-03-25 00:10:48.041 [info] Getting sessions for all scopes...
2025-03-25 00:10:48.041 [info] Getting sessions for all scopes...
2025-03-25 00:10:48.041 [info] Getting sessions for all scopes...
2025-03-25 00:10:48.041 [info] Getting sessions for all scopes...
2025-03-25 00:10:48.041 [info] Getting sessions for all scopes...
2025-03-25 00:10:48.041 [info] Got 0 sessions for ...
2025-03-25 00:10:48.041 [info] Got 0 sessions for ...
2025-03-25 00:10:48.041 [info] Got 0 sessions for ...
2025-03-25 00:10:48.041 [info] Got 0 sessions for user:email...
2025-03-25 00:10:48.041 [info] Got 0 sessions for ...
2025-03-25 00:10:48.041 [info] Got 0 sessions for ...
2025-03-25 00:10:48.041 [info] Got 0 sessions for ...
2025-03-25 00:10:48.041 [info] Got 0 sessions for ...
2025-03-25 00:10:48.041 [info] Got 0 sessions for ...
2025-03-25 00:10:49.049 [info] Getting sessions for read:user,repo,user:email...
2025-03-25 00:10:49.049 [info] Got 0 sessions for read:user,repo,user:email...
2025-03-25 00:10:49.049 [info] Getting sessions for project,read:org,read:user,repo,user:email,workflow...
2025-03-25 00:10:49.049 [info] Got 0 sessions for project,read:org,read:user,repo,user:email,workflow...
2025-03-25 00:10:49.062 [info] Getting sessions for read:user,repo,user:email,workflow...
2025-03-25 00:10:49.062 [info] Got 0 sessions for read:user,repo,user:email,workflow...
2025-03-25 00:10:49.104 [info] Getting sessions for read:user,repo,user:email...
2025-03-25 00:10:49.104 [info] Got 0 sessions for read:user,repo,user:email...
2025-03-25 00:10:49.104 [info] Getting sessions for read:user,repo,user:email...
2025-03-25 00:10:49.104 [info] Got 0 sessions for read:user,repo,user:email...
2025-03-25 00:10:49.152 [info] Getting sessions for read:user,repo,user:email,workflow...
2025-03-25 00:10:49.152 [info] Got 0 sessions for read:user,repo,user:email,workflow...
2025-03-25 00:10:50.088 [info] Getting sessions for all scopes...
2025-03-25 00:10:50.088 [info] Got 0 sessions for ...
