2025-03-25 08:33:59.634 [info] [main] Log level: Info
2025-03-25 08:33:59.634 [info] [main] Validating found git in: "git"
2025-03-25 08:33:59.634 [info] [main] Using git "2.49.0" from "git"
2025-03-25 08:33:59.634 [info] [Model][doInitialScan] Initial repository scan started
2025-03-25 08:33:59.634 [info] > git rev-parse --show-toplevel [3ms]
2025-03-25 08:33:59.634 [info] > git rev-parse --show-toplevel [2ms]
2025-03-25 08:33:59.634 [info] > git rev-parse --show-toplevel [2ms]
2025-03-25 08:33:59.634 [info] > git rev-parse --show-toplevel [5ms]
2025-03-25 08:33:59.634 [info] > git rev-parse --show-toplevel [1ms]
2025-03-25 08:33:59.634 [info] > git rev-parse --show-toplevel [1ms]
2025-03-25 08:33:59.634 [info] > git rev-parse --show-toplevel [1ms]
2025-03-25 08:33:59.634 [info] > git rev-parse --show-toplevel [0ms]
2025-03-25 08:33:59.634 [info] > git rev-parse --show-toplevel [0ms]
2025-03-25 08:33:59.634 [info] [Model][doInitialScan] Initial repository scan completed - repositories (0), closed repositories (0), parent repositories (1), unsafe repositories (0)
2025-03-25 08:34:00.335 [info] > git rev-parse --show-toplevel [2ms]
2025-03-25 08:34:00.358 [info] > git rev-parse --show-toplevel [1ms]
2025-03-25 08:34:00.628 [info] > git rev-parse --show-toplevel [2ms]
2025-03-25 08:34:01.126 [info] > git rev-parse --show-toplevel [3ms]
2025-03-25 08:34:02.213 [info] > git rev-parse --show-toplevel [9ms]
2025-03-25 08:34:05.140 [info] > git rev-parse --show-toplevel [3ms]
2025-03-25 08:34:10.445 [info] > git rev-parse --show-toplevel [12ms]
2025-03-25 08:34:10.948 [info] > git rev-parse --show-toplevel [3ms]
2025-03-25 08:34:10.986 [info] > git rev-parse --show-toplevel [2ms]
2025-03-25 08:34:13.915 [info] > git rev-parse --show-toplevel [20ms]
2025-03-25 08:34:31.687 [info] > git rev-parse --show-toplevel [1ms]
2025-03-25 08:34:34.009 [info] > git rev-parse --show-toplevel [0ms]
2025-03-25 08:34:38.544 [info] > git rev-parse --show-toplevel [4ms]
2025-03-25 08:34:47.642 [info] > git rev-parse --show-toplevel [6ms]
2025-03-25 08:34:51.589 [info] > git rev-parse --show-toplevel [4ms]
2025-03-25 08:34:56.614 [info] > git rev-parse --show-toplevel [18ms]
2025-03-25 08:35:00.293 [info] > git rev-parse --show-toplevel [3ms]
2025-03-25 08:35:01.814 [info] > git rev-parse --show-toplevel [9ms]
2025-03-25 08:35:06.163 [info] > git rev-parse --show-toplevel [3ms]
2025-03-25 08:35:09.239 [info] > git rev-parse --show-toplevel [3ms]
2025-03-25 08:35:13.001 [info] > git rev-parse --show-toplevel [4ms]
2025-03-25 08:35:14.761 [info] > git rev-parse --show-toplevel [12ms]
2025-03-25 08:35:16.261 [info] > git rev-parse --show-toplevel [2ms]
2025-03-25 08:35:18.804 [info] > git rev-parse --show-toplevel [14ms]
2025-03-25 08:35:21.072 [info] > git rev-parse --show-toplevel [16ms]
2025-03-25 08:35:22.261 [info] > git rev-parse --show-toplevel [4ms]
2025-03-25 08:35:24.477 [info] > git rev-parse --show-toplevel [5ms]
2025-03-25 08:35:25.787 [info] > git rev-parse --show-toplevel [5ms]
2025-03-25 08:35:28.066 [info] > git rev-parse --show-toplevel [7ms]
2025-03-25 08:35:29.152 [info] > git rev-parse --show-toplevel [4ms]
2025-03-25 08:35:30.169 [info] > git rev-parse --show-toplevel [5ms]
2025-03-25 08:35:37.841 [info] > git rev-parse --show-toplevel [4ms]
2025-03-25 08:35:42.303 [info] > git rev-parse --show-toplevel [4ms]
2025-03-25 08:35:43.299 [info] > git rev-parse --show-toplevel [32ms]
2025-03-25 08:35:43.972 [info] > git rev-parse --show-toplevel [6ms]
2025-03-25 08:35:51.738 [info] > git rev-parse --show-toplevel [4ms]
2025-03-25 08:35:53.860 [info] > git rev-parse --show-toplevel [24ms]
2025-03-25 08:36:05.675 [info] > git rev-parse --show-toplevel [2ms]
2025-03-25 08:36:06.643 [info] > git rev-parse --show-toplevel [4ms]
2025-03-25 08:36:08.452 [info] > git rev-parse --show-toplevel [4ms]
2025-03-25 08:36:09.261 [info] > git rev-parse --show-toplevel [4ms]
2025-03-25 08:36:30.919 [info] > git rev-parse --show-toplevel [12ms]
2025-03-25 08:36:35.075 [info] > git rev-parse --show-toplevel [6ms]
2025-03-25 08:36:48.708 [info] > git rev-parse --show-toplevel [11ms]
2025-03-25 08:36:50.596 [info] > git rev-parse --show-toplevel [4ms]
2025-03-25 08:36:59.885 [info] > git rev-parse --show-toplevel [4ms]
2025-03-25 08:37:00.787 [info] > git rev-parse --show-toplevel [9ms]
2025-03-25 08:37:01.735 [info] > git rev-parse --show-toplevel [5ms]
2025-03-25 08:37:02.567 [info] > git rev-parse --show-toplevel [4ms]
2025-03-25 08:37:03.467 [info] > git rev-parse --show-toplevel [5ms]
2025-03-25 08:37:04.287 [info] > git rev-parse --show-toplevel [6ms]
2025-03-25 08:37:09.879 [info] > git rev-parse --show-toplevel [8ms]
2025-03-25 08:37:17.047 [info] > git rev-parse --show-toplevel [8ms]
2025-03-25 08:37:18.677 [info] > git rev-parse --show-toplevel [3ms]
2025-03-25 08:37:19.616 [info] > git rev-parse --show-toplevel [4ms]
2025-03-25 08:37:20.670 [info] > git rev-parse --show-toplevel [9ms]
2025-03-25 08:37:21.724 [info] > git rev-parse --show-toplevel [7ms]
2025-03-25 08:37:22.777 [info] > git rev-parse --show-toplevel [1ms]
2025-03-25 08:37:23.600 [info] > git rev-parse --show-toplevel [27ms]
2025-03-25 08:37:25.112 [info] > git rev-parse --show-toplevel [2ms]
2025-03-25 08:37:26.592 [info] > git rev-parse --show-toplevel [2ms]
2025-03-25 08:37:28.241 [info] > git rev-parse --show-toplevel [2ms]
2025-03-25 08:37:28.840 [info] > git rev-parse --show-toplevel [1ms]
2025-03-25 08:37:29.445 [info] > git rev-parse --show-toplevel [2ms]
2025-03-25 08:37:30.444 [info] > git rev-parse --show-toplevel [25ms]
2025-03-25 08:37:31.192 [info] > git rev-parse --show-toplevel [13ms]
2025-03-25 08:37:31.814 [info] > git rev-parse --show-toplevel [7ms]
2025-03-25 08:37:32.574 [info] > git rev-parse --show-toplevel [4ms]
2025-03-25 08:37:33.189 [info] > git rev-parse --show-toplevel [2ms]
2025-03-25 08:37:34.686 [info] > git rev-parse --show-toplevel [2ms]
2025-03-25 08:37:36.948 [info] > git rev-parse --show-toplevel [3ms]
2025-03-25 08:37:46.379 [info] > git rev-parse --show-toplevel [3ms]
2025-03-25 08:37:47.499 [info] > git rev-parse --show-toplevel [22ms]
2025-03-25 08:37:49.775 [info] > git rev-parse --show-toplevel [8ms]
2025-03-25 08:37:51.779 [info] > git rev-parse --show-toplevel [4ms]
2025-03-25 08:37:55.688 [info] > git rev-parse --show-toplevel [16ms]
2025-03-25 08:38:03.180 [info] > git rev-parse --show-toplevel [48ms]
2025-03-25 08:38:08.880 [info] > git rev-parse --show-toplevel [11ms]
2025-03-25 08:38:11.821 [info] > git rev-parse --show-toplevel [4ms]
2025-03-25 08:38:15.079 [info] > git rev-parse --show-toplevel [5ms]
2025-03-25 08:38:19.446 [info] > git rev-parse --show-toplevel [25ms]
2025-03-25 08:38:20.537 [info] > git rev-parse --show-toplevel [4ms]
2025-03-25 08:38:22.430 [info] > git rev-parse --show-toplevel [4ms]
2025-03-25 08:38:23.491 [info] > git rev-parse --show-toplevel [4ms]
2025-03-25 08:38:24.663 [info] > git rev-parse --show-toplevel [13ms]
2025-03-25 08:38:25.929 [info] > git rev-parse --show-toplevel [4ms]
2025-03-25 08:38:27.098 [info] > git rev-parse --show-toplevel [7ms]
2025-03-25 08:38:27.826 [info] > git rev-parse --show-toplevel [6ms]
2025-03-25 08:38:28.705 [info] > git rev-parse --show-toplevel [4ms]
2025-03-25 08:38:34.711 [info] > git rev-parse --show-toplevel [15ms]
2025-03-25 08:38:35.756 [info] > git rev-parse --show-toplevel [3ms]
2025-03-25 08:38:37.549 [info] > git rev-parse --show-toplevel [4ms]
2025-03-25 08:38:39.936 [info] > git rev-parse --show-toplevel [3ms]
2025-03-25 08:38:41.018 [info] > git rev-parse --show-toplevel [3ms]
2025-03-25 08:38:46.258 [info] > git rev-parse --show-toplevel [3ms]
2025-03-25 08:38:49.192 [info] > git rev-parse --show-toplevel [29ms]
2025-03-25 08:38:51.162 [info] > git rev-parse --show-toplevel [5ms]
2025-03-25 08:38:55.918 [info] > git rev-parse --show-toplevel [33ms]
2025-03-25 08:38:56.897 [info] > git rev-parse --show-toplevel [6ms]
2025-03-25 08:38:58.304 [info] > git rev-parse --show-toplevel [9ms]
2025-03-25 08:38:59.165 [info] > git rev-parse --show-toplevel [4ms]
2025-03-25 08:39:00.086 [info] > git rev-parse --show-toplevel [4ms]
2025-03-25 08:39:01.266 [info] > git rev-parse --show-toplevel [6ms]
2025-03-25 08:39:02.538 [info] > git rev-parse --show-toplevel [6ms]
2025-03-25 08:39:03.596 [info] > git rev-parse --show-toplevel [4ms]
2025-03-25 08:39:04.686 [info] > git rev-parse --show-toplevel [5ms]
2025-03-25 08:39:10.021 [info] > git rev-parse --show-toplevel [5ms]
2025-03-25 08:39:11.228 [info] > git rev-parse --show-toplevel [16ms]
2025-03-25 08:39:12.218 [info] > git rev-parse --show-toplevel [6ms]
2025-03-25 08:39:13.219 [info] > git rev-parse --show-toplevel [5ms]
2025-03-25 08:39:14.404 [info] > git rev-parse --show-toplevel [16ms]
2025-03-25 08:39:19.866 [info] > git rev-parse --show-toplevel [13ms]
2025-03-25 08:39:24.348 [info] > git rev-parse --show-toplevel [6ms]
2025-03-25 08:39:26.256 [info] > git rev-parse --show-toplevel [4ms]
2025-03-25 08:39:27.514 [info] > git rev-parse --show-toplevel [4ms]
2025-03-25 08:39:28.350 [info] > git rev-parse --show-toplevel [5ms]
2025-03-25 08:39:29.662 [info] > git rev-parse --show-toplevel [3ms]
2025-03-25 08:39:30.883 [info] > git rev-parse --show-toplevel [5ms]
2025-03-25 08:39:37.604 [info] > git rev-parse --show-toplevel [6ms]
2025-03-25 08:39:40.071 [info] > git rev-parse --show-toplevel [8ms]
2025-03-25 08:39:41.822 [info] > git rev-parse --show-toplevel [3ms]
2025-03-25 08:39:42.849 [info] > git rev-parse --show-toplevel [3ms]
2025-03-25 08:39:43.915 [info] > git rev-parse --show-toplevel [2ms]
2025-03-25 08:39:46.072 [info] > git rev-parse --show-toplevel [7ms]
2025-03-25 08:39:48.777 [info] > git rev-parse --show-toplevel [4ms]
2025-03-25 08:39:49.287 [info] > git rev-parse --show-toplevel [18ms]
2025-03-25 08:39:49.416 [info] > git rev-parse --show-toplevel [6ms]
2025-03-25 08:39:49.557 [info] > git rev-parse --show-toplevel [3ms]
2025-03-25 08:39:49.784 [info] > git rev-parse --show-toplevel [4ms]
2025-03-25 08:39:49.904 [info] > git rev-parse --show-toplevel [3ms]
2025-03-25 08:39:50.094 [info] > git rev-parse --show-toplevel [2ms]
2025-03-25 08:39:50.259 [info] > git rev-parse --show-toplevel [4ms]
2025-03-25 08:39:50.412 [info] > git rev-parse --show-toplevel [4ms]
2025-03-25 08:39:50.571 [info] > git rev-parse --show-toplevel [2ms]
2025-03-25 08:39:51.789 [info] > git rev-parse --show-toplevel [3ms]
2025-03-25 08:39:53.414 [info] > git rev-parse --show-toplevel [4ms]
2025-03-25 08:39:53.508 [info] > git rev-parse --show-toplevel [4ms]
2025-03-25 08:39:53.951 [info] > git rev-parse --show-toplevel [5ms]
2025-03-25 08:39:54.068 [info] > git rev-parse --show-toplevel [2ms]
2025-03-25 08:39:54.457 [info] > git rev-parse --show-toplevel [4ms]
2025-03-25 08:39:56.982 [info] > git rev-parse --show-toplevel [5ms]
2025-03-25 08:40:03.549 [info] > git rev-parse --show-toplevel [8ms]
2025-03-25 08:40:11.516 [info] > git rev-parse --show-toplevel [4ms]
2025-03-25 08:40:12.729 [info] > git rev-parse --show-toplevel [4ms]
2025-03-25 08:40:22.125 [info] > git rev-parse --show-toplevel [14ms]
2025-03-25 08:40:40.606 [info] > git rev-parse --show-toplevel [3ms]
2025-03-25 08:40:40.629 [info] > git rev-parse --show-toplevel [0ms]
2025-03-25 08:40:45.399 [info] > git rev-parse --show-toplevel [4ms]
2025-03-25 08:40:45.449 [info] > git rev-parse --show-toplevel [6ms]
2025-03-25 08:40:45.485 [info] > git rev-parse --show-toplevel [10ms]
2025-03-25 08:40:58.804 [info] > git rev-parse --show-toplevel [1ms]
2025-03-25 08:40:58.877 [info] > git rev-parse --show-toplevel [3ms]
2025-03-25 08:40:58.911 [info] > git rev-parse --show-toplevel [7ms]
2025-03-25 08:40:59.528 [info] > git rev-parse --show-toplevel [1ms]
2025-03-25 08:40:59.611 [info] > git rev-parse --show-toplevel [6ms]
2025-03-25 08:40:59.642 [info] > git rev-parse --show-toplevel [1ms]
2025-03-25 08:41:00.554 [info] > git rev-parse --show-toplevel [4ms]
2025-03-25 08:41:00.610 [info] > git rev-parse --show-toplevel [3ms]
2025-03-25 08:41:00.651 [info] > git rev-parse --show-toplevel [22ms]
2025-03-25 08:41:09.602 [info] > git rev-parse --show-toplevel [4ms]
2025-03-25 08:41:09.672 [info] > git rev-parse --show-toplevel [4ms]
2025-03-25 08:41:09.694 [info] > git rev-parse --show-toplevel [8ms]
2025-03-25 08:41:10.826 [info] > git rev-parse --show-toplevel [2ms]
2025-03-25 08:41:10.896 [info] > git rev-parse --show-toplevel [3ms]
2025-03-25 08:41:10.932 [info] > git rev-parse --show-toplevel [19ms]
2025-03-25 08:41:11.676 [info] > git rev-parse --show-toplevel [1ms]
2025-03-25 08:41:11.740 [info] > git rev-parse --show-toplevel [4ms]
2025-03-25 08:41:11.766 [info] > git rev-parse --show-toplevel [8ms]
2025-03-25 08:41:12.264 [info] > git rev-parse --show-toplevel [1ms]
2025-03-25 08:41:12.328 [info] > git rev-parse --show-toplevel [3ms]
2025-03-25 08:41:12.353 [info] > git rev-parse --show-toplevel [11ms]
2025-03-25 08:41:12.845 [info] > git rev-parse --show-toplevel [3ms]
2025-03-25 08:41:12.937 [info] > git rev-parse --show-toplevel [1ms]
2025-03-25 08:41:12.971 [info] > git rev-parse --show-toplevel [18ms]
2025-03-25 08:41:13.694 [info] > git rev-parse --show-toplevel [0ms]
2025-03-25 08:41:13.767 [info] > git rev-parse --show-toplevel [3ms]
2025-03-25 08:41:13.809 [info] > git rev-parse --show-toplevel [16ms]
2025-03-25 08:41:15.415 [info] > git rev-parse --show-toplevel [3ms]
2025-03-25 08:41:15.477 [info] > git rev-parse --show-toplevel [4ms]
2025-03-25 08:41:15.507 [info] > git rev-parse --show-toplevel [11ms]
2025-03-25 08:41:18.603 [info] > git rev-parse --show-toplevel [4ms]
2025-03-25 08:41:18.666 [info] > git rev-parse --show-toplevel [5ms]
2025-03-25 08:41:18.710 [info] > git rev-parse --show-toplevel [2ms]
2025-03-25 08:41:19.465 [info] > git rev-parse --show-toplevel [1ms]
2025-03-25 08:41:19.545 [info] > git rev-parse --show-toplevel [4ms]
2025-03-25 08:41:19.582 [info] > git rev-parse --show-toplevel [20ms]
2025-03-25 08:41:20.623 [info] > git rev-parse --show-toplevel [1ms]
2025-03-25 08:41:20.691 [info] > git rev-parse --show-toplevel [4ms]
2025-03-25 08:41:20.744 [info] > git rev-parse --show-toplevel [26ms]
2025-03-25 08:41:22.652 [info] > git rev-parse --show-toplevel [1ms]
2025-03-25 08:41:22.749 [info] > git rev-parse --show-toplevel [6ms]
2025-03-25 08:41:22.769 [info] > git rev-parse --show-toplevel [1ms]
2025-03-25 08:41:23.708 [info] > git rev-parse --show-toplevel [1ms]
2025-03-25 08:41:23.773 [info] > git rev-parse --show-toplevel [5ms]
2025-03-25 08:41:23.827 [info] > git rev-parse --show-toplevel [27ms]
2025-03-25 08:41:24.585 [info] > git rev-parse --show-toplevel [4ms]
2025-03-25 08:41:24.648 [info] > git rev-parse --show-toplevel [6ms]
2025-03-25 08:41:24.695 [info] > git rev-parse --show-toplevel [26ms]
2025-03-25 08:41:25.247 [info] > git rev-parse --show-toplevel [13ms]
2025-03-25 08:41:25.263 [info] > git rev-parse --show-toplevel [3ms]
2025-03-25 08:41:25.271 [info] > git rev-parse --show-toplevel [1ms]
2025-03-25 08:41:25.785 [info] > git rev-parse --show-toplevel [2ms]
2025-03-25 08:41:25.802 [info] > git rev-parse --show-toplevel [1ms]
2025-03-25 08:41:25.814 [info] > git rev-parse --show-toplevel [5ms]
2025-03-25 08:41:26.560 [info] > git rev-parse --show-toplevel [2ms]
2025-03-25 08:41:26.629 [info] > git rev-parse --show-toplevel [2ms]
2025-03-25 08:41:26.655 [info] > git rev-parse --show-toplevel [11ms]
2025-03-25 08:41:28.650 [info] > git rev-parse --show-toplevel [2ms]
2025-03-25 08:41:28.727 [info] > git rev-parse --show-toplevel [4ms]
2025-03-25 08:41:28.776 [info] > git rev-parse --show-toplevel [30ms]
2025-03-25 08:41:29.338 [info] > git rev-parse --show-toplevel [1ms]
2025-03-25 08:41:29.400 [info] > git rev-parse --show-toplevel [11ms]
2025-03-25 08:41:29.432 [info] > git rev-parse --show-toplevel [17ms]
2025-03-25 08:41:30.258 [info] > git rev-parse --show-toplevel [1ms]
2025-03-25 08:41:30.360 [info] > git rev-parse --show-toplevel [20ms]
2025-03-25 08:41:30.417 [info] > git rev-parse --show-toplevel [11ms]
2025-03-25 08:41:31.924 [info] > git rev-parse --show-toplevel [1ms]
2025-03-25 08:41:32.018 [info] > git rev-parse --show-toplevel [14ms]
2025-03-25 08:41:32.046 [info] > git rev-parse --show-toplevel [7ms]
2025-03-25 08:41:33.178 [info] > git rev-parse --show-toplevel [3ms]
2025-03-25 08:41:33.240 [info] > git rev-parse --show-toplevel [3ms]
2025-03-25 08:41:33.266 [info] > git rev-parse --show-toplevel [9ms]
2025-03-25 08:41:33.638 [info] > git rev-parse --show-toplevel [2ms]
2025-03-25 08:41:33.666 [info] > git rev-parse --show-toplevel [2ms]
2025-03-25 08:41:33.681 [info] > git rev-parse --show-toplevel [1ms]
2025-03-25 08:41:37.612 [info] > git rev-parse --show-toplevel [6ms]
2025-03-25 08:41:37.660 [info] > git rev-parse --show-toplevel [11ms]
2025-03-25 08:41:37.702 [info] > git rev-parse --show-toplevel [2ms]
2025-03-25 08:41:38.386 [info] > git rev-parse --show-toplevel [2ms]
2025-03-25 08:41:38.458 [info] > git rev-parse --show-toplevel [5ms]
2025-03-25 08:41:38.485 [info] > git rev-parse --show-toplevel [13ms]
2025-03-25 08:41:39.394 [info] > git rev-parse --show-toplevel [2ms]
2025-03-25 08:41:39.456 [info] > git rev-parse --show-toplevel [4ms]
2025-03-25 08:41:39.507 [info] > git rev-parse --show-toplevel [26ms]
2025-03-25 08:41:40.504 [info] > git rev-parse --show-toplevel [1ms]
2025-03-25 08:41:40.572 [info] > git rev-parse --show-toplevel [4ms]
2025-03-25 08:41:40.598 [info] > git rev-parse --show-toplevel [10ms]
2025-03-25 08:41:42.272 [info] > git rev-parse --show-toplevel [2ms]
2025-03-25 08:41:42.336 [info] > git rev-parse --show-toplevel [7ms]
2025-03-25 08:41:42.394 [info] > git rev-parse --show-toplevel [15ms]
2025-03-25 08:41:47.203 [info] > git rev-parse --show-toplevel [1ms]
2025-03-25 08:41:47.287 [info] > git rev-parse --show-toplevel [5ms]
2025-03-25 08:41:47.332 [info] > git rev-parse --show-toplevel [10ms]
2025-03-25 08:41:49.200 [info] > git rev-parse --show-toplevel [0ms]
2025-03-25 08:41:49.271 [info] > git rev-parse --show-toplevel [9ms]
2025-03-25 08:41:49.284 [info] > git rev-parse --show-toplevel [1ms]
2025-03-25 08:41:51.058 [info] > git rev-parse --show-toplevel [2ms]
2025-03-25 08:41:51.090 [info] > git rev-parse --show-toplevel [1ms]
2025-03-25 08:41:51.098 [info] > git rev-parse --show-toplevel [0ms]
2025-03-25 08:41:52.299 [info] > git rev-parse --show-toplevel [4ms]
2025-03-25 08:41:52.357 [info] > git rev-parse --show-toplevel [5ms]
2025-03-25 08:41:52.370 [info] > git rev-parse --show-toplevel [2ms]
2025-03-25 08:41:53.314 [info] > git rev-parse --show-toplevel [2ms]
2025-03-25 08:41:53.357 [info] > git rev-parse --show-toplevel [2ms]
2025-03-25 08:41:53.365 [info] > git rev-parse --show-toplevel [1ms]
2025-03-25 08:42:27.580 [info] > git rev-parse --show-toplevel [3ms]
2025-03-25 08:42:27.658 [info] > git rev-parse --show-toplevel [3ms]
2025-03-25 08:42:27.684 [info] > git rev-parse --show-toplevel [8ms]
2025-03-25 08:42:46.023 [info] > git rev-parse --show-toplevel [2ms]
2025-03-25 08:42:46.061 [info] > git rev-parse --show-toplevel [4ms]
2025-03-25 08:42:46.074 [info] > git rev-parse --show-toplevel [2ms]
2025-03-25 08:42:47.322 [info] > git rev-parse --show-toplevel [1ms]
2025-03-25 08:42:47.365 [info] > git rev-parse --show-toplevel [7ms]
2025-03-25 08:42:47.378 [info] > git rev-parse --show-toplevel [1ms]
2025-03-25 08:43:12.427 [info] > git rev-parse --show-toplevel [1ms]
2025-03-25 08:43:12.534 [info] > git rev-parse --show-toplevel [6ms]
2025-03-25 08:43:12.572 [info] > git rev-parse --show-toplevel [22ms]
2025-03-25 08:43:14.106 [info] > git rev-parse --show-toplevel [2ms]
2025-03-25 08:43:14.227 [info] > git rev-parse --show-toplevel [1ms]
2025-03-25 08:43:14.257 [info] > git rev-parse --show-toplevel [13ms]
2025-03-25 08:43:15.095 [info] > git rev-parse --show-toplevel [2ms]
2025-03-25 08:43:15.156 [info] > git rev-parse --show-toplevel [4ms]
2025-03-25 08:43:15.189 [info] > git rev-parse --show-toplevel [16ms]
2025-03-25 08:43:15.811 [info] > git rev-parse --show-toplevel [1ms]
2025-03-25 08:43:15.868 [info] > git rev-parse --show-toplevel [2ms]
2025-03-25 08:43:15.888 [info] > git rev-parse --show-toplevel [7ms]
2025-03-25 08:43:16.682 [info] > git rev-parse --show-toplevel [4ms]
2025-03-25 08:43:16.734 [info] > git rev-parse --show-toplevel [2ms]
2025-03-25 08:43:16.788 [info] > git rev-parse --show-toplevel [32ms]
2025-03-25 08:43:17.255 [info] > git rev-parse --show-toplevel [97ms]
2025-03-25 08:43:17.269 [info] > git rev-parse --show-toplevel [1ms]
2025-03-25 08:43:17.282 [info] > git rev-parse --show-toplevel [6ms]
2025-03-25 08:43:17.826 [info] > git rev-parse --show-toplevel [4ms]
2025-03-25 08:43:17.836 [info] > git rev-parse --show-toplevel [4ms]
2025-03-25 08:43:17.844 [info] > git rev-parse --show-toplevel [2ms]
2025-03-25 08:43:19.236 [info] > git rev-parse --show-toplevel [1ms]
2025-03-25 08:43:19.322 [info] > git rev-parse --show-toplevel [4ms]
2025-03-25 08:43:19.362 [info] > git rev-parse --show-toplevel [27ms]
2025-03-25 08:43:20.054 [info] > git rev-parse --show-toplevel [1ms]
2025-03-25 08:43:20.121 [info] > git rev-parse --show-toplevel [6ms]
2025-03-25 08:43:20.154 [info] > git rev-parse --show-toplevel [15ms]
2025-03-25 08:43:21.422 [info] > git rev-parse --show-toplevel [2ms]
2025-03-25 08:43:21.485 [info] > git rev-parse --show-toplevel [2ms]
2025-03-25 08:43:21.520 [info] > git rev-parse --show-toplevel [22ms]
2025-03-25 08:43:22.367 [info] > git rev-parse --show-toplevel [2ms]
2025-03-25 08:43:22.427 [info] > git rev-parse --show-toplevel [4ms]
2025-03-25 08:43:22.465 [info] > git rev-parse --show-toplevel [19ms]
2025-03-25 08:43:23.165 [info] > git rev-parse --show-toplevel [2ms]
2025-03-25 08:43:23.216 [info] > git rev-parse --show-toplevel [3ms]
2025-03-25 08:43:23.241 [info] > git rev-parse --show-toplevel [8ms]
2025-03-25 08:43:23.895 [info] > git rev-parse --show-toplevel [2ms]
2025-03-25 08:43:23.946 [info] > git rev-parse --show-toplevel [6ms]
2025-03-25 08:43:23.978 [info] > git rev-parse --show-toplevel [16ms]
2025-03-25 08:43:24.363 [info] > git rev-parse --show-toplevel [3ms]
2025-03-25 08:43:24.406 [info] > git rev-parse --show-toplevel [2ms]
2025-03-25 08:43:24.435 [info] > git rev-parse --show-toplevel [8ms]
2025-03-25 08:43:25.373 [info] > git rev-parse --show-toplevel [1ms]
2025-03-25 08:43:25.438 [info] > git rev-parse --show-toplevel [4ms]
2025-03-25 08:43:25.477 [info] > git rev-parse --show-toplevel [18ms]
2025-03-25 08:43:25.984 [info] > git rev-parse --show-toplevel [4ms]
2025-03-25 08:43:25.996 [info] > git rev-parse --show-toplevel [5ms]
2025-03-25 08:43:26.002 [info] > git rev-parse --show-toplevel [1ms]
2025-03-25 08:43:27.365 [info] > git rev-parse --show-toplevel [2ms]
2025-03-25 08:43:27.425 [info] > git rev-parse --show-toplevel [5ms]
2025-03-25 08:43:27.465 [info] > git rev-parse --show-toplevel [19ms]
2025-03-25 08:43:33.625 [info] > git rev-parse --show-toplevel [29ms]
2025-03-25 08:43:33.650 [info] > git rev-parse --show-toplevel [8ms]
2025-03-25 08:43:33.672 [info] > git rev-parse --show-toplevel [9ms]
2025-03-25 08:43:34.473 [info] > git rev-parse --show-toplevel [4ms]
2025-03-25 08:43:34.522 [info] > git rev-parse --show-toplevel [6ms]
2025-03-25 08:43:34.559 [info] > git rev-parse --show-toplevel [18ms]
2025-03-25 08:43:36.293 [info] > git rev-parse --show-toplevel [2ms]
2025-03-25 08:43:36.351 [info] > git rev-parse --show-toplevel [4ms]
2025-03-25 08:43:36.393 [info] > git rev-parse --show-toplevel [11ms]
2025-03-25 08:43:38.308 [info] > git rev-parse --show-toplevel [2ms]
2025-03-25 08:43:38.380 [info] > git rev-parse --show-toplevel [10ms]
2025-03-25 08:43:38.423 [info] > git rev-parse --show-toplevel [4ms]
2025-03-25 08:43:40.041 [info] > git rev-parse --show-toplevel [2ms]
2025-03-25 08:43:40.099 [info] > git rev-parse --show-toplevel [3ms]
2025-03-25 08:43:40.121 [info] > git rev-parse --show-toplevel [9ms]
2025-03-25 08:43:40.805 [info] > git rev-parse --show-toplevel [1ms]
2025-03-25 08:43:40.863 [info] > git rev-parse --show-toplevel [6ms]
2025-03-25 08:43:40.922 [info] > git rev-parse --show-toplevel [12ms]
2025-03-25 08:43:41.414 [info] > git rev-parse --show-toplevel [4ms]
2025-03-25 08:43:41.425 [info] > git rev-parse --show-toplevel [3ms]
2025-03-25 08:43:41.430 [info] > git rev-parse --show-toplevel [1ms]
2025-03-25 08:43:45.155 [info] > git rev-parse --show-toplevel [1ms]
2025-03-25 08:43:45.216 [info] > git rev-parse --show-toplevel [4ms]
2025-03-25 08:43:45.261 [info] > git rev-parse --show-toplevel [19ms]
2025-03-25 08:43:50.429 [info] > git rev-parse --show-toplevel [2ms]
2025-03-25 08:43:50.486 [info] > git rev-parse --show-toplevel [3ms]
2025-03-25 08:43:50.516 [info] > git rev-parse --show-toplevel [15ms]
2025-03-25 08:43:51.512 [info] > git rev-parse --show-toplevel [1ms]
2025-03-25 08:43:51.568 [info] > git rev-parse --show-toplevel [5ms]
2025-03-25 08:43:51.611 [info] > git rev-parse --show-toplevel [20ms]
2025-03-25 08:43:53.487 [info] > git rev-parse --show-toplevel [2ms]
2025-03-25 08:43:53.574 [info] > git rev-parse --show-toplevel [21ms]
2025-03-25 08:43:53.597 [info] > git rev-parse --show-toplevel [1ms]
2025-03-25 08:43:54.536 [info] > git rev-parse --show-toplevel [2ms]
2025-03-25 08:43:54.596 [info] > git rev-parse --show-toplevel [3ms]
2025-03-25 08:43:54.622 [info] > git rev-parse --show-toplevel [10ms]
2025-03-25 08:43:55.669 [info] > git rev-parse --show-toplevel [2ms]
2025-03-25 08:43:55.734 [info] > git rev-parse --show-toplevel [4ms]
2025-03-25 08:43:55.763 [info] > git rev-parse --show-toplevel [10ms]
2025-03-25 08:43:56.854 [info] > git rev-parse --show-toplevel [2ms]
2025-03-25 08:43:56.918 [info] > git rev-parse --show-toplevel [4ms]
2025-03-25 08:43:56.940 [info] > git rev-parse --show-toplevel [8ms]
2025-03-25 08:43:58.010 [info] > git rev-parse --show-toplevel [2ms]
2025-03-25 08:43:58.081 [info] > git rev-parse --show-toplevel [4ms]
2025-03-25 08:43:58.116 [info] > git rev-parse --show-toplevel [10ms]
2025-03-25 08:43:59.401 [info] > git rev-parse --show-toplevel [2ms]
2025-03-25 08:43:59.473 [info] > git rev-parse --show-toplevel [6ms]
2025-03-25 08:43:59.517 [info] > git rev-parse --show-toplevel [24ms]
2025-03-25 08:44:00.506 [info] > git rev-parse --show-toplevel [2ms]
2025-03-25 08:44:00.570 [info] > git rev-parse --show-toplevel [2ms]
2025-03-25 08:44:00.592 [info] > git rev-parse --show-toplevel [8ms]
2025-03-25 08:44:01.505 [info] > git rev-parse --show-toplevel [1ms]
2025-03-25 08:44:01.579 [info] > git rev-parse --show-toplevel [6ms]
2025-03-25 08:44:01.622 [info] > git rev-parse --show-toplevel [27ms]
2025-03-25 08:44:02.652 [info] > git rev-parse --show-toplevel [1ms]
2025-03-25 08:44:02.758 [info] > git rev-parse --show-toplevel [4ms]
2025-03-25 08:44:02.791 [info] > git rev-parse --show-toplevel [7ms]
2025-03-25 08:44:03.780 [info] > git rev-parse --show-toplevel [2ms]
2025-03-25 08:44:03.847 [info] > git rev-parse --show-toplevel [6ms]
2025-03-25 08:44:03.889 [info] > git rev-parse --show-toplevel [24ms]
2025-03-25 08:44:06.236 [info] > git rev-parse --show-toplevel [1ms]
2025-03-25 08:44:06.291 [info] > git rev-parse --show-toplevel [4ms]
2025-03-25 08:44:06.317 [info] > git rev-parse --show-toplevel [10ms]
2025-03-25 08:44:07.380 [info] > git rev-parse --show-toplevel [2ms]
2025-03-25 08:44:07.445 [info] > git rev-parse --show-toplevel [2ms]
2025-03-25 08:44:07.473 [info] > git rev-parse --show-toplevel [8ms]
2025-03-25 08:44:10.131 [info] > git rev-parse --show-toplevel [2ms]
2025-03-25 08:44:10.208 [info] > git rev-parse --show-toplevel [6ms]
2025-03-25 08:44:10.263 [info] > git rev-parse --show-toplevel [35ms]
2025-03-25 08:44:11.490 [info] > git rev-parse --show-toplevel [2ms]
2025-03-25 08:44:11.531 [info] > git rev-parse --show-toplevel [3ms]
2025-03-25 08:44:11.569 [info] > git rev-parse --show-toplevel [12ms]
2025-03-25 08:44:13.334 [info] > git rev-parse --show-toplevel [2ms]
2025-03-25 08:44:13.437 [info] > git rev-parse --show-toplevel [9ms]
2025-03-25 08:44:13.467 [info] > git rev-parse --show-toplevel [5ms]
2025-03-25 08:44:14.238 [info] > git rev-parse --show-toplevel [2ms]
2025-03-25 08:44:14.317 [info] > git rev-parse --show-toplevel [5ms]
2025-03-25 08:44:14.360 [info] > git rev-parse --show-toplevel [12ms]
2025-03-25 08:44:15.638 [info] > git rev-parse --show-toplevel [1ms]
2025-03-25 08:44:15.704 [info] > git rev-parse --show-toplevel [2ms]
2025-03-25 08:44:15.728 [info] > git rev-parse --show-toplevel [8ms]
2025-03-25 08:44:16.619 [info] > git rev-parse --show-toplevel [1ms]
2025-03-25 08:44:16.684 [info] > git rev-parse --show-toplevel [8ms]
2025-03-25 08:44:16.743 [info] > git rev-parse --show-toplevel [25ms]
2025-03-25 08:44:18.886 [info] > git rev-parse --show-toplevel [1ms]
2025-03-25 08:44:18.950 [info] > git rev-parse --show-toplevel [3ms]
2025-03-25 08:44:18.969 [info] > git rev-parse --show-toplevel [1ms]
2025-03-25 08:44:23.618 [info] > git rev-parse --show-toplevel [0ms]
2025-03-25 08:44:23.696 [info] > git rev-parse --show-toplevel [2ms]
2025-03-25 08:44:23.738 [info] > git rev-parse --show-toplevel [14ms]
2025-03-25 08:44:25.197 [info] > git rev-parse --show-toplevel [1ms]
2025-03-25 08:44:25.282 [info] > git rev-parse --show-toplevel [18ms]
2025-03-25 08:44:25.292 [info] > git rev-parse --show-toplevel [1ms]
2025-03-25 08:44:28.962 [info] > git rev-parse --show-toplevel [2ms]
2025-03-25 08:44:29.038 [info] > git rev-parse --show-toplevel [7ms]
2025-03-25 08:44:29.067 [info] > git rev-parse --show-toplevel [4ms]
2025-03-25 08:44:30.546 [info] > git rev-parse --show-toplevel [2ms]
2025-03-25 08:44:30.599 [info] > git rev-parse --show-toplevel [3ms]
2025-03-25 08:44:30.621 [info] > git rev-parse --show-toplevel [2ms]
2025-03-25 08:44:31.935 [info] > git rev-parse --show-toplevel [1ms]
2025-03-25 08:44:32.002 [info] > git rev-parse --show-toplevel [2ms]
2025-03-25 08:44:32.026 [info] > git rev-parse --show-toplevel [9ms]
2025-03-25 08:44:32.901 [info] > git rev-parse --show-toplevel [2ms]
2025-03-25 08:44:32.965 [info] > git rev-parse --show-toplevel [2ms]
2025-03-25 08:44:32.989 [info] > git rev-parse --show-toplevel [10ms]
2025-03-25 08:44:33.885 [info] > git rev-parse --show-toplevel [1ms]
2025-03-25 08:44:33.951 [info] > git rev-parse --show-toplevel [3ms]
2025-03-25 08:44:33.976 [info] > git rev-parse --show-toplevel [10ms]
2025-03-25 08:44:35.310 [info] > git rev-parse --show-toplevel [1ms]
2025-03-25 08:44:35.388 [info] > git rev-parse --show-toplevel [5ms]
2025-03-25 08:44:35.448 [info] > git rev-parse --show-toplevel [36ms]
2025-03-25 08:44:36.644 [info] > git rev-parse --show-toplevel [2ms]
2025-03-25 08:44:36.710 [info] > git rev-parse --show-toplevel [4ms]
2025-03-25 08:44:36.750 [info] > git rev-parse --show-toplevel [13ms]
2025-03-25 08:44:37.445 [info] > git rev-parse --show-toplevel [2ms]
2025-03-25 08:44:37.504 [info] > git rev-parse --show-toplevel [4ms]
2025-03-25 08:44:37.528 [info] > git rev-parse --show-toplevel [11ms]
2025-03-25 08:44:40.523 [info] > git rev-parse --show-toplevel [1ms]
2025-03-25 08:44:40.581 [info] > git rev-parse --show-toplevel [3ms]
2025-03-25 08:44:40.609 [info] > git rev-parse --show-toplevel [8ms]
2025-03-25 08:44:41.992 [info] > git rev-parse --show-toplevel [2ms]
2025-03-25 08:44:42.072 [info] > git rev-parse --show-toplevel [16ms]
2025-03-25 08:44:42.120 [info] > git rev-parse --show-toplevel [34ms]
2025-03-25 08:44:45.594 [info] > git rev-parse --show-toplevel [1ms]
2025-03-25 08:44:45.699 [info] > git rev-parse --show-toplevel [41ms]
2025-03-25 08:44:45.729 [info] > git rev-parse --show-toplevel [9ms]
2025-03-25 08:47:07.569 [info] > git rev-parse --show-toplevel [15ms]
2025-03-25 08:47:07.591 [info] > git rev-parse --show-toplevel [4ms]
2025-03-25 08:47:07.600 [info] > git rev-parse --show-toplevel [1ms]
2025-03-25 08:47:08.836 [info] > git rev-parse --show-toplevel [0ms]
2025-03-25 08:47:08.944 [info] > git rev-parse --show-toplevel [3ms]
2025-03-25 08:47:08.989 [info] > git rev-parse --show-toplevel [25ms]
2025-03-25 08:47:09.551 [info] > git rev-parse --show-toplevel [2ms]
2025-03-25 08:47:09.579 [info] > git rev-parse --show-toplevel [6ms]
2025-03-25 08:47:09.589 [info] > git rev-parse --show-toplevel [5ms]
2025-03-25 08:47:10.729 [info] > git rev-parse --show-toplevel [1ms]
2025-03-25 08:47:10.795 [info] > git rev-parse --show-toplevel [3ms]
2025-03-25 08:47:10.835 [info] > git rev-parse --show-toplevel [13ms]
2025-03-25 08:47:11.418 [info] > git rev-parse --show-toplevel [7ms]
2025-03-25 08:47:11.428 [info] > git rev-parse --show-toplevel [3ms]
2025-03-25 08:47:11.435 [info] > git rev-parse --show-toplevel [1ms]
2025-03-25 08:47:12.388 [info] > git rev-parse --show-toplevel [2ms]
2025-03-25 08:47:12.452 [info] > git rev-parse --show-toplevel [2ms]
2025-03-25 08:47:12.474 [info] > git rev-parse --show-toplevel [8ms]
2025-03-25 08:47:13.148 [info] > git rev-parse --show-toplevel [5ms]
2025-03-25 08:47:13.247 [info] > git rev-parse --show-toplevel [13ms]
2025-03-25 08:47:13.289 [info] > git rev-parse --show-toplevel [13ms]
2025-03-25 08:47:14.580 [info] > git rev-parse --show-toplevel [2ms]
2025-03-25 08:47:14.665 [info] > git rev-parse --show-toplevel [14ms]
2025-03-25 08:47:14.695 [info] > git rev-parse --show-toplevel [15ms]
2025-03-25 08:47:16.301 [info] > git rev-parse --show-toplevel [3ms]
2025-03-25 08:47:16.386 [info] > git rev-parse --show-toplevel [16ms]
2025-03-25 08:47:16.419 [info] > git rev-parse --show-toplevel [6ms]
2025-03-25 08:47:19.016 [info] > git rev-parse --show-toplevel [2ms]
2025-03-25 08:47:19.119 [info] > git rev-parse --show-toplevel [12ms]
2025-03-25 08:47:19.170 [info] > git rev-parse --show-toplevel [4ms]
2025-03-25 08:47:20.119 [info] > git rev-parse --show-toplevel [2ms]
2025-03-25 08:47:20.176 [info] > git rev-parse --show-toplevel [4ms]
2025-03-25 08:47:20.211 [info] > git rev-parse --show-toplevel [14ms]
2025-03-25 08:47:21.290 [info] > git rev-parse --show-toplevel [2ms]
2025-03-25 08:47:21.363 [info] > git rev-parse --show-toplevel [4ms]
2025-03-25 08:47:21.393 [info] > git rev-parse --show-toplevel [12ms]
2025-03-25 08:47:22.054 [info] > git rev-parse --show-toplevel [2ms]
2025-03-25 08:47:22.089 [info] > git rev-parse --show-toplevel [4ms]
2025-03-25 08:47:22.102 [info] > git rev-parse --show-toplevel [1ms]
2025-03-25 08:47:24.244 [info] > git rev-parse --show-toplevel [1ms]
2025-03-25 08:47:24.310 [info] > git rev-parse --show-toplevel [2ms]
2025-03-25 08:47:24.336 [info] > git rev-parse --show-toplevel [12ms]
2025-03-25 08:47:25.100 [info] > git rev-parse --show-toplevel [2ms]
2025-03-25 08:47:25.160 [info] > git rev-parse --show-toplevel [4ms]
2025-03-25 08:47:25.199 [info] > git rev-parse --show-toplevel [15ms]
2025-03-25 08:47:26.473 [info] > git rev-parse --show-toplevel [2ms]
2025-03-25 08:47:26.538 [info] > git rev-parse --show-toplevel [3ms]
2025-03-25 08:47:26.560 [info] > git rev-parse --show-toplevel [7ms]
2025-03-25 08:47:29.568 [info] > git rev-parse --show-toplevel [1ms]
2025-03-25 08:47:29.655 [info] > git rev-parse --show-toplevel [20ms]
2025-03-25 08:47:29.704 [info] > git rev-parse --show-toplevel [29ms]
2025-03-25 08:47:32.303 [info] > git rev-parse --show-toplevel [3ms]
2025-03-25 08:47:32.370 [info] > git rev-parse --show-toplevel [15ms]
2025-03-25 08:47:32.411 [info] > git rev-parse --show-toplevel [4ms]
2025-03-25 08:47:35.126 [info] > git rev-parse --show-toplevel [3ms]
2025-03-25 08:47:35.193 [info] > git rev-parse --show-toplevel [15ms]
2025-03-25 08:47:35.230 [info] > git rev-parse --show-toplevel [21ms]
2025-03-25 08:47:37.062 [info] > git rev-parse --show-toplevel [8ms]
2025-03-25 08:47:37.118 [info] > git rev-parse --show-toplevel [2ms]
2025-03-25 08:47:37.168 [info] > git rev-parse --show-toplevel [30ms]
2025-03-25 08:47:38.276 [info] > git rev-parse --show-toplevel [0ms]
2025-03-25 08:47:38.359 [info] > git rev-parse --show-toplevel [3ms]
2025-03-25 08:47:38.406 [info] > git rev-parse --show-toplevel [30ms]
2025-03-25 08:47:41.459 [info] > git rev-parse --show-toplevel [2ms]
2025-03-25 08:47:41.516 [info] > git rev-parse --show-toplevel [5ms]
2025-03-25 08:47:41.529 [info] > git rev-parse --show-toplevel [1ms]
2025-03-25 08:47:42.926 [info] > git rev-parse --show-toplevel [0ms]
2025-03-25 08:47:42.975 [info] > git rev-parse --show-toplevel [2ms]
2025-03-25 08:47:42.986 [info] > git rev-parse --show-toplevel [1ms]
2025-03-25 08:47:43.950 [info] > git rev-parse --show-toplevel [1ms]
2025-03-25 08:47:44.010 [info] > git rev-parse --show-toplevel [11ms]
2025-03-25 08:47:44.020 [info] > git rev-parse --show-toplevel [1ms]
2025-03-25 08:47:44.596 [info] > git rev-parse --show-toplevel [1ms]
2025-03-25 08:47:44.642 [info] > git rev-parse --show-toplevel [2ms]
2025-03-25 08:47:44.651 [info] > git rev-parse --show-toplevel [2ms]
2025-03-25 08:47:45.457 [info] > git rev-parse --show-toplevel [2ms]
2025-03-25 08:47:45.502 [info] > git rev-parse --show-toplevel [2ms]
2025-03-25 08:47:45.508 [info] > git rev-parse --show-toplevel [1ms]
2025-03-25 08:47:46.349 [info] > git rev-parse --show-toplevel [8ms]
2025-03-25 08:47:46.390 [info] > git rev-parse --show-toplevel [2ms]
2025-03-25 08:47:46.399 [info] > git rev-parse --show-toplevel [1ms]
2025-03-25 08:47:47.107 [info] > git rev-parse --show-toplevel [1ms]
2025-03-25 08:47:47.162 [info] > git rev-parse --show-toplevel [4ms]
2025-03-25 08:47:47.172 [info] > git rev-parse --show-toplevel [1ms]
2025-03-25 08:47:47.807 [info] > git rev-parse --show-toplevel [1ms]
2025-03-25 08:47:47.860 [info] > git rev-parse --show-toplevel [9ms]
2025-03-25 08:47:47.867 [info] > git rev-parse --show-toplevel [1ms]
2025-03-25 08:47:48.653 [info] > git rev-parse --show-toplevel [6ms]
2025-03-25 08:47:48.690 [info] > git rev-parse --show-toplevel [2ms]
2025-03-25 08:47:48.702 [info] > git rev-parse --show-toplevel [5ms]
2025-03-25 08:47:50.051 [info] > git rev-parse --show-toplevel [1ms]
2025-03-25 08:47:50.107 [info] > git rev-parse --show-toplevel [2ms]
2025-03-25 08:47:50.119 [info] > git rev-parse --show-toplevel [1ms]
2025-03-25 08:47:51.887 [info] > git rev-parse --show-toplevel [2ms]
2025-03-25 08:47:51.937 [info] > git rev-parse --show-toplevel [5ms]
2025-03-25 08:47:51.955 [info] > git rev-parse --show-toplevel [8ms]
2025-03-25 08:47:52.435 [info] > git rev-parse --show-toplevel [2ms]
2025-03-25 08:47:52.482 [info] > git rev-parse --show-toplevel [5ms]
2025-03-25 08:47:52.498 [info] > git rev-parse --show-toplevel [1ms]
2025-03-25 08:47:53.045 [info] > git rev-parse --show-toplevel [1ms]
2025-03-25 08:47:53.092 [info] > git rev-parse --show-toplevel [3ms]
2025-03-25 08:47:53.103 [info] > git rev-parse --show-toplevel [1ms]
2025-03-25 08:47:53.502 [info] > git rev-parse --show-toplevel [2ms]
2025-03-25 08:47:53.548 [info] > git rev-parse --show-toplevel [3ms]
2025-03-25 08:47:53.559 [info] > git rev-parse --show-toplevel [1ms]
2025-03-25 08:47:53.663 [info] > git rev-parse --show-toplevel [11ms]
2025-03-25 08:47:53.675 [info] > git rev-parse --show-toplevel [1ms]
2025-03-25 08:47:53.686 [info] > git rev-parse --show-toplevel [1ms]
2025-03-25 08:47:53.839 [info] > git rev-parse --show-toplevel [2ms]
2025-03-25 08:47:53.867 [info] > git rev-parse --show-toplevel [2ms]
2025-03-25 08:47:53.874 [info] > git rev-parse --show-toplevel [0ms]
2025-03-25 08:47:54.066 [info] > git rev-parse --show-toplevel [1ms]
2025-03-25 08:47:54.110 [info] > git rev-parse --show-toplevel [2ms]
2025-03-25 08:47:54.121 [info] > git rev-parse --show-toplevel [1ms]
2025-03-25 08:47:54.499 [info] > git rev-parse --show-toplevel [1ms]
2025-03-25 08:47:54.535 [info] > git rev-parse --show-toplevel [5ms]
2025-03-25 08:47:54.545 [info] > git rev-parse --show-toplevel [0ms]
2025-03-25 08:47:54.845 [info] > git rev-parse --show-toplevel [2ms]
2025-03-25 08:47:54.867 [info] > git rev-parse --show-toplevel [1ms]
2025-03-25 08:47:54.877 [info] > git rev-parse --show-toplevel [2ms]
2025-03-25 08:47:55.788 [info] > git rev-parse --show-toplevel [2ms]
2025-03-25 08:49:55.459 [info] > git rev-parse --show-toplevel [3ms]
2025-03-25 08:49:56.338 [info] > git rev-parse --show-toplevel [5ms]
2025-03-25 08:49:56.901 [info] > git rev-parse --show-toplevel [1ms]
2025-03-25 08:49:57.617 [info] > git rev-parse --show-toplevel [3ms]
2025-03-25 08:49:58.194 [info] > git rev-parse --show-toplevel [1ms]
2025-03-25 08:49:58.600 [info] > git rev-parse --show-toplevel [11ms]
2025-03-25 08:49:59.155 [info] > git rev-parse --show-toplevel [2ms]
2025-03-25 08:50:00.092 [info] > git rev-parse --show-toplevel [39ms]
2025-03-25 08:50:01.146 [info] > git rev-parse --show-toplevel [7ms]
2025-03-25 08:50:01.683 [info] > git rev-parse --show-toplevel [1ms]
2025-03-25 08:50:02.281 [info] > git rev-parse --show-toplevel [2ms]
2025-03-25 08:50:03.229 [info] > git rev-parse --show-toplevel [13ms]
2025-03-25 08:50:03.798 [info] > git rev-parse --show-toplevel [2ms]
2025-03-25 08:50:04.392 [info] > git rev-parse --show-toplevel [4ms]
2025-03-25 08:50:04.980 [info] > git rev-parse --show-toplevel [6ms]
2025-03-25 08:50:05.380 [info] > git rev-parse --show-toplevel [3ms]
2025-03-25 08:50:06.427 [info] > git rev-parse --show-toplevel [3ms]
2025-03-25 08:50:09.001 [info] > git rev-parse --show-toplevel [3ms]
2025-03-25 08:50:09.540 [info] > git rev-parse --show-toplevel [1ms]
2025-03-25 08:50:10.128 [info] > git rev-parse --show-toplevel [2ms]
2025-03-25 08:52:44.085 [info] > git rev-parse --show-toplevel [5ms]
2025-03-25 08:53:06.269 [info] > git rev-parse --show-toplevel [11ms]
2025-03-25 08:53:07.892 [info] > git rev-parse --show-toplevel [9ms]
2025-03-25 08:53:08.981 [info] > git rev-parse --show-toplevel [24ms]
2025-03-25 08:53:10.044 [info] > git rev-parse --show-toplevel [20ms]
2025-03-25 08:53:10.570 [info] > git rev-parse --show-toplevel [4ms]
2025-03-25 08:53:11.160 [info] > git rev-parse --show-toplevel [2ms]
2025-03-25 08:53:12.418 [info] > git rev-parse --show-toplevel [3ms]
2025-03-25 08:53:12.907 [info] > git rev-parse --show-toplevel [4ms]
2025-03-25 08:53:13.502 [info] > git rev-parse --show-toplevel [7ms]
2025-03-25 08:53:14.064 [info] > git rev-parse --show-toplevel [4ms]
2025-03-25 08:53:16.410 [info] > git rev-parse --show-toplevel [1ms]
2025-03-25 08:53:17.095 [info] > git rev-parse --show-toplevel [2ms]
2025-03-25 08:53:20.766 [info] > git rev-parse --show-toplevel [6ms]
2025-03-25 08:53:21.331 [info] > git rev-parse --show-toplevel [2ms]
2025-03-25 08:53:22.114 [info] > git rev-parse --show-toplevel [2ms]
2025-03-25 08:53:23.429 [info] > git rev-parse --show-toplevel [5ms]
2025-03-25 08:53:24.038 [info] > git rev-parse --show-toplevel [1ms]
2025-03-25 08:53:25.407 [info] > git rev-parse --show-toplevel [4ms]
2025-03-25 08:53:27.445 [info] > git rev-parse --show-toplevel [3ms]
2025-03-25 08:53:28.050 [info] > git rev-parse --show-toplevel [2ms]
2025-03-25 08:53:28.567 [info] > git rev-parse --show-toplevel [2ms]
2025-03-25 08:53:30.691 [info] > git rev-parse --show-toplevel [8ms]
2025-03-25 08:53:31.276 [info] > git rev-parse --show-toplevel [6ms]
2025-03-25 08:53:31.814 [info] > git rev-parse --show-toplevel [4ms]
2025-03-25 08:53:32.336 [info] > git rev-parse --show-toplevel [3ms]
2025-03-25 08:53:33.405 [info] > git rev-parse --show-toplevel [3ms]
2025-03-25 08:53:34.170 [info] > git rev-parse --show-toplevel [3ms]
2025-03-25 08:53:34.788 [info] > git rev-parse --show-toplevel [2ms]
2025-03-25 08:53:35.506 [info] > git rev-parse --show-toplevel [3ms]
2025-03-25 08:53:36.139 [info] > git rev-parse --show-toplevel [3ms]
2025-03-25 08:53:37.201 [info] > git rev-parse --show-toplevel [3ms]
2025-03-25 08:53:39.077 [info] > git rev-parse --show-toplevel [2ms]
2025-03-25 08:53:39.879 [info] > git rev-parse --show-toplevel [3ms]
2025-03-25 08:53:42.030 [info] > git rev-parse --show-toplevel [2ms]
2025-03-25 08:53:42.502 [info] > git rev-parse --show-toplevel [7ms]
2025-03-25 08:53:43.069 [info] > git rev-parse --show-toplevel [2ms]
2025-03-25 08:53:43.641 [info] > git rev-parse --show-toplevel [3ms]
2025-03-25 08:53:44.288 [info] > git rev-parse --show-toplevel [4ms]
2025-03-25 08:53:44.861 [info] > git rev-parse --show-toplevel [3ms]
2025-03-25 08:53:45.983 [info] > git rev-parse --show-toplevel [6ms]
2025-03-25 08:53:48.181 [info] > git rev-parse --show-toplevel [18ms]
2025-03-25 08:53:48.689 [info] > git rev-parse --show-toplevel [2ms]
2025-03-25 08:53:49.835 [info] > git rev-parse --show-toplevel [12ms]
2025-03-25 08:53:50.559 [info] > git rev-parse --show-toplevel [2ms]
2025-03-25 08:53:52.485 [info] > git rev-parse --show-toplevel [7ms]
2025-03-25 08:53:53.304 [info] > git rev-parse --show-toplevel [2ms]
2025-03-25 08:53:54.020 [info] > git rev-parse --show-toplevel [3ms]
2025-03-25 08:53:54.810 [info] > git rev-parse --show-toplevel [15ms]
2025-03-25 08:53:55.580 [info] > git rev-parse --show-toplevel [3ms]
2025-03-25 08:53:56.617 [info] > git rev-parse --show-toplevel [3ms]
2025-03-25 08:53:58.472 [info] > git rev-parse --show-toplevel [5ms]
2025-03-25 08:53:59.276 [info] > git rev-parse --show-toplevel [9ms]
2025-03-25 08:54:00.663 [info] > git rev-parse --show-toplevel [5ms]
2025-03-25 08:54:01.806 [info] > git rev-parse --show-toplevel [18ms]
2025-03-25 08:55:01.484 [info] > git rev-parse --show-toplevel [15ms]
2025-03-25 08:55:02.456 [info] > git rev-parse --show-toplevel [2ms]
2025-03-25 08:55:03.043 [info] > git rev-parse --show-toplevel [2ms]
2025-03-25 08:55:03.597 [info] > git rev-parse --show-toplevel [2ms]
2025-03-25 08:55:27.499 [info] > git rev-parse --show-toplevel [6ms]
2025-03-25 08:58:19.949 [info] > git rev-parse --show-toplevel [5ms]
2025-03-25 08:58:47.431 [info] > git rev-parse --show-toplevel [2ms]
2025-03-25 09:00:18.590 [info] > git rev-parse --show-toplevel [2ms]
2025-03-25 09:00:22.753 [info] > git rev-parse --show-toplevel [7ms]
2025-03-25 09:04:26.556 [info] > git rev-parse --show-toplevel [6ms]
2025-03-25 09:04:47.924 [info] > git rev-parse --show-toplevel [5ms]
2025-03-25 09:07:26.329 [info] > git rev-parse --show-toplevel [2ms]
2025-03-25 09:08:03.388 [info] > git rev-parse --show-toplevel [2ms]
2025-03-25 09:11:24.799 [info] > git rev-parse --show-toplevel [5ms]
2025-03-25 09:11:27.964 [info] > git rev-parse --show-toplevel [4ms]
2025-03-25 09:14:00.445 [info] > git rev-parse --show-toplevel [3ms]
2025-03-25 09:14:20.683 [info] > git rev-parse --show-toplevel [4ms]
2025-03-25 09:14:21.709 [info] > git rev-parse --show-toplevel [6ms]
2025-03-25 09:14:48.436 [info] > git rev-parse --show-toplevel [5ms]
