2025-03-24 12:18:20.886 [info] [main] Log level: Info
2025-03-24 12:18:20.886 [info] [main] Validating found git in: "git"
2025-03-24 12:18:20.886 [info] [main] Using git "2.49.0" from "git"
2025-03-24 12:18:20.886 [info] [Model][doInitialScan] Initial repository scan started
2025-03-24 12:18:20.886 [info] > git rev-parse --show-toplevel [21ms]
2025-03-24 12:18:20.886 [info] > git rev-parse --git-dir --git-common-dir [9ms]
2025-03-24 12:18:20.886 [info] [Model][openRepository] Opened repository: /home/luna/repos/gh-cli-rs
2025-03-24 12:18:20.887 [info] > git rev-parse --show-toplevel [3ms]
2025-03-24 12:18:20.888 [info] > git config --get commit.template [7ms]
2025-03-24 12:18:20.888 [info] > git fetch [13ms]
2025-03-24 12:18:22.551 [info] [Git][getRemotes] No remotes found in the git config file
2025-03-24 12:18:22.571 [info] > git config --get commit.template [533ms]
2025-03-24 12:18:22.571 [info] > git rev-parse --show-toplevel [539ms]
2025-03-24 12:18:22.645 [info] > git check-ignore -v -z --stdin [65ms]
2025-03-24 12:18:22.648 [info] > git for-each-ref --format=%(refname)%00%(upstream:short)%00%(objectname)%00%(upstream:track)%00%(upstream:remotename)%00%(upstream:remoteref) refs/heads/main refs/remotes/main [98ms]
2025-03-24 12:18:22.664 [info] [Git][getRemotes] No remotes found in the git config file
2025-03-24 12:18:22.680 [info] > git for-each-ref --format=%(refname)%00%(upstream:short)%00%(objectname)%00%(upstream:track)%00%(upstream:remotename)%00%(upstream:remoteref) refs/heads/main refs/remotes/main [25ms]
2025-03-24 12:18:22.685 [info] > git rev-parse --show-toplevel [44ms]
2025-03-24 12:18:22.687 [info] [Model][doInitialScan] Initial repository scan completed - repositories (1), closed repositories (0), parent repositories (0), unsafe repositories (0)
2025-03-24 12:18:22.726 [info] > git show --textconv :src/main.rs [31ms]
2025-03-24 12:18:22.727 [info] > git ls-files --stage -- src/main.rs [24ms]
2025-03-24 12:18:22.733 [info] > git config --get --local branch.main.vscode-merge-base [48ms]
2025-03-24 12:18:22.733 [warning] [Git][config] git config failed: Failed to execute git
2025-03-24 12:18:22.740 [info] > git config --get commit.template [61ms]
2025-03-24 12:18:22.747 [info] > git for-each-ref --format=%(refname)%00%(upstream:short)%00%(objectname)%00%(upstream:track)%00%(upstream:remotename)%00%(upstream:remoteref) refs/heads/main refs/remotes/main [78ms]
2025-03-24 12:18:22.757 [info] > git for-each-ref --format=%(refname)%00%(upstream:short)%00%(objectname)%00%(upstream:track)%00%(upstream:remotename)%00%(upstream:remoteref) refs/heads/main refs/remotes/main [6ms]
2025-03-24 12:18:22.763 [info] > git reflog main --grep-reflog=branch: Created from *. [23ms]
2025-03-24 12:18:22.764 [info] > git cat-file -s 8bd84e21de24df090e76c7c63b15a95c44fefcfa [32ms]
2025-03-24 12:18:22.779 [info] [Git][getRemotes] No remotes found in the git config file
2025-03-24 12:18:22.783 [info] > git config --get --local branch.main.vscode-merge-base [20ms]
2025-03-24 12:18:22.783 [warning] [Git][config] git config failed: Failed to execute git
2025-03-24 12:18:22.804 [info] > git reflog main --grep-reflog=branch: Created from *. [6ms]
2025-03-24 12:18:22.805 [info] > git for-each-ref --format=%(refname)%00%(upstream:short)%00%(objectname)%00%(upstream:track)%00%(upstream:remotename)%00%(upstream:remoteref) refs/heads/main refs/remotes/main [28ms]
2025-03-24 12:18:22.863 [info] > git status -z -uall [50ms]
2025-03-24 12:18:22.864 [info] > git for-each-ref --sort -committerdate --format %(refname) %(objectname) %(*objectname) [38ms]
2025-03-24 12:18:23.100 [info] > git blame --root --incremental 4697733d6661e40e40f9b1028963410a6627c0df -- src/main.rs [100ms]
2025-03-24 12:18:23.146 [info] > git config --get commit.template [8ms]
2025-03-24 12:18:23.146 [info] > git log --format=%H%n%aN%n%aE%n%at%n%ct%n%P%n%D%n%B -z --shortstat --diff-merges=first-parent -n50 --skip=0 --topo-order --decorate=full --stdin [313ms]
2025-03-24 12:18:23.152 [info] [Git][getRemotes] No remotes found in the git config file
2025-03-24 12:18:23.170 [info] > git for-each-ref --format=%(refname)%00%(upstream:short)%00%(objectname)%00%(upstream:track)%00%(upstream:remotename)%00%(upstream:remoteref) refs/heads/main refs/remotes/main [18ms]
2025-03-24 12:18:23.183 [info] > git status -z -uall [9ms]
2025-03-24 12:18:23.184 [info] > git for-each-ref --sort -committerdate --format %(refname) %(objectname) %(*objectname) [2ms]
2025-03-24 12:18:27.273 [info] > git config --get --local branch.main.github-pr-owner-number [3ms]
2025-03-24 12:18:27.273 [warning] [Git][config] git config failed: Failed to execute git
2025-03-24 12:18:27.279 [info] > git config --get --local branch.main.remote [0ms]
2025-03-24 12:18:27.279 [warning] [Git][config] git config failed: Failed to execute git
2025-03-24 12:18:27.285 [info] > git config --get --local branch.main.merge [1ms]
2025-03-24 12:18:27.285 [warning] [Git][config] git config failed: Failed to execute git
2025-03-24 12:18:28.213 [info] [Git][getRemotes] No remotes found in the git config file
2025-03-24 12:18:28.216 [info] > git for-each-ref --format=%(refname)%00%(upstream:short)%00%(objectname)%00%(upstream:track)%00%(upstream:remotename)%00%(upstream:remoteref) refs/heads/main refs/remotes/main [3ms]
2025-03-24 12:18:28.216 [info] > git config --get commit.template [11ms]
2025-03-24 12:18:28.230 [info] > git status -z -uall [10ms]
2025-03-24 12:18:28.230 [info] > git for-each-ref --sort -committerdate --format %(refname) %(objectname) %(*objectname) [2ms]
