2025-02-20 17:12:10.477 [info] Reading sessions from keychain...
2025-02-20 17:12:10.477 [info] Getting sessions for all scopes...
2025-02-20 17:12:10.477 [info] Getting sessions for all scopes...
2025-02-20 17:12:10.477 [info] Getting sessions for all scopes...
2025-02-20 17:12:10.477 [info] Getting sessions for all scopes...
2025-02-20 17:12:10.477 [info] Getting sessions for all scopes...
2025-02-20 17:12:10.477 [info] Getting sessions for all scopes...
2025-02-20 17:12:10.477 [info] Getting sessions for all scopes...
2025-02-20 17:12:10.477 [info] Getting sessions for all scopes...
2025-02-20 17:12:10.538 [info] Got stored sessions!
2025-02-20 17:12:10.538 [info] Got 1 verified sessions.
2025-02-20 17:12:10.538 [info] Got 1 sessions for ...
2025-02-20 17:12:10.538 [info] Got 1 sessions for ...
2025-02-20 17:12:10.538 [info] Got 1 sessions for ...
2025-02-20 17:12:10.538 [info] Got 1 sessions for ...
2025-02-20 17:12:10.538 [info] Got 1 sessions for ...
2025-02-20 17:12:10.538 [info] Got 1 sessions for ...
2025-02-20 17:12:10.538 [info] Got 1 sessions for ...
2025-02-20 17:12:10.538 [info] Got 1 sessions for ...
2025-02-20 17:12:12.593 [info] Getting sessions for all scopes...
2025-02-20 17:12:12.593 [info] Got 1 sessions for ...
2025-02-20 17:13:13.251 [info] Getting sessions for read:user,repo,user:email...
2025-02-20 17:13:13.251 [info] Got 0 sessions for read:user,repo,user:email...
2025-02-20 17:13:25.183 [info] Getting sessions for read:user,repo,user:email,workflow...
2025-02-20 17:13:25.183 [info] Got 1 sessions for read:user,repo,user:email,workflow...
2025-02-20 17:13:25.183 [info] Getting sessions for all scopes...
2025-02-20 17:13:25.183 [info] Got 1 sessions for ...
2025-02-20 17:13:25.183 [info] Getting sessions for all scopes...
2025-02-20 17:13:25.183 [info] Got 1 sessions for ...
2025-02-20 17:13:25.189 [info] Getting sessions for read:user,repo,user:email,workflow...
2025-02-20 17:13:25.189 [info] Got 1 sessions for read:user,repo,user:email,workflow...
2025-02-20 17:13:25.928 [info] Getting sessions for all scopes...
2025-02-20 17:13:25.928 [info] Got 1 sessions for ...
2025-02-20 17:13:25.929 [info] Getting sessions for read:user,repo,user:email,workflow...
2025-02-20 17:13:25.929 [info] Got 1 sessions for read:user,repo,user:email,workflow...
2025-02-20 17:13:25.931 [info] Getting sessions for all scopes...
2025-02-20 17:13:25.931 [info] Got 1 sessions for ...
2025-02-20 17:13:25.938 [info] Getting sessions for read:user,repo,user:email,workflow...
2025-02-20 17:13:25.938 [info] Got 1 sessions for read:user,repo,user:email,workflow...
2025-02-20 17:13:25.969 [info] Getting sessions for all scopes...
2025-02-20 17:13:25.969 [info] Got 1 sessions for ...
2025-02-20 17:13:25.970 [info] Getting sessions for read:user,repo,user:email,workflow...
2025-02-20 17:13:25.970 [info] Got 1 sessions for read:user,repo,user:email,workflow...
2025-02-20 17:13:26.796 [info] Getting sessions for all scopes...
2025-02-20 17:13:26.796 [info] Got 1 sessions for ...
2025-02-20 17:13:26.796 [info] Getting sessions for all scopes...
2025-02-20 17:13:26.796 [info] Got 1 sessions for ...
2025-02-20 17:13:26.815 [info] Getting sessions for read:user,repo,user:email,workflow...
2025-02-20 17:13:26.815 [info] Got 1 sessions for read:user,repo,user:email,workflow...
2025-02-20 17:13:26.822 [info] Getting sessions for all scopes...
2025-02-20 17:13:26.822 [info] Got 1 sessions for ...
2025-02-20 17:13:26.823 [info] Getting sessions for read:user,repo,user:email,workflow...
2025-02-20 17:13:26.823 [info] Got 1 sessions for read:user,repo,user:email,workflow...
2025-02-20 17:13:26.874 [info] Getting sessions for all scopes...
2025-02-20 17:13:26.874 [info] Got 1 sessions for ...
2025-02-20 17:13:26.875 [info] Getting sessions for read:user,repo,user:email,workflow...
2025-02-20 17:13:26.875 [info] Got 1 sessions for read:user,repo,user:email,workflow...
2025-02-20 17:13:28.097 [info] Getting sessions for all scopes...
2025-02-20 17:13:28.097 [info] Got 1 sessions for ...
2025-02-20 17:13:28.099 [info] Getting sessions for read:user,repo,user:email,workflow...
2025-02-20 17:13:28.099 [info] Got 1 sessions for read:user,repo,user:email,workflow...
2025-02-20 17:13:30.916 [info] Getting sessions for project,read:org,read:user,repo,user:email,workflow...
2025-02-20 17:13:30.916 [info] Got 0 sessions for project,read:org,read:user,repo,user:email,workflow...
2025-02-20 17:13:30.918 [info] Getting sessions for read:user,repo,user:email,workflow...
2025-02-20 17:13:30.918 [info] Got 1 sessions for read:user,repo,user:email,workflow...
2025-02-20 17:15:36.954 [info] Getting sessions for all scopes...
2025-02-20 17:15:36.954 [info] Got 1 sessions for ...
2025-02-20 17:15:36.954 [info] Getting sessions for read:user,repo,user:email,workflow...
2025-02-20 17:15:36.954 [info] Got 1 sessions for read:user,repo,user:email,workflow...
2025-02-20 17:15:37.920 [info] Getting sessions for all scopes...
2025-02-20 17:15:37.920 [info] Got 1 sessions for ...
2025-02-20 17:15:37.921 [info] Getting sessions for read:user,repo,user:email,workflow...
2025-02-20 17:15:37.921 [info] Got 1 sessions for read:user,repo,user:email,workflow...
2025-02-20 17:15:42.709 [info] Reading sessions from keychain...
2025-02-20 17:15:42.709 [info] Getting sessions for all scopes...
2025-02-20 17:15:42.709 [info] Getting sessions for all scopes...
2025-02-20 17:15:42.721 [info] Getting sessions for all scopes...
2025-02-20 17:15:42.721 [info] Getting sessions for all scopes...
2025-02-20 17:15:42.721 [info] Getting sessions for all scopes...
2025-02-20 17:15:42.721 [info] Getting sessions for all scopes...
2025-02-20 17:15:42.721 [info] Getting sessions for all scopes...
2025-02-20 17:15:42.758 [info] Got stored sessions!
2025-02-20 17:15:42.758 [info] Got 1 verified sessions.
2025-02-20 17:15:42.758 [info] Got 1 sessions for ...
2025-02-20 17:15:42.758 [info] Got 1 sessions for ...
2025-02-20 17:15:42.758 [info] Got 1 sessions for ...
2025-02-20 17:15:42.758 [info] Got 1 sessions for ...
2025-02-20 17:15:42.758 [info] Got 1 sessions for ...
2025-02-20 17:15:42.758 [info] Got 1 sessions for ...
2025-02-20 17:15:42.758 [info] Got 1 sessions for ...
2025-02-20 17:15:43.963 [info] Getting sessions for read:user,repo,user:email...
2025-02-20 17:15:43.963 [info] Got 0 sessions for read:user,repo,user:email...
2025-02-20 17:15:43.964 [info] Getting sessions for read:user,repo,user:email,workflow...
2025-02-20 17:15:43.964 [info] Got 1 sessions for read:user,repo,user:email,workflow...
2025-02-20 17:15:43.964 [info] Getting sessions for all scopes...
2025-02-20 17:15:43.964 [info] Got 1 sessions for ...
2025-02-20 17:15:43.964 [info] Getting sessions for all scopes...
2025-02-20 17:15:43.964 [info] Got 1 sessions for ...
2025-02-20 17:15:43.981 [info] Getting sessions for project,read:org,read:user,repo,user:email,workflow...
2025-02-20 17:15:43.981 [info] Got 0 sessions for project,read:org,read:user,repo,user:email,workflow...
2025-02-20 17:15:44.762 [info] Getting sessions for all scopes...
2025-02-20 17:15:44.762 [info] Got 1 sessions for ...
2025-02-20 17:15:44.764 [info] Getting sessions for read:user,repo,user:email,workflow...
2025-02-20 17:15:44.764 [info] Got 1 sessions for read:user,repo,user:email,workflow...
2025-02-20 17:15:44.764 [info] Getting sessions for read:user,repo,user:email,workflow...
2025-02-20 17:15:44.764 [info] Got 1 sessions for read:user,repo,user:email,workflow...
2025-02-20 17:15:44.805 [info] Getting sessions for all scopes...
2025-02-20 17:15:44.805 [info] Got 1 sessions for ...
2025-02-20 17:15:44.845 [info] Getting sessions for read:user,repo,user:email,workflow...
2025-02-20 17:15:44.845 [info] Got 1 sessions for read:user,repo,user:email,workflow...
2025-02-20 17:15:44.850 [info] Getting sessions for all scopes...
2025-02-20 17:15:44.850 [info] Got 1 sessions for ...
2025-02-20 17:15:44.851 [info] Getting sessions for read:user,repo,user:email,workflow...
2025-02-20 17:15:44.851 [info] Got 1 sessions for read:user,repo,user:email,workflow...
2025-02-20 17:15:45.638 [info] Getting sessions for all scopes...
2025-02-20 17:15:45.638 [info] Got 1 sessions for ...
2025-02-20 17:15:45.639 [info] Getting sessions for all scopes...
2025-02-20 17:15:45.639 [info] Got 1 sessions for ...
2025-02-20 17:15:45.640 [info] Getting sessions for read:user,repo,user:email,workflow...
2025-02-20 17:15:45.640 [info] Got 1 sessions for read:user,repo,user:email,workflow...
2025-02-20 17:15:45.668 [info] Getting sessions for all scopes...
2025-02-20 17:15:45.668 [info] Got 1 sessions for ...
2025-02-20 17:15:45.669 [info] Getting sessions for read:user,repo,user:email,workflow...
2025-02-20 17:15:45.669 [info] Got 1 sessions for read:user,repo,user:email,workflow...
2025-02-20 17:15:45.726 [info] Getting sessions for all scopes...
2025-02-20 17:15:45.726 [info] Got 1 sessions for ...
2025-02-20 17:15:45.727 [info] Getting sessions for read:user,repo,user:email,workflow...
2025-02-20 17:15:45.727 [info] Got 1 sessions for read:user,repo,user:email,workflow...
2025-02-20 17:15:46.204 [info] Getting sessions for all scopes...
2025-02-20 17:15:46.204 [info] Got 1 sessions for ...
2025-02-20 17:15:46.209 [info] Getting sessions for read:user,repo,user:email,workflow...
2025-02-20 17:15:46.209 [info] Got 1 sessions for read:user,repo,user:email,workflow...
2025-02-20 17:16:00.042 [info] Reading sessions from keychain...
2025-02-20 17:16:00.042 [info] Getting sessions for all scopes...
2025-02-20 17:16:00.042 [info] Getting sessions for all scopes...
2025-02-20 17:16:00.042 [info] Getting sessions for all scopes...
2025-02-20 17:16:00.042 [info] Got stored sessions!
2025-02-20 17:16:00.042 [info] Got 1 verified sessions.
2025-02-20 17:16:00.042 [info] Got 1 sessions for ...
2025-02-20 17:16:00.042 [info] Got 1 sessions for ...
2025-02-20 17:16:00.042 [info] Got 1 sessions for ...
2025-02-20 17:16:00.042 [info] Getting sessions for all scopes...
2025-02-20 17:16:00.042 [info] Got 1 sessions for ...
2025-02-20 17:16:00.042 [info] Getting sessions for all scopes...
2025-02-20 17:16:00.042 [info] Got 1 sessions for ...
2025-02-20 17:16:00.042 [info] Getting sessions for all scopes...
2025-02-20 17:16:00.042 [info] Got 1 sessions for ...
2025-02-20 17:16:00.042 [info] Getting sessions for all scopes...
2025-02-20 17:16:00.042 [info] Got 1 sessions for ...
2025-02-20 17:16:00.042 [info] Getting sessions for all scopes...
2025-02-20 17:16:00.042 [info] Got 1 sessions for ...
2025-02-20 17:16:01.157 [info] Getting sessions for read:user,repo,user:email...
2025-02-20 17:16:01.157 [info] Got 0 sessions for read:user,repo,user:email...
2025-02-20 17:16:01.157 [info] Getting sessions for read:user,repo,user:email,workflow...
2025-02-20 17:16:01.157 [info] Got 1 sessions for read:user,repo,user:email,workflow...
2025-02-20 17:16:01.164 [info] Getting sessions for all scopes...
2025-02-20 17:16:01.164 [info] Got 1 sessions for ...
2025-02-20 17:16:01.164 [info] Getting sessions for all scopes...
2025-02-20 17:16:01.164 [info] Got 1 sessions for ...
2025-02-20 17:16:01.170 [info] Getting sessions for project,read:org,read:user,repo,user:email,workflow...
2025-02-20 17:16:01.170 [info] Got 0 sessions for project,read:org,read:user,repo,user:email,workflow...
2025-02-20 17:16:01.185 [info] Getting sessions for read:user,repo,user:email,workflow...
2025-02-20 17:16:01.185 [info] Got 1 sessions for read:user,repo,user:email,workflow...
2025-02-20 17:16:01.185 [info] Getting sessions for read:user,repo,user:email,workflow...
2025-02-20 17:16:01.185 [info] Got 1 sessions for read:user,repo,user:email,workflow...
2025-02-20 17:16:01.957 [info] Getting sessions for all scopes...
2025-02-20 17:16:01.957 [info] Got 1 sessions for ...
2025-02-20 17:16:01.965 [info] Getting sessions for all scopes...
2025-02-20 17:16:01.965 [info] Got 1 sessions for ...
2025-02-20 17:16:02.002 [info] Getting sessions for read:user,repo,user:email,workflow...
2025-02-20 17:16:02.002 [info] Got 1 sessions for read:user,repo,user:email,workflow...
2025-02-20 17:16:02.029 [info] Getting sessions for all scopes...
2025-02-20 17:16:02.029 [info] Got 1 sessions for ...
2025-02-20 17:16:02.040 [info] Getting sessions for read:user,repo,user:email,workflow...
2025-02-20 17:16:02.040 [info] Got 1 sessions for read:user,repo,user:email,workflow...
2025-02-20 17:16:02.827 [info] Getting sessions for all scopes...
2025-02-20 17:16:02.827 [info] Got 1 sessions for ...
2025-02-20 17:16:02.828 [info] Getting sessions for all scopes...
2025-02-20 17:16:02.828 [info] Got 1 sessions for ...
2025-02-20 17:16:02.848 [info] Getting sessions for read:user,repo,user:email,workflow...
2025-02-20 17:16:02.848 [info] Got 1 sessions for read:user,repo,user:email,workflow...
2025-02-20 17:16:02.850 [info] Getting sessions for all scopes...
2025-02-20 17:16:02.850 [info] Got 1 sessions for ...
2025-02-20 17:16:02.851 [info] Getting sessions for read:user,repo,user:email,workflow...
2025-02-20 17:16:02.851 [info] Got 1 sessions for read:user,repo,user:email,workflow...
2025-02-20 17:16:02.903 [info] Getting sessions for all scopes...
2025-02-20 17:16:02.903 [info] Got 1 sessions for ...
2025-02-20 17:16:02.904 [info] Getting sessions for read:user,repo,user:email,workflow...
2025-02-20 17:16:02.904 [info] Got 1 sessions for read:user,repo,user:email,workflow...
2025-02-20 17:16:03.429 [info] Getting sessions for all scopes...
2025-02-20 17:16:03.429 [info] Got 1 sessions for ...
2025-02-20 17:16:03.431 [info] Getting sessions for read:user,repo,user:email,workflow...
2025-02-20 17:16:03.431 [info] Got 1 sessions for read:user,repo,user:email,workflow...
2025-02-20 17:16:18.500 [info] Getting sessions for all scopes...
2025-02-20 17:16:18.500 [info] Got 1 sessions for ...
2025-02-20 17:16:18.501 [info] Getting sessions for read:user,repo,user:email,workflow...
2025-02-20 17:16:18.501 [info] Got 1 sessions for read:user,repo,user:email,workflow...
2025-02-20 17:16:19.318 [info] Getting sessions for all scopes...
2025-02-20 17:16:19.318 [info] Got 1 sessions for ...
2025-02-20 17:16:19.319 [info] Getting sessions for read:user,repo,user:email,workflow...
2025-02-20 17:16:19.319 [info] Got 1 sessions for read:user,repo,user:email,workflow...
2025-02-20 17:16:19.698 [info] Getting sessions for all scopes...
2025-02-20 17:16:19.698 [info] Got 1 sessions for ...
2025-02-20 17:16:19.698 [info] Getting sessions for read:user,repo,user:email,workflow...
2025-02-20 17:16:19.698 [info] Got 1 sessions for read:user,repo,user:email,workflow...
2025-02-20 17:16:20.082 [info] Getting sessions for all scopes...
2025-02-20 17:16:20.082 [info] Got 1 sessions for ...
2025-02-20 17:16:20.083 [info] Getting sessions for read:user,repo,user:email,workflow...
2025-02-20 17:16:20.083 [info] Got 1 sessions for read:user,repo,user:email,workflow...
2025-02-20 17:16:27.874 [info] Getting sessions for all scopes...
2025-02-20 17:16:27.874 [info] Got 1 sessions for ...
2025-02-20 17:16:27.875 [info] Getting sessions for read:user,repo,user:email,workflow...
2025-02-20 17:16:27.875 [info] Got 1 sessions for read:user,repo,user:email,workflow...
2025-02-20 17:16:30.138 [info] Getting sessions for all scopes...
2025-02-20 17:16:30.138 [info] Got 1 sessions for ...
2025-02-20 17:16:30.139 [info] Getting sessions for read:user,repo,user:email,workflow...
2025-02-20 17:16:30.139 [info] Got 1 sessions for read:user,repo,user:email,workflow...
2025-02-20 17:16:39.048 [info] Reading sessions from keychain...
2025-02-20 17:16:39.048 [info] Getting sessions for all scopes...
2025-02-20 17:16:39.048 [info] Getting sessions for all scopes...
2025-02-20 17:16:39.048 [info] Getting sessions for all scopes...
2025-02-20 17:16:39.048 [info] Got stored sessions!
2025-02-20 17:16:39.048 [info] Got 1 verified sessions.
2025-02-20 17:16:39.048 [info] Got 1 sessions for ...
2025-02-20 17:16:39.048 [info] Got 1 sessions for ...
2025-02-20 17:16:39.048 [info] Got 1 sessions for ...
2025-02-20 17:16:39.057 [info] Getting sessions for all scopes...
2025-02-20 17:16:39.057 [info] Got 1 sessions for ...
2025-02-20 17:16:39.057 [info] Getting sessions for all scopes...
2025-02-20 17:16:39.057 [info] Got 1 sessions for ...
2025-02-20 17:16:39.057 [info] Getting sessions for all scopes...
2025-02-20 17:16:39.057 [info] Got 1 sessions for ...
2025-02-20 17:16:39.057 [info] Getting sessions for all scopes...
2025-02-20 17:16:39.057 [info] Got 1 sessions for ...
2025-02-20 17:16:39.058 [info] Getting sessions for all scopes...
2025-02-20 17:16:39.058 [info] Got 1 sessions for ...
2025-02-20 17:16:40.287 [info] Getting sessions for read:user,repo,user:email...
2025-02-20 17:16:40.287 [info] Got 0 sessions for read:user,repo,user:email...
2025-02-20 17:16:40.287 [info] Getting sessions for read:user,repo,user:email,workflow...
2025-02-20 17:16:40.287 [info] Got 1 sessions for read:user,repo,user:email,workflow...
2025-02-20 17:16:40.287 [info] Getting sessions for all scopes...
2025-02-20 17:16:40.287 [info] Got 1 sessions for ...
2025-02-20 17:16:40.287 [info] Getting sessions for all scopes...
2025-02-20 17:16:40.287 [info] Got 1 sessions for ...
2025-02-20 17:16:40.319 [info] Getting sessions for project,read:org,read:user,repo,user:email,workflow...
2025-02-20 17:16:40.319 [info] Got 0 sessions for project,read:org,read:user,repo,user:email,workflow...
2025-02-20 17:16:40.335 [info] Getting sessions for read:user,repo,user:email,workflow...
2025-02-20 17:16:40.335 [info] Got 1 sessions for read:user,repo,user:email,workflow...
2025-02-20 17:16:40.335 [info] Getting sessions for read:user,repo,user:email,workflow...
2025-02-20 17:16:40.335 [info] Got 1 sessions for read:user,repo,user:email,workflow...
2025-02-20 17:16:41.036 [info] Getting sessions for all scopes...
2025-02-20 17:16:41.036 [info] Got 1 sessions for ...
2025-02-20 17:16:41.073 [info] Getting sessions for read:user,repo,user:email,workflow...
2025-02-20 17:16:41.073 [info] Got 1 sessions for read:user,repo,user:email,workflow...
2025-02-20 17:16:41.076 [info] Getting sessions for all scopes...
2025-02-20 17:16:41.076 [info] Got 1 sessions for ...
2025-02-20 17:16:41.076 [info] Getting sessions for read:user,repo,user:email,workflow...
2025-02-20 17:16:41.076 [info] Got 1 sessions for read:user,repo,user:email,workflow...
2025-02-20 17:16:41.176 [info] Getting sessions for all scopes...
2025-02-20 17:16:41.176 [info] Got 1 sessions for ...
