2025-03-24 12:19:40.930 [info] [AutoSync] Using settings sync service https://vscode-sync.trafficmanager.net/
2025-03-24 12:19:40.930 [info] [AutoSync] Enabled.
2025-03-24 12:19:40.930 [info] [AutoSync] Suspended until auth token is available.
2025-03-24 12:19:53.196 [info] [AutoSync] Triggered by Interval
2025-03-24 12:19:53.197 [info] Sync started.
2025-03-24 12:19:53.886 [info] Settings: No changes found during synchronizing settings.
2025-03-24 12:19:53.908 [info] Keybindings: No changes found during synchronizing keybindings.
2025-03-24 12:19:53.931 [info] Snippets: No changes found during synchronizing snippets.
2025-03-24 12:19:53.933 [info] Tasks: No changes found during synchronizing tasks.
2025-03-24 12:19:55.264 [info] GlobalState: Updated remote ui state. Updated: workbench.activity.pinnedViewlets2.
2025-03-24 12:19:55.271 [info] GlobalState: Updated last synchronized ui state
2025-03-24 12:19:55.395 [info] Extensions: No changes found during synchronizing extensions.
2025-03-24 12:19:55.397 [info] Profiles: No changes found during synchronizing profiles.
2025-03-24 12:19:55.401 [info] Sync done. Took 2205ms
2025-03-24 12:20:18.860 [info] [AutoSync] Triggered by Activity
2025-03-24 12:20:18.861 [info] Sync started.
2025-03-24 12:20:18.962 [info] Settings: No changes found during synchronizing settings.
2025-03-24 12:20:18.968 [info] Keybindings: No changes found during synchronizing keybindings.
2025-03-24 12:20:18.973 [info] Snippets: No changes found during synchronizing snippets.
2025-03-24 12:20:18.979 [info] Tasks: No changes found during synchronizing tasks.
2025-03-24 12:20:18.988 [info] GlobalState: No changes found during synchronizing ui state.
2025-03-24 12:20:19.114 [info] Extensions: No changes found during synchronizing extensions.
2025-03-24 12:20:19.117 [info] Profiles: No changes found during synchronizing profiles.
2025-03-24 12:20:19.118 [info] Sync done. Took 259ms
2025-03-24 12:25:19.145 [info] [AutoSync] Triggered by Interval
2025-03-24 12:25:19.146 [info] Sync started.
2025-03-24 12:25:20.439 [info] Settings: No changes found during synchronizing settings.
2025-03-24 12:25:20.444 [info] Keybindings: No changes found during synchronizing keybindings.
2025-03-24 12:25:20.448 [info] Snippets: No changes found during synchronizing snippets.
2025-03-24 12:25:20.455 [info] Tasks: No changes found during synchronizing tasks.
2025-03-24 12:25:20.474 [info] GlobalState: No changes found during synchronizing ui state.
2025-03-24 12:25:20.594 [info] Extensions: No changes found during synchronizing extensions.
2025-03-24 12:25:20.595 [info] Profiles: No changes found during synchronizing profiles.
2025-03-24 12:25:20.596 [info] Sync done. Took 1453ms
2025-03-24 12:25:35.235 [info] [AutoSync] Triggered by Activity
2025-03-24 12:25:35.235 [info] Sync started.
2025-03-24 12:25:35.447 [info] Settings: No changes found during synchronizing settings.
2025-03-24 12:25:35.452 [info] Keybindings: No changes found during synchronizing keybindings.
2025-03-24 12:25:35.454 [info] Snippets: No changes found during synchronizing snippets.
2025-03-24 12:25:35.457 [info] Tasks: No changes found during synchronizing tasks.
2025-03-24 12:25:35.461 [info] GlobalState: No changes found during synchronizing ui state.
2025-03-24 12:25:35.591 [info] Extensions: No changes found during synchronizing extensions.
2025-03-24 12:25:35.592 [info] Profiles: No changes found during synchronizing profiles.
2025-03-24 12:25:35.593 [info] Sync done. Took 360ms
2025-03-24 12:25:51.068 [info] [AutoSync] Triggered by Activity
2025-03-24 12:25:51.069 [info] Sync started.
2025-03-24 12:25:51.391 [info] Settings: No changes found during synchronizing settings.
2025-03-24 12:25:51.405 [info] Keybindings: No changes found during synchronizing keybindings.
2025-03-24 12:25:51.408 [info] Snippets: No changes found during synchronizing snippets.
2025-03-24 12:25:51.412 [info] Tasks: No changes found during synchronizing tasks.
2025-03-24 12:25:51.421 [info] GlobalState: No changes found during synchronizing ui state.
2025-03-24 12:25:51.559 [info] Extensions: No changes found during synchronizing extensions.
2025-03-24 12:25:51.560 [info] Profiles: No changes found during synchronizing profiles.
2025-03-24 12:25:51.561 [info] Sync done. Took 496ms
2025-03-24 12:26:41.092 [info] [AutoSync] Triggered by Activity
2025-03-24 12:26:41.092 [info] Sync started.
2025-03-24 12:26:41.369 [info] Settings: No changes found during synchronizing settings.
2025-03-24 12:26:41.380 [info] Keybindings: No changes found during synchronizing keybindings.
2025-03-24 12:26:41.392 [info] Snippets: No changes found during synchronizing snippets.
2025-03-24 12:26:41.398 [info] Tasks: No changes found during synchronizing tasks.
2025-03-24 12:26:41.406 [info] GlobalState: No changes found during synchronizing ui state.
2025-03-24 12:26:41.522 [info] Extensions: No changes found during synchronizing extensions.
2025-03-24 12:26:41.525 [info] Profiles: No changes found during synchronizing profiles.
2025-03-24 12:26:41.526 [info] Sync done. Took 435ms
2025-03-24 12:31:41.547 [info] [AutoSync] Triggered by Interval
2025-03-24 12:31:41.551 [info] Sync started.
2025-03-24 12:31:42.282 [info] Settings: No changes found during synchronizing settings.
2025-03-24 12:31:42.291 [info] Keybindings: No changes found during synchronizing keybindings.
2025-03-24 12:31:42.296 [info] Snippets: No changes found during synchronizing snippets.
2025-03-24 12:31:42.302 [info] Tasks: No changes found during synchronizing tasks.
2025-03-24 12:31:42.309 [info] GlobalState: No changes found during synchronizing ui state.
2025-03-24 12:31:42.448 [info] Extensions: No changes found during synchronizing extensions.
2025-03-24 12:31:42.449 [info] Profiles: No changes found during synchronizing profiles.
2025-03-24 12:31:42.454 [info] Sync done. Took 918ms
2025-03-24 12:32:36.846 [info] [AutoSync] Triggered by Activity
2025-03-24 12:32:36.847 [info] Sync started.
2025-03-24 12:32:36.962 [info] Settings: No changes found during synchronizing settings.
2025-03-24 12:32:36.965 [info] Keybindings: No changes found during synchronizing keybindings.
2025-03-24 12:32:36.967 [info] Snippets: No changes found during synchronizing snippets.
2025-03-24 12:32:36.970 [info] Tasks: No changes found during synchronizing tasks.
2025-03-24 12:32:36.976 [info] GlobalState: No changes found during synchronizing ui state.
2025-03-24 12:32:37.092 [info] Extensions: No changes found during synchronizing extensions.
2025-03-24 12:32:37.093 [info] Profiles: No changes found during synchronizing profiles.
2025-03-24 12:32:37.095 [info] Sync done. Took 248ms
2025-03-24 12:32:54.388 [info] [AutoSync] Triggered by Activity
2025-03-24 12:32:54.388 [info] Sync started.
2025-03-24 12:32:54.464 [info] Settings: No changes found during synchronizing settings.
2025-03-24 12:32:54.467 [info] Keybindings: No changes found during synchronizing keybindings.
2025-03-24 12:32:54.471 [info] Snippets: No changes found during synchronizing snippets.
2025-03-24 12:32:54.476 [info] Tasks: No changes found during synchronizing tasks.
2025-03-24 12:32:54.482 [info] GlobalState: No changes found during synchronizing ui state.
2025-03-24 12:32:54.590 [info] Extensions: No changes found during synchronizing extensions.
2025-03-24 12:32:54.591 [info] Profiles: No changes found during synchronizing profiles.
2025-03-24 12:32:54.592 [info] Sync done. Took 204ms
2025-03-24 12:33:14.640 [info] [AutoSync] Triggered by Activity
2025-03-24 12:33:14.640 [info] Sync started.
2025-03-24 12:33:14.955 [info] Settings: No changes found during synchronizing settings.
2025-03-24 12:33:14.961 [info] Keybindings: No changes found during synchronizing keybindings.
2025-03-24 12:33:14.969 [info] Snippets: No changes found during synchronizing snippets.
2025-03-24 12:33:14.976 [info] Tasks: No changes found during synchronizing tasks.
2025-03-24 12:33:14.982 [info] GlobalState: No changes found during synchronizing ui state.
2025-03-24 12:33:15.088 [info] Extensions: No changes found during synchronizing extensions.
2025-03-24 12:33:15.089 [info] Profiles: No changes found during synchronizing profiles.
2025-03-24 12:33:15.090 [info] Sync done. Took 450ms
2025-03-24 12:33:29.605 [info] [AutoSync] Triggered by Activity
2025-03-24 12:33:29.606 [info] Sync started.
2025-03-24 12:33:29.915 [info] Settings: No changes found during synchronizing settings.
2025-03-24 12:33:29.919 [info] Keybindings: No changes found during synchronizing keybindings.
2025-03-24 12:33:29.924 [info] Snippets: No changes found during synchronizing snippets.
2025-03-24 12:33:29.927 [info] Tasks: No changes found during synchronizing tasks.
2025-03-24 12:33:29.931 [info] GlobalState: No changes found during synchronizing ui state.
2025-03-24 12:33:30.038 [info] Extensions: No changes found during synchronizing extensions.
2025-03-24 12:33:30.041 [info] Profiles: No changes found during synchronizing profiles.
2025-03-24 12:33:30.042 [info] Sync done. Took 440ms
2025-03-24 12:33:46.607 [info] [AutoSync] Triggered by Activity
2025-03-24 12:33:46.609 [info] Sync started.
2025-03-24 12:33:46.889 [info] Settings: No changes found during synchronizing settings.
2025-03-24 12:33:46.894 [info] Keybindings: No changes found during synchronizing keybindings.
2025-03-24 12:33:46.902 [info] Snippets: No changes found during synchronizing snippets.
2025-03-24 12:33:46.914 [info] Tasks: No changes found during synchronizing tasks.
2025-03-24 12:33:46.930 [info] GlobalState: No changes found during synchronizing ui state.
2025-03-24 12:33:47.053 [info] Extensions: No changes found during synchronizing extensions.
2025-03-24 12:33:47.055 [info] Profiles: No changes found during synchronizing profiles.
2025-03-24 12:33:47.056 [info] Sync done. Took 451ms
2025-03-24 12:37:36.097 [info] [AutoSync] Triggered by Activity
2025-03-24 12:37:36.098 [info] Sync started.
2025-03-24 12:37:36.565 [info] Settings: No changes found during synchronizing settings.
2025-03-24 12:37:36.570 [info] Keybindings: No changes found during synchronizing keybindings.
2025-03-24 12:37:36.573 [info] Snippets: No changes found during synchronizing snippets.
2025-03-24 12:37:36.576 [info] Tasks: No changes found during synchronizing tasks.
2025-03-24 12:37:36.580 [info] GlobalState: No changes found during synchronizing ui state.
2025-03-24 12:37:36.664 [info] Extensions: No changes found during synchronizing extensions.
2025-03-24 12:37:36.664 [info] Profiles: No changes found during synchronizing profiles.
2025-03-24 12:37:36.665 [info] Sync done. Took 570ms
2025-03-24 12:38:03.729 [info] [AutoSync] Triggered by Activity
2025-03-24 12:38:03.733 [info] Sync started.
2025-03-24 12:38:04.015 [info] Settings: No changes found during synchronizing settings.
2025-03-24 12:38:04.024 [info] Keybindings: No changes found during synchronizing keybindings.
2025-03-24 12:38:04.027 [info] Snippets: No changes found during synchronizing snippets.
2025-03-24 12:38:04.030 [info] Tasks: No changes found during synchronizing tasks.
2025-03-24 12:38:04.040 [info] GlobalState: No changes found during synchronizing ui state.
2025-03-24 12:38:04.188 [info] Extensions: No changes found during synchronizing extensions.
2025-03-24 12:38:04.189 [info] Profiles: No changes found during synchronizing profiles.
2025-03-24 12:38:04.190 [info] Sync done. Took 464ms
2025-03-24 12:39:43.263 [info] [AutoSync] Triggered by Activity
2025-03-24 12:39:43.263 [info] Sync started.
2025-03-24 12:39:43.459 [info] Settings: No changes found during synchronizing settings.
2025-03-24 12:39:43.477 [info] Keybindings: No changes found during synchronizing keybindings.
2025-03-24 12:39:43.483 [info] Snippets: No changes found during synchronizing snippets.
2025-03-24 12:39:43.485 [info] Tasks: No changes found during synchronizing tasks.
2025-03-24 12:39:43.489 [info] GlobalState: No changes found during synchronizing ui state.
2025-03-24 12:39:43.601 [info] Extensions: No changes found during synchronizing extensions.
2025-03-24 12:39:43.603 [info] Profiles: No changes found during synchronizing profiles.
2025-03-24 12:39:43.604 [info] Sync done. Took 345ms
2025-03-24 12:41:13.819 [info] [AutoSync] Triggered by Activity
2025-03-24 12:41:13.820 [info] Sync started.
2025-03-24 12:41:14.158 [info] Settings: No changes found during synchronizing settings.
2025-03-24 12:41:14.163 [info] Keybindings: No changes found during synchronizing keybindings.
2025-03-24 12:41:14.166 [info] Snippets: No changes found during synchronizing snippets.
2025-03-24 12:41:14.170 [info] Tasks: No changes found during synchronizing tasks.
2025-03-24 12:41:14.178 [info] GlobalState: No changes found during synchronizing ui state.
2025-03-24 12:41:14.285 [info] Extensions: No changes found during synchronizing extensions.
2025-03-24 12:41:14.290 [info] Profiles: No changes found during synchronizing profiles.
2025-03-24 12:41:14.291 [info] Sync done. Took 473ms
2025-03-24 12:41:32.829 [info] [AutoSync] Triggered by Activity
2025-03-24 12:41:32.830 [info] Sync started.
2025-03-24 12:41:33.139 [info] Settings: No changes found during synchronizing settings.
2025-03-24 12:41:33.144 [info] Keybindings: No changes found during synchronizing keybindings.
2025-03-24 12:41:33.146 [info] Snippets: No changes found during synchronizing snippets.
2025-03-24 12:41:33.151 [info] Tasks: No changes found during synchronizing tasks.
2025-03-24 12:41:33.155 [info] GlobalState: No changes found during synchronizing ui state.
2025-03-24 12:41:33.272 [info] Extensions: No changes found during synchronizing extensions.
2025-03-24 12:41:33.273 [info] Profiles: No changes found during synchronizing profiles.
2025-03-24 12:41:33.274 [info] Sync done. Took 447ms
2025-03-24 12:42:51.993 [info] [AutoSync] Triggered by Activity
2025-03-24 12:42:51.994 [info] Sync started.
2025-03-24 12:42:52.304 [info] Settings: No changes found during synchronizing settings.
2025-03-24 12:42:52.314 [info] Keybindings: No changes found during synchronizing keybindings.
2025-03-24 12:42:52.320 [info] Snippets: No changes found during synchronizing snippets.
2025-03-24 12:42:52.326 [info] Tasks: No changes found during synchronizing tasks.
2025-03-24 12:42:52.332 [info] GlobalState: No changes found during synchronizing ui state.
2025-03-24 12:42:52.435 [info] Extensions: No changes found during synchronizing extensions.
2025-03-24 12:42:52.436 [info] Profiles: No changes found during synchronizing profiles.
2025-03-24 12:42:52.437 [info] Sync done. Took 446ms
2025-03-24 12:43:19.292 [info] [AutoSync] Triggered by Activity
2025-03-24 12:43:19.293 [info] Sync started.
2025-03-24 12:43:19.506 [info] Settings: No changes found during synchronizing settings.
2025-03-24 12:43:19.517 [info] Keybindings: No changes found during synchronizing keybindings.
2025-03-24 12:43:19.522 [info] Snippets: No changes found during synchronizing snippets.
2025-03-24 12:43:19.525 [info] Tasks: No changes found during synchronizing tasks.
2025-03-24 12:43:19.531 [info] GlobalState: No changes found during synchronizing ui state.
2025-03-24 12:43:19.647 [info] Extensions: No changes found during synchronizing extensions.
2025-03-24 12:43:19.648 [info] Profiles: No changes found during synchronizing profiles.
2025-03-24 12:43:19.651 [info] Sync done. Took 361ms
2025-03-24 12:43:52.364 [info] [AutoSync] Triggered by Activity
2025-03-24 12:43:52.364 [info] Sync started.
2025-03-24 12:43:59.883 [info] Settings: No changes found during synchronizing settings.
2025-03-24 12:43:59.887 [info] Keybindings: No changes found during synchronizing keybindings.
2025-03-24 12:43:59.893 [info] Snippets: No changes found during synchronizing snippets.
2025-03-24 12:43:59.895 [info] Tasks: No changes found during synchronizing tasks.
2025-03-24 12:43:59.900 [info] GlobalState: No changes found during synchronizing ui state.
2025-03-24 12:43:59.962 [info] Extensions: No changes found during synchronizing extensions.
2025-03-24 12:43:59.962 [info] Profiles: No changes found during synchronizing profiles.
2025-03-24 12:43:59.963 [info] Sync done. Took 7599ms
2025-03-24 12:49:00.018 [info] [AutoSync] Triggered by Interval
2025-03-24 12:49:00.022 [info] Sync started.
2025-03-24 12:49:00.462 [info] Settings: No changes found during synchronizing settings.
2025-03-24 12:49:00.471 [info] Keybindings: No changes found during synchronizing keybindings.
2025-03-24 12:49:00.477 [info] Snippets: No changes found during synchronizing snippets.
2025-03-24 12:49:00.481 [info] Tasks: No changes found during synchronizing tasks.
2025-03-24 12:49:00.491 [info] GlobalState: No changes found during synchronizing ui state.
2025-03-24 12:49:00.645 [info] Extensions: No changes found during synchronizing extensions.
2025-03-24 12:49:00.646 [info] Profiles: No changes found during synchronizing profiles.
2025-03-24 12:49:00.648 [info] Sync done. Took 655ms
2025-03-24 12:49:32.469 [info] [AutoSync] Triggered by Activity
2025-03-24 12:49:32.472 [info] Sync started.
2025-03-24 12:49:32.605 [info] Settings: No changes found during synchronizing settings.
2025-03-24 12:49:32.615 [info] Keybindings: No changes found during synchronizing keybindings.
2025-03-24 12:49:32.619 [info] Snippets: No changes found during synchronizing snippets.
2025-03-24 12:49:32.622 [info] Tasks: No changes found during synchronizing tasks.
2025-03-24 12:49:32.629 [info] GlobalState: No changes found during synchronizing ui state.
2025-03-24 12:49:32.746 [info] Extensions: No changes found during synchronizing extensions.
2025-03-24 12:49:32.746 [info] Profiles: No changes found during synchronizing profiles.
2025-03-24 12:49:32.746 [info] Sync done. Took 281ms
2025-03-24 12:49:52.744 [info] [AutoSync] Triggered by Activity
2025-03-24 12:49:52.744 [info] Sync started.
2025-03-24 12:49:52.924 [info] Settings: No changes found during synchronizing settings.
2025-03-24 12:49:52.930 [info] Keybindings: No changes found during synchronizing keybindings.
2025-03-24 12:49:52.934 [info] Snippets: No changes found during synchronizing snippets.
2025-03-24 12:49:52.941 [info] Tasks: No changes found during synchronizing tasks.
2025-03-24 12:49:52.947 [info] GlobalState: No changes found during synchronizing ui state.
2025-03-24 12:49:53.088 [info] Extensions: No changes found during synchronizing extensions.
2025-03-24 12:49:53.089 [info] Profiles: No changes found during synchronizing profiles.
2025-03-24 12:49:53.091 [info] Sync done. Took 348ms
2025-03-24 12:50:06.999 [info] [AutoSync] Triggered by Activity
2025-03-24 12:50:07.001 [info] Sync started.
2025-03-24 12:50:07.115 [info] Settings: No changes found during synchronizing settings.
2025-03-24 12:50:07.126 [info] Keybindings: No changes found during synchronizing keybindings.
2025-03-24 12:50:07.131 [info] Snippets: No changes found during synchronizing snippets.
2025-03-24 12:50:07.138 [info] Tasks: No changes found during synchronizing tasks.
2025-03-24 12:50:07.148 [info] GlobalState: No changes found during synchronizing ui state.
2025-03-24 12:50:07.275 [info] Extensions: No changes found during synchronizing extensions.
2025-03-24 12:50:07.275 [info] Profiles: No changes found during synchronizing profiles.
2025-03-24 12:50:07.276 [info] Sync done. Took 279ms
2025-03-24 13:17:21.619 [info] [AutoSync] Triggered by Activity
2025-03-24 13:17:21.624 [info] Sync started.
2025-03-24 13:17:21.933 [info] Settings: No changes found during synchronizing settings.
2025-03-24 13:17:22.000 [info] Keybindings: No changes found during synchronizing keybindings.
2025-03-24 13:17:22.010 [info] Snippets: No changes found during synchronizing snippets.
2025-03-24 13:17:22.012 [info] Tasks: No changes found during synchronizing tasks.
2025-03-24 13:17:22.014 [info] GlobalState: No changes found during synchronizing ui state.
2025-03-24 13:17:22.073 [info] Extensions: No changes found during synchronizing extensions.
2025-03-24 13:17:22.077 [info] Profiles: No changes found during synchronizing profiles.
2025-03-24 13:17:22.078 [info] Sync done. Took 462ms
2025-03-24 13:19:54.761 [info] [AutoSync] Triggered by Activity
2025-03-24 13:19:54.763 [info] Sync started.
2025-03-24 13:19:55.133 [info] Settings: No changes found during synchronizing settings.
2025-03-24 13:19:55.144 [info] Keybindings: No changes found during synchronizing keybindings.
2025-03-24 13:19:55.148 [info] Snippets: No changes found during synchronizing snippets.
2025-03-24 13:19:55.151 [info] Tasks: No changes found during synchronizing tasks.
2025-03-24 13:19:55.158 [info] GlobalState: No changes found during synchronizing ui state.
2025-03-24 13:19:55.271 [info] Extensions: No changes found during synchronizing extensions.
2025-03-24 13:19:55.272 [info] Profiles: No changes found during synchronizing profiles.
2025-03-24 13:19:55.273 [info] Sync done. Took 521ms
2025-03-24 13:24:55.283 [info] [AutoSync] Triggered by Interval
2025-03-24 13:24:55.284 [info] Sync started.
2025-03-24 13:24:56.028 [info] Settings: No changes found during synchronizing settings.
2025-03-24 13:24:56.045 [info] Keybindings: No changes found during synchronizing keybindings.
2025-03-24 13:24:56.048 [info] Snippets: No changes found during synchronizing snippets.
2025-03-24 13:24:56.056 [info] Tasks: No changes found during synchronizing tasks.
2025-03-24 13:24:56.061 [info] GlobalState: No changes found during synchronizing ui state.
2025-03-24 13:24:56.179 [info] Extensions: No changes found during synchronizing extensions.
2025-03-24 13:24:56.180 [info] Profiles: No changes found during synchronizing profiles.
2025-03-24 13:24:56.181 [info] Sync done. Took 900ms
2025-03-24 13:32:46.077 [info] [AutoSync] Triggered by Interval
2025-03-24 13:32:46.078 [info] Sync started.
2025-03-24 13:32:46.475 [info] Settings: No changes found during synchronizing settings.
2025-03-24 13:32:46.481 [info] Keybindings: No changes found during synchronizing keybindings.
2025-03-24 13:32:46.491 [info] Snippets: No changes found during synchronizing snippets.
2025-03-24 13:32:46.493 [info] Tasks: No changes found during synchronizing tasks.
2025-03-24 13:32:46.501 [info] GlobalState: No changes found during synchronizing ui state.
2025-03-24 13:32:46.611 [info] Extensions: No changes found during synchronizing extensions.
2025-03-24 13:32:46.612 [info] Profiles: No changes found during synchronizing profiles.
2025-03-24 13:32:46.612 [info] Sync done. Took 537ms
2025-03-24 13:36:56.036 [info] [AutoSync] Triggered by Activity
2025-03-24 13:36:56.038 [info] Sync started.
2025-03-24 13:36:56.322 [info] Settings: No changes found during synchronizing settings.
2025-03-24 13:36:56.329 [info] Keybindings: No changes found during synchronizing keybindings.
2025-03-24 13:36:56.335 [info] Snippets: No changes found during synchronizing snippets.
2025-03-24 13:36:56.338 [info] Tasks: No changes found during synchronizing tasks.
2025-03-24 13:36:56.352 [info] GlobalState: No changes found during synchronizing ui state.
2025-03-24 13:36:56.485 [info] Extensions: No changes found during synchronizing extensions.
2025-03-24 13:36:56.488 [info] Profiles: No changes found during synchronizing profiles.
2025-03-24 13:36:56.488 [info] Sync done. Took 454ms
