2025-03-24 13:17:22.907 [info] [main] Log level: Info
2025-03-24 13:17:22.907 [info] [main] Validating found git in: "git"
2025-03-24 13:17:22.907 [info] [main] Using git "2.49.0" from "git"
2025-03-24 13:17:22.907 [info] [Model][doInitialScan] Initial repository scan started
2025-03-24 13:17:22.907 [info] > git rev-parse --show-toplevel [3ms]
2025-03-24 13:17:22.907 [info] > git rev-parse --git-dir --git-common-dir [51ms]
2025-03-24 13:17:22.907 [info] [Model][openRepository] Opened repository: /home/luna/Downloads/fedora-hyprland
2025-03-24 13:17:22.907 [info] > git rev-parse --show-toplevel [3ms]
2025-03-24 13:17:22.907 [info] > git config --get commit.template [9ms]
2025-03-24 13:17:22.909 [info] > git rev-parse --show-toplevel [13ms]
2025-03-24 13:17:22.921 [info] > git for-each-ref --format=%(refname)%00%(upstream:short)%00%(objectname)%00%(upstream:track)%00%(upstream:remotename)%00%(upstream:remoteref) refs/heads/main refs/remotes/main [14ms]
2025-03-24 13:17:22.958 [warning] [Git][revParse] Unable to read file: ENOENT: no such file or directory, open '/home/luna/Downloads/fedora-hyprland/.git/refs/remotes/origin/main'
2025-03-24 13:17:22.958 [info] > git rev-parse --show-toplevel [38ms]
2025-03-24 13:17:22.959 [info] [Model][doInitialScan] Initial repository scan completed - repositories (1), closed repositories (0), parent repositories (0), unsafe repositories (0)
2025-03-24 13:17:23.137 [info] > git rev-parse refs/remotes/origin/main [179ms]
2025-03-24 13:17:23.332 [info] > git status -z -uall [90ms]
2025-03-24 13:17:23.333 [info] > git for-each-ref --sort -committerdate --format %(refname) %(objectname) %(*objectname) [53ms]
2025-03-24 13:17:23.353 [info] > git for-each-ref --format=%(refname)%00%(upstream:short)%00%(objectname)%00%(upstream:track)%00%(upstream:remotename)%00%(upstream:remoteref) refs/heads/main refs/remotes/main [9ms]
2025-03-24 13:17:23.359 [info] > git config --get --local branch.main.vscode-merge-base [2ms]
2025-03-24 13:17:23.359 [warning] [Git][config] git config failed: Failed to execute git
2025-03-24 13:17:23.362 [info] > git config --get commit.template [9ms]
2025-03-24 13:17:23.387 [info] > git reflog main --grep-reflog=branch: Created from *. [26ms]
2025-03-24 13:17:23.395 [info] > git symbolic-ref --short refs/remotes/origin/HEAD [5ms]
2025-03-24 13:17:23.399 [info] > git for-each-ref --format=%(refname)%00%(upstream:short)%00%(objectname)%00%(upstream:track)%00%(upstream:remotename)%00%(upstream:remoteref) refs/heads/main refs/remotes/main [5ms]
2025-03-24 13:17:23.401 [warning] [Git][revParse] Unable to read file: ENOENT: no such file or directory, open '/home/luna/Downloads/fedora-hyprland/.git/refs/remotes/origin/main'
2025-03-24 13:17:23.401 [info] > git for-each-ref --format=%(refname)%00%(upstream:short)%00%(objectname)%00%(upstream:track)%00%(upstream:remotename)%00%(upstream:remoteref) refs/heads/origin/main refs/remotes/origin/main [3ms]
2025-03-24 13:17:23.404 [info] > git rev-parse refs/remotes/origin/main [3ms]
2025-03-24 13:17:23.412 [info] > git config --add --local branch.main.vscode-merge-base origin/main [8ms]
2025-03-24 13:17:23.413 [info] > git for-each-ref --sort -committerdate --format %(refname) %(objectname) %(*objectname) [1ms] (cancelled)
2025-03-24 13:17:23.420 [info] > git status -z -uall [13ms] (cancelled)
2025-03-24 13:17:23.421 [info] > git config --get commit.template [1ms]
2025-03-24 13:17:23.421 [info] > git for-each-ref --format=%(refname)%00%(upstream:short)%00%(objectname)%00%(upstream:track)%00%(upstream:remotename)%00%(upstream:remoteref) refs/heads/main refs/remotes/main [5ms]
2025-03-24 13:17:23.438 [info] > git config --get --local branch.main.vscode-merge-base [13ms]
2025-03-24 13:17:23.446 [info] > git for-each-ref --format=%(refname)%00%(upstream:short)%00%(objectname)%00%(upstream:track)%00%(upstream:remotename)%00%(upstream:remoteref) refs/heads/origin/main refs/remotes/origin/main [4ms]
2025-03-24 13:17:23.450 [info] > git for-each-ref --format=%(refname)%00%(upstream:short)%00%(objectname)%00%(upstream:track)%00%(upstream:remotename)%00%(upstream:remoteref) refs/heads/main refs/remotes/main [13ms]
2025-03-24 13:17:23.462 [warning] [Git][revParse] Unable to read file: ENOENT: no such file or directory, open '/home/luna/Downloads/fedora-hyprland/.git/refs/remotes/origin/main'
2025-03-24 13:17:23.463 [info] > git merge-base refs/heads/main refs/remotes/origin/main [13ms]
2025-03-24 13:17:23.474 [info] > git config --get --local branch.main.github-pr-owner-number [1ms]
2025-03-24 13:17:23.474 [warning] [Git][config] git config failed: Failed to execute git
2025-03-24 13:17:23.475 [info] > git diff --name-status -z --diff-filter=ADMR eceb500177234da581fb192723d5e0dcb06ded6b...refs/remotes/origin/main [8ms]
2025-03-24 13:17:23.475 [info] > git rev-parse refs/remotes/origin/main [13ms]
2025-03-24 13:17:23.486 [info] > git for-each-ref --sort -committerdate --format %(refname) %(objectname) %(*objectname) [4ms]
2025-03-24 13:17:23.491 [info] > git status -z -uall [13ms]
2025-03-24 13:17:23.491 [info] > git log --format=%H%n%aN%n%aE%n%at%n%ct%n%P%n%D%n%B -z --shortstat --diff-merges=first-parent -n50 --skip=0 --topo-order --decorate=full --stdin [7ms]
2025-03-24 13:17:23.792 [info] > git check-ignore -v -z --stdin [2ms]
2025-03-24 13:17:24.248 [info] > git fetch [749ms]
2025-03-24 13:17:24.260 [info] > git config --get commit.template [2ms]
2025-03-24 13:17:24.271 [info] > git for-each-ref --format=%(refname)%00%(upstream:short)%00%(objectname)%00%(upstream:track)%00%(upstream:remotename)%00%(upstream:remoteref) refs/heads/main refs/remotes/main [1ms]
2025-03-24 13:17:24.278 [warning] [Git][revParse] Unable to read file: ENOENT: no such file or directory, open '/home/luna/Downloads/fedora-hyprland/.git/refs/remotes/origin/main'
2025-03-24 13:17:24.279 [info] > git rev-parse refs/remotes/origin/main [1ms]
2025-03-24 13:17:24.294 [info] > git for-each-ref --sort -committerdate --format %(refname) %(objectname) %(*objectname) [6ms]
2025-03-24 13:17:24.300 [info] > git status -z -uall [16ms]
2025-03-24 13:17:26.650 [info] > git for-each-ref --format=%(refname)%00%(upstream:short)%00%(objectname)%00%(upstream:track)%00%(upstream:remotename)%00%(upstream:remoteref) refs/heads/main refs/remotes/main [3ms]
2025-03-24 13:17:26.650 [info] > git config --get commit.template [5ms]
2025-03-24 13:17:26.659 [warning] [Git][revParse] Unable to read file: ENOENT: no such file or directory, open '/home/luna/Downloads/fedora-hyprland/.git/refs/remotes/origin/main'
2025-03-24 13:17:26.660 [info] > git rev-parse refs/remotes/origin/main [1ms]
2025-03-24 13:17:26.670 [info] > git for-each-ref --sort -committerdate --format %(refname) %(objectname) %(*objectname) [1ms]
2025-03-24 13:17:26.676 [info] > git status -z -uall [12ms]
2025-03-24 13:17:29.506 [info] > git check-ignore -v -z --stdin [1ms]
2025-03-24 13:17:35.820 [info] > git config --get commit.template [1ms]
2025-03-24 13:17:35.826 [info] > git for-each-ref --format=%(refname)%00%(upstream:short)%00%(objectname)%00%(upstream:track)%00%(upstream:remotename)%00%(upstream:remoteref) refs/heads/main refs/remotes/main [2ms]
2025-03-24 13:17:35.828 [warning] [Git][revParse] Unable to read file: ENOENT: no such file or directory, open '/home/luna/Downloads/fedora-hyprland/.git/refs/remotes/origin/main'
2025-03-24 13:17:35.828 [info] > git rev-parse refs/remotes/origin/main [0ms]
2025-03-24 13:17:35.893 [info] > git status -z -uall [63ms]
2025-03-24 13:17:35.893 [info] > git for-each-ref --sort -committerdate --format %(refname) %(objectname) %(*objectname) [60ms]
2025-03-24 13:17:35.960 [info] > git show --textconv :install-scripts/nvidia.sh [4ms]
2025-03-24 13:17:35.961 [info] > git ls-files --stage -- /home/luna/Downloads/fedora-hyprland/install-scripts/nvidia.sh [1ms]
2025-03-24 13:17:35.964 [info] > git cat-file -s 5de80983f10feffff7d7e3a4dca26cd1ff1fd1c8 [0ms]
2025-03-24 13:17:39.346 [info] > git show --textconv :install-scripts/xdph.sh [9ms]
2025-03-24 13:17:39.347 [info] > git ls-files --stage -- /home/luna/Downloads/fedora-hyprland/install-scripts/xdph.sh [3ms]
2025-03-24 13:17:39.352 [info] > git cat-file -s 5e8ab8ca3dcd8ba4e40e20272029a95aee2af737 [1ms]
2025-03-24 13:17:40.447 [info] > git show --textconv :install-scripts/zsh.sh [7ms]
2025-03-24 13:17:40.447 [info] > git ls-files --stage -- /home/luna/Downloads/fedora-hyprland/install-scripts/zsh.sh [1ms]
2025-03-24 13:17:40.455 [info] > git cat-file -s 0533593be16237c7254c5a5a84a83d2ecfc36ff3 [3ms]
2025-03-24 13:17:40.913 [info] > git config --get commit.template [4ms]
2025-03-24 13:17:40.926 [info] > git for-each-ref --format=%(refname)%00%(upstream:short)%00%(objectname)%00%(upstream:track)%00%(upstream:remotename)%00%(upstream:remoteref) refs/heads/main refs/remotes/main [1ms]
2025-03-24 13:17:40.935 [warning] [Git][revParse] Unable to read file: ENOENT: no such file or directory, open '/home/luna/Downloads/fedora-hyprland/.git/refs/remotes/origin/main'
2025-03-24 13:17:40.951 [info] > git rev-parse refs/remotes/origin/main [16ms]
2025-03-24 13:17:40.967 [info] > git status -z -uall [7ms]
2025-03-24 13:17:40.968 [info] > git for-each-ref --sort -committerdate --format %(refname) %(objectname) %(*objectname) [2ms]
2025-03-24 13:17:43.256 [info] > git show --textconv :install-scripts/thunar_default.sh [7ms]
2025-03-24 13:17:43.256 [info] > git ls-files --stage -- /home/luna/Downloads/fedora-hyprland/install-scripts/thunar_default.sh [1ms]
2025-03-24 13:17:43.263 [info] > git cat-file -s 463a69aa4acf3512583ea0700643475748443eee [2ms]
2025-03-24 13:17:43.950 [info] > git show --textconv :install-scripts/fonts.sh [11ms]
2025-03-24 13:17:43.950 [info] > git ls-files --stage -- /home/luna/Downloads/fedora-hyprland/install-scripts/fonts.sh [5ms]
2025-03-24 13:17:43.957 [info] > git cat-file -s b27a06551a5f474962e233f0365199348e8c1e60 [2ms]
2025-03-24 13:17:44.609 [info] > git show --textconv :install-scripts/dotfiles-main.sh [9ms]
2025-03-24 13:17:44.610 [info] > git ls-files --stage -- /home/luna/Downloads/fedora-hyprland/install-scripts/dotfiles-main.sh [3ms]
2025-03-24 13:17:44.617 [info] > git cat-file -s c22c0716a92dc95381e6154999b11882da9d305c [2ms]
2025-03-24 13:17:45.990 [info] > git config --get commit.template [2ms]
2025-03-24 13:17:46.001 [info] > git for-each-ref --format=%(refname)%00%(upstream:short)%00%(objectname)%00%(upstream:track)%00%(upstream:remotename)%00%(upstream:remoteref) refs/heads/main refs/remotes/main [1ms]
2025-03-24 13:17:46.010 [warning] [Git][revParse] Unable to read file: ENOENT: no such file or directory, open '/home/luna/Downloads/fedora-hyprland/.git/refs/remotes/origin/main'
2025-03-24 13:17:46.011 [info] > git rev-parse refs/remotes/origin/main [1ms]
2025-03-24 13:17:46.036 [info] > git status -z -uall [16ms]
2025-03-24 13:17:46.036 [info] > git for-each-ref --sort -committerdate --format %(refname) %(objectname) %(*objectname) [3ms]
2025-03-24 13:17:46.759 [info] > git blame --root --incremental eceb500177234da581fb192723d5e0dcb06ded6b -- /home/luna/Downloads/fedora-hyprland/install-scripts/dotfiles-main.sh [1ms]
2025-03-24 13:17:55.052 [info] > git show --textconv :install-scripts/00-hypr-pkgs.sh [7ms]
2025-03-24 13:17:55.052 [info] > git ls-files --stage -- /home/luna/Downloads/fedora-hyprland/install-scripts/00-hypr-pkgs.sh [1ms]
2025-03-24 13:17:55.061 [info] > git cat-file -s 0b1c24ec426b7211ee00a1b826c08edec06067d5 [2ms]
2025-03-24 13:18:03.776 [info] > git show --textconv :install-scripts/02-Final-Check.sh [2ms]
2025-03-24 13:18:03.789 [info] > git ls-files --stage -- /home/luna/Downloads/fedora-hyprland/install-scripts/02-Final-Check.sh [2ms]
2025-03-24 13:18:03.795 [info] > git cat-file -s 53c56489f875b2be48a4c4dd85749d24584ddc0a [1ms]
2025-03-24 13:18:07.417 [info] > git show --textconv :install-scripts/ags.sh [6ms]
2025-03-24 13:18:07.417 [info] > git ls-files --stage -- /home/luna/Downloads/fedora-hyprland/install-scripts/ags.sh [2ms]
2025-03-24 13:18:07.424 [info] > git cat-file -s d4ee7372b761e78efb3c41fdd16cd3667b8701c3 [2ms]
2025-03-24 13:18:10.573 [info] > git show --textconv :install-scripts/bluetooth.sh [9ms]
2025-03-24 13:18:10.574 [info] > git ls-files --stage -- /home/luna/Downloads/fedora-hyprland/install-scripts/bluetooth.sh [2ms]
2025-03-24 13:18:10.589 [info] > git cat-file -s 5634a8fb66aac261a288a178c1a29cdc8cc4681b [8ms]
2025-03-24 13:18:11.821 [info] > git blame --root --incremental eceb500177234da581fb192723d5e0dcb06ded6b -- /home/luna/Downloads/fedora-hyprland/install-scripts/bluetooth.sh [1ms]
2025-03-24 13:18:14.386 [info] > git show --textconv :install-scripts/InputGroup.sh [16ms]
2025-03-24 13:18:14.386 [info] > git ls-files --stage -- /home/luna/Downloads/fedora-hyprland/install-scripts/InputGroup.sh [1ms]
2025-03-24 13:18:14.395 [info] > git cat-file -s afe0fc8152d4eb9f73420937dbebf281091fc420 [2ms]
2025-03-24 13:18:16.791 [info] > git show --textconv :install-scripts/gtk_themes.sh [8ms]
2025-03-24 13:18:16.792 [info] > git ls-files --stage -- /home/luna/Downloads/fedora-hyprland/install-scripts/gtk_themes.sh [2ms]
2025-03-24 13:18:16.800 [info] > git cat-file -s 73cecc9fce4f199c9852a24b839bb1610578c57d [3ms]
2025-03-24 13:18:18.214 [info] > git show --textconv :install-scripts/hyprland.sh [5ms]
2025-03-24 13:18:18.216 [info] > git ls-files --stage -- /home/luna/Downloads/fedora-hyprland/install-scripts/hyprland.sh [1ms]
2025-03-24 13:18:18.220 [info] > git cat-file -s e1d541f39e1a881f98575822695a8bf0f77d04f0 [0ms]
2025-03-24 13:18:19.915 [info] > git show --textconv :install-scripts/fonts.sh [6ms]
2025-03-24 13:18:19.917 [info] > git ls-files --stage -- /home/luna/Downloads/fedora-hyprland/install-scripts/fonts.sh [3ms]
2025-03-24 13:18:19.929 [info] > git cat-file -s b27a06551a5f474962e233f0365199348e8c1e60 [7ms]
2025-03-24 13:18:20.909 [info] > git show --textconv :install-scripts/Global_functions.sh [8ms]
2025-03-24 13:18:20.910 [info] > git ls-files --stage -- /home/luna/Downloads/fedora-hyprland/install-scripts/Global_functions.sh [2ms]
2025-03-24 13:18:20.918 [info] > git cat-file -s abf4623f6edfc0918404f66c3b6809a263aa617e [2ms]
2025-03-24 13:18:27.369 [info] > git show --textconv :install-scripts/xdph.sh [7ms]
2025-03-24 13:18:27.370 [info] > git ls-files --stage -- /home/luna/Downloads/fedora-hyprland/install-scripts/xdph.sh [2ms]
2025-03-24 13:18:27.383 [info] > git cat-file -s 5e8ab8ca3dcd8ba4e40e20272029a95aee2af737 [8ms]
2025-03-24 13:18:32.107 [info] > git show --textconv :install.sh [10ms]
2025-03-24 13:18:32.109 [info] > git ls-files --stage -- /home/luna/Downloads/fedora-hyprland/install.sh [3ms]
2025-03-24 13:18:32.115 [info] > git cat-file -s ea9f4ea409f7fd5c10cfab845fefd275b712308d [1ms]
2025-03-24 13:18:32.553 [info] > git blame --root --incremental eceb500177234da581fb192723d5e0dcb06ded6b -- /home/luna/Downloads/fedora-hyprland/install.sh [4ms]
2025-03-24 13:20:22.691 [info] > git show --textconv :install-scripts/xdph.sh [7ms]
2025-03-24 13:20:22.693 [info] > git ls-files --stage -- /home/luna/Downloads/fedora-hyprland/install-scripts/xdph.sh [3ms]
2025-03-24 13:20:22.706 [info] > git cat-file -s 5e8ab8ca3dcd8ba4e40e20272029a95aee2af737 [4ms]
2025-03-24 13:21:02.502 [info] > git ls-files --stage -- /home/luna/Downloads/fedora-hyprland/install-scripts/xdph.sh [1ms]
2025-03-24 13:21:02.512 [info] > git cat-file -s 5e8ab8ca3dcd8ba4e40e20272029a95aee2af737 [2ms]
2025-03-24 13:21:02.524 [info] > git show --textconv :install-scripts/xdph.sh [1ms]
2025-03-24 13:21:03.899 [info] > git fetch [2596ms]
2025-03-24 13:21:03.905 [info] > git config --get commit.template [2ms]
2025-03-24 13:21:03.906 [info] > git for-each-ref --format=%(refname)%00%(upstream:short)%00%(objectname)%00%(upstream:track)%00%(upstream:remotename)%00%(upstream:remoteref) refs/heads/main refs/remotes/main [1ms]
2025-03-24 13:21:03.910 [warning] [Git][revParse] Unable to read file: ENOENT: no such file or directory, open '/home/luna/Downloads/fedora-hyprland/.git/refs/remotes/origin/main'
2025-03-24 13:21:03.911 [info] > git rev-parse refs/remotes/origin/main [1ms]
2025-03-24 13:21:03.922 [info] > git status -z -uall [5ms]
2025-03-24 13:21:03.922 [info] > git for-each-ref --sort -committerdate --format %(refname) %(objectname) %(*objectname) [2ms]
2025-03-24 13:21:04.989 [info] > git config --get commit.template [2ms]
2025-03-24 13:21:05.001 [info] > git for-each-ref --format=%(refname)%00%(upstream:short)%00%(objectname)%00%(upstream:track)%00%(upstream:remotename)%00%(upstream:remoteref) refs/heads/main refs/remotes/main [2ms]
2025-03-24 13:21:05.009 [warning] [Git][revParse] Unable to read file: ENOENT: no such file or directory, open '/home/luna/Downloads/fedora-hyprland/.git/refs/remotes/origin/main'
2025-03-24 13:21:05.011 [info] > git rev-parse refs/remotes/origin/main [2ms]
2025-03-24 13:21:05.031 [info] > git status -z -uall [11ms]
2025-03-24 13:21:05.032 [info] > git for-each-ref --sort -committerdate --format %(refname) %(objectname) %(*objectname) [2ms]
2025-03-24 13:21:05.090 [info] > git ls-files --stage -- /home/luna/Downloads/fedora-hyprland/install-scripts/xdph.sh [1ms]
2025-03-24 13:21:05.096 [info] > git cat-file -s 5e8ab8ca3dcd8ba4e40e20272029a95aee2af737 [1ms]
2025-03-24 13:21:05.113 [info] > git show --textconv :install-scripts/xdph.sh [1ms]
2025-03-24 13:21:06.404 [info] > git show --textconv :install.sh [6ms]
2025-03-24 13:21:06.404 [info] > git ls-files --stage -- /home/luna/Downloads/fedora-hyprland/install.sh [1ms]
2025-03-24 13:21:06.415 [info] > git cat-file -s ea9f4ea409f7fd5c10cfab845fefd275b712308d [6ms]
2025-03-24 13:22:07.765 [info] > git config --get commit.template [2ms]
2025-03-24 13:22:07.779 [info] > git for-each-ref --format=%(refname)%00%(upstream:short)%00%(objectname)%00%(upstream:track)%00%(upstream:remotename)%00%(upstream:remoteref) refs/heads/main refs/remotes/main [2ms]
2025-03-24 13:22:07.788 [warning] [Git][revParse] Unable to read file: ENOENT: no such file or directory, open '/home/luna/Downloads/fedora-hyprland/.git/refs/remotes/origin/main'
2025-03-24 13:22:07.789 [info] > git rev-parse refs/remotes/origin/main [2ms]
2025-03-24 13:22:07.811 [info] > git status -z -uall [11ms]
2025-03-24 13:22:07.812 [info] > git for-each-ref --sort -committerdate --format %(refname) %(objectname) %(*objectname) [2ms]
2025-03-24 13:22:14.382 [info] > git check-ignore -v -z --stdin [2ms]
2025-03-24 13:23:39.058 [info] > git config --get commit.template [2ms]
2025-03-24 13:23:39.061 [info] > git for-each-ref --format=%(refname)%00%(upstream:short)%00%(objectname)%00%(upstream:track)%00%(upstream:remotename)%00%(upstream:remoteref) refs/heads/main refs/remotes/main [3ms]
2025-03-24 13:23:39.066 [warning] [Git][revParse] Unable to read file: ENOENT: no such file or directory, open '/home/luna/Downloads/fedora-hyprland/.git/refs/remotes/origin/main'
2025-03-24 13:23:39.066 [info] > git rev-parse refs/remotes/origin/main [0ms]
2025-03-24 13:23:39.074 [info] > git for-each-ref --sort -committerdate --format %(refname) %(objectname) %(*objectname) [1ms]
2025-03-24 13:23:39.090 [info] > git status -z -uall [20ms]
2025-03-24 13:23:44.098 [info] > git config --get commit.template [2ms]
2025-03-24 13:23:44.098 [info] > git for-each-ref --format=%(refname)%00%(upstream:short)%00%(objectname)%00%(upstream:track)%00%(upstream:remotename)%00%(upstream:remoteref) refs/heads/main refs/remotes/main [0ms]
2025-03-24 13:23:44.102 [warning] [Git][revParse] Unable to read file: ENOENT: no such file or directory, open '/home/luna/Downloads/fedora-hyprland/.git/refs/remotes/origin/main'
2025-03-24 13:23:44.103 [info] > git rev-parse refs/remotes/origin/main [1ms]
2025-03-24 13:23:44.110 [info] > git for-each-ref --sort -committerdate --format %(refname) %(objectname) %(*objectname) [1ms]
2025-03-24 13:23:44.125 [info] > git status -z -uall [19ms]
2025-03-24 13:23:49.141 [info] > git config --get commit.template [2ms]
2025-03-24 13:23:49.151 [info] > git for-each-ref --format=%(refname)%00%(upstream:short)%00%(objectname)%00%(upstream:track)%00%(upstream:remotename)%00%(upstream:remoteref) refs/heads/main refs/remotes/main [2ms]
2025-03-24 13:23:49.159 [warning] [Git][revParse] Unable to read file: ENOENT: no such file or directory, open '/home/luna/Downloads/fedora-hyprland/.git/refs/remotes/origin/main'
2025-03-24 13:23:49.161 [info] > git rev-parse refs/remotes/origin/main [1ms]
2025-03-24 13:23:49.179 [info] > git status -z -uall [11ms]
2025-03-24 13:23:49.179 [info] > git for-each-ref --sort -committerdate --format %(refname) %(objectname) %(*objectname) [2ms]
2025-03-24 13:24:05.207 [info] > git ls-files --stage -- /home/luna/Downloads/fedora-hyprland/install.sh [1ms]
2025-03-24 13:24:05.218 [info] > git cat-file -s ea9f4ea409f7fd5c10cfab845fefd275b712308d [3ms]
2025-03-24 13:24:05.229 [info] > git show --textconv :install.sh [2ms]
2025-03-24 13:24:37.764 [info] > git fetch [33825ms]
2025-03-24 13:24:37.775 [info] > git config --get commit.template [2ms]
2025-03-24 13:24:37.785 [info] > git for-each-ref --format=%(refname)%00%(upstream:short)%00%(objectname)%00%(upstream:track)%00%(upstream:remotename)%00%(upstream:remoteref) refs/heads/main refs/remotes/main [1ms]
2025-03-24 13:24:37.792 [warning] [Git][revParse] Unable to read file: ENOENT: no such file or directory, open '/home/luna/Downloads/fedora-hyprland/.git/refs/remotes/origin/main'
2025-03-24 13:24:37.793 [info] > git rev-parse refs/remotes/origin/main [1ms]
2025-03-24 13:24:37.812 [info] > git status -z -uall [11ms]
2025-03-24 13:24:37.813 [info] > git for-each-ref --sort -committerdate --format %(refname) %(objectname) %(*objectname) [2ms]
2025-03-24 13:24:38.865 [info] > git config --get commit.template [1ms]
2025-03-24 13:24:38.874 [info] > git for-each-ref --format=%(refname)%00%(upstream:short)%00%(objectname)%00%(upstream:track)%00%(upstream:remotename)%00%(upstream:remoteref) refs/heads/main refs/remotes/main [2ms]
2025-03-24 13:24:38.883 [warning] [Git][revParse] Unable to read file: ENOENT: no such file or directory, open '/home/luna/Downloads/fedora-hyprland/.git/refs/remotes/origin/main'
2025-03-24 13:24:38.884 [info] > git rev-parse refs/remotes/origin/main [1ms]
2025-03-24 13:24:38.903 [info] > git status -z -uall [12ms]
2025-03-24 13:24:38.903 [info] > git for-each-ref --sort -committerdate --format %(refname) %(objectname) %(*objectname) [3ms]
2025-03-24 13:24:38.965 [info] > git ls-files --stage -- /home/luna/Downloads/fedora-hyprland/install.sh [1ms]
2025-03-24 13:24:38.974 [info] > git cat-file -s ea9f4ea409f7fd5c10cfab845fefd275b712308d [2ms]
2025-03-24 13:24:38.990 [info] > git show --textconv :install.sh [1ms]
2025-03-24 13:25:16.596 [info] > git config --get commit.template [2ms]
2025-03-24 13:25:16.607 [info] > git for-each-ref --format=%(refname)%00%(upstream:short)%00%(objectname)%00%(upstream:track)%00%(upstream:remotename)%00%(upstream:remoteref) refs/heads/main refs/remotes/main [2ms]
2025-03-24 13:25:16.616 [warning] [Git][revParse] Unable to read file: ENOENT: no such file or directory, open '/home/luna/Downloads/fedora-hyprland/.git/refs/remotes/origin/main'
2025-03-24 13:25:16.617 [info] > git rev-parse refs/remotes/origin/main [1ms]
2025-03-24 13:25:16.636 [info] > git status -z -uall [11ms]
2025-03-24 13:25:16.637 [info] > git for-each-ref --sort -committerdate --format %(refname) %(objectname) %(*objectname) [3ms]
2025-03-24 13:25:16.667 [info] > git check-ignore -v -z --stdin [1ms]
2025-03-24 13:25:22.808 [info] > git config --get commit.template [2ms]
2025-03-24 13:25:22.823 [info] > git for-each-ref --format=%(refname)%00%(upstream:short)%00%(objectname)%00%(upstream:track)%00%(upstream:remotename)%00%(upstream:remoteref) refs/heads/main refs/remotes/main [5ms]
2025-03-24 13:25:22.831 [warning] [Git][revParse] Unable to read file: ENOENT: no such file or directory, open '/home/luna/Downloads/fedora-hyprland/.git/refs/remotes/origin/main'
2025-03-24 13:25:22.833 [info] > git rev-parse refs/remotes/origin/main [2ms]
2025-03-24 13:25:22.851 [info] > git for-each-ref --sort -committerdate --format %(refname) %(objectname) %(*objectname) [2ms]
2025-03-24 13:25:22.855 [info] > git status -z -uall [14ms]
2025-03-24 13:25:28.867 [info] > git config --get commit.template [6ms]
2025-03-24 13:25:28.867 [info] > git for-each-ref --format=%(refname)%00%(upstream:short)%00%(objectname)%00%(upstream:track)%00%(upstream:remotename)%00%(upstream:remoteref) refs/heads/main refs/remotes/main [1ms]
2025-03-24 13:25:28.872 [warning] [Git][revParse] Unable to read file: ENOENT: no such file or directory, open '/home/luna/Downloads/fedora-hyprland/.git/refs/remotes/origin/main'
2025-03-24 13:25:28.873 [info] > git rev-parse refs/remotes/origin/main [1ms]
2025-03-24 13:25:28.889 [info] > git for-each-ref --sort -committerdate --format %(refname) %(objectname) %(*objectname) [6ms]
2025-03-24 13:25:28.900 [info] > git status -z -uall [22ms]
2025-03-24 13:25:33.923 [info] > git config --get commit.template [8ms]
2025-03-24 13:25:33.924 [info] > git for-each-ref --format=%(refname)%00%(upstream:short)%00%(objectname)%00%(upstream:track)%00%(upstream:remotename)%00%(upstream:remoteref) refs/heads/main refs/remotes/main [1ms]
2025-03-24 13:25:33.932 [warning] [Git][revParse] Unable to read file: ENOENT: no such file or directory, open '/home/luna/Downloads/fedora-hyprland/.git/refs/remotes/origin/main'
2025-03-24 13:25:33.934 [info] > git rev-parse refs/remotes/origin/main [2ms]
2025-03-24 13:25:33.952 [info] > git status -z -uall [9ms]
2025-03-24 13:25:33.952 [info] > git for-each-ref --sort -committerdate --format %(refname) %(objectname) %(*objectname) [2ms]
2025-03-24 13:25:41.182 [info] > git config --get commit.template [1ms]
2025-03-24 13:25:41.192 [info] > git for-each-ref --format=%(refname)%00%(upstream:short)%00%(objectname)%00%(upstream:track)%00%(upstream:remotename)%00%(upstream:remoteref) refs/heads/main refs/remotes/main [1ms]
2025-03-24 13:25:41.200 [warning] [Git][revParse] Unable to read file: ENOENT: no such file or directory, open '/home/luna/Downloads/fedora-hyprland/.git/refs/remotes/origin/main'
2025-03-24 13:25:41.201 [info] > git rev-parse refs/remotes/origin/main [1ms]
2025-03-24 13:25:41.219 [info] > git for-each-ref --sort -committerdate --format %(refname) %(objectname) %(*objectname) [2ms]
2025-03-24 13:25:41.221 [info] > git status -z -uall [13ms]
2025-03-24 13:26:46.006 [info] > git config --get commit.template [1ms]
2025-03-24 13:26:46.015 [info] > git for-each-ref --format=%(refname)%00%(upstream:short)%00%(objectname)%00%(upstream:track)%00%(upstream:remotename)%00%(upstream:remoteref) refs/heads/main refs/remotes/main [1ms]
2025-03-24 13:26:46.023 [warning] [Git][revParse] Unable to read file: ENOENT: no such file or directory, open '/home/luna/Downloads/fedora-hyprland/.git/refs/remotes/origin/main'
2025-03-24 13:26:46.024 [info] > git rev-parse refs/remotes/origin/main [1ms]
2025-03-24 13:26:46.042 [info] > git status -z -uall [10ms]
2025-03-24 13:26:46.043 [info] > git for-each-ref --sort -committerdate --format %(refname) %(objectname) %(*objectname) [2ms]
2025-03-24 13:26:54.596 [info] > git config --get commit.template [1ms]
2025-03-24 13:26:54.605 [info] > git for-each-ref --format=%(refname)%00%(upstream:short)%00%(objectname)%00%(upstream:track)%00%(upstream:remotename)%00%(upstream:remoteref) refs/heads/main refs/remotes/main [1ms]
2025-03-24 13:26:54.613 [warning] [Git][revParse] Unable to read file: ENOENT: no such file or directory, open '/home/luna/Downloads/fedora-hyprland/.git/refs/remotes/origin/main'
2025-03-24 13:26:54.614 [info] > git rev-parse refs/remotes/origin/main [1ms]
2025-03-24 13:26:54.632 [info] > git status -z -uall [10ms]
2025-03-24 13:26:54.632 [info] > git for-each-ref --sort -committerdate --format %(refname) %(objectname) %(*objectname) [2ms]
2025-03-24 13:27:02.558 [info] > git config --get commit.template [1ms]
2025-03-24 13:27:02.578 [info] > git for-each-ref --format=%(refname)%00%(upstream:short)%00%(objectname)%00%(upstream:track)%00%(upstream:remotename)%00%(upstream:remoteref) refs/heads/main refs/remotes/main [12ms]
2025-03-24 13:27:02.583 [warning] [Git][revParse] Unable to read file: ENOENT: no such file or directory, open '/home/luna/Downloads/fedora-hyprland/.git/refs/remotes/origin/main'
2025-03-24 13:27:02.584 [info] > git rev-parse refs/remotes/origin/main [1ms]
2025-03-24 13:27:02.600 [info] > git status -z -uall [10ms]
2025-03-24 13:27:02.600 [info] > git for-each-ref --sort -committerdate --format %(refname) %(objectname) %(*objectname) [2ms]
2025-03-24 13:27:38.743 [info] > git fetch [905ms]
2025-03-24 13:27:38.754 [info] > git config --get commit.template [2ms]
2025-03-24 13:27:38.764 [info] > git for-each-ref --format=%(refname)%00%(upstream:short)%00%(objectname)%00%(upstream:track)%00%(upstream:remotename)%00%(upstream:remoteref) refs/heads/main refs/remotes/main [1ms]
2025-03-24 13:27:38.772 [warning] [Git][revParse] Unable to read file: ENOENT: no such file or directory, open '/home/luna/Downloads/fedora-hyprland/.git/refs/remotes/origin/main'
2025-03-24 13:27:38.773 [info] > git rev-parse refs/remotes/origin/main [2ms]
2025-03-24 13:27:38.791 [info] > git status -z -uall [10ms]
2025-03-24 13:27:38.791 [info] > git for-each-ref --sort -committerdate --format %(refname) %(objectname) %(*objectname) [1ms]
2025-03-24 13:27:39.829 [info] > git config --get commit.template [1ms]
2025-03-24 13:27:39.839 [info] > git for-each-ref --format=%(refname)%00%(upstream:short)%00%(objectname)%00%(upstream:track)%00%(upstream:remotename)%00%(upstream:remoteref) refs/heads/main refs/remotes/main [2ms]
2025-03-24 13:27:39.847 [warning] [Git][revParse] Unable to read file: ENOENT: no such file or directory, open '/home/luna/Downloads/fedora-hyprland/.git/refs/remotes/origin/main'
2025-03-24 13:27:39.848 [info] > git rev-parse refs/remotes/origin/main [1ms]
2025-03-24 13:27:39.866 [info] > git status -z -uall [10ms]
2025-03-24 13:27:39.866 [info] > git for-each-ref --sort -committerdate --format %(refname) %(objectname) %(*objectname) [2ms]
2025-03-24 13:27:39.990 [info] > git ls-files --stage -- /home/luna/Downloads/fedora-hyprland/install.sh [1ms]
2025-03-24 13:27:40.000 [info] > git cat-file -s ea9f4ea409f7fd5c10cfab845fefd275b712308d [2ms]
2025-03-24 13:27:40.012 [info] > git show --textconv :install.sh [2ms]
2025-03-24 13:32:33.700 [info] > git config --get commit.template [2ms]
2025-03-24 13:32:33.716 [info] > git for-each-ref --format=%(refname)%00%(upstream:short)%00%(objectname)%00%(upstream:track)%00%(upstream:remotename)%00%(upstream:remoteref) refs/heads/main refs/remotes/main [7ms]
2025-03-24 13:32:33.722 [warning] [Git][revParse] Unable to read file: ENOENT: no such file or directory, open '/home/luna/Downloads/fedora-hyprland/.git/refs/remotes/origin/main'
2025-03-24 13:32:33.723 [info] > git rev-parse refs/remotes/origin/main [1ms]
2025-03-24 13:32:33.739 [info] > git for-each-ref --sort -committerdate --format %(refname) %(objectname) %(*objectname) [1ms]
2025-03-24 13:32:33.742 [info] > git status -z -uall [10ms]
2025-03-24 13:32:35.574 [info] > git check-ignore -v -z --stdin [4ms]
2025-03-24 13:32:38.765 [info] > git config --get commit.template [2ms]
2025-03-24 13:32:38.775 [info] > git for-each-ref --format=%(refname)%00%(upstream:short)%00%(objectname)%00%(upstream:track)%00%(upstream:remotename)%00%(upstream:remoteref) refs/heads/main refs/remotes/main [1ms]
2025-03-24 13:32:38.783 [warning] [Git][revParse] Unable to read file: ENOENT: no such file or directory, open '/home/luna/Downloads/fedora-hyprland/.git/refs/remotes/origin/main'
2025-03-24 13:32:38.784 [info] > git rev-parse refs/remotes/origin/main [1ms]
2025-03-24 13:32:38.805 [info] > git status -z -uall [13ms]
2025-03-24 13:32:38.806 [info] > git for-each-ref --sort -committerdate --format %(refname) %(objectname) %(*objectname) [2ms]
2025-03-24 13:33:27.179 [info] > git ls-files --stage -- /home/luna/Downloads/fedora-hyprland/install.sh [2ms]
2025-03-24 13:33:27.189 [info] > git cat-file -s ea9f4ea409f7fd5c10cfab845fefd275b712308d [2ms]
2025-03-24 13:33:27.200 [info] > git show --textconv :install.sh [2ms]
2025-03-24 13:33:27.346 [info] > git fetch [1358ms]
2025-03-24 13:33:27.357 [info] > git config --get commit.template [1ms]
2025-03-24 13:33:27.366 [info] > git for-each-ref --format=%(refname)%00%(upstream:short)%00%(objectname)%00%(upstream:track)%00%(upstream:remotename)%00%(upstream:remoteref) refs/heads/main refs/remotes/main [2ms]
2025-03-24 13:33:27.374 [warning] [Git][revParse] Unable to read file: ENOENT: no such file or directory, open '/home/luna/Downloads/fedora-hyprland/.git/refs/remotes/origin/main'
2025-03-24 13:33:27.375 [info] > git rev-parse refs/remotes/origin/main [1ms]
2025-03-24 13:33:27.393 [info] > git status -z -uall [11ms]
2025-03-24 13:33:27.394 [info] > git for-each-ref --sort -committerdate --format %(refname) %(objectname) %(*objectname) [1ms]
2025-03-24 13:33:28.438 [info] > git config --get commit.template [2ms]
2025-03-24 13:33:28.448 [info] > git for-each-ref --format=%(refname)%00%(upstream:short)%00%(objectname)%00%(upstream:track)%00%(upstream:remotename)%00%(upstream:remoteref) refs/heads/main refs/remotes/main [2ms]
2025-03-24 13:33:28.456 [warning] [Git][revParse] Unable to read file: ENOENT: no such file or directory, open '/home/luna/Downloads/fedora-hyprland/.git/refs/remotes/origin/main'
2025-03-24 13:33:28.460 [info] > git rev-parse refs/remotes/origin/main [4ms]
2025-03-24 13:33:28.479 [info] > git status -z -uall [10ms]
2025-03-24 13:33:28.481 [info] > git for-each-ref --sort -committerdate --format %(refname) %(objectname) %(*objectname) [3ms]
2025-03-24 13:33:28.538 [info] > git ls-files --stage -- /home/luna/Downloads/fedora-hyprland/install.sh [1ms]
2025-03-24 13:33:28.547 [info] > git cat-file -s ea9f4ea409f7fd5c10cfab845fefd275b712308d [1ms]
2025-03-24 13:33:28.561 [info] > git show --textconv :install.sh [1ms]
2025-03-24 13:33:34.629 [info] > git config --get commit.template [2ms]
2025-03-24 13:33:34.641 [info] > git for-each-ref --format=%(refname)%00%(upstream:short)%00%(objectname)%00%(upstream:track)%00%(upstream:remotename)%00%(upstream:remoteref) refs/heads/main refs/remotes/main [2ms]
2025-03-24 13:33:34.650 [warning] [Git][revParse] Unable to read file: ENOENT: no such file or directory, open '/home/luna/Downloads/fedora-hyprland/.git/refs/remotes/origin/main'
2025-03-24 13:33:34.652 [info] > git rev-parse refs/remotes/origin/main [1ms]
2025-03-24 13:33:34.671 [info] > git status -z -uall [11ms]
2025-03-24 13:33:34.672 [info] > git for-each-ref --sort -committerdate --format %(refname) %(objectname) %(*objectname) [2ms]
2025-03-24 13:33:40.654 [info] > git config --get commit.template [1ms]
2025-03-24 13:33:40.668 [info] > git for-each-ref --format=%(refname)%00%(upstream:short)%00%(objectname)%00%(upstream:track)%00%(upstream:remotename)%00%(upstream:remoteref) refs/heads/main refs/remotes/main [6ms]
2025-03-24 13:33:40.674 [warning] [Git][revParse] Unable to read file: ENOENT: no such file or directory, open '/home/luna/Downloads/fedora-hyprland/.git/refs/remotes/origin/main'
2025-03-24 13:33:40.677 [info] > git rev-parse refs/remotes/origin/main [1ms]
2025-03-24 13:33:40.698 [info] > git status -z -uall [11ms]
2025-03-24 13:33:40.699 [info] > git for-each-ref --sort -committerdate --format %(refname) %(objectname) %(*objectname) [3ms]
2025-03-24 13:33:45.729 [info] > git config --get commit.template [1ms]
2025-03-24 13:33:45.739 [info] > git for-each-ref --format=%(refname)%00%(upstream:short)%00%(objectname)%00%(upstream:track)%00%(upstream:remotename)%00%(upstream:remoteref) refs/heads/main refs/remotes/main [1ms]
2025-03-24 13:33:45.747 [warning] [Git][revParse] Unable to read file: ENOENT: no such file or directory, open '/home/luna/Downloads/fedora-hyprland/.git/refs/remotes/origin/main'
2025-03-24 13:33:45.747 [info] > git rev-parse refs/remotes/origin/main [1ms]
2025-03-24 13:33:45.761 [info] > git status -z -uall [8ms]
2025-03-24 13:33:45.762 [info] > git for-each-ref --sort -committerdate --format %(refname) %(objectname) %(*objectname) [2ms]
2025-03-24 13:33:50.781 [info] > git config --get commit.template [3ms]
2025-03-24 13:33:50.792 [info] > git for-each-ref --format=%(refname)%00%(upstream:short)%00%(objectname)%00%(upstream:track)%00%(upstream:remotename)%00%(upstream:remoteref) refs/heads/main refs/remotes/main [1ms]
2025-03-24 13:33:50.800 [warning] [Git][revParse] Unable to read file: ENOENT: no such file or directory, open '/home/luna/Downloads/fedora-hyprland/.git/refs/remotes/origin/main'
2025-03-24 13:33:50.801 [info] > git rev-parse refs/remotes/origin/main [1ms]
2025-03-24 13:33:50.820 [info] > git status -z -uall [11ms]
2025-03-24 13:33:50.823 [info] > git for-each-ref --sort -committerdate --format %(refname) %(objectname) %(*objectname) [4ms]
2025-03-24 13:33:55.849 [info] > git config --get commit.template [3ms]
2025-03-24 13:33:55.859 [info] > git for-each-ref --format=%(refname)%00%(upstream:short)%00%(objectname)%00%(upstream:track)%00%(upstream:remotename)%00%(upstream:remoteref) refs/heads/main refs/remotes/main [1ms]
2025-03-24 13:33:55.867 [warning] [Git][revParse] Unable to read file: ENOENT: no such file or directory, open '/home/luna/Downloads/fedora-hyprland/.git/refs/remotes/origin/main'
2025-03-24 13:33:55.868 [info] > git rev-parse refs/remotes/origin/main [1ms]
2025-03-24 13:33:55.886 [info] > git status -z -uall [10ms]
2025-03-24 13:33:55.886 [info] > git for-each-ref --sort -committerdate --format %(refname) %(objectname) %(*objectname) [2ms]
2025-03-24 13:34:01.496 [info] > git config --get commit.template [14ms]
2025-03-24 13:34:01.504 [info] > git for-each-ref --format=%(refname)%00%(upstream:short)%00%(objectname)%00%(upstream:track)%00%(upstream:remotename)%00%(upstream:remoteref) refs/heads/main refs/remotes/main [2ms]
2025-03-24 13:34:01.513 [warning] [Git][revParse] Unable to read file: ENOENT: no such file or directory, open '/home/luna/Downloads/fedora-hyprland/.git/refs/remotes/origin/main'
2025-03-24 13:34:01.514 [info] > git rev-parse refs/remotes/origin/main [1ms]
2025-03-24 13:34:01.532 [info] > git status -z -uall [10ms]
2025-03-24 13:34:01.533 [info] > git for-each-ref --sort -committerdate --format %(refname) %(objectname) %(*objectname) [1ms]
2025-03-24 13:34:06.562 [info] > git config --get commit.template [4ms]
2025-03-24 13:34:06.573 [info] > git for-each-ref --format=%(refname)%00%(upstream:short)%00%(objectname)%00%(upstream:track)%00%(upstream:remotename)%00%(upstream:remoteref) refs/heads/main refs/remotes/main [2ms]
2025-03-24 13:34:06.583 [warning] [Git][revParse] Unable to read file: ENOENT: no such file or directory, open '/home/luna/Downloads/fedora-hyprland/.git/refs/remotes/origin/main'
2025-03-24 13:34:06.584 [info] > git rev-parse refs/remotes/origin/main [1ms]
2025-03-24 13:34:06.604 [info] > git status -z -uall [10ms]
2025-03-24 13:34:06.606 [info] > git for-each-ref --sort -committerdate --format %(refname) %(objectname) %(*objectname) [3ms]
2025-03-24 13:34:11.632 [info] > git config --get commit.template [2ms]
2025-03-24 13:34:11.642 [info] > git for-each-ref --format=%(refname)%00%(upstream:short)%00%(objectname)%00%(upstream:track)%00%(upstream:remotename)%00%(upstream:remoteref) refs/heads/main refs/remotes/main [2ms]
2025-03-24 13:34:11.650 [warning] [Git][revParse] Unable to read file: ENOENT: no such file or directory, open '/home/luna/Downloads/fedora-hyprland/.git/refs/remotes/origin/main'
2025-03-24 13:34:11.653 [info] > git rev-parse refs/remotes/origin/main [3ms]
2025-03-24 13:34:11.672 [info] > git status -z -uall [11ms]
2025-03-24 13:34:11.673 [info] > git for-each-ref --sort -committerdate --format %(refname) %(objectname) %(*objectname) [3ms]
2025-03-24 13:34:16.700 [info] > git config --get commit.template [3ms]
2025-03-24 13:34:16.711 [info] > git for-each-ref --format=%(refname)%00%(upstream:short)%00%(objectname)%00%(upstream:track)%00%(upstream:remotename)%00%(upstream:remoteref) refs/heads/main refs/remotes/main [3ms]
2025-03-24 13:34:16.721 [warning] [Git][revParse] Unable to read file: ENOENT: no such file or directory, open '/home/luna/Downloads/fedora-hyprland/.git/refs/remotes/origin/main'
2025-03-24 13:34:16.722 [info] > git rev-parse refs/remotes/origin/main [1ms]
2025-03-24 13:34:16.736 [info] > git for-each-ref --sort -committerdate --format %(refname) %(objectname) %(*objectname) [1ms]
2025-03-24 13:34:16.737 [info] > git status -z -uall [8ms]
2025-03-24 13:35:59.771 [info] > git config --get commit.template [2ms]
2025-03-24 13:35:59.785 [info] > git for-each-ref --format=%(refname)%00%(upstream:short)%00%(objectname)%00%(upstream:track)%00%(upstream:remotename)%00%(upstream:remoteref) refs/heads/main refs/remotes/main [1ms]
2025-03-24 13:35:59.793 [warning] [Git][revParse] Unable to read file: ENOENT: no such file or directory, open '/home/luna/Downloads/fedora-hyprland/.git/refs/remotes/origin/main'
2025-03-24 13:35:59.794 [info] > git rev-parse refs/remotes/origin/main [1ms]
2025-03-24 13:35:59.814 [info] > git status -z -uall [10ms]
2025-03-24 13:35:59.814 [info] > git for-each-ref --sort -committerdate --format %(refname) %(objectname) %(*objectname) [2ms]
2025-03-24 13:36:04.840 [info] > git config --get commit.template [2ms]
2025-03-24 13:36:04.852 [info] > git for-each-ref --format=%(refname)%00%(upstream:short)%00%(objectname)%00%(upstream:track)%00%(upstream:remotename)%00%(upstream:remoteref) refs/heads/main refs/remotes/main [1ms]
2025-03-24 13:36:04.860 [warning] [Git][revParse] Unable to read file: ENOENT: no such file or directory, open '/home/luna/Downloads/fedora-hyprland/.git/refs/remotes/origin/main'
2025-03-24 13:36:04.861 [info] > git rev-parse refs/remotes/origin/main [1ms]
2025-03-24 13:36:04.880 [info] > git status -z -uall [10ms]
2025-03-24 13:36:04.883 [info] > git for-each-ref --sort -committerdate --format %(refname) %(objectname) %(*objectname) [4ms]
2025-03-24 13:36:09.907 [info] > git config --get commit.template [2ms]
2025-03-24 13:36:09.918 [info] > git for-each-ref --format=%(refname)%00%(upstream:short)%00%(objectname)%00%(upstream:track)%00%(upstream:remotename)%00%(upstream:remoteref) refs/heads/main refs/remotes/main [1ms]
2025-03-24 13:36:09.926 [warning] [Git][revParse] Unable to read file: ENOENT: no such file or directory, open '/home/luna/Downloads/fedora-hyprland/.git/refs/remotes/origin/main'
2025-03-24 13:36:09.927 [info] > git rev-parse refs/remotes/origin/main [1ms]
2025-03-24 13:36:09.945 [info] > git status -z -uall [10ms]
2025-03-24 13:36:09.945 [info] > git for-each-ref --sort -committerdate --format %(refname) %(objectname) %(*objectname) [2ms]
2025-03-24 13:36:14.984 [info] > git config --get commit.template [1ms]
2025-03-24 13:36:14.994 [info] > git for-each-ref --format=%(refname)%00%(upstream:short)%00%(objectname)%00%(upstream:track)%00%(upstream:remotename)%00%(upstream:remoteref) refs/heads/main refs/remotes/main [3ms]
2025-03-24 13:36:15.001 [warning] [Git][revParse] Unable to read file: ENOENT: no such file or directory, open '/home/luna/Downloads/fedora-hyprland/.git/refs/remotes/origin/main'
2025-03-24 13:36:15.001 [info] > git rev-parse refs/remotes/origin/main [0ms]
2025-03-24 13:36:15.015 [info] > git status -z -uall [9ms]
2025-03-24 13:36:15.016 [info] > git for-each-ref --sort -committerdate --format %(refname) %(objectname) %(*objectname) [3ms]
2025-03-24 13:36:20.037 [info] > git config --get commit.template [1ms]
2025-03-24 13:36:20.048 [info] > git for-each-ref --format=%(refname)%00%(upstream:short)%00%(objectname)%00%(upstream:track)%00%(upstream:remotename)%00%(upstream:remoteref) refs/heads/main refs/remotes/main [1ms]
2025-03-24 13:36:20.054 [warning] [Git][revParse] Unable to read file: ENOENT: no such file or directory, open '/home/luna/Downloads/fedora-hyprland/.git/refs/remotes/origin/main'
2025-03-24 13:36:20.055 [info] > git rev-parse refs/remotes/origin/main [1ms]
2025-03-24 13:36:20.068 [info] > git for-each-ref --sort -committerdate --format %(refname) %(objectname) %(*objectname) [2ms]
2025-03-24 13:36:20.069 [info] > git status -z -uall [8ms]
2025-03-24 13:36:25.078 [info] > git config --get commit.template [1ms]
2025-03-24 13:36:25.083 [info] > git for-each-ref --format=%(refname)%00%(upstream:short)%00%(objectname)%00%(upstream:track)%00%(upstream:remotename)%00%(upstream:remoteref) refs/heads/main refs/remotes/main [1ms]
2025-03-24 13:36:25.091 [warning] [Git][revParse] Unable to read file: ENOENT: no such file or directory, open '/home/luna/Downloads/fedora-hyprland/.git/refs/remotes/origin/main'
2025-03-24 13:36:25.092 [info] > git rev-parse refs/remotes/origin/main [1ms]
2025-03-24 13:36:25.112 [info] > git for-each-ref --sort -committerdate --format %(refname) %(objectname) %(*objectname) [2ms]
2025-03-24 13:36:25.114 [info] > git status -z -uall [14ms]
2025-03-24 13:36:28.672 [info] > git ls-files --stage -- /home/luna/Downloads/fedora-hyprland/install.sh [1ms]
2025-03-24 13:36:28.683 [info] > git cat-file -s ea9f4ea409f7fd5c10cfab845fefd275b712308d [4ms]
2025-03-24 13:36:28.702 [info] > git show --textconv :install.sh [1ms]
2025-03-24 13:36:29.268 [info] > git fetch [1844ms]
2025-03-24 13:36:29.279 [info] > git config --get commit.template [1ms]
2025-03-24 13:36:29.289 [info] > git for-each-ref --format=%(refname)%00%(upstream:short)%00%(objectname)%00%(upstream:track)%00%(upstream:remotename)%00%(upstream:remoteref) refs/heads/main refs/remotes/main [2ms]
2025-03-24 13:36:29.297 [warning] [Git][revParse] Unable to read file: ENOENT: no such file or directory, open '/home/luna/Downloads/fedora-hyprland/.git/refs/remotes/origin/main'
2025-03-24 13:36:29.298 [info] > git rev-parse refs/remotes/origin/main [1ms]
2025-03-24 13:36:29.317 [info] > git status -z -uall [11ms]
2025-03-24 13:36:29.319 [info] > git for-each-ref --sort -committerdate --format %(refname) %(objectname) %(*objectname) [4ms]
2025-03-24 13:36:30.135 [info] > git config --get commit.template [2ms]
2025-03-24 13:36:30.150 [info] > git for-each-ref --format=%(refname)%00%(upstream:short)%00%(objectname)%00%(upstream:track)%00%(upstream:remotename)%00%(upstream:remoteref) refs/heads/main refs/remotes/main [1ms]
2025-03-24 13:36:30.158 [warning] [Git][revParse] Unable to read file: ENOENT: no such file or directory, open '/home/luna/Downloads/fedora-hyprland/.git/refs/remotes/origin/main'
2025-03-24 13:36:30.160 [info] > git rev-parse refs/remotes/origin/main [1ms]
2025-03-24 13:36:30.178 [info] > git status -z -uall [11ms]
2025-03-24 13:36:30.180 [info] > git for-each-ref --sort -committerdate --format %(refname) %(objectname) %(*objectname) [3ms]
2025-03-24 13:36:30.444 [info] > git ls-files --stage -- /home/luna/Downloads/fedora-hyprland/install.sh [1ms]
2025-03-24 13:36:30.453 [info] > git cat-file -s ea9f4ea409f7fd5c10cfab845fefd275b712308d [1ms]
2025-03-24 13:36:30.465 [info] > git show --textconv :install.sh [1ms]
2025-03-24 13:36:35.204 [info] > git config --get commit.template [2ms]
2025-03-24 13:36:35.217 [info] > git for-each-ref --format=%(refname)%00%(upstream:short)%00%(objectname)%00%(upstream:track)%00%(upstream:remotename)%00%(upstream:remoteref) refs/heads/main refs/remotes/main [2ms]
2025-03-24 13:36:35.225 [warning] [Git][revParse] Unable to read file: ENOENT: no such file or directory, open '/home/luna/Downloads/fedora-hyprland/.git/refs/remotes/origin/main'
2025-03-24 13:36:35.227 [info] > git rev-parse refs/remotes/origin/main [1ms]
2025-03-24 13:36:35.244 [info] > git status -z -uall [10ms]
2025-03-24 13:36:35.246 [info] > git for-each-ref --sort -committerdate --format %(refname) %(objectname) %(*objectname) [3ms]
2025-03-24 13:36:40.272 [info] > git config --get commit.template [5ms]
2025-03-24 13:36:40.289 [info] > git for-each-ref --format=%(refname)%00%(upstream:short)%00%(objectname)%00%(upstream:track)%00%(upstream:remotename)%00%(upstream:remoteref) refs/heads/main refs/remotes/main [2ms]
2025-03-24 13:36:40.301 [warning] [Git][revParse] Unable to read file: ENOENT: no such file or directory, open '/home/luna/Downloads/fedora-hyprland/.git/refs/remotes/origin/main'
2025-03-24 13:36:40.303 [info] > git rev-parse refs/remotes/origin/main [2ms]
2025-03-24 13:36:40.321 [info] > git status -z -uall [10ms]
2025-03-24 13:36:40.322 [info] > git for-each-ref --sort -committerdate --format %(refname) %(objectname) %(*objectname) [3ms]
2025-03-24 13:36:45.346 [info] > git config --get commit.template [5ms]
2025-03-24 13:36:45.360 [info] > git for-each-ref --format=%(refname)%00%(upstream:short)%00%(objectname)%00%(upstream:track)%00%(upstream:remotename)%00%(upstream:remoteref) refs/heads/main refs/remotes/main [6ms]
2025-03-24 13:36:45.371 [warning] [Git][revParse] Unable to read file: ENOENT: no such file or directory, open '/home/luna/Downloads/fedora-hyprland/.git/refs/remotes/origin/main'
2025-03-24 13:36:45.372 [info] > git rev-parse refs/remotes/origin/main [0ms]
2025-03-24 13:36:45.386 [info] > git for-each-ref --sort -committerdate --format %(refname) %(objectname) %(*objectname) [0ms]
2025-03-24 13:36:45.387 [info] > git status -z -uall [9ms]
