2025-03-25 08:35:42.854 [info] Experiment 'pythonRecommendTensorboardExt' is active
2025-03-25 08:35:42.854 [info] Experiment 'pythonTerminalEnvVarActivation' is active
2025-03-25 08:35:42.854 [info] Experiment 'pythonTestAdapter' is active
2025-03-25 08:35:42.854 [warning] Dir "/home/luna/dotfiles/hypr/.config/hypr/.pixi/envs" is not watchable (directory does not exist)
2025-03-25 08:35:42.854 [info] Starting Environment refresh
2025-03-25 08:35:42.859 [info] > hatch env show --json
2025-03-25 08:35:42.859 [info] cwd: .
2025-03-25 08:35:42.863 [info] Python interpreter path: /bin/python
2025-03-25 08:35:42.874 [info] > /bin/python -I ~/dotfiles/vscode/.vscode/extensions/ms-python.python-2025.2.0-linux-arm64/python_files/get_output_via_markers.py ~/dotfiles/vscode/.vscode/extensions/ms-python.python-2025.2.0-linux-arm64/python_files/interpreterInfo.py
2025-03-25 08:35:42.874 [info] Environments refresh paths discovered: 33 milliseconds
2025-03-25 08:35:42.875 [info] Starting Environment refresh
2025-03-25 08:35:42.880 [info] Environments refresh paths discovered: 5 milliseconds
2025-03-25 08:35:43.227 [info] Environments refresh finished (event): 386 milliseconds
2025-03-25 08:35:43.227 [info] Environments refresh finished (event): 352 milliseconds
2025-03-25 08:35:43.263 [info] Environment refresh took 423 milliseconds
2025-03-25 08:35:43.264 [info] Environment refresh took 389 milliseconds
2025-03-25 08:35:43.288 [info] > ~/.pyenv/bin/pyenv which python
2025-03-25 08:35:43.288 [info] cwd: .
2025-03-25 08:35:43.350 [info] > conda info --json
2025-03-25 08:35:43.355 [info] > /usr/share/anaconda/bin/conda info --json
2025-03-25 08:35:53.774 [info] Starting Pylance language server.
