2025-03-25 08:35:43.811 [info] [Info  - 8:35:43 AM] (23356) Server root directory: file:///home/luna/dotfiles/vscode/.vscode/extensions/ms-python.vscode-pylance-2025.3.2/dist
2025-03-25 08:35:43.812 [info] [Info  - 8:35:43 AM] (23356) Pylance language server 2025.3.2 (pyright version 1.1.396, commit 3e2236a7) starting
2025-03-25 08:35:43.816 [info] [Info  - 8:35:43 AM] (23356) Starting service instance "hypr"
2025-03-25 08:35:43.844 [info] [Info  - 8:35:43 AM] (23356) Setting environmentName for service "hypr": "3.13.2 (global)"
2025-03-25 08:35:43.844 [info] [Info  - 8:35:43 AM] (23356) Setting pythonPath for service "hypr": "/bin/python"
2025-03-25 08:35:43.844 [info] [Info  - 8:35:43 AM] (23356) No include entries specified; assuming /home/luna/dotfiles/hypr/.config/hypr
2025-03-25 08:35:43.845 [info] [Info  - 8:35:43 AM] (23356) Auto-excluding **/node_modules
2025-03-25 08:35:43.845 [info] [Info  - 8:35:43 AM] (23356) Auto-excluding **/__pycache__
2025-03-25 08:35:43.845 [info] [Info  - 8:35:43 AM] (23356) Auto-excluding **/.*
2025-03-25 08:35:43.860 [info] [Info  - 8:35:43 AM] (23356) Assuming Python version 3.13.2.final.0
2025-03-25 08:35:43.971 [info] [Info  - 8:35:43 AM] (23356) Found 1 source file
2025-03-25 08:35:44.383 [info] [Info  - 8:35:44 AM] (23356) Priority queue background worker(2) root directory: file:///home/luna/dotfiles/vscode/.vscode/extensions/ms-python.vscode-pylance-2025.3.2/dist
2025-03-25 08:35:44.384 [info] [Info  - 8:35:44 AM] (23356) Priority queue background worker(2) started
2025-03-25 08:35:44.560 [info] [Info  - 8:35:44 AM] (23356) Indexer background runner(3) root directory: file:///home/luna/dotfiles/vscode/.vscode/extensions/ms-python.vscode-pylance-2025.3.2/dist (index)
2025-03-25 08:35:44.560 [info] [Info  - 8:35:44 AM] (23356) Indexing(3) started
2025-03-25 08:35:45.139 [info] [Info  - 8:35:45 AM] (23356) scanned(3) 403 files over 1 exec env
2025-03-25 08:35:46.922 [info] [Info  - 8:35:46 AM] (23356) indexed(3) 403 files over 1 exec env
2025-03-25 08:35:47.076 [info] [Info  - 8:35:47 AM] (23356) Indexing finished(3).
2025-03-25 08:35:53.770 [info] (Client) The existing extension didn't exit within 10 seconds. New instance will start, but you might encounter issues.
2025-03-25 08:35:53.771 [info] (Client) Pylance async client (2025.3.2) started with python extension (2025.2.0)
2025-03-25 08:35:53.799 [info] [Info  - 8:35:53 AM] (23356) Starting service instance "<default>"
2025-03-25 08:35:53.894 [info] [Info  - 8:35:53 AM] (23356) Setting environmentName for service "<default>": "3.13.2 (global)"
2025-03-25 08:35:53.894 [info] [Info  - 8:35:53 AM] (23356) Setting pythonPath for service "<default>": "/bin/python"
2025-03-25 08:35:53.894 [info] [Info  - 8:35:53 AM] (23356) No include entries specified; assuming /<default workspace root>
2025-03-25 08:35:53.894 [info] [Info  - 8:35:53 AM] (23356) Auto-excluding **/node_modules
2025-03-25 08:35:53.894 [info] [Info  - 8:35:53 AM] (23356) Auto-excluding **/__pycache__
2025-03-25 08:35:53.895 [info] [Info  - 8:35:53 AM] (23356) Auto-excluding **/.*
2025-03-25 08:35:53.914 [info] [Info  - 8:35:53 AM] (23356) Assuming Python version 3.13.2.final.0
2025-03-25 08:35:53.988 [info] [Error - 8:35:53 AM] (23356) File or directory "/<default workspace root>" does not exist.
2025-03-25 08:35:53.988 [info] [Info  - 8:35:53 AM] (23356) No source files found.
2025-03-25 08:35:54.310 [info] [Info  - 8:35:54 AM] (23356) Priority queue background worker(5) root directory: file:///home/luna/dotfiles/vscode/.vscode/extensions/ms-python.vscode-pylance-2025.3.2/dist
2025-03-25 08:35:54.311 [info] [Info  - 8:35:54 AM] (23356) Priority queue background worker(5) started
2025-03-25 09:09:00.734 [info] [Info  - 9:09:00 AM] (23356) Found 1 source file
