2025-03-24 22:10:03.782 [info] Name: Black Formatter
2025-03-24 22:10:03.782 [info] Module: black
2025-03-24 22:10:03.782 [info] Default formatter is set to null for workspace /home/luna/repos/documentation-generator
2025-03-24 22:10:03.782 [warning] Black Formatter is NOT set as the default formatter for workspace /home/luna/repos/documentation-generator
2025-03-24 22:10:03.782 [warning] To set Black Formatter as the default formatter, add the following to your settings.json file:
2025-03-24 22:10:03.782 [warning] 
"[python]": {
    "editor.defaultFormatter": "ms-python.black-formatter"
}
2025-03-24 22:10:03.782 [info] Python extension loading
2025-03-24 22:10:03.782 [info] Waiting for interpreter from Python extension.
2025-03-24 22:10:03.856 [info] No interpreter found from setting black-formatter.interpreter
2025-03-24 22:10:03.856 [info] Getting interpreter from ms-python.python extension for workspace /home/luna/repos/documentation-generator
2025-03-24 22:10:03.857 [info] Python extension loaded
2025-03-24 22:10:03.857 [info] Interpreter from ms-python.python extension for /home/luna/repos/documentation-generator: /home/luna/repos/documentation-generator/env/bin/python
2025-03-24 22:10:03.857 [info] Workspace settings for /home/luna/repos/documentation-generator (client side): {
    "cwd": "/home/luna/repos/documentation-generator",
    "workspace": "file:///home/luna/repos/documentation-generator",
    "args": [],
    "path": [],
    "interpreter": [
        "/home/luna/repos/documentation-generator/env/bin/python"
    ],
    "importStrategy": "useBundled",
    "showNotifications": "off"
}
2025-03-24 22:10:03.857 [info] No interpreter found from setting black-formatter.interpreter
2025-03-24 22:10:03.857 [info] Getting interpreter from ms-python.python extension for workspace /home/luna/repos/documentation-generator
2025-03-24 22:10:03.858 [info] Interpreter from ms-python.python extension for /home/luna/repos/documentation-generator: /home/luna/repos/documentation-generator/env/bin/python
2025-03-24 22:10:03.858 [info] Workspace settings for /home/luna/repos/documentation-generator (client side): {
    "cwd": "/home/luna/repos/documentation-generator",
    "workspace": "file:///home/luna/repos/documentation-generator",
    "args": [],
    "path": [],
    "interpreter": [
        "/home/luna/repos/documentation-generator/env/bin/python"
    ],
    "importStrategy": "useBundled",
    "showNotifications": "off"
}
2025-03-24 22:10:03.858 [info] Global settings (client side): {
    "cwd": "/home/luna",
    "workspace": "/home/luna",
    "args": [],
    "path": [],
    "interpreter": [],
    "importStrategy": "useBundled",
    "showNotifications": "off"
}
2025-03-24 22:10:04.064 [info] Server run command: /home/luna/repos/documentation-generator/env/bin/python /home/luna/dotfiles/vscode/.vscode/extensions/ms-python.black-formatter-2025.2.0/bundled/tool/lsp_server.py
2025-03-24 22:10:04.065 [info] Server: Start requested.
2025-03-24 22:10:04.535 [info] CWD Server: /home/luna/repos/documentation-generator
2025-03-24 22:10:04.536 [info] Settings received on server:
[
    {
        "cwd": "/home/luna/repos/documentation-generator",
        "workspace": "file:///home/luna/repos/documentation-generator",
        "args": [],
        "path": [],
        "interpreter": [
            "/home/luna/repos/documentation-generator/env/bin/python"
        ],
        "importStrategy": "useBundled",
        "showNotifications": "off"
    }
]

2025-03-24 22:10:04.536 [info] Global settings received on server:
{
    "cwd": "/home/luna",
    "workspace": "/home/luna",
    "args": [],
    "path": [],
    "interpreter": [],
    "importStrategy": "useBundled",
    "showNotifications": "off"
}

2025-03-24 22:10:04.536 [info] sys.path used to run Server:
   /home/luna/dotfiles/vscode/.vscode/extensions/ms-python.black-formatter-2025.2.0/bundled/libs
   /home/luna/dotfiles/vscode/.vscode/extensions/ms-python.black-formatter-2025.2.0/bundled/tool
   /usr/lib64/python313.zip
   /usr/lib64/python3.13
   /usr/lib64/python3.13/lib-dynload
   /home/luna/repos/documentation-generator/env/lib64/python3.13/site-packages
   /home/luna/repos/documentation-generator/env/lib/python3.13/site-packages
2025-03-24 22:10:04.540 [info] /home/luna/repos/documentation-generator/env/bin/python -m black --version
2025-03-24 22:10:04.541 [info] CWD formatter: /home/luna/repos/documentation-generator
2025-03-24 22:10:04.759 [info] Version info for formatter running for /home/luna/repos/documentation-generator:
black, 25.1.0 (compiled: no)
Python (CPython) 3.13.2

2025-03-24 22:10:04.759 [info] SUPPORTED black>=22.3.0
FOUND black==25.1.0

2025-03-24 22:10:44.560 [info] Name: Black Formatter
2025-03-24 22:10:44.560 [info] Module: black
2025-03-24 22:10:44.560 [info] Default formatter is set to null for workspace /home/luna/repos/meower
2025-03-24 22:10:44.560 [warning] Black Formatter is NOT set as the default formatter for workspace /home/luna/repos/meower
2025-03-24 22:10:44.560 [warning] To set Black Formatter as the default formatter, add the following to your settings.json file:
2025-03-24 22:10:44.560 [warning] 
"[python]": {
    "editor.defaultFormatter": "ms-python.black-formatter"
}
2025-03-24 22:10:44.560 [info] Python extension loading
2025-03-24 22:10:44.560 [info] Waiting for interpreter from Python extension.
2025-03-24 22:10:45.392 [info] No interpreter found from setting black-formatter.interpreter
2025-03-24 22:10:45.392 [info] Getting interpreter from ms-python.python extension for workspace /home/luna/repos/meower
2025-03-24 22:10:45.393 [info] Python extension loaded
2025-03-24 22:10:45.393 [info] Interpreter from ms-python.python extension for /home/luna/repos/meower: /bin/python
2025-03-24 22:10:45.393 [info] Workspace settings for /home/luna/repos/meower (client side): {
    "cwd": "/home/luna/repos/meower",
    "workspace": "file:///home/luna/repos/meower",
    "args": [],
    "path": [],
    "interpreter": [
        "/bin/python"
    ],
    "importStrategy": "useBundled",
    "showNotifications": "off"
}
2025-03-24 22:10:45.393 [info] No interpreter found from setting black-formatter.interpreter
2025-03-24 22:10:45.393 [info] Getting interpreter from ms-python.python extension for workspace /home/luna/repos/meower
2025-03-24 22:10:45.394 [info] Interpreter from ms-python.python extension for /home/luna/repos/meower: /bin/python
2025-03-24 22:10:45.394 [info] Workspace settings for /home/luna/repos/meower (client side): {
    "cwd": "/home/luna/repos/meower",
    "workspace": "file:///home/luna/repos/meower",
    "args": [],
    "path": [],
    "interpreter": [
        "/bin/python"
    ],
    "importStrategy": "useBundled",
    "showNotifications": "off"
}
2025-03-24 22:10:45.394 [info] Global settings (client side): {
    "cwd": "/home/luna",
    "workspace": "/home/luna",
    "args": [],
    "path": [],
    "interpreter": [],
    "importStrategy": "useBundled",
    "showNotifications": "off"
}
2025-03-24 22:10:45.418 [info] Server run command: /bin/python /home/luna/dotfiles/vscode/.vscode/extensions/ms-python.black-formatter-2025.2.0/bundled/tool/lsp_server.py
2025-03-24 22:10:45.419 [info] Server: Start requested.
2025-03-24 22:10:45.816 [info] CWD Server: /home/luna/repos/meower
2025-03-24 22:10:45.821 [info] Settings received on server:
[
    {
        "cwd": "/home/luna/repos/meower",
        "workspace": "file:///home/luna/repos/meower",
        "args": [],
        "path": [],
        "interpreter": [
            "/bin/python"
        ],
        "importStrategy": "useBundled",
        "showNotifications": "off"
    }
]

2025-03-24 22:10:45.823 [info] Global settings received on server:
{
    "cwd": "/home/luna",
    "workspace": "/home/luna",
    "args": [],
    "path": [],
    "interpreter": [],
    "importStrategy": "useBundled",
    "showNotifications": "off"
}

2025-03-24 22:10:45.831 [info] sys.path used to run Server:
   /home/luna/dotfiles/vscode/.vscode/extensions/ms-python.black-formatter-2025.2.0/bundled/libs
   /home/luna/dotfiles/vscode/.vscode/extensions/ms-python.black-formatter-2025.2.0/bundled/tool
   /usr/lib64/python313.zip
   /usr/lib64/python3.13
   /usr/lib64/python3.13/lib-dynload
   /home/luna/.local/lib/python3.13/site-packages
   /usr/local/lib64/python3.13/site-packages
   /usr/local/lib/python3.13/site-packages
   /usr/lib64/python3.13/site-packages
   /usr/lib/python3.13/site-packages
2025-03-24 22:10:45.833 [info] /bin/python -m black --version
2025-03-24 22:10:45.836 [info] CWD formatter: /home/luna/repos/meower
2025-03-24 22:10:45.838 [info] Version info for formatter running for /home/luna/repos/meower:
black, 25.1.0 (compiled: no)
Python (CPython) 3.13.2

2025-03-24 22:10:45.851 [info] SUPPORTED black>=22.3.0
FOUND black==25.1.0

