2025-03-23 23:53:01.282 [info] Reading sessions from keychain...
2025-03-23 23:53:01.282 [info] Getting sessions for all scopes...
2025-03-23 23:53:01.282 [info] Getting sessions for all scopes...
2025-03-23 23:53:01.282 [info] Getting sessions for all scopes...
2025-03-23 23:53:01.282 [info] Getting sessions for all scopes...
2025-03-23 23:53:01.282 [info] Getting sessions for all scopes...
2025-03-23 23:53:01.282 [info] Getting sessions for all scopes...
2025-03-23 23:53:01.282 [info] Getting sessions for all scopes...
2025-03-23 23:53:01.282 [info] Got stored sessions!
2025-03-23 23:53:01.282 [info] Got 1 verified sessions.
2025-03-23 23:53:01.282 [info] Got 1 sessions for ...
2025-03-23 23:53:01.282 [info] Got 1 sessions for ...
2025-03-23 23:53:01.282 [info] Got 1 sessions for ...
2025-03-23 23:53:01.282 [info] Got 1 sessions for ...
2025-03-23 23:53:01.282 [info] Got 1 sessions for ...
2025-03-23 23:53:01.282 [info] Got 1 sessions for ...
2025-03-23 23:53:01.282 [info] Got 1 sessions for ...
2025-03-23 23:53:02.066 [info] Getting sessions for all scopes...
2025-03-23 23:53:02.070 [info] Got 1 sessions for ...
2025-03-23 23:53:02.208 [info] Getting sessions for user:email...
2025-03-23 23:53:02.208 [info] Got 1 sessions for user:email...
2025-03-23 23:53:04.031 [info] Getting sessions for all scopes...
2025-03-23 23:53:04.031 [info] Got 1 sessions for ...
2025-03-23 23:53:04.478 [info] Getting sessions for read:user,repo,user:email...
2025-03-23 23:53:04.478 [info] Got 0 sessions for read:user,repo,user:email...
2025-03-23 23:53:04.484 [info] Getting sessions for read:user,repo,user:email,workflow...
2025-03-23 23:53:04.484 [info] Got 0 sessions for read:user,repo,user:email,workflow...
2025-03-23 23:53:04.485 [info] Getting sessions for all scopes...
2025-03-23 23:53:04.485 [info] Got 1 sessions for ...
2025-03-23 23:53:04.485 [info] Getting sessions for all scopes...
2025-03-23 23:53:04.485 [info] Got 1 sessions for ...
2025-03-23 23:53:04.485 [info] Getting sessions for project,read:org,read:user,repo,user:email,workflow...
2025-03-23 23:53:04.485 [info] Got 0 sessions for project,read:org,read:user,repo,user:email,workflow...
2025-03-23 23:53:04.642 [info] Getting sessions for read:user...
2025-03-23 23:53:04.643 [info] Got 0 sessions for read:user...
2025-03-23 23:53:04.643 [info] Getting sessions for read:user,repo,user:email,workflow...
2025-03-23 23:53:04.643 [info] Got 0 sessions for read:user,repo,user:email,workflow...
2025-03-23 23:53:04.643 [info] Getting sessions for read:user,repo,user:email,workflow...
2025-03-23 23:53:04.643 [info] Got 0 sessions for read:user,repo,user:email,workflow...
2025-03-23 23:53:04.664 [info] Getting sessions for user:email...
2025-03-23 23:53:04.664 [info] Got 1 sessions for user:email...
2025-03-23 23:53:04.664 [info] Getting sessions for user:email...
2025-03-23 23:53:04.664 [info] Got 1 sessions for user:email...
2025-03-23 23:53:04.664 [info] Getting sessions for read:user,repo,user:email,workflow...
2025-03-23 23:53:04.664 [info] Got 0 sessions for read:user,repo,user:email,workflow...
2025-03-23 23:53:04.664 [info] Getting sessions for read:user,repo,user:email...
2025-03-23 23:53:04.664 [info] Got 0 sessions for read:user,repo,user:email...
2025-03-23 23:53:04.701 [info] Getting sessions for all scopes...
2025-03-23 23:53:04.701 [info] Got 1 sessions for ...
2025-03-23 23:53:04.701 [info] Getting sessions for all scopes...
2025-03-23 23:53:04.701 [info] Got 1 sessions for ...
2025-03-23 23:53:04.702 [info] Getting sessions for read:user,repo,user:email,workflow...
2025-03-23 23:53:04.702 [info] Got 0 sessions for read:user,repo,user:email,workflow...
2025-03-23 23:53:05.587 [info] Getting sessions for read:user,repo,user:email,workflow...
2025-03-23 23:53:05.587 [info] Got 0 sessions for read:user,repo,user:email,workflow...
2025-03-23 23:53:05.693 [info] Getting sessions for user:email...
2025-03-23 23:53:05.693 [info] Got 1 sessions for user:email...
2025-03-23 23:53:06.661 [info] Getting sessions for all scopes...
2025-03-23 23:53:06.661 [info] Got 1 sessions for ...
2025-03-23 23:53:06.661 [info] Getting sessions for all scopes...
2025-03-23 23:53:06.661 [info] Got 1 sessions for ...
2025-03-23 23:53:06.681 [info] Getting sessions for read:user,repo,user:email,workflow...
2025-03-23 23:53:06.681 [info] Got 0 sessions for read:user,repo,user:email,workflow...
2025-03-23 23:53:06.681 [info] Getting sessions for user:email...
2025-03-23 23:53:06.681 [info] Got 1 sessions for user:email...
2025-03-23 23:53:06.681 [info] Getting sessions for read:user,repo,user:email,workflow...
2025-03-23 23:53:06.681 [info] Got 0 sessions for read:user,repo,user:email,workflow...
2025-03-23 23:53:06.683 [info] Getting sessions for all scopes...
2025-03-23 23:53:06.683 [info] Got 1 sessions for ...
2025-03-23 23:53:06.685 [info] Getting sessions for read:user,repo,user:email,workflow...
2025-03-23 23:53:06.685 [info] Got 0 sessions for read:user,repo,user:email,workflow...
2025-03-23 23:53:06.685 [info] Getting sessions for user:email...
2025-03-23 23:53:06.685 [info] Got 1 sessions for user:email...
2025-03-23 23:53:06.829 [info] Getting sessions for all scopes...
2025-03-23 23:53:06.829 [info] Got 1 sessions for ...
2025-03-23 23:53:06.829 [info] Getting sessions for all scopes...
2025-03-23 23:53:06.829 [info] Got 1 sessions for ...
2025-03-23 23:53:06.834 [info] Getting sessions for read:user,repo,user:email,workflow...
2025-03-23 23:53:06.834 [info] Got 0 sessions for read:user,repo,user:email,workflow...
2025-03-23 23:53:06.865 [info] Getting sessions for user:email...
2025-03-23 23:53:06.865 [info] Got 1 sessions for user:email...
2025-03-23 23:53:06.873 [info] Getting sessions for read:user,repo,user:email,workflow...
2025-03-23 23:53:06.873 [info] Got 0 sessions for read:user,repo,user:email,workflow...
2025-03-23 23:53:06.897 [info] Getting sessions for all scopes...
2025-03-23 23:53:06.897 [info] Got 1 sessions for ...
2025-03-23 23:53:06.898 [info] Getting sessions for read:user,repo,user:email,workflow...
2025-03-23 23:53:06.898 [info] Got 0 sessions for read:user,repo,user:email,workflow...
2025-03-23 23:53:06.899 [info] Getting sessions for user:email...
2025-03-23 23:53:06.899 [info] Got 1 sessions for user:email...
2025-03-23 23:53:07.195 [info] Getting sessions for all scopes...
2025-03-23 23:53:07.195 [info] Got 1 sessions for ...
2025-03-23 23:53:07.195 [info] Getting sessions for read:user,repo,user:email,workflow...
2025-03-23 23:53:07.195 [info] Got 0 sessions for read:user,repo,user:email,workflow...
2025-03-23 23:53:07.196 [info] Getting sessions for user:email...
2025-03-23 23:53:07.196 [info] Got 1 sessions for user:email...
