2025-02-21 00:31:52.513 [info] [main] Log level: Info
2025-02-21 00:31:52.513 [info] [main] Validating found git in: "git"
2025-02-21 00:31:52.513 [info] [main] Using git "2.48.1" from "git"
2025-02-21 00:31:52.513 [info] [Model][doInitialScan] Initial repository scan started
2025-02-21 00:31:52.513 [info] > git rev-parse --show-toplevel [19ms]
2025-02-21 00:31:52.513 [info] > git rev-parse --git-dir --git-common-dir [2ms]
2025-02-21 00:31:52.513 [info] [Model][openRepository] Opened repository: /home/nat/repos/sigma-lang-web
2025-02-21 00:31:52.513 [info] > git rev-parse --show-toplevel [2ms]
2025-02-21 00:31:52.513 [info] > git config --get commit.template [6ms]
2025-02-21 00:31:52.514 [info] > git rev-parse --show-toplevel [9ms]
2025-02-21 00:31:52.521 [info] > git for-each-ref --format=%(refname)%00%(upstream:short)%00%(objectname)%00%(upstream:track)%00%(upstream:remotename)%00%(upstream:remoteref) refs/heads/main refs/remotes/main [9ms]
2025-02-21 00:31:52.539 [info] > git rev-parse --show-toplevel [18ms]
2025-02-21 00:31:52.539 [info] [Model][doInitialScan] Initial repository scan completed - repositories (1), closed repositories (0), parent repositories (0), unsafe repositories (0)
2025-02-21 00:31:53.228 [info] > git check-ignore -v -z --stdin [173ms]
2025-02-21 00:31:53.229 [info] > git status -z -uall [9ms]
2025-02-21 00:31:53.279 [info] > git show --textconv :README.md [13ms]
2025-02-21 00:31:53.279 [info] > git ls-files --stage -- /home/nat/repos/sigma-lang-web/README.md [11ms]
2025-02-21 00:31:53.285 [info] > git for-each-ref --sort -committerdate --format %(refname) %(objectname) %(*objectname) [60ms]
2025-02-21 00:31:53.309 [info] > git for-each-ref --format=%(refname)%00%(upstream:short)%00%(objectname)%00%(upstream:track)%00%(upstream:remotename)%00%(upstream:remoteref) refs/heads/main refs/remotes/main [17ms]
2025-02-21 00:31:53.314 [info] > git cat-file -s 6f23de805b345c4ff341bca21416a78af6afc357 [30ms]
2025-02-21 00:31:53.318 [info] > git config --get --local branch.main.vscode-merge-base [4ms]
2025-02-21 00:31:53.321 [info] > git config --get commit.template [15ms]
2025-02-21 00:31:53.556 [info] > git for-each-ref --format=%(refname)%00%(upstream:short)%00%(objectname)%00%(upstream:track)%00%(upstream:remotename)%00%(upstream:remoteref) refs/heads/origin/main refs/remotes/origin/main [236ms]
2025-02-21 00:31:53.576 [info] > git merge-base refs/heads/main refs/remotes/origin/main [17ms]
2025-02-21 00:31:53.609 [info] > git diff --name-status -z --diff-filter=ADMR cdf3c293df2797a959e503c91ca4c358b57fd482...refs/remotes/origin/main [30ms]
2025-02-21 00:31:53.609 [info] > git for-each-ref --format=%(refname)%00%(upstream:short)%00%(objectname)%00%(upstream:track)%00%(upstream:remotename)%00%(upstream:remoteref) refs/heads/main refs/remotes/main [34ms]
2025-02-21 00:31:53.645 [info] > git log --format=%H%n%aN%n%aE%n%at%n%ct%n%P%n%D%n%B -z --shortstat --diff-merges=first-parent -n50 --skip=0 --topo-order --decorate=full --stdin [58ms]
2025-02-21 00:31:53.708 [info] > git status -z -uall [6ms]
2025-02-21 00:31:53.708 [info] > git blame --root --incremental cdf3c293df2797a959e503c91ca4c358b57fd482 -- /home/nat/repos/sigma-lang-web/README.md [23ms]
2025-02-21 00:31:54.556 [info] > git for-each-ref --sort -committerdate --format %(refname) %(objectname) %(*objectname) [849ms]
2025-02-21 00:31:54.634 [info] > git ls-files --stage -- /home/nat/repos/sigma-lang-web/README.md [51ms]
2025-02-21 00:31:54.671 [info] > git cat-file -s 6f23de805b345c4ff341bca21416a78af6afc357 [32ms]
2025-02-21 00:31:54.705 [info] > git show --textconv :README.md [12ms]
2025-02-21 00:31:55.235 [info] > git config --get --local branch.main.github-pr-owner-number [50ms]
2025-02-21 00:31:55.305 [info] > git fetch [2833ms]
2025-02-21 00:31:55.317 [info] > git config --get commit.template [6ms]
2025-02-21 00:31:55.320 [info] > git for-each-ref --format=%(refname)%00%(upstream:short)%00%(objectname)%00%(upstream:track)%00%(upstream:remotename)%00%(upstream:remoteref) refs/heads/main refs/remotes/main [4ms]
2025-02-21 00:31:55.333 [info] > git status -z -uall [8ms]
2025-02-21 00:31:55.334 [info] > git for-each-ref --sort -committerdate --format %(refname) %(objectname) %(*objectname) [4ms]
2025-02-21 00:31:56.297 [info] > git ls-files --stage -- /home/nat/repos/sigma-lang-web/README.md [1ms]
2025-02-21 00:31:56.312 [info] > git cat-file -s 6f23de805b345c4ff341bca21416a78af6afc357 [4ms]
2025-02-21 00:31:56.330 [info] > git show --textconv :README.md [2ms]
2025-02-21 00:32:08.828 [info] > git config --get commit.template [1ms]
2025-02-21 00:32:08.835 [info] > git for-each-ref --format=%(refname)%00%(upstream:short)%00%(objectname)%00%(upstream:track)%00%(upstream:remotename)%00%(upstream:remoteref) refs/heads/main refs/remotes/main [1ms]
2025-02-21 00:32:08.849 [info] > git status -z -uall [8ms]
2025-02-21 00:32:08.849 [info] > git for-each-ref --sort -committerdate --format %(refname) %(objectname) %(*objectname) [1ms]
2025-02-21 00:32:50.196 [info] > git show --textconv :README.md [8ms]
2025-02-21 00:32:50.197 [info] > git ls-files --stage -- /home/nat/repos/sigma-lang-web/README.md [2ms]
2025-02-21 00:32:50.204 [info] > git cat-file -s 6f23de805b345c4ff341bca21416a78af6afc357 [2ms]
2025-02-21 00:38:01.208 [info] > git ls-files --stage -- /home/nat/repos/sigma-lang-web/README.md [1ms]
2025-02-21 00:38:01.218 [info] > git config --get commit.template [26ms]
2025-02-21 00:38:01.219 [info] > git cat-file -s 6f23de805b345c4ff341bca21416a78af6afc357 [2ms]
2025-02-21 00:38:01.239 [info] > git show --textconv :README.md [0ms]
2025-02-21 00:38:01.239 [info] > git for-each-ref --format=%(refname)%00%(upstream:short)%00%(objectname)%00%(upstream:track)%00%(upstream:remotename)%00%(upstream:remoteref) refs/heads/main refs/remotes/main [11ms]
2025-02-21 00:38:01.256 [info] > git status -z -uall [8ms]
2025-02-21 00:38:01.257 [info] > git for-each-ref --sort -committerdate --format %(refname) %(objectname) %(*objectname) [2ms]
2025-02-21 00:38:02.376 [info] > git ls-files --stage -- /home/nat/repos/sigma-lang-web/README.md [1ms]
2025-02-21 00:38:02.383 [info] > git cat-file -s 6f23de805b345c4ff341bca21416a78af6afc357 [1ms]
2025-02-21 00:38:02.391 [info] > git show --textconv :README.md [0ms]
2025-02-21 00:38:03.915 [info] > git fetch [2735ms]
2025-02-21 00:38:03.923 [info] > git config --get commit.template [1ms]
2025-02-21 00:38:03.931 [info] > git for-each-ref --format=%(refname)%00%(upstream:short)%00%(objectname)%00%(upstream:track)%00%(upstream:remotename)%00%(upstream:remoteref) refs/heads/main refs/remotes/main [1ms]
2025-02-21 00:38:03.945 [info] > git status -z -uall [7ms]
2025-02-21 00:38:03.946 [info] > git for-each-ref --sort -committerdate --format %(refname) %(objectname) %(*objectname) [1ms]
2025-02-21 00:38:04.885 [info] > git ls-files --stage -- /home/nat/repos/sigma-lang-web/README.md [1ms]
2025-02-21 00:38:04.891 [info] > git cat-file -s 6f23de805b345c4ff341bca21416a78af6afc357 [0ms]
2025-02-21 00:38:04.899 [info] > git show --textconv :README.md [0ms]
2025-02-21 00:38:06.275 [info] > git config --get commit.template [1ms]
2025-02-21 00:38:06.282 [info] > git for-each-ref --format=%(refname)%00%(upstream:short)%00%(objectname)%00%(upstream:track)%00%(upstream:remotename)%00%(upstream:remoteref) refs/heads/main refs/remotes/main [1ms]
2025-02-21 00:38:06.296 [info] > git status -z -uall [7ms]
2025-02-21 00:38:06.297 [info] > git for-each-ref --sort -committerdate --format %(refname) %(objectname) %(*objectname) [1ms]
2025-02-21 00:41:05.178 [info] > git ls-files --stage -- /home/nat/repos/sigma-lang-web/README.md [0ms]
2025-02-21 00:41:05.185 [info] > git cat-file -s 6f23de805b345c4ff341bca21416a78af6afc357 [1ms]
2025-02-21 00:41:05.195 [info] > git show --textconv :README.md [1ms]
2025-02-21 00:41:06.700 [info] > git fetch [2743ms]
2025-02-21 00:41:06.709 [info] > git config --get commit.template [1ms]
2025-02-21 00:41:06.717 [info] > git for-each-ref --format=%(refname)%00%(upstream:short)%00%(objectname)%00%(upstream:track)%00%(upstream:remotename)%00%(upstream:remoteref) refs/heads/main refs/remotes/main [1ms]
2025-02-21 00:41:06.731 [info] > git status -z -uall [7ms]
2025-02-21 00:41:06.732 [info] > git for-each-ref --sort -committerdate --format %(refname) %(objectname) %(*objectname) [2ms]
2025-02-21 00:41:07.648 [info] > git ls-files --stage -- /home/nat/repos/sigma-lang-web/README.md [0ms]
2025-02-21 00:41:07.654 [info] > git cat-file -s 6f23de805b345c4ff341bca21416a78af6afc357 [1ms]
2025-02-21 00:41:07.662 [info] > git show --textconv :README.md [1ms]
2025-02-21 00:44:07.937 [info] > git ls-files --stage -- /home/nat/repos/sigma-lang-web/README.md [1ms]
2025-02-21 00:44:07.947 [info] > git cat-file -s 6f23de805b345c4ff341bca21416a78af6afc357 [2ms]
2025-02-21 00:44:07.955 [info] > git show --textconv :README.md [0ms]
2025-02-21 00:44:09.565 [info] > git fetch [2819ms]
2025-02-21 00:44:09.574 [info] > git config --get commit.template [1ms]
2025-02-21 00:44:09.582 [info] > git for-each-ref --format=%(refname)%00%(upstream:short)%00%(objectname)%00%(upstream:track)%00%(upstream:remotename)%00%(upstream:remoteref) refs/heads/main refs/remotes/main [1ms]
2025-02-21 00:44:09.604 [info] > git status -z -uall [10ms]
2025-02-21 00:44:09.606 [info] > git for-each-ref --sort -committerdate --format %(refname) %(objectname) %(*objectname) [4ms]
2025-02-21 00:44:10.515 [info] > git ls-files --stage -- /home/nat/repos/sigma-lang-web/README.md [1ms]
2025-02-21 00:44:10.522 [info] > git cat-file -s 6f23de805b345c4ff341bca21416a78af6afc357 [1ms]
2025-02-21 00:44:10.530 [info] > git show --textconv :README.md [1ms]
2025-02-21 00:44:23.799 [info] > git log --format=%H%n%aN%n%aE%n%at%n%ct%n%P%n%D%n%B -z --shortstat --diff-merges=first-parent -n50 --skip=0 --topo-order --decorate=full --stdin [8ms]
2025-02-21 01:41:30.538 [info] [main] Log level: Info
2025-02-21 01:41:30.538 [info] [main] Validating found git in: "git"
2025-02-21 01:41:30.538 [info] [main] Using git "2.48.1" from "git"
2025-02-21 01:41:30.538 [info] [Model][doInitialScan] Initial repository scan started
2025-02-21 01:41:30.538 [info] > git rev-parse --show-toplevel [23ms]
2025-02-21 01:41:30.542 [info] > git rev-parse --git-dir --git-common-dir [1ms]
2025-02-21 01:41:30.549 [info] [Model][openRepository] Opened repository: /home/nat/repos/sigma
2025-02-21 01:41:30.556 [info] > git config --get commit.template [4ms]
2025-02-21 01:41:30.597 [info] > git rev-parse --show-toplevel [42ms]
2025-02-21 01:41:31.543 [info] > git rev-parse --show-toplevel [935ms]
2025-02-21 01:41:31.543 [info] > git for-each-ref --format=%(refname)%00%(upstream:short)%00%(objectname)%00%(upstream:track)%00%(upstream:remotename)%00%(upstream:remoteref) refs/heads/v2 refs/remotes/v2 [937ms]
2025-02-21 01:41:31.953 [info] > git check-ignore -v -z --stdin [406ms]
2025-02-21 01:41:32.039 [info] > git rev-parse --show-toplevel [88ms]
2025-02-21 01:41:32.107 [info] > git rev-parse --show-toplevel [32ms]
2025-02-21 01:41:32.116 [info] > git status -z -uall [24ms]
2025-02-21 01:41:32.116 [info] > git for-each-ref --sort -committerdate --format %(refname) %(objectname) %(*objectname) [19ms]
2025-02-21 01:41:32.155 [info] > git for-each-ref --format=%(refname)%00%(upstream:short)%00%(objectname)%00%(upstream:track)%00%(upstream:remotename)%00%(upstream:remoteref) refs/heads/v2 refs/remotes/v2 [30ms]
2025-02-21 01:41:32.160 [info] > git rev-parse --show-toplevel [47ms]
2025-02-21 01:41:32.175 [info] > git config --get --local branch.v2.vscode-merge-base [14ms]
2025-02-21 01:41:32.175 [warning] [Git][config] git config failed: Failed to execute git
2025-02-21 01:41:32.180 [info] > git config --get commit.template [36ms]
2025-02-21 01:41:32.193 [info] > git reflog v2 --grep-reflog=branch: Created from *. [13ms]
2025-02-21 01:41:32.198 [info] > git rev-parse --show-toplevel [26ms]
2025-02-21 01:41:32.242 [info] > git symbolic-ref --short refs/remotes/origin/HEAD [44ms]
2025-02-21 01:41:32.256 [info] > git for-each-ref --format=%(refname)%00%(upstream:short)%00%(objectname)%00%(upstream:track)%00%(upstream:remotename)%00%(upstream:remoteref) refs/heads/origin/v2 refs/remotes/origin/v2 [9ms]
2025-02-21 01:41:32.262 [info] > git rev-parse --show-toplevel [20ms]
2025-02-21 01:41:32.263 [info] [Model][doInitialScan] Initial repository scan completed - repositories (1), closed repositories (0), parent repositories (0), unsafe repositories (0)
2025-02-21 01:41:32.263 [info] > git for-each-ref --format=%(refname)%00%(upstream:short)%00%(objectname)%00%(upstream:track)%00%(upstream:remotename)%00%(upstream:remoteref) refs/heads/v2 refs/remotes/v2 [54ms]
2025-02-21 01:41:32.291 [info] > git config --add --local branch.v2.vscode-merge-base origin/v2 [28ms]
2025-02-21 01:41:33.220 [info] > git config --get commit.template [904ms]
2025-02-21 01:41:33.245 [info] > git for-each-ref --format=%(refname)%00%(upstream:short)%00%(objectname)%00%(upstream:track)%00%(upstream:remotename)%00%(upstream:remoteref) refs/heads/v2 refs/remotes/v2 [16ms]
2025-02-21 01:41:33.266 [info] > git config --get --local branch.v2.vscode-merge-base [19ms]
2025-02-21 01:41:33.270 [info] > git for-each-ref --format=%(refname)%00%(upstream:short)%00%(objectname)%00%(upstream:track)%00%(upstream:remotename)%00%(upstream:remoteref) refs/heads/v2 refs/remotes/v2 [25ms]
2025-02-21 01:41:33.270 [info] > git config --get commit.template [28ms]
2025-02-21 01:41:33.272 [info] > git for-each-ref --format=%(refname)%00%(upstream:short)%00%(objectname)%00%(upstream:track)%00%(upstream:remotename)%00%(upstream:remoteref) refs/heads/origin/v2 refs/remotes/origin/v2 [3ms]
2025-02-21 01:41:33.293 [info] > git for-each-ref --format=%(refname)%00%(upstream:short)%00%(objectname)%00%(upstream:track)%00%(upstream:remotename)%00%(upstream:remoteref) refs/heads/v2 refs/remotes/v2 [10ms]
2025-02-21 01:41:33.293 [info] > git merge-base refs/heads/v2 refs/remotes/origin/v2 [15ms]
2025-02-21 01:41:33.308 [info] > git diff --name-status -z --diff-filter=ADMR 55561445e702ef365f7a27d332e567e007a04091...refs/remotes/origin/v2 [12ms]
2025-02-21 01:41:33.312 [info] > git merge-base refs/heads/v2 refs/remotes/origin/v2 [5ms]
2025-02-21 01:41:33.315 [info] > git merge-base refs/heads/v2 refs/remotes/origin/v2 [12ms]
2025-02-21 01:41:33.323 [info] > git diff --name-status -z --diff-filter=ADMR 55561445e702ef365f7a27d332e567e007a04091...refs/remotes/origin/v2 [4ms]
2025-02-21 01:41:33.323 [info] > git diff --name-status -z --diff-filter=ADMR 55561445e702ef365f7a27d332e567e007a04091...refs/remotes/origin/v2 [8ms]
2025-02-21 01:41:33.329 [info] > git status -z -uall [3ms]
2025-02-21 01:41:33.347 [info] > git fetch [2798ms]
2025-02-21 01:41:33.347 [info] From github.com:dimini171/sigma
 * [new tag]         v2.1.1     -> v2.1.1
2025-02-21 01:41:33.347 [info] > git for-each-ref --sort -committerdate --format %(refname) %(objectname) %(*objectname) [18ms] (cancelled)
2025-02-21 01:41:33.359 [info] > git config --get commit.template [2ms]
2025-02-21 01:41:33.362 [info] > git for-each-ref --format=%(refname)%00%(upstream:short)%00%(objectname)%00%(upstream:track)%00%(upstream:remotename)%00%(upstream:remoteref) refs/heads/v2 refs/remotes/v2 [0ms]
2025-02-21 01:41:33.368 [info] > git status -z -uall [3ms]
2025-02-21 01:41:33.368 [info] > git log --format=%H%n%aN%n%aE%n%at%n%ct%n%P%n%D%n%B -z --shortstat --diff-merges=first-parent -n50 --skip=0 --topo-order --decorate=full --stdin [23ms]
2025-02-21 01:41:33.369 [info] > git for-each-ref --sort -committerdate --format %(refname) %(objectname) %(*objectname) [2ms]
2025-02-21 01:41:33.835 [info] > git config --get --local branch.v2.github-pr-owner-number [41ms]
2025-02-21 01:41:33.835 [warning] [Git][config] git config failed: Failed to execute git
2025-02-21 01:41:45.089 [info] > git config --get commit.template [5ms]
2025-02-21 01:41:45.104 [info] > git for-each-ref --format=%(refname)%00%(upstream:short)%00%(objectname)%00%(upstream:track)%00%(upstream:remotename)%00%(upstream:remoteref) refs/heads/v2 refs/remotes/v2 [2ms]
2025-02-21 01:41:45.135 [info] > git status -z -uall [16ms]
2025-02-21 01:41:45.136 [info] > git for-each-ref --sort -committerdate --format %(refname) %(objectname) %(*objectname) [2ms]
2025-02-21 01:41:55.706 [info] > git show --textconv :main.py [47ms]
2025-02-21 01:41:55.766 [info] > git ls-files --stage -- /home/nat/repos/sigma/main.py [98ms]
2025-02-21 01:41:55.794 [info] > git cat-file -s 63cbc3bbf2cafacadf149d1aeaaf0f4ed173e2f1 [15ms]
2025-02-21 01:41:56.925 [info] > git show --textconv :lexer.py [14ms]
2025-02-21 01:41:56.925 [info] > git ls-files --stage -- /home/nat/repos/sigma/lexer.py [3ms]
2025-02-21 01:41:56.939 [info] > git cat-file -s 31af10cc1cb9d5f7da12bb2bfc937e0c56fd1270 [3ms]
2025-02-21 01:41:57.744 [info] > git show --textconv :globals.py [11ms]
2025-02-21 01:41:57.744 [info] > git ls-files --stage -- /home/nat/repos/sigma/globals.py [4ms]
2025-02-21 01:41:57.755 [info] > git cat-file -s 67c50c38c1ea9a6197d8c5f24c21584075e8807c [2ms]
2025-02-21 01:41:58.526 [info] > git show --textconv :evaluator.py [11ms]
2025-02-21 01:41:58.528 [info] > git ls-files --stage -- /home/nat/repos/sigma/evaluator.py [2ms]
2025-02-21 01:41:58.539 [info] > git cat-file -s b36a75a65fe9c723b49cbc260a427574b8b9597f [1ms]
2025-02-21 01:41:59.293 [info] > git show --textconv :const.py [9ms]
2025-02-21 01:41:59.296 [info] > git ls-files --stage -- /home/nat/repos/sigma/const.py [4ms]
2025-02-21 01:41:59.305 [info] > git cat-file -s 2ce65dc8edf8b5132b2c0b1ce5851ef674273a26 [1ms]
2025-02-21 01:42:00.471 [info] > git config --get commit.template [1ms]
2025-02-21 01:42:00.480 [info] > git for-each-ref --format=%(refname)%00%(upstream:short)%00%(objectname)%00%(upstream:track)%00%(upstream:remotename)%00%(upstream:remoteref) refs/heads/v2 refs/remotes/v2 [1ms]
2025-02-21 01:42:00.501 [info] > git status -z -uall [11ms]
2025-02-21 01:42:00.501 [info] > git for-each-ref --sort -committerdate --format %(refname) %(objectname) %(*objectname) [2ms]
2025-02-21 01:42:09.451 [info] > git show --textconv :parser.py [7ms]
2025-02-21 01:42:09.452 [info] > git ls-files --stage -- /home/nat/repos/sigma/parser.py [1ms]
2025-02-21 01:42:09.461 [info] > git cat-file -s 716ed8f04c87ae43546ef6c5ee145f766ccfdbdc [1ms]
2025-02-21 01:42:10.711 [info] > git config --get commit.template [1ms]
2025-02-21 01:42:10.720 [info] > git for-each-ref --format=%(refname)%00%(upstream:short)%00%(objectname)%00%(upstream:track)%00%(upstream:remotename)%00%(upstream:remoteref) refs/heads/v2 refs/remotes/v2 [1ms]
2025-02-21 01:42:10.738 [info] > git status -z -uall [10ms]
2025-02-21 01:42:10.739 [info] > git for-each-ref --sort -committerdate --format %(refname) %(objectname) %(*objectname) [1ms]
2025-02-21 01:42:22.804 [info] > git blame --root --incremental 55561445e702ef365f7a27d332e567e007a04091 -- /home/nat/repos/sigma/evaluator.py [3ms]
2025-02-21 01:42:42.035 [info] > git config --get commit.template [1ms]
2025-02-21 01:42:42.047 [info] > git for-each-ref --format=%(refname)%00%(upstream:short)%00%(objectname)%00%(upstream:track)%00%(upstream:remotename)%00%(upstream:remoteref) refs/heads/v2 refs/remotes/v2 [1ms]
2025-02-21 01:42:42.068 [info] > git status -z -uall [10ms]
2025-02-21 01:42:42.068 [info] > git for-each-ref --sort -committerdate --format %(refname) %(objectname) %(*objectname) [2ms]
2025-02-21 01:43:12.923 [info] > git config --get commit.template [1ms]
2025-02-21 01:43:12.931 [info] > git for-each-ref --format=%(refname)%00%(upstream:short)%00%(objectname)%00%(upstream:track)%00%(upstream:remotename)%00%(upstream:remoteref) refs/heads/v2 refs/remotes/v2 [0ms]
2025-02-21 01:43:12.946 [info] > git status -z -uall [8ms]
2025-02-21 01:43:12.947 [info] > git for-each-ref --sort -committerdate --format %(refname) %(objectname) %(*objectname) [1ms]
