2025-02-20 17:48:33.200 [info] Name: isort
2025-02-20 17:48:33.200 [info] Module: isort
2025-02-20 17:48:33.200 [info] Python extension loading
2025-02-20 17:48:33.200 [info] Waiting for interpreter from python extension.
2025-02-20 17:48:33.200 [info] No interpreter found from setting isort.interpreter
2025-02-20 17:48:33.200 [info] Getting interpreter from ms-python.python extension for workspace /home/nat/repos/sigma-lang-web
2025-02-20 17:48:33.200 [info] Python extension loaded
2025-02-20 17:48:33.200 [info] Interpreter from ms-python.python extension for /home/nat/repos/sigma-lang-web: /usr/bin/python
2025-02-20 17:48:33.200 [info] No interpreter found from setting isort.interpreter
2025-02-20 17:48:33.200 [info] Getting interpreter from ms-python.python extension for workspace /home/nat/repos/sigma-lang-web
2025-02-20 17:48:33.200 [info] Interpreter from ms-python.python extension for /home/nat/repos/sigma-lang-web: /usr/bin/python
2025-02-20 17:48:33.200 [info] Server run command: /usr/bin/python /home/nat/.vscode/extensions/ms-python.isort-2023.10.1/bundled/tool/lsp_server.py
2025-02-20 17:48:33.200 [info] Server: Start requested.
2025-02-20 17:48:33.576 [info] CWD Server: /home/nat/repos/sigma-lang-web
2025-02-20 17:48:33.577 [info] sys.path used to run Server:
   /home/nat/.vscode/extensions/ms-python.isort-2023.10.1/bundled/libs
   /home/nat/.vscode/extensions/ms-python.isort-2023.10.1/bundled/tool
   /usr/lib64/python313.zip
   /usr/lib64/python3.13
   /usr/lib64/python3.13/lib-dynload
   /home/nat/.local/lib/python3.13/site-packages
   /usr/lib64/python3.13/site-packages
   /usr/lib/python3.13/site-packages
2025-02-20 17:48:33.577 [info] Settings used to run Server:
[
    {
        "check": false,
        "cwd": "/home/nat/repos/sigma-lang-web",
        "workspace": "file:///home/nat/repos/sigma-lang-web",
        "args": [],
        "path": [],
        "severity": {
            "W": "Warning",
            "E": "Hint"
        },
        "interpreter": [
            "/usr/bin/python"
        ],
        "importStrategy": "useBundled",
        "showNotifications": "off"
    }
]

2025-02-20 17:48:33.578 [info] Global settings:
{
    "check": false,
    "cwd": "/home/nat",
    "workspace": "/home/nat",
    "args": [],
    "path": [],
    "severity": {
        "W": "Warning",
        "E": "Hint"
    },
    "interpreter": [],
    "importStrategy": "useBundled",
    "showNotifications": "off"
}

2025-02-20 17:48:33.578 [info] /usr/bin/python -m isort --version-number
2025-02-20 17:48:33.578 [info] CWD Linter: /home/nat/repos/sigma-lang-web
2025-02-20 17:48:33.581 [info] Version info for isort running for /home/nat/repos/sigma-lang-web:
5.11.5

2025-02-20 17:48:33.581 [info] SUPPORTED isort>=5.10.1
FOUND isort==5.11.5

2025-02-20 17:48:33.587 [info] [Trace - 5:48:33 PM] Received notification 'textDocument/publishDiagnostics'.
2025-02-20 18:56:59.007 [info] [Trace - 6:56:59 PM] Sending notification 'textDocument/didClose'.
2025-02-20 18:56:59.036 [info] [Trace - 6:56:59 PM] Received notification 'textDocument/publishDiagnostics'.
2025-02-20 18:59:55.268 [info] [Trace - 6:59:55 PM] Sending notification 'textDocument/didOpen'.
2025-02-20 18:59:55.312 [info] [Trace - 6:59:55 PM] Sending request 'textDocument/codeAction - (1)'.
2025-02-20 18:59:55.325 [info] [Trace - 6:59:55 PM] Received notification 'textDocument/publishDiagnostics'.
2025-02-20 18:59:55.390 [info] [Trace - 6:59:55 PM] Received response 'textDocument/codeAction - (1)' in 78ms.
2025-02-20 18:59:57.845 [info] [Trace - 6:59:57 PM] Sending request 'textDocument/codeAction - (2)'.
2025-02-20 18:59:57.876 [info] [Trace - 6:59:57 PM] Received response 'textDocument/codeAction - (2)' in 31ms.
2025-02-20 18:59:58.834 [info] [Trace - 6:59:58 PM] Sending notification 'textDocument/didChange'.
2025-02-20 18:59:58.934 [info] [Trace - 6:59:58 PM] Sending notification 'textDocument/didChange'.
2025-02-20 18:59:59.904 [info] [Trace - 6:59:59 PM] Sending notification 'textDocument/didChange'.
2025-02-20 19:00:00.184 [info] [Trace - 7:00:00 PM] Sending request 'textDocument/codeAction - (3)'.
2025-02-20 19:00:00.195 [info] [Trace - 7:00:00 PM] Received response 'textDocument/codeAction - (3)' in 11ms.
2025-02-20 19:00:00.444 [info] [Trace - 7:00:00 PM] Sending notification 'textDocument/didChange'.
2025-02-20 19:00:00.604 [info] [Trace - 7:00:00 PM] Sending notification 'textDocument/didChange'.
2025-02-20 19:00:00.746 [info] [Trace - 7:00:00 PM] Sending notification 'textDocument/didChange'.
2025-02-20 19:00:00.945 [info] [Trace - 7:00:00 PM] Sending notification 'textDocument/didChange'.
2025-02-20 19:00:01.095 [info] [Trace - 7:00:01 PM] Sending notification 'textDocument/didChange'.
2025-02-20 19:00:01.152 [info] [Trace - 7:00:01 PM] Sending notification 'textDocument/didChange'.
2025-02-20 19:00:01.241 [info] [Trace - 7:00:01 PM] Sending notification 'textDocument/didChange'.
2025-02-20 19:00:01.340 [info] [Trace - 7:00:01 PM] Sending notification 'textDocument/didChange'.
2025-02-20 19:00:01.446 [info] [Trace - 7:00:01 PM] Sending notification 'textDocument/didChange'.
2025-02-20 19:00:01.669 [info] [Trace - 7:00:01 PM] Sending notification 'textDocument/didChange'.
2025-02-20 19:00:01.915 [info] [Trace - 7:00:01 PM] Sending notification 'textDocument/didChange'.
2025-02-20 19:00:02.429 [info] [Trace - 7:00:02 PM] Sending request 'textDocument/codeAction - (4)'.
2025-02-20 19:00:02.432 [info] [Trace - 7:00:02 PM] Received response 'textDocument/codeAction - (4)' in 4ms.
2025-02-20 19:00:04.245 [info] [Trace - 7:00:04 PM] Sending notification 'textDocument/didChange'.
2025-02-20 19:00:04.531 [info] [Trace - 7:00:04 PM] Sending request 'textDocument/codeAction - (5)'.
2025-02-20 19:00:04.534 [info] [Trace - 7:00:04 PM] Received response 'textDocument/codeAction - (5)' in 3ms.
2025-02-20 19:00:04.788 [info] [Trace - 7:00:04 PM] Sending request 'textDocument/codeAction - (6)'.
2025-02-20 19:00:04.793 [info] [Trace - 7:00:04 PM] Received response 'textDocument/codeAction - (6)' in 5ms.
2025-02-20 19:00:09.521 [info] [Trace - 7:00:09 PM] Sending request 'textDocument/codeAction - (7)'.
2025-02-20 19:00:09.526 [info] [Trace - 7:00:09 PM] Received response 'textDocument/codeAction - (7)' in 5ms.
2025-02-20 19:00:10.327 [info] [Trace - 7:00:10 PM] Sending request 'textDocument/codeAction - (8)'.
2025-02-20 19:00:10.335 [info] [Trace - 7:00:10 PM] Received response 'textDocument/codeAction - (8)' in 8ms.
2025-02-20 19:00:10.338 [info] [Trace - 7:00:10 PM] Sending notification 'textDocument/didChange'.
2025-02-20 19:00:10.599 [info] [Trace - 7:00:10 PM] Sending notification 'textDocument/didChange'.
2025-02-20 19:00:10.702 [info] [Trace - 7:00:10 PM] Sending notification 'textDocument/didChange'.
2025-02-20 19:00:10.801 [info] [Trace - 7:00:10 PM] Sending notification 'textDocument/didChange'.
2025-02-20 19:00:10.896 [info] [Trace - 7:00:10 PM] Sending notification 'textDocument/didChange'.
2025-02-20 19:00:13.242 [info] [Trace - 7:00:13 PM] Sending request 'textDocument/codeAction - (9)'.
2025-02-20 19:00:13.250 [info] [Trace - 7:00:13 PM] Received response 'textDocument/codeAction - (9)' in 8ms.
2025-02-20 19:00:13.264 [info] [Trace - 7:00:13 PM] Sending notification 'textDocument/didChange'.
2025-02-20 19:00:13.346 [info] [Trace - 7:00:13 PM] Sending notification 'textDocument/didChange'.
2025-02-20 19:00:13.434 [info] [Trace - 7:00:13 PM] Sending notification 'textDocument/didChange'.
2025-02-20 19:00:13.539 [info] [Trace - 7:00:13 PM] Sending notification 'textDocument/didChange'.
2025-02-20 19:00:13.655 [info] [Trace - 7:00:13 PM] Sending notification 'textDocument/didChange'.
2025-02-20 19:00:13.850 [info] [Trace - 7:00:13 PM] Sending notification 'textDocument/didChange'.
2025-02-20 19:00:13.933 [info] [Trace - 7:00:13 PM] Sending notification 'textDocument/didChange'.
2025-02-20 19:00:14.017 [info] [Trace - 7:00:14 PM] Sending notification 'textDocument/didChange'.
2025-02-20 19:00:14.182 [info] [Trace - 7:00:14 PM] Sending notification 'textDocument/didChange'.
2025-02-20 19:00:14.399 [info] [Trace - 7:00:14 PM] Sending notification 'textDocument/didChange'.
2025-02-20 19:00:14.678 [info] [Trace - 7:00:14 PM] Sending request 'textDocument/codeAction - (10)'.
2025-02-20 19:00:14.693 [info] [Trace - 7:00:14 PM] Received response 'textDocument/codeAction - (10)' in 16ms.
2025-02-20 19:00:14.958 [info] [Trace - 7:00:14 PM] Sending request 'textDocument/codeAction - (11)'.
2025-02-20 19:00:14.966 [info] [Trace - 7:00:14 PM] Sending request 'textDocument/codeAction - (12)'.
2025-02-20 19:00:14.969 [info] [Trace - 7:00:14 PM] Received response 'textDocument/codeAction - (11)' in 12ms.
2025-02-20 19:00:14.975 [info] [Trace - 7:00:14 PM] Received response 'textDocument/codeAction - (12)' in 9ms.
2025-02-20 19:00:15.599 [info] [Trace - 7:00:15 PM] Sending request 'textDocument/codeAction - (13)'.
2025-02-20 19:00:15.607 [info] [Trace - 7:00:15 PM] Received response 'textDocument/codeAction - (13)' in 6ms.
2025-02-20 19:00:18.955 [info] [Trace - 7:00:18 PM] Sending notification 'textDocument/didChange'.
2025-02-20 19:00:18.992 [info] [Trace - 7:00:18 PM] Sending notification 'textDocument/didChange'.
2025-02-20 19:00:19.023 [info] [Trace - 7:00:19 PM] Sending notification 'textDocument/didChange'.
2025-02-20 19:00:19.049 [info] [Trace - 7:00:19 PM] Sending notification 'textDocument/didChange'.
2025-02-20 19:00:19.082 [info] [Trace - 7:00:19 PM] Sending notification 'textDocument/didChange'.
2025-02-20 19:00:23.071 [info] [Trace - 7:00:23 PM] Sending request 'textDocument/codeAction - (14)'.
2025-02-20 19:00:23.073 [info] [Trace - 7:00:23 PM] Received response 'textDocument/codeAction - (14)' in 2ms.
2025-02-20 19:00:23.346 [info] [Trace - 7:00:23 PM] Sending notification 'textDocument/didChange'.
2025-02-20 19:00:24.964 [info] [Trace - 7:00:24 PM] Sending notification 'textDocument/didChange'.
2025-02-20 19:00:25.235 [info] [Trace - 7:00:25 PM] Sending notification 'textDocument/didChange'.
2025-02-20 19:00:25.433 [info] [Trace - 7:00:25 PM] Sending notification 'textDocument/didChange'.
2025-02-20 19:00:25.582 [info] [Trace - 7:00:25 PM] Sending notification 'textDocument/didChange'.
2025-02-20 19:00:25.772 [info] [Trace - 7:00:25 PM] Sending notification 'textDocument/didChange'.
2025-02-20 19:00:25.934 [info] [Trace - 7:00:25 PM] Sending notification 'textDocument/didChange'.
2025-02-20 19:00:26.200 [info] [Trace - 7:00:26 PM] Sending request 'textDocument/codeAction - (15)'.
2025-02-20 19:00:26.204 [info] [Trace - 7:00:26 PM] Received response 'textDocument/codeAction - (15)' in 4ms.
2025-02-20 19:00:26.318 [info] [Trace - 7:00:26 PM] Sending notification 'textDocument/didChange'.
2025-02-20 19:00:26.538 [info] [Trace - 7:00:26 PM] Sending notification 'textDocument/didChange'.
2025-02-20 19:00:26.593 [info] [Trace - 7:00:26 PM] Sending notification 'textDocument/didChange'.
2025-02-20 19:00:26.650 [info] [Trace - 7:00:26 PM] Sending notification 'textDocument/didChange'.
2025-02-20 19:00:26.733 [info] [Trace - 7:00:26 PM] Sending notification 'textDocument/didChange'.
2025-02-20 19:00:26.840 [info] [Trace - 7:00:26 PM] Sending notification 'textDocument/didChange'.
2025-02-20 19:00:27.094 [info] [Trace - 7:00:27 PM] Sending request 'textDocument/codeAction - (16)'.
2025-02-20 19:00:27.102 [info] [Trace - 7:00:27 PM] Received response 'textDocument/codeAction - (16)' in 8ms.
2025-02-20 19:00:27.120 [info] [Trace - 7:00:27 PM] Sending notification 'textDocument/didChange'.
2025-02-20 19:00:27.369 [info] [Trace - 7:00:27 PM] Sending request 'textDocument/codeAction - (17)'.
2025-02-20 19:00:27.377 [info] [Trace - 7:00:27 PM] Received response 'textDocument/codeAction - (17)' in 8ms.
2025-02-20 19:00:27.640 [info] [Trace - 7:00:27 PM] Sending notification 'textDocument/didChange'.
2025-02-20 19:00:27.890 [info] [Trace - 7:00:27 PM] Sending request 'textDocument/codeAction - (18)'.
2025-02-20 19:00:27.905 [info] [Trace - 7:00:27 PM] Received response 'textDocument/codeAction - (18)' in 15ms.
2025-02-20 19:00:28.523 [info] [Trace - 7:00:28 PM] Sending notification 'textDocument/didChange'.
2025-02-20 19:00:28.772 [info] [Trace - 7:00:28 PM] Sending request 'textDocument/codeAction - (19)'.
2025-02-20 19:00:28.780 [info] [Trace - 7:00:28 PM] Received response 'textDocument/codeAction - (19)' in 7ms.
2025-02-20 19:00:29.616 [info] [Trace - 7:00:29 PM] Sending request 'textDocument/codeAction - (20)'.
2025-02-20 19:00:29.625 [info] [Trace - 7:00:29 PM] Received response 'textDocument/codeAction - (20)' in 9ms.
2025-02-20 19:00:30.451 [info] [Trace - 7:00:30 PM] Sending notification 'textDocument/didChange'.
2025-02-20 19:00:30.590 [info] [Trace - 7:00:30 PM] Sending notification 'textDocument/didChange'.
2025-02-20 19:00:31.808 [info] [Trace - 7:00:31 PM] Sending notification 'textDocument/didChange'.
2025-02-20 19:00:32.086 [info] [Trace - 7:00:32 PM] Sending request 'textDocument/codeAction - (21)'.
2025-02-20 19:00:32.094 [info] [Trace - 7:00:32 PM] Received response 'textDocument/codeAction - (21)' in 8ms.
2025-02-20 19:00:32.351 [info] [Trace - 7:00:32 PM] Sending request 'textDocument/codeAction - (22)'.
2025-02-20 19:00:32.359 [info] [Trace - 7:00:32 PM] Received response 'textDocument/codeAction - (22)' in 8ms.
2025-02-20 19:00:35.287 [info] [Trace - 7:00:35 PM] Sending notification 'textDocument/didChange'.
2025-02-20 19:00:35.581 [info] [Trace - 7:00:35 PM] Sending request 'textDocument/codeAction - (23)'.
2025-02-20 19:00:35.626 [info] [Trace - 7:00:35 PM] Received response 'textDocument/codeAction - (23)' in 45ms.
2025-02-20 19:00:36.100 [info] [Trace - 7:00:36 PM] Sending request 'textDocument/codeAction - (24)'.
2025-02-20 19:00:36.104 [info] [Trace - 7:00:36 PM] Received response 'textDocument/codeAction - (24)' in 4ms.
2025-02-20 19:00:36.424 [info] [Trace - 7:00:36 PM] Sending request 'textDocument/codeAction - (25)'.
2025-02-20 19:00:36.437 [info] [Trace - 7:00:36 PM] Received response 'textDocument/codeAction - (25)' in 13ms.
2025-02-20 19:00:36.576 [info] [Trace - 7:00:36 PM] Sending notification 'textDocument/didChange'.
2025-02-20 19:00:36.638 [info] [Trace - 7:00:36 PM] Sending notification 'textDocument/didChange'.
2025-02-20 19:00:36.745 [info] [Trace - 7:00:36 PM] Sending notification 'textDocument/didChange'.
2025-02-20 19:00:36.893 [info] [Trace - 7:00:36 PM] Sending notification 'textDocument/didChange'.
2025-02-20 19:00:37.167 [info] [Trace - 7:00:37 PM] Sending request 'textDocument/codeAction - (26)'.
2025-02-20 19:00:37.183 [info] [Trace - 7:00:37 PM] Sending notification 'textDocument/didChange'.
2025-02-20 19:00:37.183 [info] [Trace - 7:00:37 PM] Sending notification '$/cancelRequest'.
2025-02-20 19:00:37.196 [info] [Trace - 7:00:37 PM] Received response 'textDocument/codeAction - (26)' in 29ms.
2025-02-20 19:00:37.295 [info] [Trace - 7:00:37 PM] Sending notification 'textDocument/didChange'.
2025-02-20 19:00:37.396 [info] [Trace - 7:00:37 PM] Sending notification 'textDocument/didChange'.
2025-02-20 19:00:37.527 [info] [Trace - 7:00:37 PM] Sending notification 'textDocument/didChange'.
2025-02-20 19:00:37.618 [info] [Trace - 7:00:37 PM] Sending notification 'textDocument/didChange'.
2025-02-20 19:00:37.727 [info] [Trace - 7:00:37 PM] Sending notification 'textDocument/didChange'.
2025-02-20 19:00:37.793 [info] [Trace - 7:00:37 PM] Sending notification 'textDocument/didChange'.
2025-02-20 19:00:37.969 [info] [Trace - 7:00:37 PM] Sending notification 'textDocument/didChange'.
2025-02-20 19:00:38.006 [info] [Trace - 7:00:38 PM] Sending notification 'textDocument/didChange'.
2025-02-20 19:00:38.272 [info] [Trace - 7:00:38 PM] Sending request 'textDocument/codeAction - (27)'.
2025-02-20 19:00:38.279 [info] [Trace - 7:00:38 PM] Received response 'textDocument/codeAction - (27)' in 7ms.
2025-02-20 19:00:38.581 [info] [Trace - 7:00:38 PM] Sending request 'textDocument/codeAction - (28)'.
2025-02-20 19:00:38.585 [info] [Trace - 7:00:38 PM] Received response 'textDocument/codeAction - (28)' in 4ms.
2025-02-20 19:00:38.670 [info] [Trace - 7:00:38 PM] Sending notification 'textDocument/didChange'.
2025-02-20 19:00:39.913 [info] [Trace - 7:00:39 PM] Sending notification 'textDocument/didChange'.
2025-02-20 19:00:40.197 [info] [Trace - 7:00:40 PM] Sending request 'textDocument/codeAction - (29)'.
2025-02-20 19:00:40.202 [info] [Trace - 7:00:40 PM] Received response 'textDocument/codeAction - (29)' in 5ms.
2025-02-20 19:00:40.458 [info] [Trace - 7:00:40 PM] Sending request 'textDocument/codeAction - (30)'.
2025-02-20 19:00:40.465 [info] [Trace - 7:00:40 PM] Received response 'textDocument/codeAction - (30)' in 7ms.
2025-02-20 19:00:40.495 [info] [Trace - 7:00:40 PM] Sending notification 'textDocument/didChange'.
2025-02-20 19:00:41.227 [info] [Trace - 7:00:41 PM] Sending notification 'textDocument/didChange'.
2025-02-20 19:00:41.288 [info] [Trace - 7:00:41 PM] Sending notification 'textDocument/didChange'.
2025-02-20 19:00:41.556 [info] [Trace - 7:00:41 PM] Sending request 'textDocument/codeAction - (31)'.
2025-02-20 19:00:41.569 [info] [Trace - 7:00:41 PM] Received response 'textDocument/codeAction - (31)' in 13ms.
2025-02-20 19:00:41.587 [info] [Trace - 7:00:41 PM] Sending notification 'textDocument/didChange'.
2025-02-20 19:00:41.850 [info] [Trace - 7:00:41 PM] Sending request 'textDocument/codeAction - (32)'.
2025-02-20 19:00:41.854 [info] [Trace - 7:00:41 PM] Received response 'textDocument/codeAction - (32)' in 4ms.
2025-02-20 19:00:42.134 [info] [Trace - 7:00:42 PM] Sending notification 'textDocument/didChange'.
2025-02-20 19:00:42.674 [info] [Trace - 7:00:42 PM] Sending request 'textDocument/codeAction - (33)'.
2025-02-20 19:00:42.679 [info] [Trace - 7:00:42 PM] Received response 'textDocument/codeAction - (33)' in 5ms.
2025-02-20 19:00:43.153 [info] [Trace - 7:00:43 PM] Sending notification 'textDocument/didSave'.
2025-02-20 19:00:43.178 [info] [Trace - 7:00:43 PM] Received notification 'textDocument/publishDiagnostics'.
