2025-03-24 20:44:43.020 [info] Reading sessions from keychain...
2025-03-24 20:44:43.020 [info] Getting sessions for all scopes...
2025-03-24 20:44:43.020 [info] Getting sessions for all scopes...
2025-03-24 20:44:43.020 [info] Getting sessions for all scopes...
2025-03-24 20:44:43.020 [info] Getting sessions for all scopes...
2025-03-24 20:44:43.020 [info] Getting sessions for all scopes...
2025-03-24 20:44:43.020 [info] Getting sessions for all scopes...
2025-03-24 20:44:43.020 [info] Getting sessions for all scopes...
2025-03-24 20:44:43.034 [info] Got 0 sessions for ...
2025-03-24 20:44:43.034 [info] Got 0 sessions for ...
2025-03-24 20:44:43.034 [info] Got 0 sessions for ...
2025-03-24 20:44:43.034 [info] Got 0 sessions for ...
2025-03-24 20:44:43.034 [info] Got 0 sessions for ...
2025-03-24 20:44:43.034 [info] Got 0 sessions for ...
2025-03-24 20:44:43.034 [info] Got 0 sessions for ...
2025-03-24 20:44:43.077 [info] Getting sessions for all scopes...
2025-03-24 20:44:43.077 [info] Got 0 sessions for ...
2025-03-24 20:44:43.146 [info] Getting sessions for user:email...
2025-03-24 20:44:43.146 [info] Got 0 sessions for user:email...
2025-03-24 20:44:44.346 [info] Getting sessions for read:user,repo,user:email...
2025-03-24 20:44:44.346 [info] Got 0 sessions for read:user,repo,user:email...
2025-03-24 20:44:44.346 [info] Getting sessions for project,read:org,read:user,repo,user:email,workflow...
2025-03-24 20:44:44.346 [info] Got 0 sessions for project,read:org,read:user,repo,user:email,workflow...
2025-03-24 20:44:44.385 [info] Getting sessions for read:user,repo,user:email,workflow...
2025-03-24 20:44:44.385 [info] Got 0 sessions for read:user,repo,user:email,workflow...
2025-03-24 20:44:44.401 [info] Getting sessions for read:user,repo,user:email...
2025-03-24 20:44:44.401 [info] Got 0 sessions for read:user,repo,user:email...
2025-03-24 20:44:44.402 [info] Getting sessions for read:user,repo,user:email,workflow...
2025-03-24 20:44:44.402 [info] Got 0 sessions for read:user,repo,user:email,workflow...
2025-03-24 20:44:44.801 [info] Getting sessions for all scopes...
2025-03-24 20:44:44.801 [info] Got 0 sessions for ...
