2025-01-27 09:37:34.424 [info] Reading sessions from keychain...
2025-01-27 09:37:34.424 [info] Getting sessions for all scopes...
2025-01-27 09:37:34.424 [info] Getting sessions for all scopes...
2025-01-27 09:37:34.424 [info] Got stored sessions!
2025-01-27 09:37:34.424 [info] Got 1 verified sessions.
2025-01-27 09:37:34.424 [info] Got 1 sessions for ...
2025-01-27 09:37:34.424 [info] Got 1 sessions for ...
2025-01-27 09:37:34.424 [info] Getting sessions for all scopes...
2025-01-27 09:37:34.424 [info] Got 1 sessions for ...
2025-01-27 09:37:34.424 [info] Getting sessions for all scopes...
2025-01-27 09:37:34.424 [info] Got 1 sessions for ...
2025-01-27 09:37:34.424 [info] Getting sessions for all scopes...
2025-01-27 09:37:34.424 [info] Got 1 sessions for ...
2025-01-27 09:37:34.424 [info] Getting sessions for all scopes...
2025-01-27 09:37:34.424 [info] Got 1 sessions for ...
2025-01-27 09:37:34.424 [info] Getting sessions for all scopes...
2025-01-27 09:37:34.424 [info] Got 1 sessions for ...
2025-01-27 09:37:34.487 [info] Getting sessions for read:user,repo,user:email...
2025-01-27 09:37:34.487 [info] Got 0 sessions for read:user,repo,user:email...
2025-01-27 09:37:34.487 [info] Getting sessions for read:user,repo,user:email,workflow...
2025-01-27 09:37:34.487 [info] Got 1 sessions for read:user,repo,user:email,workflow...
2025-01-27 09:37:34.487 [info] Getting sessions for all scopes...
2025-01-27 09:37:34.487 [info] Got 1 sessions for ...
2025-01-27 09:37:34.487 [info] Getting sessions for all scopes...
2025-01-27 09:37:34.487 [info] Got 1 sessions for ...
2025-01-27 09:37:34.526 [info] Getting sessions for read:user,repo,user:email,workflow...
2025-01-27 09:37:34.526 [info] Got 1 sessions for read:user,repo,user:email,workflow...
2025-01-27 09:37:34.591 [info] Getting sessions for all scopes...
2025-01-27 09:37:34.591 [info] Got 1 sessions for ...
2025-01-27 09:37:35.379 [info] Getting sessions for all scopes...
2025-01-27 09:37:35.379 [info] Got 1 sessions for ...
2025-01-27 09:37:35.405 [info] Getting sessions for read:user,repo,user:email,workflow...
2025-01-27 09:37:35.405 [info] Got 1 sessions for read:user,repo,user:email,workflow...
2025-01-27 09:37:35.405 [info] Getting sessions for read:user,repo,user:email,workflow...
2025-01-27 09:37:35.405 [info] Got 1 sessions for read:user,repo,user:email,workflow...
2025-01-27 09:37:35.458 [info] Getting sessions for all scopes...
2025-01-27 09:37:35.458 [info] Got 1 sessions for ...
2025-01-27 09:37:35.495 [info] Getting sessions for read:user,repo,user:email,workflow...
2025-01-27 09:37:35.495 [info] Got 1 sessions for read:user,repo,user:email,workflow...
2025-01-27 09:37:36.796 [info] Getting sessions for all scopes...
2025-01-27 09:37:36.796 [info] Got 1 sessions for ...
2025-01-27 09:37:36.815 [info] Getting sessions for all scopes...
2025-01-27 09:37:36.815 [info] Got 1 sessions for ...
2025-01-27 09:37:36.815 [info] Getting sessions for read:user,repo,user:email,workflow...
2025-01-27 09:37:36.815 [info] Got 1 sessions for read:user,repo,user:email,workflow...
2025-01-27 09:37:37.166 [info] Getting sessions for read:user,repo,user:email,workflow...
2025-01-27 09:37:37.166 [info] Got 1 sessions for read:user,repo,user:email,workflow...
2025-01-27 09:37:38.293 [info] Getting sessions for all scopes...
2025-01-27 09:37:38.293 [info] Got 1 sessions for ...
2025-01-27 09:37:38.293 [info] Getting sessions for all scopes...
2025-01-27 09:37:38.293 [info] Got 1 sessions for ...
2025-01-27 09:37:38.309 [info] Getting sessions for read:user,repo,user:email,workflow...
2025-01-27 09:37:38.309 [info] Got 1 sessions for read:user,repo,user:email,workflow...
2025-01-27 09:37:38.311 [info] Getting sessions for all scopes...
2025-01-27 09:37:38.311 [info] Got 1 sessions for ...
2025-01-27 09:37:38.312 [info] Getting sessions for read:user,repo,user:email,workflow...
2025-01-27 09:37:38.312 [info] Got 1 sessions for read:user,repo,user:email,workflow...
2025-01-27 09:37:38.360 [info] Getting sessions for all scopes...
2025-01-27 09:37:38.360 [info] Got 1 sessions for ...
2025-01-27 09:37:38.363 [info] Getting sessions for read:user,repo,user:email,workflow...
2025-01-27 09:37:38.363 [info] Got 1 sessions for read:user,repo,user:email,workflow...
2025-01-27 09:37:39.473 [info] Getting sessions for all scopes...
2025-01-27 09:37:39.473 [info] Got 1 sessions for ...
2025-01-27 09:37:39.476 [info] Getting sessions for read:user,repo,user:email,workflow...
2025-01-27 09:37:39.476 [info] Got 1 sessions for read:user,repo,user:email,workflow...
2025-01-27 09:37:41.117 [info] Getting sessions for read:user,repo,user:email,workflow...
2025-01-27 09:37:41.117 [info] Got 1 sessions for read:user,repo,user:email,workflow...
2025-01-27 09:52:39.483 [info] Getting sessions for all scopes...
2025-01-27 09:52:39.484 [info] Got 1 sessions for ...
2025-01-27 09:52:39.485 [info] Getting sessions for read:user,repo,user:email,workflow...
2025-01-27 09:52:39.486 [info] Got 1 sessions for read:user,repo,user:email,workflow...
2025-01-27 09:52:39.488 [info] Getting sessions for all scopes...
2025-01-27 09:52:39.488 [info] Got 1 sessions for ...
2025-01-27 09:52:39.493 [info] Getting sessions for read:user,repo,user:email,workflow...
2025-01-27 09:52:39.493 [info] Got 1 sessions for read:user,repo,user:email,workflow...
2025-01-27 10:59:37.161 [info] Getting sessions for read:user,repo,user:email,workflow...
2025-01-27 10:59:37.162 [info] Got 1 sessions for read:user,repo,user:email,workflow...
2025-01-27 10:59:38.256 [info] Getting sessions for all scopes...
2025-01-27 10:59:38.256 [info] Got 1 sessions for ...
2025-01-27 10:59:38.256 [info] Getting sessions for read:user,repo,user:email,workflow...
2025-01-27 10:59:38.256 [info] Got 1 sessions for read:user,repo,user:email,workflow...
2025-01-27 10:59:38.270 [info] Getting sessions for all scopes...
2025-01-27 10:59:38.271 [info] Got 1 sessions for ...
2025-01-27 10:59:38.271 [info] Getting sessions for all scopes...
2025-01-27 10:59:38.271 [info] Got 1 sessions for ...
2025-01-27 10:59:38.271 [info] Getting sessions for read:user,repo,user:email,workflow...
2025-01-27 10:59:38.271 [info] Got 1 sessions for read:user,repo,user:email,workflow...
2025-01-27 10:59:38.272 [info] Getting sessions for all scopes...
2025-01-27 10:59:38.272 [info] Got 1 sessions for ...
2025-01-27 10:59:38.272 [info] Getting sessions for read:user,repo,user:email,workflow...
2025-01-27 10:59:38.272 [info] Got 1 sessions for read:user,repo,user:email,workflow...
2025-01-27 10:59:38.273 [info] Getting sessions for all scopes...
2025-01-27 10:59:38.273 [info] Got 1 sessions for ...
2025-01-27 10:59:38.274 [info] Getting sessions for read:user,repo,user:email,workflow...
2025-01-27 10:59:38.274 [info] Got 1 sessions for read:user,repo,user:email,workflow...
2025-01-27 10:59:38.324 [info] Getting sessions for all scopes...
2025-01-27 10:59:38.324 [info] Got 1 sessions for ...
2025-01-27 10:59:38.326 [info] Getting sessions for read:user,repo,user:email,workflow...
2025-01-27 10:59:38.326 [info] Got 1 sessions for read:user,repo,user:email,workflow...
2025-01-27 10:59:38.327 [info] Getting sessions for all scopes...
2025-01-27 10:59:38.327 [info] Got 1 sessions for ...
2025-01-27 10:59:38.327 [info] Getting sessions for read:user,repo,user:email,workflow...
2025-01-27 10:59:38.327 [info] Got 1 sessions for read:user,repo,user:email,workflow...
2025-01-27 11:08:15.166 [info] Getting sessions for all scopes...
2025-01-27 11:08:15.166 [info] Got 1 sessions for ...
2025-01-27 11:08:15.169 [info] Getting sessions for read:user,repo,user:email,workflow...
2025-01-27 11:08:15.169 [info] Got 1 sessions for read:user,repo,user:email,workflow...
2025-01-27 11:08:15.171 [info] Getting sessions for all scopes...
2025-01-27 11:08:15.171 [info] Got 1 sessions for ...
2025-01-27 11:08:15.173 [info] Getting sessions for read:user,repo,user:email,workflow...
2025-01-27 11:08:15.173 [info] Got 1 sessions for read:user,repo,user:email,workflow...
2025-01-27 11:08:16.387 [info] Getting sessions for all scopes...
2025-01-27 11:08:16.387 [info] Got 1 sessions for ...
2025-01-27 11:08:16.387 [info] Getting sessions for all scopes...
2025-01-27 11:08:16.387 [info] Got 1 sessions for ...
2025-01-27 11:08:16.388 [info] Getting sessions for read:user,repo,user:email,workflow...
2025-01-27 11:08:16.388 [info] Got 1 sessions for read:user,repo,user:email,workflow...
2025-01-27 11:08:16.388 [info] Getting sessions for all scopes...
2025-01-27 11:08:16.388 [info] Got 1 sessions for ...
2025-01-27 11:08:16.389 [info] Getting sessions for read:user,repo,user:email,workflow...
2025-01-27 11:08:16.389 [info] Got 1 sessions for read:user,repo,user:email,workflow...
2025-01-27 11:08:16.451 [info] Getting sessions for all scopes...
2025-01-27 11:08:16.452 [info] Got 1 sessions for ...
2025-01-27 11:08:16.457 [info] Getting sessions for read:user,repo,user:email,workflow...
2025-01-27 11:08:16.457 [info] Got 1 sessions for read:user,repo,user:email,workflow...
2025-01-27 11:08:16.459 [info] Getting sessions for all scopes...
2025-01-27 11:08:16.459 [info] Got 1 sessions for ...
2025-01-27 11:08:16.460 [info] Getting sessions for read:user,repo,user:email,workflow...
2025-01-27 11:08:16.460 [info] Got 1 sessions for read:user,repo,user:email,workflow...
2025-01-27 11:08:19.790 [info] Getting sessions for read:user,repo,user:email,workflow...
2025-01-27 11:08:19.790 [info] Got 1 sessions for read:user,repo,user:email,workflow...
2025-01-27 11:08:19.909 [info] Getting sessions for read:user,repo,user:email,workflow...
2025-01-27 11:08:19.909 [info] Got 1 sessions for read:user,repo,user:email,workflow...
2025-01-27 11:08:20.406 [info] Getting sessions for read:user,repo,user:email,workflow...
2025-01-27 11:08:20.406 [info] Got 1 sessions for read:user,repo,user:email,workflow...
2025-01-27 12:07:17.364 [info] Getting sessions for all scopes...
2025-01-27 12:07:17.365 [info] Got 1 sessions for ...
2025-01-27 12:07:17.366 [info] Getting sessions for read:user,repo,user:email,workflow...
2025-01-27 12:07:17.366 [info] Got 1 sessions for read:user,repo,user:email,workflow...
2025-01-27 12:07:17.367 [info] Getting sessions for all scopes...
2025-01-27 12:07:17.367 [info] Got 1 sessions for ...
2025-01-27 12:07:17.368 [info] Getting sessions for read:user,repo,user:email,workflow...
2025-01-27 12:07:17.368 [info] Got 1 sessions for read:user,repo,user:email,workflow...
2025-01-27 12:07:18.339 [info] Getting sessions for all scopes...
2025-01-27 12:07:18.339 [info] Got 1 sessions for ...
2025-01-27 12:07:18.339 [info] Getting sessions for all scopes...
2025-01-27 12:07:18.339 [info] Got 1 sessions for ...
2025-01-27 12:07:18.340 [info] Getting sessions for read:user,repo,user:email,workflow...
2025-01-27 12:07:18.340 [info] Got 1 sessions for read:user,repo,user:email,workflow...
2025-01-27 12:07:18.341 [info] Getting sessions for all scopes...
2025-01-27 12:07:18.341 [info] Got 1 sessions for ...
2025-01-27 12:07:18.341 [info] Getting sessions for read:user,repo,user:email,workflow...
2025-01-27 12:07:18.341 [info] Got 1 sessions for read:user,repo,user:email,workflow...
2025-01-27 12:07:18.342 [info] Getting sessions for all scopes...
2025-01-27 12:07:18.342 [info] Got 1 sessions for ...
2025-01-27 12:07:18.343 [info] Getting sessions for read:user,repo,user:email,workflow...
2025-01-27 12:07:18.343 [info] Got 1 sessions for read:user,repo,user:email,workflow...
2025-01-27 12:09:33.880 [info] Reading sessions from keychain...
2025-01-27 12:09:33.880 [info] Getting sessions for all scopes...
2025-01-27 12:09:33.880 [info] Getting sessions for all scopes...
2025-01-27 12:09:33.880 [info] Getting sessions for all scopes...
2025-01-27 12:09:33.880 [info] Getting sessions for all scopes...
2025-01-27 12:09:33.880 [info] Getting sessions for all scopes...
2025-01-27 12:09:33.880 [info] Getting sessions for all scopes...
2025-01-27 12:09:33.880 [info] Getting sessions for all scopes...
2025-01-27 12:09:33.880 [info] Getting sessions for all scopes...
2025-01-27 12:09:33.907 [info] Got stored sessions!
2025-01-27 12:09:33.907 [info] Got 1 verified sessions.
2025-01-27 12:09:33.907 [info] Got 1 sessions for ...
2025-01-27 12:09:33.907 [info] Got 1 sessions for ...
2025-01-27 12:09:33.907 [info] Got 1 sessions for ...
2025-01-27 12:09:33.907 [info] Got 1 sessions for ...
2025-01-27 12:09:33.907 [info] Got 1 sessions for ...
2025-01-27 12:09:33.907 [info] Got 1 sessions for ...
2025-01-27 12:09:33.907 [info] Got 1 sessions for ...
2025-01-27 12:09:33.907 [info] Got 1 sessions for ...
2025-01-27 12:09:35.402 [info] Getting sessions for read:user,repo,user:email...
2025-01-27 12:09:35.402 [info] Got 0 sessions for read:user,repo,user:email...
2025-01-27 12:09:35.423 [info] Getting sessions for read:user,repo,user:email,workflow...
2025-01-27 12:09:35.423 [info] Got 1 sessions for read:user,repo,user:email,workflow...
2025-01-27 12:09:35.424 [info] Getting sessions for all scopes...
2025-01-27 12:09:35.424 [info] Got 1 sessions for ...
2025-01-27 12:09:35.424 [info] Getting sessions for all scopes...
2025-01-27 12:09:35.424 [info] Got 1 sessions for ...
2025-01-27 12:09:35.481 [info] Getting sessions for read:user,repo,user:email,workflow...
2025-01-27 12:09:35.481 [info] Got 1 sessions for read:user,repo,user:email,workflow...
2025-01-27 12:09:35.508 [info] Getting sessions for read:user,repo,user:email,workflow...
2025-01-27 12:09:35.508 [info] Got 1 sessions for read:user,repo,user:email,workflow...
2025-01-27 12:09:36.273 [info] Getting sessions for all scopes...
2025-01-27 12:09:36.273 [info] Got 1 sessions for ...
2025-01-27 12:09:36.293 [info] Getting sessions for all scopes...
2025-01-27 12:09:36.293 [info] Got 1 sessions for ...
2025-01-27 12:09:36.334 [info] Getting sessions for read:user,repo,user:email,workflow...
2025-01-27 12:09:36.334 [info] Got 1 sessions for read:user,repo,user:email,workflow...
2025-01-27 12:09:36.337 [info] Getting sessions for all scopes...
2025-01-27 12:09:36.337 [info] Got 1 sessions for ...
2025-01-27 12:09:36.337 [info] Getting sessions for read:user,repo,user:email,workflow...
2025-01-27 12:09:36.337 [info] Got 1 sessions for read:user,repo,user:email,workflow...
2025-01-27 12:09:36.645 [info] Getting sessions for all scopes...
2025-01-27 12:09:36.645 [info] Got 1 sessions for ...
2025-01-27 12:09:36.662 [info] Getting sessions for read:user,repo,user:email,workflow...
2025-01-27 12:09:36.662 [info] Got 1 sessions for read:user,repo,user:email,workflow...
2025-01-27 12:09:36.673 [info] Getting sessions for all scopes...
2025-01-27 12:09:36.673 [info] Got 1 sessions for ...
2025-01-27 12:09:36.674 [info] Getting sessions for read:user,repo,user:email,workflow...
2025-01-27 12:09:36.674 [info] Got 1 sessions for read:user,repo,user:email,workflow...
2025-01-27 12:09:36.983 [info] Getting sessions for read:user,repo,user:email,workflow...
2025-01-27 12:09:36.983 [info] Got 1 sessions for read:user,repo,user:email,workflow...
2025-01-27 12:09:37.076 [info] Getting sessions for read:user,repo,user:email,workflow...
2025-01-27 12:09:37.076 [info] Got 1 sessions for read:user,repo,user:email,workflow...
2025-01-27 12:09:37.489 [info] Getting sessions for all scopes...
2025-01-27 12:09:37.489 [info] Got 1 sessions for ...
2025-01-27 12:09:37.489 [info] Getting sessions for all scopes...
2025-01-27 12:09:37.489 [info] Got 1 sessions for ...
2025-01-27 12:09:37.496 [info] Getting sessions for read:user,repo,user:email,workflow...
2025-01-27 12:09:37.496 [info] Got 1 sessions for read:user,repo,user:email,workflow...
2025-01-27 12:09:37.497 [info] Getting sessions for all scopes...
2025-01-27 12:09:37.497 [info] Got 1 sessions for ...
2025-01-27 12:09:37.498 [info] Getting sessions for read:user,repo,user:email,workflow...
2025-01-27 12:09:37.498 [info] Got 1 sessions for read:user,repo,user:email,workflow...
2025-01-27 12:09:37.519 [info] Getting sessions for all scopes...
2025-01-27 12:09:37.519 [info] Got 1 sessions for ...
2025-01-27 12:09:37.519 [info] Getting sessions for read:user,repo,user:email,workflow...
2025-01-27 12:09:37.519 [info] Got 1 sessions for read:user,repo,user:email,workflow...
2025-01-27 12:09:37.881 [info] Getting sessions for read:user,repo,user:email,workflow...
2025-01-27 12:09:37.881 [info] Got 1 sessions for read:user,repo,user:email,workflow...
2025-01-27 12:09:38.609 [info] Getting sessions for all scopes...
2025-01-27 12:09:38.609 [info] Got 1 sessions for ...
2025-01-27 12:09:38.610 [info] Getting sessions for read:user,repo,user:email,workflow...
2025-01-27 12:09:38.610 [info] Got 1 sessions for read:user,repo,user:email,workflow...
2025-01-27 12:09:50.176 [info] Reading sessions from keychain...
2025-01-27 12:09:50.176 [info] Getting sessions for all scopes...
2025-01-27 12:09:50.176 [info] Getting sessions for all scopes...
2025-01-27 12:09:50.176 [info] Getting sessions for all scopes...
2025-01-27 12:09:50.176 [info] Getting sessions for all scopes...
2025-01-27 12:09:50.176 [info] Getting sessions for all scopes...
2025-01-27 12:09:50.176 [info] Getting sessions for all scopes...
2025-01-27 12:09:50.176 [info] Getting sessions for all scopes...
2025-01-27 12:09:50.394 [info] Got stored sessions!
2025-01-27 12:09:50.394 [info] Got 1 verified sessions.
2025-01-27 12:09:50.394 [info] Got 1 sessions for ...
2025-01-27 12:09:50.394 [info] Got 1 sessions for ...
2025-01-27 12:09:50.394 [info] Got 1 sessions for ...
2025-01-27 12:09:50.394 [info] Got 1 sessions for ...
2025-01-27 12:09:50.394 [info] Got 1 sessions for ...
2025-01-27 12:09:50.394 [info] Got 1 sessions for ...
2025-01-27 12:09:50.394 [info] Got 1 sessions for ...
2025-01-27 12:09:51.957 [info] Getting sessions for read:user,repo,user:email...
2025-01-27 12:09:51.957 [info] Got 0 sessions for read:user,repo,user:email...
2025-01-27 12:09:51.957 [info] Getting sessions for read:user,repo,user:email,workflow...
2025-01-27 12:09:51.957 [info] Got 1 sessions for read:user,repo,user:email,workflow...
2025-01-27 12:09:51.957 [info] Getting sessions for all scopes...
2025-01-27 12:09:51.957 [info] Got 1 sessions for ...
2025-01-27 12:09:51.957 [info] Getting sessions for all scopes...
2025-01-27 12:09:51.957 [info] Got 1 sessions for ...
2025-01-27 12:09:51.994 [info] Getting sessions for read:user,repo,user:email,workflow...
2025-01-27 12:09:51.994 [info] Got 1 sessions for read:user,repo,user:email,workflow...
2025-01-27 12:09:52.233 [info] Getting sessions for all scopes...
2025-01-27 12:09:52.233 [info] Got 1 sessions for ...
2025-01-27 12:09:52.283 [info] Getting sessions for read:user,repo,user:email,workflow...
2025-01-27 12:09:52.283 [info] Got 1 sessions for read:user,repo,user:email,workflow...
2025-01-27 12:09:53.196 [info] Getting sessions for all scopes...
2025-01-27 12:09:53.196 [info] Got 1 sessions for ...
2025-01-27 12:09:53.265 [info] Getting sessions for read:user,repo,user:email,workflow...
2025-01-27 12:09:53.265 [info] Got 1 sessions for read:user,repo,user:email,workflow...
2025-01-27 12:09:53.291 [info] Getting sessions for all scopes...
2025-01-27 12:09:53.292 [info] Got 1 sessions for ...
2025-01-27 12:09:53.297 [info] Getting sessions for read:user,repo,user:email,workflow...
2025-01-27 12:09:53.297 [info] Got 1 sessions for read:user,repo,user:email,workflow...
2025-01-27 12:09:53.306 [info] Getting sessions for all scopes...
2025-01-27 12:09:53.306 [info] Got 1 sessions for ...
2025-01-27 12:09:53.309 [info] Getting sessions for read:user,repo,user:email,workflow...
2025-01-27 12:09:53.309 [info] Got 1 sessions for read:user,repo,user:email,workflow...
2025-01-27 12:09:53.788 [info] Getting sessions for read:user,repo,user:email,workflow...
2025-01-27 12:09:53.788 [info] Got 1 sessions for read:user,repo,user:email,workflow...
2025-01-27 12:09:54.712 [info] Getting sessions for all scopes...
2025-01-27 12:09:54.712 [info] Got 1 sessions for ...
2025-01-27 12:09:54.712 [info] Getting sessions for all scopes...
2025-01-27 12:09:54.712 [info] Got 1 sessions for ...
2025-01-27 12:09:54.729 [info] Getting sessions for read:user,repo,user:email,workflow...
2025-01-27 12:09:54.729 [info] Got 1 sessions for read:user,repo,user:email,workflow...
2025-01-27 12:09:54.731 [info] Getting sessions for all scopes...
2025-01-27 12:09:54.731 [info] Got 1 sessions for ...
2025-01-27 12:09:54.732 [info] Getting sessions for read:user,repo,user:email,workflow...
2025-01-27 12:09:54.732 [info] Got 1 sessions for read:user,repo,user:email,workflow...
2025-01-27 12:09:54.791 [info] Getting sessions for all scopes...
2025-01-27 12:09:54.791 [info] Got 1 sessions for ...
2025-01-27 12:09:54.794 [info] Getting sessions for read:user,repo,user:email,workflow...
2025-01-27 12:09:54.794 [info] Got 1 sessions for read:user,repo,user:email,workflow...
2025-01-27 12:09:55.317 [info] Getting sessions for all scopes...
2025-01-27 12:09:55.317 [info] Got 1 sessions for ...
2025-01-27 12:09:55.320 [info] Getting sessions for read:user,repo,user:email,workflow...
2025-01-27 12:09:55.320 [info] Got 1 sessions for read:user,repo,user:email,workflow...
2025-01-27 12:09:55.383 [info] Getting sessions for read:user,repo,user:email,workflow...
2025-01-27 12:09:55.383 [info] Got 1 sessions for read:user,repo,user:email,workflow...
2025-01-27 12:17:02.636 [info] Reading sessions from keychain...
2025-01-27 12:17:02.636 [info] Getting sessions for all scopes...
2025-01-27 12:17:02.636 [info] Getting sessions for all scopes...
2025-01-27 12:17:02.636 [info] Getting sessions for all scopes...
2025-01-27 12:17:02.636 [info] Getting sessions for all scopes...
2025-01-27 12:17:02.636 [info] Getting sessions for all scopes...
2025-01-27 12:17:02.636 [info] Getting sessions for all scopes...
2025-01-27 12:17:02.636 [info] Getting sessions for all scopes...
2025-01-27 12:17:02.636 [info] Got stored sessions!
2025-01-27 12:17:02.636 [info] Got 1 verified sessions.
2025-01-27 12:17:02.636 [info] Got 1 sessions for ...
2025-01-27 12:17:02.636 [info] Got 1 sessions for ...
2025-01-27 12:17:02.636 [info] Got 1 sessions for ...
2025-01-27 12:17:02.636 [info] Got 1 sessions for ...
2025-01-27 12:17:02.636 [info] Got 1 sessions for ...
2025-01-27 12:17:02.636 [info] Got 1 sessions for ...
2025-01-27 12:17:02.636 [info] Got 1 sessions for ...
2025-01-27 12:17:02.636 [info] Getting sessions for all scopes...
2025-01-27 12:17:02.636 [info] Got 1 sessions for ...
2025-01-27 12:17:04.046 [info] Getting sessions for read:user,repo,user:email...
2025-01-27 12:17:04.046 [info] Got 0 sessions for read:user,repo,user:email...
2025-01-27 12:17:04.046 [info] Getting sessions for read:user,repo,user:email,workflow...
2025-01-27 12:17:04.046 [info] Got 1 sessions for read:user,repo,user:email,workflow...
2025-01-27 12:17:04.046 [info] Getting sessions for all scopes...
2025-01-27 12:17:04.046 [info] Got 1 sessions for ...
2025-01-27 12:17:04.046 [info] Getting sessions for all scopes...
2025-01-27 12:17:04.046 [info] Got 1 sessions for ...
2025-01-27 12:17:04.090 [info] Getting sessions for all scopes...
2025-01-27 12:17:04.090 [info] Got 1 sessions for ...
2025-01-27 12:17:04.174 [info] Getting sessions for read:user,repo,user:email,workflow...
2025-01-27 12:17:04.174 [info] Got 1 sessions for read:user,repo,user:email,workflow...
2025-01-27 12:17:04.992 [info] Getting sessions for read:user,repo,user:email,workflow...
2025-01-27 12:17:04.992 [info] Got 1 sessions for read:user,repo,user:email,workflow...
2025-01-27 12:17:05.031 [info] Getting sessions for all scopes...
2025-01-27 12:17:05.031 [info] Got 1 sessions for ...
2025-01-27 12:17:05.081 [info] Getting sessions for read:user,repo,user:email,workflow...
2025-01-27 12:17:05.081 [info] Got 1 sessions for read:user,repo,user:email,workflow...
2025-01-27 12:17:05.102 [info] Getting sessions for all scopes...
2025-01-27 12:17:05.102 [info] Got 1 sessions for ...
2025-01-27 12:17:05.286 [info] Getting sessions for read:user,repo,user:email,workflow...
2025-01-27 12:17:05.286 [info] Got 1 sessions for read:user,repo,user:email,workflow...
2025-01-27 12:17:05.327 [info] Getting sessions for all scopes...
2025-01-27 12:17:05.327 [info] Got 1 sessions for ...
2025-01-27 12:17:05.332 [info] Getting sessions for read:user,repo,user:email,workflow...
2025-01-27 12:17:05.332 [info] Got 1 sessions for read:user,repo,user:email,workflow...
2025-01-27 12:17:05.510 [info] Getting sessions for read:user,repo,user:email,workflow...
2025-01-27 12:17:05.510 [info] Got 1 sessions for read:user,repo,user:email,workflow...
2025-01-27 12:17:05.799 [info] Getting sessions for read:user,repo,user:email,workflow...
2025-01-27 12:17:05.799 [info] Got 1 sessions for read:user,repo,user:email,workflow...
2025-01-27 12:17:06.240 [info] Getting sessions for all scopes...
2025-01-27 12:17:06.240 [info] Got 1 sessions for ...
2025-01-27 12:17:06.240 [info] Getting sessions for all scopes...
2025-01-27 12:17:06.240 [info] Got 1 sessions for ...
2025-01-27 12:17:06.252 [info] Getting sessions for read:user,repo,user:email,workflow...
2025-01-27 12:17:06.252 [info] Got 1 sessions for read:user,repo,user:email,workflow...
2025-01-27 12:17:06.253 [info] Getting sessions for all scopes...
2025-01-27 12:17:06.253 [info] Got 1 sessions for ...
2025-01-27 12:17:06.254 [info] Getting sessions for read:user,repo,user:email,workflow...
2025-01-27 12:17:06.254 [info] Got 1 sessions for read:user,repo,user:email,workflow...
2025-01-27 12:17:06.306 [info] Getting sessions for all scopes...
2025-01-27 12:17:06.306 [info] Got 1 sessions for ...
2025-01-27 12:17:06.310 [info] Getting sessions for read:user,repo,user:email,workflow...
2025-01-27 12:17:06.310 [info] Got 1 sessions for read:user,repo,user:email,workflow...
2025-01-27 12:17:06.507 [info] Getting sessions for read:user,repo,user:email,workflow...
2025-01-27 12:17:06.507 [info] Got 1 sessions for read:user,repo,user:email,workflow...
2025-01-27 12:17:07.377 [info] Getting sessions for all scopes...
2025-01-27 12:17:07.377 [info] Got 1 sessions for ...
2025-01-27 12:17:07.380 [info] Getting sessions for read:user,repo,user:email,workflow...
2025-01-27 12:17:07.380 [info] Got 1 sessions for read:user,repo,user:email,workflow...
2025-01-27 12:17:09.405 [info] Reading sessions from keychain...
2025-01-27 12:17:09.405 [info] Getting sessions for all scopes...
2025-01-27 12:17:09.405 [info] Getting sessions for all scopes...
2025-01-27 12:17:09.405 [info] Getting sessions for all scopes...
2025-01-27 12:17:09.405 [info] Getting sessions for all scopes...
2025-01-27 12:17:09.405 [info] Getting sessions for all scopes...
2025-01-27 12:17:09.405 [info] Getting sessions for all scopes...
2025-01-27 12:17:09.405 [info] Getting sessions for all scopes...
2025-01-27 12:17:09.654 [info] Got stored sessions!
2025-01-27 12:17:09.654 [info] Got 1 verified sessions.
2025-01-27 12:17:09.654 [info] Got 1 sessions for ...
2025-01-27 12:17:09.654 [info] Got 1 sessions for ...
2025-01-27 12:17:09.654 [info] Got 1 sessions for ...
2025-01-27 12:17:09.654 [info] Got 1 sessions for ...
2025-01-27 12:17:09.654 [info] Got 1 sessions for ...
2025-01-27 12:17:09.654 [info] Got 1 sessions for ...
2025-01-27 12:17:09.654 [info] Got 1 sessions for ...
2025-01-27 12:17:09.678 [info] Getting sessions for all scopes...
2025-01-27 12:17:09.678 [info] Got 1 sessions for ...
2025-01-27 12:17:11.392 [info] Getting sessions for read:user,repo,user:email...
2025-01-27 12:17:11.392 [info] Got 0 sessions for read:user,repo,user:email...
2025-01-27 12:17:11.392 [info] Getting sessions for read:user,repo,user:email,workflow...
2025-01-27 12:17:11.392 [info] Got 1 sessions for read:user,repo,user:email,workflow...
2025-01-27 12:17:11.392 [info] Getting sessions for all scopes...
2025-01-27 12:17:11.392 [info] Got 1 sessions for ...
2025-01-27 12:17:11.392 [info] Getting sessions for all scopes...
2025-01-27 12:17:11.392 [info] Got 1 sessions for ...
2025-01-27 12:17:11.393 [info] Getting sessions for all scopes...
2025-01-27 12:17:11.393 [info] Got 1 sessions for ...
2025-01-27 12:17:11.660 [info] Getting sessions for read:user,repo,user:email,workflow...
2025-01-27 12:17:11.660 [info] Got 1 sessions for read:user,repo,user:email,workflow...
2025-01-27 12:17:11.759 [info] Getting sessions for read:user,repo,user:email,workflow...
2025-01-27 12:17:11.759 [info] Got 1 sessions for read:user,repo,user:email,workflow...
2025-01-27 12:17:11.760 [info] Getting sessions for all scopes...
2025-01-27 12:17:11.760 [info] Got 1 sessions for ...
2025-01-27 12:17:12.608 [info] Getting sessions for read:user,repo,user:email,workflow...
2025-01-27 12:17:12.608 [info] Got 1 sessions for read:user,repo,user:email,workflow...
2025-01-27 12:17:12.633 [info] Getting sessions for all scopes...
2025-01-27 12:17:12.633 [info] Got 1 sessions for ...
2025-01-27 12:17:12.636 [info] Getting sessions for read:user,repo,user:email,workflow...
2025-01-27 12:17:12.636 [info] Got 1 sessions for read:user,repo,user:email,workflow...
2025-01-27 12:17:12.725 [info] Getting sessions for all scopes...
2025-01-27 12:17:12.725 [info] Got 1 sessions for ...
2025-01-27 12:17:12.743 [info] Getting sessions for read:user,repo,user:email,workflow...
2025-01-27 12:17:12.743 [info] Got 1 sessions for read:user,repo,user:email,workflow...
2025-01-27 12:17:12.766 [info] Getting sessions for all scopes...
2025-01-27 12:17:12.766 [info] Got 1 sessions for ...
2025-01-27 12:17:12.767 [info] Getting sessions for read:user,repo,user:email,workflow...
2025-01-27 12:17:12.767 [info] Got 1 sessions for read:user,repo,user:email,workflow...
2025-01-27 12:17:13.163 [info] Getting sessions for read:user,repo,user:email,workflow...
2025-01-27 12:17:13.163 [info] Got 1 sessions for read:user,repo,user:email,workflow...
2025-01-27 12:17:13.422 [info] Getting sessions for all scopes...
2025-01-27 12:17:13.422 [info] Got 1 sessions for ...
2025-01-27 12:17:13.422 [info] Getting sessions for all scopes...
2025-01-27 12:17:13.422 [info] Got 1 sessions for ...
2025-01-27 12:17:13.430 [info] Getting sessions for read:user,repo,user:email,workflow...
2025-01-27 12:17:13.430 [info] Got 1 sessions for read:user,repo,user:email,workflow...
2025-01-27 12:17:13.431 [info] Getting sessions for all scopes...
2025-01-27 12:17:13.431 [info] Got 1 sessions for ...
2025-01-27 12:17:13.432 [info] Getting sessions for read:user,repo,user:email,workflow...
2025-01-27 12:17:13.432 [info] Got 1 sessions for read:user,repo,user:email,workflow...
2025-01-27 12:17:13.488 [info] Getting sessions for all scopes...
2025-01-27 12:17:13.488 [info] Got 1 sessions for ...
2025-01-27 12:17:13.495 [info] Getting sessions for read:user,repo,user:email,workflow...
2025-01-27 12:17:13.495 [info] Got 1 sessions for read:user,repo,user:email,workflow...
2025-01-27 12:17:13.984 [info] Getting sessions for all scopes...
2025-01-27 12:17:13.984 [info] Got 1 sessions for ...
2025-01-27 12:17:13.984 [info] Getting sessions for read:user,repo,user:email,workflow...
2025-01-27 12:17:13.984 [info] Got 1 sessions for read:user,repo,user:email,workflow...
2025-01-27 12:17:14.360 [info] Getting sessions for read:user,repo,user:email,workflow...
2025-01-27 12:17:14.360 [info] Got 1 sessions for read:user,repo,user:email,workflow...
2025-01-27 12:19:01.756 [info] Getting sessions for read:user,repo,user:email,workflow...
2025-01-27 12:19:01.756 [info] Got 1 sessions for read:user,repo,user:email,workflow...
2025-01-27 12:19:09.718 [info] Getting sessions for read:user,repo,user:email,workflow...
2025-01-27 12:19:09.718 [info] Got 1 sessions for read:user,repo,user:email,workflow...
2025-01-27 12:19:11.889 [info] Getting sessions for read:user,repo,user:email,workflow...
2025-01-27 12:19:11.889 [info] Got 1 sessions for read:user,repo,user:email,workflow...
2025-01-27 12:19:13.436 [info] Getting sessions for read:user,repo,user:email,workflow...
2025-01-27 12:19:13.436 [info] Got 1 sessions for read:user,repo,user:email,workflow...
2025-01-27 12:32:13.988 [info] Getting sessions for all scopes...
2025-01-27 12:32:13.989 [info] Got 1 sessions for ...
2025-01-27 12:32:13.990 [info] Getting sessions for read:user,repo,user:email,workflow...
2025-01-27 12:32:13.990 [info] Got 1 sessions for read:user,repo,user:email,workflow...
2025-01-27 12:32:13.991 [info] Getting sessions for all scopes...
2025-01-27 12:32:13.991 [info] Got 1 sessions for ...
2025-01-27 12:32:13.991 [info] Getting sessions for read:user,repo,user:email,workflow...
2025-01-27 12:32:13.991 [info] Got 1 sessions for read:user,repo,user:email,workflow...
2025-01-27 12:37:33.822 [info] Reading sessions from keychain...
2025-01-27 12:37:33.822 [info] Getting sessions for all scopes...
2025-01-27 12:37:33.822 [info] Getting sessions for all scopes...
2025-01-27 12:37:33.822 [info] Getting sessions for all scopes...
2025-01-27 12:37:33.822 [info] Getting sessions for all scopes...
2025-01-27 12:37:33.822 [info] Getting sessions for all scopes...
2025-01-27 12:37:33.822 [info] Getting sessions for all scopes...
2025-01-27 12:37:33.822 [info] Getting sessions for all scopes...
2025-01-27 12:37:34.096 [info] Got stored sessions!
2025-01-27 12:37:34.096 [info] Got 1 verified sessions.
2025-01-27 12:37:34.096 [info] Got 1 sessions for ...
2025-01-27 12:37:34.096 [info] Got 1 sessions for ...
2025-01-27 12:37:34.096 [info] Got 1 sessions for ...
2025-01-27 12:37:34.096 [info] Got 1 sessions for ...
2025-01-27 12:37:34.096 [info] Got 1 sessions for ...
2025-01-27 12:37:34.096 [info] Got 1 sessions for ...
2025-01-27 12:37:34.096 [info] Got 1 sessions for ...
2025-01-27 12:37:34.142 [info] Getting sessions for all scopes...
2025-01-27 12:37:34.142 [info] Got 1 sessions for ...
2025-01-27 12:37:35.640 [info] Getting sessions for read:user,repo,user:email...
2025-01-27 12:37:35.640 [info] Got 0 sessions for read:user,repo,user:email...
2025-01-27 12:37:35.640 [info] Getting sessions for read:user,repo,user:email,workflow...
2025-01-27 12:37:35.640 [info] Got 1 sessions for read:user,repo,user:email,workflow...
2025-01-27 12:37:35.640 [info] Getting sessions for all scopes...
2025-01-27 12:37:35.640 [info] Got 1 sessions for ...
2025-01-27 12:37:35.640 [info] Getting sessions for all scopes...
2025-01-27 12:37:35.640 [info] Got 1 sessions for ...
2025-01-27 12:37:35.684 [info] Getting sessions for all scopes...
2025-01-27 12:37:35.684 [info] Got 1 sessions for ...
2025-01-27 12:37:35.920 [info] Getting sessions for read:user,repo,user:email,workflow...
2025-01-27 12:37:35.920 [info] Got 1 sessions for read:user,repo,user:email,workflow...
2025-01-27 12:37:36.758 [info] Getting sessions for read:user,repo,user:email,workflow...
2025-01-27 12:37:36.758 [info] Got 1 sessions for read:user,repo,user:email,workflow...
2025-01-27 12:37:36.771 [info] Getting sessions for all scopes...
2025-01-27 12:37:36.771 [info] Got 1 sessions for ...
2025-01-27 12:37:36.898 [info] Getting sessions for read:user,repo,user:email,workflow...
2025-01-27 12:37:36.898 [info] Got 1 sessions for read:user,repo,user:email,workflow...
2025-01-27 12:37:36.934 [info] Getting sessions for all scopes...
2025-01-27 12:37:36.934 [info] Got 1 sessions for ...
2025-01-27 12:37:36.981 [info] Getting sessions for read:user,repo,user:email,workflow...
2025-01-27 12:37:36.981 [info] Got 1 sessions for read:user,repo,user:email,workflow...
2025-01-27 12:37:36.986 [info] Getting sessions for all scopes...
2025-01-27 12:37:36.986 [info] Got 1 sessions for ...
2025-01-27 12:37:36.993 [info] Getting sessions for read:user,repo,user:email,workflow...
2025-01-27 12:37:36.993 [info] Got 1 sessions for read:user,repo,user:email,workflow...
2025-01-27 12:37:37.391 [info] Getting sessions for read:user,repo,user:email,workflow...
2025-01-27 12:37:37.391 [info] Got 1 sessions for read:user,repo,user:email,workflow...
2025-01-27 12:37:37.421 [info] Getting sessions for read:user,repo,user:email,workflow...
2025-01-27 12:37:37.421 [info] Got 1 sessions for read:user,repo,user:email,workflow...
2025-01-27 12:37:38.009 [info] Getting sessions for all scopes...
2025-01-27 12:37:38.009 [info] Got 1 sessions for ...
2025-01-27 12:37:38.009 [info] Getting sessions for all scopes...
2025-01-27 12:37:38.009 [info] Got 1 sessions for ...
2025-01-27 12:37:38.030 [info] Getting sessions for read:user,repo,user:email,workflow...
2025-01-27 12:37:38.030 [info] Got 1 sessions for read:user,repo,user:email,workflow...
2025-01-27 12:37:38.043 [info] Getting sessions for all scopes...
2025-01-27 12:37:38.043 [info] Got 1 sessions for ...
2025-01-27 12:37:38.045 [info] Getting sessions for read:user,repo,user:email,workflow...
2025-01-27 12:37:38.045 [info] Got 1 sessions for read:user,repo,user:email,workflow...
2025-01-27 12:37:38.113 [info] Getting sessions for all scopes...
2025-01-27 12:37:38.114 [info] Got 1 sessions for ...
2025-01-27 12:37:38.114 [info] Getting sessions for read:user,repo,user:email,workflow...
2025-01-27 12:37:38.114 [info] Got 1 sessions for read:user,repo,user:email,workflow...
2025-01-27 12:37:38.334 [info] Getting sessions for read:user,repo,user:email,workflow...
2025-01-27 12:37:38.334 [info] Got 1 sessions for read:user,repo,user:email,workflow...
2025-01-27 12:37:39.442 [info] Getting sessions for all scopes...
2025-01-27 12:37:39.442 [info] Got 1 sessions for ...
2025-01-27 12:37:39.449 [info] Getting sessions for read:user,repo,user:email,workflow...
2025-01-27 12:37:39.449 [info] Got 1 sessions for read:user,repo,user:email,workflow...
2025-01-27 12:52:39.451 [info] Getting sessions for all scopes...
2025-01-27 12:52:39.452 [info] Got 1 sessions for ...
2025-01-27 12:52:39.453 [info] Getting sessions for read:user,repo,user:email,workflow...
2025-01-27 12:52:39.453 [info] Got 1 sessions for read:user,repo,user:email,workflow...
2025-01-27 12:52:39.454 [info] Getting sessions for all scopes...
2025-01-27 12:52:39.454 [info] Got 1 sessions for ...
2025-01-27 12:52:39.455 [info] Getting sessions for read:user,repo,user:email,workflow...
2025-01-27 12:52:39.455 [info] Got 1 sessions for read:user,repo,user:email,workflow...
2025-01-27 12:58:05.384 [info] Reading sessions from keychain...
2025-01-27 12:58:05.384 [info] Getting sessions for all scopes...
2025-01-27 12:58:05.384 [info] Getting sessions for all scopes...
2025-01-27 12:58:05.384 [info] Getting sessions for all scopes...
2025-01-27 12:58:05.384 [info] Getting sessions for all scopes...
2025-01-27 12:58:05.384 [info] Getting sessions for all scopes...
2025-01-27 12:58:05.384 [info] Getting sessions for all scopes...
2025-01-27 12:58:05.384 [info] Getting sessions for all scopes...
2025-01-27 12:58:05.384 [info] Getting sessions for all scopes...
2025-01-27 12:58:05.384 [info] Got stored sessions!
2025-01-27 12:58:05.384 [info] Got 1 verified sessions.
2025-01-27 12:58:05.384 [info] Got 1 sessions for ...
2025-01-27 12:58:05.384 [info] Got 1 sessions for ...
2025-01-27 12:58:05.384 [info] Got 1 sessions for ...
2025-01-27 12:58:05.384 [info] Got 1 sessions for ...
2025-01-27 12:58:05.384 [info] Got 1 sessions for ...
2025-01-27 12:58:05.384 [info] Got 1 sessions for ...
2025-01-27 12:58:05.384 [info] Got 1 sessions for ...
2025-01-27 12:58:05.384 [info] Got 1 sessions for ...
2025-01-27 12:58:05.384 [info] Getting sessions for all scopes...
2025-01-27 12:58:05.384 [info] Got 1 sessions for ...
2025-01-27 12:58:05.384 [info] Getting sessions for all scopes...
2025-01-27 12:58:05.384 [info] Got 1 sessions for ...
2025-01-27 12:58:05.395 [info] Getting sessions for read:user,repo,user:email,workflow...
2025-01-27 12:58:05.395 [info] Got 1 sessions for read:user,repo,user:email,workflow...
2025-01-27 12:58:05.412 [info] Getting sessions for all scopes...
2025-01-27 12:58:05.412 [info] Got 1 sessions for ...
2025-01-27 12:58:05.689 [info] Getting sessions for read:user,repo,user:email,workflow...
2025-01-27 12:58:05.689 [info] Got 1 sessions for read:user,repo,user:email,workflow...
2025-01-27 12:58:05.968 [info] Getting sessions for all scopes...
2025-01-27 12:58:05.968 [info] Got 1 sessions for ...
2025-01-27 12:58:06.033 [info] Getting sessions for read:user,repo,user:email,workflow...
2025-01-27 12:58:06.033 [info] Got 1 sessions for read:user,repo,user:email,workflow...
2025-01-27 12:58:06.418 [info] Getting sessions for read:user,repo,user:email,workflow...
2025-01-27 12:58:06.418 [info] Got 1 sessions for read:user,repo,user:email,workflow...
2025-01-27 12:58:06.786 [info] Getting sessions for all scopes...
2025-01-27 12:58:06.786 [info] Got 1 sessions for ...
2025-01-27 12:58:06.794 [info] Getting sessions for read:user,repo,user:email...
2025-01-27 12:58:06.794 [info] Got 0 sessions for read:user,repo,user:email...
2025-01-27 12:58:06.802 [info] Getting sessions for read:user,repo,user:email,workflow...
2025-01-27 12:58:06.802 [info] Got 1 sessions for read:user,repo,user:email,workflow...
2025-01-27 12:58:06.822 [info] Getting sessions for all scopes...
2025-01-27 12:58:06.822 [info] Got 1 sessions for ...
2025-01-27 12:58:07.645 [info] Getting sessions for read:user,repo,user:email,workflow...
2025-01-27 12:58:07.645 [info] Got 1 sessions for read:user,repo,user:email,workflow...
2025-01-27 12:58:08.040 [info] Getting sessions for read:user,repo,user:email,workflow...
2025-01-27 12:58:08.040 [info] Got 1 sessions for read:user,repo,user:email,workflow...
2025-01-27 12:58:08.068 [info] Getting sessions for all scopes...
2025-01-27 12:58:08.068 [info] Got 1 sessions for ...
2025-01-27 12:58:08.068 [info] Getting sessions for all scopes...
2025-01-27 12:58:08.068 [info] Got 1 sessions for ...
2025-01-27 12:58:08.075 [info] Getting sessions for read:user,repo,user:email,workflow...
2025-01-27 12:58:08.075 [info] Got 1 sessions for read:user,repo,user:email,workflow...
2025-01-27 12:58:08.076 [info] Getting sessions for all scopes...
2025-01-27 12:58:08.076 [info] Got 1 sessions for ...
2025-01-27 12:58:08.078 [info] Getting sessions for read:user,repo,user:email,workflow...
2025-01-27 12:58:08.078 [info] Got 1 sessions for read:user,repo,user:email,workflow...
2025-01-27 12:58:08.150 [info] Getting sessions for all scopes...
2025-01-27 12:58:08.150 [info] Got 1 sessions for ...
2025-01-27 12:58:08.151 [info] Getting sessions for read:user,repo,user:email,workflow...
2025-01-27 12:58:08.151 [info] Got 1 sessions for read:user,repo,user:email,workflow...
2025-01-27 12:58:08.295 [info] Getting sessions for read:user,repo,user:email,workflow...
2025-01-27 12:58:08.295 [info] Got 1 sessions for read:user,repo,user:email,workflow...
2025-01-27 12:58:08.600 [info] Getting sessions for read:user,repo,user:email,workflow...
2025-01-27 12:58:08.600 [info] Got 1 sessions for read:user,repo,user:email,workflow...
2025-01-27 12:58:09.204 [info] Getting sessions for read:user,repo,user:email,workflow...
2025-01-27 12:58:09.204 [info] Got 1 sessions for read:user,repo,user:email,workflow...
2025-01-27 12:58:09.447 [info] Getting sessions for all scopes...
2025-01-27 12:58:09.447 [info] Got 1 sessions for ...
2025-01-27 12:58:09.453 [info] Getting sessions for read:user,repo,user:email,workflow...
2025-01-27 12:58:09.453 [info] Got 1 sessions for read:user,repo,user:email,workflow...
2025-01-27 13:06:43.324 [info] Getting sessions for read:user,repo,user:email,workflow...
2025-01-27 13:06:43.324 [info] Got 1 sessions for read:user,repo,user:email,workflow...
2025-01-27 13:07:21.780 [info] Getting sessions for read:user,repo,user:email,workflow...
2025-01-27 13:07:21.780 [info] Got 1 sessions for read:user,repo,user:email,workflow...
2025-01-27 13:07:30.846 [info] Reading sessions from keychain...
2025-01-27 13:07:30.846 [info] Getting sessions for all scopes...
2025-01-27 13:07:30.846 [info] Getting sessions for all scopes...
2025-01-27 13:07:30.846 [info] Getting sessions for all scopes...
2025-01-27 13:07:30.846 [info] Getting sessions for all scopes...
2025-01-27 13:07:30.846 [info] Getting sessions for all scopes...
2025-01-27 13:07:30.846 [info] Getting sessions for all scopes...
2025-01-27 13:07:30.846 [info] Getting sessions for all scopes...
2025-01-27 13:07:30.846 [info] Getting sessions for all scopes...
2025-01-27 13:07:30.846 [info] Got stored sessions!
2025-01-27 13:07:30.846 [info] Got 1 verified sessions.
2025-01-27 13:07:30.846 [info] Got 1 sessions for ...
2025-01-27 13:07:30.846 [info] Got 1 sessions for ...
2025-01-27 13:07:30.846 [info] Got 1 sessions for ...
2025-01-27 13:07:30.846 [info] Got 1 sessions for ...
2025-01-27 13:07:30.846 [info] Got 1 sessions for ...
2025-01-27 13:07:30.846 [info] Got 1 sessions for ...
2025-01-27 13:07:30.846 [info] Got 1 sessions for ...
2025-01-27 13:07:30.846 [info] Got 1 sessions for ...
2025-01-27 13:07:32.084 [info] Getting sessions for read:user,repo,user:email...
2025-01-27 13:07:32.084 [info] Got 0 sessions for read:user,repo,user:email...
2025-01-27 13:07:32.084 [info] Getting sessions for read:user,repo,user:email,workflow...
2025-01-27 13:07:32.084 [info] Got 1 sessions for read:user,repo,user:email,workflow...
2025-01-27 13:07:32.084 [info] Getting sessions for all scopes...
2025-01-27 13:07:32.084 [info] Got 1 sessions for ...
2025-01-27 13:07:32.084 [info] Getting sessions for all scopes...
2025-01-27 13:07:32.084 [info] Got 1 sessions for ...
2025-01-27 13:07:32.145 [info] Getting sessions for read:user,repo,user:email,workflow...
2025-01-27 13:07:32.145 [info] Got 1 sessions for read:user,repo,user:email,workflow...
2025-01-27 13:07:32.145 [info] Getting sessions for read:user,repo,user:email,workflow...
2025-01-27 13:07:32.145 [info] Got 1 sessions for read:user,repo,user:email,workflow...
2025-01-27 13:07:32.219 [info] Getting sessions for all scopes...
2025-01-27 13:07:32.219 [info] Got 1 sessions for ...
2025-01-27 13:07:32.984 [info] Getting sessions for read:user,repo,user:email,workflow...
2025-01-27 13:07:32.984 [info] Got 1 sessions for read:user,repo,user:email,workflow...
2025-01-27 13:07:33.013 [info] Getting sessions for all scopes...
2025-01-27 13:07:33.013 [info] Got 1 sessions for ...
2025-01-27 13:07:33.016 [info] Getting sessions for read:user,repo,user:email,workflow...
2025-01-27 13:07:33.016 [info] Got 1 sessions for read:user,repo,user:email,workflow...
2025-01-27 13:07:33.090 [info] Getting sessions for all scopes...
2025-01-27 13:07:33.090 [info] Got 1 sessions for ...
2025-01-27 13:07:33.101 [info] Getting sessions for read:user,repo,user:email,workflow...
2025-01-27 13:07:33.101 [info] Got 1 sessions for read:user,repo,user:email,workflow...
2025-01-27 13:07:33.110 [info] Getting sessions for all scopes...
2025-01-27 13:07:33.110 [info] Got 1 sessions for ...
2025-01-27 13:07:33.110 [info] Getting sessions for read:user,repo,user:email,workflow...
2025-01-27 13:07:33.110 [info] Got 1 sessions for read:user,repo,user:email,workflow...
2025-01-27 13:07:33.492 [info] Getting sessions for read:user,repo,user:email,workflow...
2025-01-27 13:07:33.492 [info] Got 1 sessions for read:user,repo,user:email,workflow...
2025-01-27 13:07:33.542 [info] Getting sessions for read:user,repo,user:email,workflow...
2025-01-27 13:07:33.542 [info] Got 1 sessions for read:user,repo,user:email,workflow...
2025-01-27 13:07:33.911 [info] Getting sessions for all scopes...
2025-01-27 13:07:33.911 [info] Got 1 sessions for ...
2025-01-27 13:07:33.912 [info] Getting sessions for all scopes...
2025-01-27 13:07:33.912 [info] Got 1 sessions for ...
2025-01-27 13:07:33.935 [info] Getting sessions for read:user,repo,user:email,workflow...
2025-01-27 13:07:33.935 [info] Got 1 sessions for read:user,repo,user:email,workflow...
2025-01-27 13:07:33.937 [info] Getting sessions for all scopes...
2025-01-27 13:07:33.937 [info] Got 1 sessions for ...
2025-01-27 13:07:33.937 [info] Getting sessions for read:user,repo,user:email,workflow...
2025-01-27 13:07:33.937 [info] Got 1 sessions for read:user,repo,user:email,workflow...
2025-01-27 13:07:33.981 [info] Getting sessions for all scopes...
2025-01-27 13:07:33.981 [info] Got 1 sessions for ...
2025-01-27 13:07:33.982 [info] Getting sessions for read:user,repo,user:email,workflow...
2025-01-27 13:07:33.982 [info] Got 1 sessions for read:user,repo,user:email,workflow...
2025-01-27 13:07:34.429 [info] Getting sessions for read:user,repo,user:email,workflow...
2025-01-27 13:07:34.429 [info] Got 1 sessions for read:user,repo,user:email,workflow...
2025-01-27 13:07:34.843 [info] Getting sessions for all scopes...
2025-01-27 13:07:34.843 [info] Got 1 sessions for ...
2025-01-27 13:07:35.184 [info] Getting sessions for all scopes...
2025-01-27 13:07:35.184 [info] Got 1 sessions for ...
2025-01-27 13:07:35.185 [info] Getting sessions for read:user,repo,user:email,workflow...
2025-01-27 13:07:35.185 [info] Got 1 sessions for read:user,repo,user:email,workflow...
2025-01-27 13:22:35.187 [info] Getting sessions for all scopes...
2025-01-27 13:22:35.188 [info] Got 1 sessions for ...
2025-01-27 13:22:35.189 [info] Getting sessions for read:user,repo,user:email,workflow...
2025-01-27 13:22:35.189 [info] Got 1 sessions for read:user,repo,user:email,workflow...
2025-01-27 13:22:35.189 [info] Getting sessions for all scopes...
2025-01-27 13:22:35.189 [info] Got 1 sessions for ...
2025-01-27 13:22:35.190 [info] Getting sessions for read:user,repo,user:email,workflow...
2025-01-27 13:22:35.190 [info] Got 1 sessions for read:user,repo,user:email,workflow...
2025-01-27 13:29:25.538 [info] Getting sessions for all scopes...
2025-01-27 13:29:25.539 [info] Got 1 sessions for ...
2025-01-27 13:29:25.540 [info] Getting sessions for read:user,repo,user:email,workflow...
2025-01-27 13:29:25.540 [info] Got 1 sessions for read:user,repo,user:email,workflow...
2025-01-27 13:29:34.642 [info] Getting sessions for read:user,repo,user:email,workflow...
2025-01-27 13:29:34.642 [info] Got 1 sessions for read:user,repo,user:email,workflow...
2025-01-27 13:32:33.503 [info] Getting sessions for read:user,repo,user:email,workflow...
2025-01-27 13:32:33.504 [info] Got 1 sessions for read:user,repo,user:email,workflow...
2025-01-27 13:32:33.897 [info] Getting sessions for all scopes...
2025-01-27 13:32:33.897 [info] Got 1 sessions for ...
2025-01-27 13:32:33.898 [info] Getting sessions for read:user,repo,user:email,workflow...
2025-01-27 13:32:33.898 [info] Got 1 sessions for read:user,repo,user:email,workflow...
2025-01-27 13:32:34.845 [info] Getting sessions for all scopes...
2025-01-27 13:32:34.845 [info] Got 1 sessions for ...
2025-01-27 13:32:34.845 [info] Getting sessions for all scopes...
2025-01-27 13:32:34.845 [info] Got 1 sessions for ...
2025-01-27 13:32:34.845 [info] Getting sessions for read:user,repo,user:email,workflow...
2025-01-27 13:32:34.845 [info] Got 1 sessions for read:user,repo,user:email,workflow...
2025-01-27 13:32:34.846 [info] Getting sessions for all scopes...
2025-01-27 13:32:34.846 [info] Got 1 sessions for ...
2025-01-27 13:32:34.847 [info] Getting sessions for read:user,repo,user:email,workflow...
2025-01-27 13:32:34.847 [info] Got 1 sessions for read:user,repo,user:email,workflow...
2025-01-27 13:32:34.856 [info] Getting sessions for all scopes...
2025-01-27 13:32:34.856 [info] Got 1 sessions for ...
2025-01-27 13:32:34.857 [info] Getting sessions for read:user,repo,user:email,workflow...
2025-01-27 13:32:34.857 [info] Got 1 sessions for read:user,repo,user:email,workflow...
2025-01-27 13:47:34.860 [info] Getting sessions for all scopes...
2025-01-27 13:47:34.860 [info] Got 1 sessions for ...
2025-01-27 13:47:34.861 [info] Getting sessions for read:user,repo,user:email,workflow...
2025-01-27 13:47:34.861 [info] Got 1 sessions for read:user,repo,user:email,workflow...
2025-01-27 13:47:34.862 [info] Getting sessions for all scopes...
2025-01-27 13:47:34.862 [info] Got 1 sessions for ...
2025-01-27 13:47:34.863 [info] Getting sessions for read:user,repo,user:email,workflow...
2025-01-27 13:47:34.863 [info] Got 1 sessions for read:user,repo,user:email,workflow...
2025-01-27 13:51:20.131 [info] Getting sessions for read:user,repo,user:email,workflow...
2025-01-27 13:51:20.131 [info] Got 1 sessions for read:user,repo,user:email,workflow...
2025-01-27 13:51:37.716 [info] Getting sessions for read:user,repo,user:email,workflow...
2025-01-27 13:51:37.716 [info] Got 1 sessions for read:user,repo,user:email,workflow...
2025-01-27 13:57:34.162 [info] Getting sessions for read:user,repo,user:email,workflow...
2025-01-27 13:57:34.162 [info] Got 1 sessions for read:user,repo,user:email,workflow...
2025-01-27 13:57:34.845 [info] Getting sessions for all scopes...
2025-01-27 13:57:34.845 [info] Got 1 sessions for ...
2025-01-27 13:57:34.846 [info] Getting sessions for read:user,repo,user:email,workflow...
2025-01-27 13:57:34.846 [info] Got 1 sessions for read:user,repo,user:email,workflow...
2025-01-27 13:57:35.848 [info] Getting sessions for all scopes...
2025-01-27 13:57:35.848 [info] Got 1 sessions for ...
2025-01-27 13:57:35.848 [info] Getting sessions for all scopes...
2025-01-27 13:57:35.848 [info] Got 1 sessions for ...
2025-01-27 13:57:35.849 [info] Getting sessions for read:user,repo,user:email,workflow...
2025-01-27 13:57:35.849 [info] Got 1 sessions for read:user,repo,user:email,workflow...
2025-01-27 13:57:35.850 [info] Getting sessions for all scopes...
2025-01-27 13:57:35.850 [info] Got 1 sessions for ...
2025-01-27 13:57:35.851 [info] Getting sessions for read:user,repo,user:email,workflow...
2025-01-27 13:57:35.851 [info] Got 1 sessions for read:user,repo,user:email,workflow...
2025-01-27 13:57:35.855 [info] Getting sessions for all scopes...
2025-01-27 13:57:35.855 [info] Got 1 sessions for ...
2025-01-27 13:57:35.856 [info] Getting sessions for read:user,repo,user:email,workflow...
2025-01-27 13:57:35.856 [info] Got 1 sessions for read:user,repo,user:email,workflow...
2025-01-27 14:00:41.695 [info] Getting sessions for all scopes...
2025-01-27 14:00:41.695 [info] Got 1 sessions for ...
2025-01-27 14:00:41.696 [info] Getting sessions for read:user,repo,user:email,workflow...
2025-01-27 14:00:41.696 [info] Got 1 sessions for read:user,repo,user:email,workflow...
2025-01-27 14:00:42.824 [info] Getting sessions for all scopes...
2025-01-27 14:00:42.824 [info] Got 1 sessions for ...
2025-01-27 14:00:42.825 [info] Getting sessions for read:user,repo,user:email,workflow...
2025-01-27 14:00:42.825 [info] Got 1 sessions for read:user,repo,user:email,workflow...
2025-01-27 15:21:04.399 [info] Getting sessions for all scopes...
2025-01-27 15:21:04.400 [info] Got 1 sessions for ...
2025-01-27 15:21:04.401 [info] Getting sessions for read:user,repo,user:email,workflow...
2025-01-27 15:21:04.401 [info] Got 1 sessions for read:user,repo,user:email,workflow...
2025-01-27 15:21:04.403 [info] Getting sessions for all scopes...
2025-01-27 15:21:04.403 [info] Got 1 sessions for ...
2025-01-27 15:21:04.405 [info] Getting sessions for read:user,repo,user:email,workflow...
2025-01-27 15:21:04.405 [info] Got 1 sessions for read:user,repo,user:email,workflow...
2025-01-27 15:21:05.918 [info] Getting sessions for all scopes...
2025-01-27 15:21:05.918 [info] Got 1 sessions for ...
2025-01-27 15:21:05.919 [info] Getting sessions for all scopes...
2025-01-27 15:21:05.919 [info] Got 1 sessions for ...
2025-01-27 15:21:05.920 [info] Getting sessions for read:user,repo,user:email,workflow...
2025-01-27 15:21:05.920 [info] Got 1 sessions for read:user,repo,user:email,workflow...
2025-01-27 15:21:05.922 [info] Getting sessions for all scopes...
2025-01-27 15:21:05.922 [info] Got 1 sessions for ...
2025-01-27 15:21:05.923 [info] Getting sessions for read:user,repo,user:email,workflow...
2025-01-27 15:21:05.923 [info] Got 1 sessions for read:user,repo,user:email,workflow...
2025-01-27 15:21:05.925 [info] Getting sessions for all scopes...
2025-01-27 15:21:05.925 [info] Got 1 sessions for ...
2025-01-27 15:21:05.926 [info] Getting sessions for read:user,repo,user:email,workflow...
2025-01-27 15:21:05.926 [info] Got 1 sessions for read:user,repo,user:email,workflow...
2025-01-27 15:21:06.940 [info] Getting sessions for all scopes...
2025-01-27 15:21:06.940 [info] Got 1 sessions for ...
2025-01-27 15:21:06.941 [info] Getting sessions for read:user,repo,user:email,workflow...
2025-01-27 15:21:06.941 [info] Got 1 sessions for read:user,repo,user:email,workflow...
2025-01-27 15:33:30.196 [info] Getting sessions for read:user,repo,user:email,workflow...
2025-01-27 15:33:30.196 [info] Got 1 sessions for read:user,repo,user:email,workflow...
2025-01-27 15:33:31.355 [info] Getting sessions for read:user,repo,user:email,workflow...
2025-01-27 15:33:31.355 [info] Got 1 sessions for read:user,repo,user:email,workflow...
2025-01-27 15:38:33.745 [info] Getting sessions for all scopes...
2025-01-27 15:38:33.745 [info] Got 1 sessions for ...
2025-01-27 15:38:33.746 [info] Getting sessions for read:user,repo,user:email,workflow...
2025-01-27 15:38:33.746 [info] Got 1 sessions for read:user,repo,user:email,workflow...
2025-01-27 15:38:33.748 [info] Getting sessions for all scopes...
2025-01-27 15:38:33.748 [info] Got 1 sessions for ...
2025-01-27 15:38:33.749 [info] Getting sessions for read:user,repo,user:email,workflow...
2025-01-27 15:38:33.749 [info] Got 1 sessions for read:user,repo,user:email,workflow...
2025-01-27 15:41:03.183 [info] Getting sessions for read:user,repo,user:email,workflow...
2025-01-27 15:41:03.183 [info] Got 1 sessions for read:user,repo,user:email,workflow...
2025-01-27 15:48:32.714 [info] Getting sessions for all scopes...
2025-01-27 15:48:32.716 [info] Got 1 sessions for ...
2025-01-27 15:48:32.717 [info] Getting sessions for read:user,repo,user:email,workflow...
2025-01-27 15:48:32.717 [info] Got 1 sessions for read:user,repo,user:email,workflow...
2025-01-27 15:48:33.796 [info] Getting sessions for all scopes...
2025-01-27 15:48:33.796 [info] Got 1 sessions for ...
2025-01-27 15:48:33.796 [info] Getting sessions for all scopes...
2025-01-27 15:48:33.796 [info] Got 1 sessions for ...
2025-01-27 15:48:33.797 [info] Getting sessions for read:user,repo,user:email,workflow...
2025-01-27 15:48:33.797 [info] Got 1 sessions for read:user,repo,user:email,workflow...
2025-01-27 15:48:33.798 [info] Getting sessions for all scopes...
2025-01-27 15:48:33.798 [info] Got 1 sessions for ...
2025-01-27 15:48:33.799 [info] Getting sessions for read:user,repo,user:email,workflow...
2025-01-27 15:48:33.799 [info] Got 1 sessions for read:user,repo,user:email,workflow...
2025-01-27 15:48:33.806 [info] Getting sessions for all scopes...
2025-01-27 15:48:33.806 [info] Got 1 sessions for ...
2025-01-27 15:48:33.807 [info] Getting sessions for read:user,repo,user:email,workflow...
2025-01-27 15:48:33.807 [info] Got 1 sessions for read:user,repo,user:email,workflow...
2025-01-27 15:56:30.019 [info] Getting sessions for read:user,repo,user:email,workflow...
2025-01-27 15:56:30.019 [info] Got 1 sessions for read:user,repo,user:email,workflow...
2025-01-27 15:58:31.370 [info] Getting sessions for read:user,repo,user:email,workflow...
2025-01-27 15:58:31.370 [info] Got 1 sessions for read:user,repo,user:email,workflow...
2025-01-27 16:03:33.812 [info] Getting sessions for all scopes...
2025-01-27 16:03:33.813 [info] Got 1 sessions for ...
2025-01-27 16:03:33.814 [info] Getting sessions for read:user,repo,user:email,workflow...
2025-01-27 16:03:33.814 [info] Got 1 sessions for read:user,repo,user:email,workflow...
2025-01-27 16:03:33.815 [info] Getting sessions for all scopes...
2025-01-27 16:03:33.815 [info] Got 1 sessions for ...
2025-01-27 16:03:33.815 [info] Getting sessions for read:user,repo,user:email,workflow...
2025-01-27 16:03:33.815 [info] Got 1 sessions for read:user,repo,user:email,workflow...
2025-01-27 16:04:15.704 [info] Getting sessions for read:user,repo,user:email,workflow...
2025-01-27 16:04:15.704 [info] Got 1 sessions for read:user,repo,user:email,workflow...
2025-01-27 16:11:48.933 [info] Getting sessions for read:user,repo,user:email,workflow...
2025-01-27 16:11:48.934 [info] Got 1 sessions for read:user,repo,user:email,workflow...
2025-01-27 16:13:33.796 [info] Getting sessions for all scopes...
2025-01-27 16:13:33.796 [info] Got 1 sessions for ...
2025-01-27 16:13:33.797 [info] Getting sessions for read:user,repo,user:email,workflow...
2025-01-27 16:13:33.797 [info] Got 1 sessions for read:user,repo,user:email,workflow...
2025-01-27 16:13:34.774 [info] Getting sessions for all scopes...
2025-01-27 16:13:34.774 [info] Got 1 sessions for ...
2025-01-27 16:13:34.774 [info] Getting sessions for all scopes...
2025-01-27 16:13:34.774 [info] Got 1 sessions for ...
2025-01-27 16:13:34.775 [info] Getting sessions for read:user,repo,user:email,workflow...
2025-01-27 16:13:34.775 [info] Got 1 sessions for read:user,repo,user:email,workflow...
2025-01-27 16:13:34.777 [info] Getting sessions for all scopes...
2025-01-27 16:13:34.777 [info] Got 1 sessions for ...
2025-01-27 16:13:34.778 [info] Getting sessions for read:user,repo,user:email,workflow...
2025-01-27 16:13:34.778 [info] Got 1 sessions for read:user,repo,user:email,workflow...
2025-01-27 16:13:34.787 [info] Getting sessions for all scopes...
2025-01-27 16:13:34.787 [info] Got 1 sessions for ...
2025-01-27 16:13:34.788 [info] Getting sessions for read:user,repo,user:email,workflow...
2025-01-27 16:13:34.788 [info] Got 1 sessions for read:user,repo,user:email,workflow...
2025-01-27 16:23:32.053 [info] Getting sessions for read:user,repo,user:email,workflow...
2025-01-27 16:23:32.054 [info] Got 1 sessions for read:user,repo,user:email,workflow...
2025-01-27 16:28:34.793 [info] Getting sessions for all scopes...
2025-01-27 16:28:34.793 [info] Got 1 sessions for ...
2025-01-27 16:28:34.795 [info] Getting sessions for read:user,repo,user:email,workflow...
2025-01-27 16:28:34.795 [info] Got 1 sessions for read:user,repo,user:email,workflow...
2025-01-27 16:28:34.796 [info] Getting sessions for all scopes...
2025-01-27 16:28:34.796 [info] Got 1 sessions for ...
2025-01-27 16:28:34.798 [info] Getting sessions for read:user,repo,user:email,workflow...
2025-01-27 16:28:34.798 [info] Got 1 sessions for read:user,repo,user:email,workflow...
2025-01-27 16:38:34.774 [info] Getting sessions for all scopes...
2025-01-27 16:38:34.774 [info] Got 1 sessions for ...
2025-01-27 16:38:34.776 [info] Getting sessions for read:user,repo,user:email,workflow...
2025-01-27 16:38:34.776 [info] Got 1 sessions for read:user,repo,user:email,workflow...
2025-01-27 16:38:35.718 [info] Getting sessions for all scopes...
2025-01-27 16:38:35.718 [info] Got 1 sessions for ...
2025-01-27 16:38:35.718 [info] Getting sessions for all scopes...
2025-01-27 16:38:35.718 [info] Got 1 sessions for ...
2025-01-27 16:38:35.719 [info] Getting sessions for read:user,repo,user:email,workflow...
2025-01-27 16:38:35.719 [info] Got 1 sessions for read:user,repo,user:email,workflow...
2025-01-27 16:38:35.720 [info] Getting sessions for all scopes...
2025-01-27 16:38:35.720 [info] Got 1 sessions for ...
2025-01-27 16:38:35.721 [info] Getting sessions for read:user,repo,user:email,workflow...
2025-01-27 16:38:35.721 [info] Got 1 sessions for read:user,repo,user:email,workflow...
2025-01-27 16:38:35.727 [info] Getting sessions for all scopes...
2025-01-27 16:38:35.727 [info] Got 1 sessions for ...
2025-01-27 16:38:35.728 [info] Getting sessions for read:user,repo,user:email,workflow...
2025-01-27 16:38:35.728 [info] Got 1 sessions for read:user,repo,user:email,workflow...
2025-01-27 16:47:24.640 [info] Getting sessions for all scopes...
2025-01-27 16:47:24.641 [info] Got 1 sessions for ...
2025-01-27 16:47:24.642 [info] Getting sessions for read:user,repo,user:email,workflow...
2025-01-27 16:47:24.642 [info] Got 1 sessions for read:user,repo,user:email,workflow...
2025-01-27 16:47:25.231 [info] Getting sessions for read:user,repo,user:email,workflow...
2025-01-27 16:47:25.231 [info] Got 1 sessions for read:user,repo,user:email,workflow...
2025-01-27 16:47:25.812 [info] Getting sessions for all scopes...
2025-01-27 16:47:25.812 [info] Got 1 sessions for ...
2025-01-27 16:47:25.813 [info] Getting sessions for read:user,repo,user:email,workflow...
2025-01-27 16:47:25.813 [info] Got 1 sessions for read:user,repo,user:email,workflow...
2025-01-27 16:47:32.240 [info] Getting sessions for all scopes...
2025-01-27 16:47:32.240 [info] Got 1 sessions for ...
2025-01-27 16:47:32.241 [info] Getting sessions for read:user,repo,user:email,workflow...
2025-01-27 16:47:32.241 [info] Got 1 sessions for read:user,repo,user:email,workflow...
2025-01-27 16:47:34.533 [info] Getting sessions for all scopes...
2025-01-27 16:47:34.533 [info] Got 1 sessions for ...
2025-01-27 16:47:34.534 [info] Getting sessions for read:user,repo,user:email,workflow...
2025-01-27 16:47:34.534 [info] Got 1 sessions for read:user,repo,user:email,workflow...
2025-01-27 16:47:49.359 [info] Reading sessions from keychain...
2025-01-27 16:47:49.359 [info] Getting sessions for all scopes...
2025-01-27 16:47:49.359 [info] Getting sessions for all scopes...
2025-01-27 16:47:49.359 [info] Getting sessions for all scopes...
2025-01-27 16:47:49.360 [info] Getting sessions for all scopes...
2025-01-27 16:47:49.360 [info] Getting sessions for all scopes...
2025-01-27 16:47:49.360 [info] Getting sessions for all scopes...
2025-01-27 16:47:49.360 [info] Getting sessions for all scopes...
2025-01-27 16:47:49.488 [info] Got stored sessions!
2025-01-27 16:47:49.488 [info] Got 1 verified sessions.
2025-01-27 16:47:49.488 [info] Got 1 sessions for ...
2025-01-27 16:47:49.488 [info] Got 1 sessions for ...
2025-01-27 16:47:49.488 [info] Got 1 sessions for ...
2025-01-27 16:47:49.488 [info] Got 1 sessions for ...
2025-01-27 16:47:49.488 [info] Got 1 sessions for ...
2025-01-27 16:47:49.488 [info] Got 1 sessions for ...
2025-01-27 16:47:49.488 [info] Got 1 sessions for ...
2025-01-27 16:47:51.106 [info] Getting sessions for read:user,repo,user:email...
2025-01-27 16:47:51.106 [info] Got 0 sessions for read:user,repo,user:email...
2025-01-27 16:47:51.107 [info] Getting sessions for read:user,repo,user:email,workflow...
2025-01-27 16:47:51.107 [info] Got 1 sessions for read:user,repo,user:email,workflow...
2025-01-27 16:47:51.107 [info] Getting sessions for all scopes...
2025-01-27 16:47:51.107 [info] Got 1 sessions for ...
2025-01-27 16:47:51.107 [info] Getting sessions for all scopes...
2025-01-27 16:47:51.107 [info] Got 1 sessions for ...
2025-01-27 16:47:51.156 [info] Getting sessions for read:user,repo,user:email,workflow...
2025-01-27 16:47:51.156 [info] Got 1 sessions for read:user,repo,user:email,workflow...
2025-01-27 16:47:51.176 [info] Getting sessions for read:user,repo,user:email,workflow...
2025-01-27 16:47:51.176 [info] Got 1 sessions for read:user,repo,user:email,workflow...
2025-01-27 16:47:51.312 [info] Getting sessions for all scopes...
2025-01-27 16:47:51.312 [info] Got 1 sessions for ...
2025-01-27 16:47:52.097 [info] Getting sessions for all scopes...
2025-01-27 16:47:52.097 [info] Got 1 sessions for ...
2025-01-27 16:47:52.162 [info] Getting sessions for read:user,repo,user:email,workflow...
2025-01-27 16:47:52.162 [info] Got 1 sessions for read:user,repo,user:email,workflow...
2025-01-27 16:47:52.207 [info] Getting sessions for all scopes...
2025-01-27 16:47:52.207 [info] Got 1 sessions for ...
2025-01-27 16:47:52.392 [info] Getting sessions for read:user,repo,user:email,workflow...
2025-01-27 16:47:52.392 [info] Got 1 sessions for read:user,repo,user:email,workflow...
2025-01-27 16:47:52.399 [info] Getting sessions for all scopes...
2025-01-27 16:47:52.399 [info] Got 1 sessions for ...
2025-01-27 16:47:52.429 [info] Getting sessions for read:user,repo,user:email,workflow...
2025-01-27 16:47:52.430 [info] Got 1 sessions for read:user,repo,user:email,workflow...
2025-01-27 16:47:52.718 [info] Getting sessions for read:user,repo,user:email,workflow...
2025-01-27 16:47:52.718 [info] Got 1 sessions for read:user,repo,user:email,workflow...
2025-01-27 16:47:52.741 [info] Getting sessions for read:user,repo,user:email,workflow...
2025-01-27 16:47:52.741 [info] Got 1 sessions for read:user,repo,user:email,workflow...
2025-01-27 16:47:53.276 [info] Getting sessions for all scopes...
2025-01-27 16:47:53.276 [info] Got 1 sessions for ...
2025-01-27 16:47:53.277 [info] Getting sessions for all scopes...
2025-01-27 16:47:53.277 [info] Got 1 sessions for ...
2025-01-27 16:47:53.288 [info] Getting sessions for read:user,repo,user:email,workflow...
2025-01-27 16:47:53.288 [info] Got 1 sessions for read:user,repo,user:email,workflow...
2025-01-27 16:47:53.291 [info] Getting sessions for all scopes...
2025-01-27 16:47:53.291 [info] Got 1 sessions for ...
2025-01-27 16:47:53.292 [info] Getting sessions for read:user,repo,user:email,workflow...
2025-01-27 16:47:53.292 [info] Got 1 sessions for read:user,repo,user:email,workflow...
2025-01-27 16:47:53.317 [info] Getting sessions for all scopes...
2025-01-27 16:47:53.317 [info] Got 1 sessions for ...
2025-01-27 16:47:53.318 [info] Getting sessions for read:user,repo,user:email,workflow...
2025-01-27 16:47:53.318 [info] Got 1 sessions for read:user,repo,user:email,workflow...
2025-01-27 16:47:53.838 [info] Getting sessions for all scopes...
2025-01-27 16:47:53.838 [info] Got 1 sessions for ...
2025-01-27 16:47:53.838 [info] Getting sessions for read:user,repo,user:email,workflow...
2025-01-27 16:47:53.838 [info] Got 1 sessions for read:user,repo,user:email,workflow...
2025-01-27 16:47:53.843 [info] Getting sessions for read:user,repo,user:email,workflow...
2025-01-27 16:47:53.843 [info] Got 1 sessions for read:user,repo,user:email,workflow...
