2025-02-20 17:16:44.681 [info] Reading sessions from keychain...
2025-02-20 17:16:44.681 [info] Getting sessions for all scopes...
2025-02-20 17:16:44.681 [info] Getting sessions for all scopes...
2025-02-20 17:16:44.704 [info] Getting sessions for all scopes...
2025-02-20 17:16:44.704 [info] Getting sessions for all scopes...
2025-02-20 17:16:44.704 [info] Getting sessions for all scopes...
2025-02-20 17:16:44.704 [info] Getting sessions for all scopes...
2025-02-20 17:16:44.704 [info] Getting sessions for all scopes...
2025-02-20 17:16:44.790 [info] Got stored sessions!
2025-02-20 17:16:44.791 [info] Got 1 verified sessions.
2025-02-20 17:16:44.791 [info] Got 1 sessions for ...
2025-02-20 17:16:44.791 [info] Got 1 sessions for ...
2025-02-20 17:16:44.791 [info] Got 1 sessions for ...
2025-02-20 17:16:44.791 [info] Got 1 sessions for ...
2025-02-20 17:16:44.791 [info] Got 1 sessions for ...
2025-02-20 17:16:44.791 [info] Got 1 sessions for ...
2025-02-20 17:16:44.791 [info] Got 1 sessions for ...
2025-02-20 17:16:45.873 [info] Getting sessions for read:user,repo,user:email...
2025-02-20 17:16:45.873 [info] Got 0 sessions for read:user,repo,user:email...
2025-02-20 17:16:45.874 [info] Getting sessions for read:user,repo,user:email,workflow...
2025-02-20 17:16:45.874 [info] Got 1 sessions for read:user,repo,user:email,workflow...
2025-02-20 17:16:45.874 [info] Getting sessions for all scopes...
2025-02-20 17:16:45.874 [info] Got 1 sessions for ...
2025-02-20 17:16:45.874 [info] Getting sessions for all scopes...
2025-02-20 17:16:45.874 [info] Got 1 sessions for ...
2025-02-20 17:16:45.887 [info] Getting sessions for project,read:org,read:user,repo,user:email,workflow...
2025-02-20 17:16:45.887 [info] Got 0 sessions for project,read:org,read:user,repo,user:email,workflow...
2025-02-20 17:16:45.903 [info] Getting sessions for read:user,repo,user:email,workflow...
2025-02-20 17:16:45.903 [info] Got 1 sessions for read:user,repo,user:email,workflow...
2025-02-20 17:16:46.589 [info] Getting sessions for read:user,repo,user:email,workflow...
2025-02-20 17:16:46.589 [info] Got 1 sessions for read:user,repo,user:email,workflow...
2025-02-20 17:16:46.643 [info] Getting sessions for all scopes...
2025-02-20 17:16:46.643 [info] Got 1 sessions for ...
2025-02-20 17:16:46.680 [info] Getting sessions for all scopes...
2025-02-20 17:16:46.680 [info] Got 1 sessions for ...
2025-02-20 17:16:46.687 [info] Getting sessions for read:user,repo,user:email,workflow...
2025-02-20 17:16:46.687 [info] Got 1 sessions for read:user,repo,user:email,workflow...
2025-02-20 17:16:46.690 [info] Getting sessions for all scopes...
2025-02-20 17:16:46.690 [info] Got 1 sessions for ...
2025-02-20 17:16:46.690 [info] Getting sessions for read:user,repo,user:email,workflow...
2025-02-20 17:16:46.690 [info] Got 1 sessions for read:user,repo,user:email,workflow...
2025-02-20 17:16:47.541 [info] Getting sessions for all scopes...
2025-02-20 17:16:47.541 [info] Got 1 sessions for ...
2025-02-20 17:16:47.542 [info] Getting sessions for all scopes...
2025-02-20 17:16:47.542 [info] Got 1 sessions for ...
2025-02-20 17:16:47.558 [info] Getting sessions for read:user,repo,user:email,workflow...
2025-02-20 17:16:47.558 [info] Got 1 sessions for read:user,repo,user:email,workflow...
2025-02-20 17:16:47.560 [info] Getting sessions for all scopes...
2025-02-20 17:16:47.560 [info] Got 1 sessions for ...
2025-02-20 17:16:47.562 [info] Getting sessions for read:user,repo,user:email,workflow...
2025-02-20 17:16:47.562 [info] Got 1 sessions for read:user,repo,user:email,workflow...
2025-02-20 17:16:47.631 [info] Getting sessions for all scopes...
2025-02-20 17:16:47.631 [info] Got 1 sessions for ...
2025-02-20 17:16:47.633 [info] Getting sessions for read:user,repo,user:email,workflow...
2025-02-20 17:16:47.633 [info] Got 1 sessions for read:user,repo,user:email,workflow...
2025-02-20 17:16:48.819 [info] Getting sessions for all scopes...
2025-02-20 17:16:48.819 [info] Got 1 sessions for ...
2025-02-20 17:16:48.820 [info] Getting sessions for read:user,repo,user:email,workflow...
2025-02-20 17:16:48.820 [info] Got 1 sessions for read:user,repo,user:email,workflow...
2025-02-20 17:16:54.249 [info] Getting sessions for all scopes...
2025-02-20 17:16:54.249 [info] Got 1 sessions for ...
2025-02-20 17:16:54.250 [info] Getting sessions for read:user,repo,user:email,workflow...
2025-02-20 17:16:54.250 [info] Got 1 sessions for read:user,repo,user:email,workflow...
2025-02-20 17:17:21.020 [info] Getting sessions for all scopes...
2025-02-20 17:17:21.020 [info] Got 1 sessions for ...
2025-02-20 17:17:21.021 [info] Getting sessions for read:user,repo,user:email,workflow...
2025-02-20 17:17:21.021 [info] Got 1 sessions for read:user,repo,user:email,workflow...
2025-02-20 17:17:25.830 [info] Getting sessions for all scopes...
2025-02-20 17:17:25.830 [info] Got 1 sessions for ...
2025-02-20 17:17:25.831 [info] Getting sessions for read:user,repo,user:email,workflow...
2025-02-20 17:17:25.831 [info] Got 1 sessions for read:user,repo,user:email,workflow...
2025-02-20 17:17:26.460 [info] Getting sessions for all scopes...
2025-02-20 17:17:26.460 [info] Got 1 sessions for ...
2025-02-20 17:17:26.461 [info] Getting sessions for read:user,repo,user:email,workflow...
2025-02-20 17:17:26.461 [info] Got 1 sessions for read:user,repo,user:email,workflow...
2025-02-20 17:17:32.327 [info] Reading sessions from keychain...
2025-02-20 17:17:32.327 [info] Getting sessions for all scopes...
2025-02-20 17:17:32.327 [info] Getting sessions for all scopes...
2025-02-20 17:17:32.327 [info] Getting sessions for all scopes...
2025-02-20 17:17:32.327 [info] Got stored sessions!
2025-02-20 17:17:32.327 [info] Got 1 verified sessions.
2025-02-20 17:17:32.327 [info] Got 1 sessions for ...
2025-02-20 17:17:32.327 [info] Got 1 sessions for ...
2025-02-20 17:17:32.327 [info] Got 1 sessions for ...
2025-02-20 17:17:32.350 [info] Getting sessions for all scopes...
2025-02-20 17:17:32.350 [info] Got 1 sessions for ...
2025-02-20 17:17:32.350 [info] Getting sessions for all scopes...
2025-02-20 17:17:32.350 [info] Got 1 sessions for ...
2025-02-20 17:17:32.350 [info] Getting sessions for all scopes...
2025-02-20 17:17:32.350 [info] Got 1 sessions for ...
2025-02-20 17:17:32.351 [info] Getting sessions for all scopes...
2025-02-20 17:17:32.351 [info] Got 1 sessions for ...
2025-02-20 17:17:32.351 [info] Getting sessions for all scopes...
2025-02-20 17:17:32.351 [info] Got 1 sessions for ...
2025-02-20 17:17:33.548 [info] Getting sessions for read:user,repo,user:email...
2025-02-20 17:17:33.548 [info] Got 0 sessions for read:user,repo,user:email...
2025-02-20 17:17:33.549 [info] Getting sessions for read:user,repo,user:email,workflow...
2025-02-20 17:17:33.549 [info] Got 1 sessions for read:user,repo,user:email,workflow...
2025-02-20 17:17:33.549 [info] Getting sessions for all scopes...
2025-02-20 17:17:33.549 [info] Got 1 sessions for ...
2025-02-20 17:17:33.550 [info] Getting sessions for all scopes...
2025-02-20 17:17:33.550 [info] Got 1 sessions for ...
2025-02-20 17:17:33.550 [info] Getting sessions for project,read:org,read:user,repo,user:email,workflow...
2025-02-20 17:17:33.550 [info] Got 0 sessions for project,read:org,read:user,repo,user:email,workflow...
2025-02-20 17:17:33.563 [info] Getting sessions for read:user,repo,user:email,workflow...
2025-02-20 17:17:33.563 [info] Got 1 sessions for read:user,repo,user:email,workflow...
2025-02-20 17:17:33.564 [info] Getting sessions for read:user,repo,user:email,workflow...
2025-02-20 17:17:33.564 [info] Got 1 sessions for read:user,repo,user:email,workflow...
2025-02-20 17:17:34.254 [info] Getting sessions for all scopes...
2025-02-20 17:17:34.254 [info] Got 1 sessions for ...
2025-02-20 17:17:34.309 [info] Getting sessions for read:user,repo,user:email,workflow...
2025-02-20 17:17:34.309 [info] Got 1 sessions for read:user,repo,user:email,workflow...
2025-02-20 17:17:34.312 [info] Getting sessions for all scopes...
2025-02-20 17:17:34.312 [info] Got 1 sessions for ...
2025-02-20 17:17:34.345 [info] Getting sessions for read:user,repo,user:email,workflow...
2025-02-20 17:17:34.345 [info] Got 1 sessions for read:user,repo,user:email,workflow...
2025-02-20 17:17:34.394 [info] Getting sessions for all scopes...
2025-02-20 17:17:34.394 [info] Got 1 sessions for ...
2025-02-20 17:17:35.197 [info] Getting sessions for all scopes...
2025-02-20 17:17:35.197 [info] Got 1 sessions for ...
2025-02-20 17:17:35.197 [info] Getting sessions for all scopes...
2025-02-20 17:17:35.197 [info] Got 1 sessions for ...
2025-02-20 17:17:35.214 [info] Getting sessions for read:user,repo,user:email,workflow...
2025-02-20 17:17:35.214 [info] Got 1 sessions for read:user,repo,user:email,workflow...
2025-02-20 17:17:35.216 [info] Getting sessions for all scopes...
2025-02-20 17:17:35.216 [info] Got 1 sessions for ...
2025-02-20 17:17:35.217 [info] Getting sessions for read:user,repo,user:email,workflow...
2025-02-20 17:17:35.217 [info] Got 1 sessions for read:user,repo,user:email,workflow...
2025-02-20 17:17:35.275 [info] Getting sessions for all scopes...
2025-02-20 17:17:35.275 [info] Got 1 sessions for ...
2025-02-20 17:17:35.277 [info] Getting sessions for read:user,repo,user:email,workflow...
2025-02-20 17:17:35.277 [info] Got 1 sessions for read:user,repo,user:email,workflow...
2025-02-20 17:17:35.780 [info] Getting sessions for all scopes...
2025-02-20 17:17:35.780 [info] Got 1 sessions for ...
2025-02-20 17:17:35.785 [info] Getting sessions for read:user,repo,user:email,workflow...
2025-02-20 17:17:35.785 [info] Got 1 sessions for read:user,repo,user:email,workflow...
2025-02-20 17:17:41.129 [info] Reading sessions from keychain...
2025-02-20 17:17:41.129 [info] Getting sessions for all scopes...
2025-02-20 17:17:41.129 [info] Getting sessions for all scopes...
2025-02-20 17:17:41.129 [info] Getting sessions for all scopes...
2025-02-20 17:17:41.129 [info] Getting sessions for all scopes...
2025-02-20 17:17:41.130 [info] Getting sessions for all scopes...
2025-02-20 17:17:41.130 [info] Getting sessions for all scopes...
2025-02-20 17:17:41.130 [info] Getting sessions for all scopes...
2025-02-20 17:17:41.159 [info] Got stored sessions!
2025-02-20 17:17:41.159 [info] Got 1 verified sessions.
2025-02-20 17:17:41.159 [info] Got 1 sessions for ...
2025-02-20 17:17:41.159 [info] Got 1 sessions for ...
2025-02-20 17:17:41.159 [info] Got 1 sessions for ...
2025-02-20 17:17:41.159 [info] Got 1 sessions for ...
2025-02-20 17:17:41.159 [info] Got 1 sessions for ...
2025-02-20 17:17:41.159 [info] Got 1 sessions for ...
2025-02-20 17:17:41.159 [info] Got 1 sessions for ...
2025-02-20 17:17:42.290 [info] Getting sessions for read:user,repo,user:email...
2025-02-20 17:17:42.290 [info] Got 0 sessions for read:user,repo,user:email...
2025-02-20 17:17:42.290 [info] Getting sessions for read:user,repo,user:email,workflow...
2025-02-20 17:17:42.290 [info] Got 1 sessions for read:user,repo,user:email,workflow...
2025-02-20 17:17:42.309 [info] Getting sessions for all scopes...
2025-02-20 17:17:42.309 [info] Got 1 sessions for ...
2025-02-20 17:17:42.309 [info] Getting sessions for all scopes...
2025-02-20 17:17:42.309 [info] Got 1 sessions for ...
2025-02-20 17:17:42.321 [info] Getting sessions for project,read:org,read:user,repo,user:email,workflow...
2025-02-20 17:17:42.321 [info] Got 0 sessions for project,read:org,read:user,repo,user:email,workflow...
2025-02-20 17:17:42.335 [info] Getting sessions for read:user,repo,user:email,workflow...
2025-02-20 17:17:42.335 [info] Got 1 sessions for read:user,repo,user:email,workflow...
2025-02-20 17:17:42.335 [info] Getting sessions for read:user,repo,user:email,workflow...
2025-02-20 17:17:42.335 [info] Got 1 sessions for read:user,repo,user:email,workflow...
2025-02-20 17:17:43.094 [info] Getting sessions for all scopes...
2025-02-20 17:17:43.094 [info] Got 1 sessions for ...
2025-02-20 17:17:43.125 [info] Getting sessions for read:user,repo,user:email,workflow...
2025-02-20 17:17:43.125 [info] Got 1 sessions for read:user,repo,user:email,workflow...
2025-02-20 17:17:43.210 [info] Getting sessions for all scopes...
2025-02-20 17:17:43.210 [info] Got 1 sessions for ...
2025-02-20 17:17:43.222 [info] Getting sessions for read:user,repo,user:email,workflow...
2025-02-20 17:17:43.222 [info] Got 1 sessions for read:user,repo,user:email,workflow...
2025-02-20 17:17:43.237 [info] Getting sessions for all scopes...
2025-02-20 17:17:43.237 [info] Got 1 sessions for ...
2025-02-20 17:17:44.026 [info] Getting sessions for all scopes...
2025-02-20 17:17:44.027 [info] Got 1 sessions for ...
2025-02-20 17:17:44.030 [info] Getting sessions for all scopes...
2025-02-20 17:17:44.030 [info] Got 1 sessions for ...
2025-02-20 17:17:44.051 [info] Getting sessions for read:user,repo,user:email,workflow...
2025-02-20 17:17:44.051 [info] Got 1 sessions for read:user,repo,user:email,workflow...
2025-02-20 17:17:44.054 [info] Getting sessions for all scopes...
2025-02-20 17:17:44.054 [info] Got 1 sessions for ...
2025-02-20 17:17:44.055 [info] Getting sessions for read:user,repo,user:email,workflow...
2025-02-20 17:17:44.055 [info] Got 1 sessions for read:user,repo,user:email,workflow...
2025-02-20 17:17:44.106 [info] Getting sessions for all scopes...
2025-02-20 17:17:44.106 [info] Got 1 sessions for ...
2025-02-20 17:17:44.106 [info] Getting sessions for read:user,repo,user:email,workflow...
2025-02-20 17:17:44.106 [info] Got 1 sessions for read:user,repo,user:email,workflow...
2025-02-20 17:17:44.712 [info] Getting sessions for all scopes...
2025-02-20 17:17:44.712 [info] Got 1 sessions for ...
2025-02-20 17:17:44.715 [info] Getting sessions for read:user,repo,user:email,workflow...
2025-02-20 17:17:44.715 [info] Got 1 sessions for read:user,repo,user:email,workflow...
2025-02-20 17:18:02.984 [info] Reading sessions from keychain...
2025-02-20 17:18:02.984 [info] Getting sessions for all scopes...
2025-02-20 17:18:02.984 [info] Getting sessions for all scopes...
2025-02-20 17:18:02.984 [info] Getting sessions for all scopes...
2025-02-20 17:18:02.984 [info] Got stored sessions!
2025-02-20 17:18:02.984 [info] Got 1 verified sessions.
2025-02-20 17:18:02.984 [info] Got 1 sessions for ...
2025-02-20 17:18:02.984 [info] Got 1 sessions for ...
2025-02-20 17:18:02.984 [info] Got 1 sessions for ...
2025-02-20 17:18:02.984 [info] Getting sessions for all scopes...
2025-02-20 17:18:02.984 [info] Got 1 sessions for ...
2025-02-20 17:18:02.984 [info] Getting sessions for all scopes...
2025-02-20 17:18:02.984 [info] Got 1 sessions for ...
2025-02-20 17:18:02.984 [info] Getting sessions for all scopes...
2025-02-20 17:18:02.984 [info] Got 1 sessions for ...
2025-02-20 17:18:02.984 [info] Getting sessions for all scopes...
2025-02-20 17:18:02.984 [info] Got 1 sessions for ...
2025-02-20 17:18:02.984 [info] Getting sessions for all scopes...
2025-02-20 17:18:02.984 [info] Got 1 sessions for ...
