2025-03-24 00:56:12.592 [info] Extension host with pid 28393 started
2025-03-24 00:56:12.592 [info] Skipping acquiring lock for /home/luna/.config/Code/User/workspaceStorage/e550076a3c648e2a8ab83267ae0002b1.
2025-03-24 00:56:13.026 [info] ExtensionService#_doActivateExtension vscode.github-authentication, startup: false, activationEvent: 'onAuthenticationRequest:github'
2025-03-24 00:56:13.042 [info] ExtensionService#_doActivateExtension vscode.emmet, startup: false, activationEvent: 'onLanguage'
2025-03-24 00:56:13.062 [info] ExtensionService#_doActivateExtension rust-lang.rust-analyzer, startup: false, activationEvent: 'onLanguage:rust'
2025-03-24 00:56:13.091 [info] ExtensionService#_doActivateExtension Gruntfuggly.todo-tree, startup: false, activationEvent: 'onView:todo-tree-view'
2025-03-24 00:56:13.450 [info] ExtensionService#_doActivateExtension vscode.git-base, startup: true, activationEvent: '*', root cause: vscode.git
2025-03-24 00:56:13.456 [info] ExtensionService#_doActivateExtension christian-kohler.path-intellisense, startup: true, activationEvent: '*'
2025-03-24 00:56:13.473 [info] ExtensionService#_doActivateExtension mhutchie.git-graph, startup: true, activationEvent: '*'
2025-03-24 00:56:13.514 [info] ExtensionService#_doActivateExtension nhoizey.gremlins, startup: true, activationEvent: '*'
2025-03-24 00:56:13.516 [info] ExtensionService#_doActivateExtension oderwat.indent-rainbow, startup: true, activationEvent: '*'
2025-03-24 00:56:13.517 [info] ExtensionService#_doActivateExtension WakaTime.vscode-wakatime, startup: true, activationEvent: '*'
2025-03-24 00:56:13.552 [info] ExtensionService#_doActivateExtension wayou.vscode-todo-highlight, startup: true, activationEvent: '*'
2025-03-24 00:56:13.554 [info] ExtensionService#_doActivateExtension yzhang.markdown-all-in-one, startup: true, activationEvent: 'workspaceContains:README.md'
2025-03-24 00:56:13.680 [info] ExtensionService#_doActivateExtension vscode.markdown-math, startup: false, activationEvent: 'api', root cause: yzhang.markdown-all-in-one
2025-03-24 00:56:13.694 [info] ExtensionService#_doActivateExtension vscode.git, startup: true, activationEvent: '*'
2025-03-24 00:56:13.734 [info] ExtensionService#_doActivateExtension vscode.github, startup: true, activationEvent: '*'
2025-03-24 00:56:13.877 [info] ExtensionService#_doActivateExtension fill-labs.dependi, startup: true, activationEvent: 'workspaceContains:**/Cargo.toml,**/go.mod,**/package.json,**/composer.json,**/requirements.txt,**/pyproject.toml'
2025-03-24 00:56:13.911 [info] Eager extensions activated
2025-03-24 00:56:13.939 [info] ExtensionService#_doActivateExtension vscode.debug-auto-launch, startup: false, activationEvent: 'onStartupFinished'
2025-03-24 00:56:13.941 [info] ExtensionService#_doActivateExtension vscode.merge-conflict, startup: false, activationEvent: 'onStartupFinished'
2025-03-24 00:56:13.954 [info] ExtensionService#_doActivateExtension aaron-bond.better-comments, startup: false, activationEvent: 'onStartupFinished'
2025-03-24 00:56:13.960 [info] ExtensionService#_doActivateExtension alefragnani.project-manager, startup: false, activationEvent: 'onStartupFinished'
2025-03-24 00:56:13.968 [info] ExtensionService#_doActivateExtension eamodio.gitlens, startup: false, activationEvent: 'onStartupFinished'
2025-03-24 00:56:14.062 [info] ExtensionService#_doActivateExtension ecmel.vscode-html-css, startup: false, activationEvent: 'onStartupFinished'
2025-03-24 00:56:14.064 [info] ExtensionService#_doActivateExtension esbenp.prettier-vscode, startup: false, activationEvent: 'onStartupFinished'
2025-03-24 00:56:14.119 [info] ExtensionService#_doActivateExtension felipecaputo.git-project-manager, startup: false, activationEvent: 'onStartupFinished'
2025-03-24 00:56:14.134 [info] ExtensionService#_doActivateExtension formulahendry.code-runner, startup: false, activationEvent: 'onStartupFinished'
2025-03-24 00:56:14.145 [info] ExtensionService#_doActivateExtension GitHub.vscode-pull-request-github, startup: false, activationEvent: 'onStartupFinished'
2025-03-24 00:56:14.213 [info] ExtensionService#_doActivateExtension kuba-p.theme-pink-candy, startup: false, activationEvent: 'onStartupFinished'
2025-03-24 00:56:14.221 [info] ExtensionService#_doActivateExtension mkxml.vscode-filesize, startup: false, activationEvent: 'onStartupFinished'
2025-03-24 00:56:14.224 [info] ExtensionService#_doActivateExtension ms-dotnettools.vscode-dotnet-runtime, startup: false, activationEvent: 'onStartupFinished'
2025-03-24 00:56:14.266 [info] ExtensionService#_doActivateExtension ms-vscode-remote.remote-containers, startup: false, activationEvent: 'onStartupFinished'
2025-03-24 00:56:14.369 [info] ExtensionService#_doActivateExtension PKief.material-icon-theme, startup: false, activationEvent: 'onStartupFinished'
2025-03-24 00:56:14.378 [info] ExtensionService#_doActivateExtension tonybaloney.vscode-pets, startup: false, activationEvent: 'onStartupFinished'
2025-03-24 00:56:14.386 [info] ExtensionService#_doActivateExtension unthrottled.doki-theme, startup: false, activationEvent: 'onStartupFinished'
2025-03-24 00:56:14.393 [info] ExtensionService#_doActivateExtension usernamehw.errorlens, startup: false, activationEvent: 'onStartupFinished'
2025-03-24 00:56:14.396 [info] ExtensionService#_doActivateExtension waderyan.gitblame, startup: false, activationEvent: 'onStartupFinished'
2025-03-24 00:56:14.626 [info] ExtensionService#_doActivateExtension vscode.configuration-editing, startup: false, activationEvent: 'onLanguage:jsonc'
2025-03-24 00:56:14.632 [info] ExtensionService#_doActivateExtension vscode.json-language-features, startup: false, activationEvent: 'onLanguage:jsonc'
2025-03-24 00:56:14.659 [info] ExtensionService#_doActivateExtension vscode.typescript-language-features, startup: false, activationEvent: 'onLanguage:jsonc'
2025-03-24 00:56:14.946 [warning] [Decorations] CAPPING events from decorations provider vscode.git 847
2025-03-24 00:56:55.658 [warning] [Decorations] CAPPING events from decorations provider vscode.git 847
2025-03-24 00:57:10.814 [warning] [Decorations] CAPPING events from decorations provider vscode.git 847
2025-03-24 00:57:24.233 [warning] [Decorations] CAPPING events from decorations provider vscode.git 847
2025-03-24 00:57:29.287 [warning] [Decorations] CAPPING events from decorations provider vscode.git 847
2025-03-24 00:57:34.586 [error] Error: INVALID code lens resolved, lacks command: rust-lang.rust-analyzer
	at vg.resolveCodeLens (file:///usr/share/code/resources/app/out/vs/workbench/api/node/extensionHostProcess.js:135:128421)
	at runNextTicks (node:internal/process/task_queues:60:5)
	at process.processImmediate (node:internal/timers:454:9)
2025-03-24 00:58:01.575 [warning] [Decorations] CAPPING events from decorations provider vscode.git 847
2025-03-24 00:58:19.947 [warning] [Decorations] CAPPING events from decorations provider vscode.git 847
2025-03-24 00:58:34.810 [warning] [Decorations] CAPPING events from decorations provider vscode.git 847
2025-03-24 00:58:48.400 [warning] [Decorations] CAPPING events from decorations provider vscode.git 847
2025-03-24 00:58:55.611 [warning] [Decorations] CAPPING events from decorations provider vscode.git 847
2025-03-24 00:59:00.661 [warning] [Decorations] CAPPING events from decorations provider vscode.git 847
2025-03-24 00:59:17.108 [warning] [Decorations] CAPPING events from decorations provider vscode.git 847
2025-03-24 00:59:18.179 [warning] [Decorations] CAPPING events from decorations provider vscode.git 847
2025-03-24 00:59:37.342 [warning] [Decorations] CAPPING events from decorations provider vscode.git 847
2025-03-24 00:59:47.502 [warning] [Decorations] CAPPING events from decorations provider vscode.git 847
2025-03-24 00:59:58.834 [warning] [Decorations] CAPPING events from decorations provider vscode.git 847
2025-03-24 01:00:18.045 [error] Error: INVALID code lens resolved, lacks command: rust-lang.rust-analyzer
	at vg.resolveCodeLens (file:///usr/share/code/resources/app/out/vs/workbench/api/node/extensionHostProcess.js:135:128421)
2025-03-24 01:00:20.128 [warning] [Decorations] CAPPING events from decorations provider vscode.git 847
2025-03-24 01:17:01.716 [warning] [Decorations] CAPPING events from decorations provider vscode.git 847
2025-03-24 01:17:02.812 [warning] [Decorations] CAPPING events from decorations provider vscode.git 847
2025-03-24 01:17:25.596 [warning] [Decorations] CAPPING events from decorations provider vscode.git 847
2025-03-24 01:17:38.512 [warning] [Decorations] CAPPING events from decorations provider vscode.git 847
2025-03-24 01:17:43.562 [warning] [Decorations] CAPPING events from decorations provider vscode.git 847
2025-03-24 01:17:52.947 [warning] [Decorations] CAPPING events from decorations provider vscode.git 847
2025-03-24 01:17:59.133 [warning] [Decorations] CAPPING events from decorations provider vscode.git 847
2025-03-24 01:18:04.177 [warning] [Decorations] CAPPING events from decorations provider vscode.git 847
2025-03-24 01:18:10.992 [warning] [Decorations] CAPPING events from decorations provider vscode.git 847
2025-03-24 01:18:16.044 [warning] [Decorations] CAPPING events from decorations provider vscode.git 847
2025-03-24 01:18:21.068 [warning] [Decorations] CAPPING events from decorations provider vscode.git 847
2025-03-24 01:19:05.633 [warning] [Decorations] CAPPING events from decorations provider vscode.git 847
2025-03-24 01:19:18.850 [warning] [Decorations] CAPPING events from decorations provider vscode.git 847
2025-03-24 01:19:25.414 [warning] [Decorations] CAPPING events from decorations provider vscode.git 847
2025-03-24 01:19:30.440 [warning] [Decorations] CAPPING events from decorations provider vscode.git 847
2025-03-24 01:20:01.439 [warning] [Decorations] CAPPING events from decorations provider vscode.git 847
2025-03-24 01:20:01.742 [warning] [Decorations] CAPPING events from decorations provider vscode.git 847
2025-03-24 01:20:06.463 [warning] [Decorations] CAPPING events from decorations provider vscode.git 847
2025-03-24 01:20:16.791 [info] ExtensionService#_doActivateExtension vscode.npm, startup: false, activationEvent: 'onTerminalQuickFixRequest:ms-vscode.npm-command'
2025-03-24 01:20:17.931 [warning] [Decorations] CAPPING events from decorations provider vscode.git 1693
2025-03-24 01:20:24.372 [warning] [Decorations] CAPPING events from decorations provider vscode.git 846
2025-03-24 01:28:31.292 [warning] [Decorations] CAPPING events from decorations provider vscode.git 846
2025-03-24 01:28:32.414 [warning] [Decorations] CAPPING events from decorations provider vscode.git 846
2025-03-24 10:08:36.832 [warning] [Decorations] CAPPING events from decorations provider vscode.git 846
2025-03-24 10:08:37.923 [warning] [Decorations] CAPPING events from decorations provider vscode.git 846
2025-03-24 10:09:15.899 [warning] [Decorations] CAPPING events from decorations provider vscode.git 847
2025-03-24 10:09:36.829 [warning] [Decorations] CAPPING events from decorations provider vscode.git 847
2025-03-24 10:09:45.189 [warning] [Decorations] CAPPING events from decorations provider vscode.git 847
2025-03-24 10:09:50.310 [warning] [Decorations] CAPPING events from decorations provider vscode.git 847
2025-03-24 10:09:58.491 [warning] [Decorations] CAPPING events from decorations provider vscode.git 847
2025-03-24 10:10:20.085 [warning] [Decorations] CAPPING events from decorations provider vscode.git 847
2025-03-24 10:10:29.752 [warning] [Decorations] CAPPING events from decorations provider vscode.git 847
2025-03-24 10:10:40.384 [warning] [Decorations] CAPPING events from decorations provider vscode.git 847
2025-03-24 10:10:53.574 [warning] [Decorations] CAPPING events from decorations provider vscode.git 847
2025-03-24 10:11:07.283 [warning] [Decorations] CAPPING events from decorations provider vscode.git 847
2025-03-24 10:11:31.507 [warning] [Decorations] CAPPING events from decorations provider vscode.git 847
2025-03-24 10:11:36.943 [warning] [Decorations] CAPPING events from decorations provider vscode.git 847
2025-03-24 10:11:38.077 [warning] [Decorations] CAPPING events from decorations provider vscode.git 847
2025-03-24 10:11:43.718 [warning] [Decorations] CAPPING events from decorations provider vscode.git 847
2025-03-24 10:12:04.347 [warning] [Decorations] CAPPING events from decorations provider vscode.git 847
2025-03-24 10:12:09.463 [warning] [Decorations] CAPPING events from decorations provider vscode.git 847
2025-03-24 10:12:45.032 [warning] [Decorations] CAPPING events from decorations provider vscode.git 847
2025-03-24 10:12:54.470 [warning] [Decorations] CAPPING events from decorations provider vscode.git 847
2025-03-24 10:13:12.708 [warning] [Decorations] CAPPING events from decorations provider vscode.git 847
2025-03-24 10:13:24.570 [warning] [Decorations] CAPPING events from decorations provider vscode.git 847
2025-03-24 10:13:58.620 [warning] [Decorations] CAPPING events from decorations provider vscode.git 847
2025-03-24 10:14:03.729 [warning] [Decorations] CAPPING events from decorations provider vscode.git 847
2025-03-24 10:14:08.831 [warning] [Decorations] CAPPING events from decorations provider vscode.git 847
2025-03-24 10:14:13.925 [warning] [Decorations] CAPPING events from decorations provider vscode.git 847
2025-03-24 10:14:19.008 [warning] [Decorations] CAPPING events from decorations provider vscode.git 847
2025-03-24 10:14:24.074 [warning] [Decorations] CAPPING events from decorations provider vscode.git 847
2025-03-24 10:14:52.742 [warning] [Decorations] CAPPING events from decorations provider vscode.git 847
2025-03-24 10:15:05.079 [warning] [Decorations] CAPPING events from decorations provider vscode.git 847
2025-03-24 10:15:46.607 [warning] [Decorations] CAPPING events from decorations provider vscode.git 847
2025-03-24 10:16:44.879 [warning] [Decorations] CAPPING events from decorations provider vscode.git 847
2025-03-24 10:16:50.403 [warning] [Decorations] CAPPING events from decorations provider vscode.git 847
2025-03-24 10:17:12.279 [warning] [Decorations] CAPPING events from decorations provider vscode.git 847
2025-03-24 10:17:26.262 [warning] [Decorations] CAPPING events from decorations provider vscode.git 847
2025-03-24 10:17:31.362 [warning] [Decorations] CAPPING events from decorations provider vscode.git 847
