2025-02-21 00:31:53.604 [info] Activation> Extension version: 0.104.1
2025-02-21 00:31:54.574 [info] Looking for git repository
2025-02-21 00:31:54.574 [info] Found 0 repositories during activation
2025-02-21 00:31:54.574 [info] Git repository found, initializing review manager and pr tree view.
2025-02-21 00:31:54.576 [info] Registering git provider
2025-02-21 00:31:54.576 [info] Review+0> Validate state in progress
2025-02-21 00:31:54.576 [info] Review+0> Validating state...
2025-02-21 00:31:54.644 [info] Found GitHub remote for folder /home/nat/repos/sigma-lang-web
2025-02-21 00:31:55.182 [info] FolderRepositoryManager+0> Trying to use globalState for assignableUsers.
2025-02-21 00:31:55.235 [info] Review+0> Found matching pull request metadata for current branch main. Repo: dimini171/sigma-lang-web PR: 1
2025-02-21 00:31:55.235 [info] Review+0> current branch main is associated with pull request #1
2025-02-21 00:31:55.235 [info] Review+0> Resolving pull request
2025-02-21 00:31:55.235 [info] FolderRepositoryManager+0> Found GitHub repo for pr #1: yes
2025-02-21 00:31:55.281 [info] FolderRepositoryManager+0> Using globalState assignableUsers for 2.
2025-02-21 00:31:55.336 [info] Repo state for file:///home/nat/repos/sigma-lang-web changed.
2025-02-21 00:31:55.336 [info] Repo file:///home/nat/repos/sigma-lang-web has already been setup.
2025-02-21 00:31:55.904 [info] FolderRepositoryManager+0> Found GitHub pr repo for pr #1: yes
2025-02-21 00:31:55.905 [info] GitHubRepository+0.1> Fetch branch main - enter
2025-02-21 00:31:56.335 [info] GitHubRepository+0.1> Fetch branch main - done: false
2025-02-21 00:31:56.353 [info] Review+0> This PR is no longer valid
2025-02-21 00:31:56.353 [info] Review+0> Unable to resolve PR #1
