2025-03-25 08:35:43.352 [info] Name: isort
2025-03-25 08:35:43.352 [info] Module: isort
2025-03-25 08:35:43.352 [info] Python extension loading
2025-03-25 08:35:43.352 [info] Waiting for interpreter from python extension.
2025-03-25 08:35:43.352 [info] No interpreter found from setting isort.interpreter
2025-03-25 08:35:43.352 [info] Getting interpreter from ms-python.python extension for workspace /home/luna/dotfiles/hypr/.config/hypr
2025-03-25 08:35:43.352 [info] Python extension loaded
2025-03-25 08:35:43.352 [info] Interpreter from ms-python.python extension for /home/luna/dotfiles/hypr/.config/hypr: /bin/python
2025-03-25 08:35:43.352 [info] No interpreter found from setting isort.interpreter
2025-03-25 08:35:43.352 [info] Getting interpreter from ms-python.python extension for workspace /home/luna/dotfiles/hypr/.config/hypr
2025-03-25 08:35:43.352 [info] Interpreter from ms-python.python extension for /home/luna/dotfiles/hypr/.config/hypr: /bin/python
2025-03-25 08:35:43.352 [info] Server run command: /bin/python /home/luna/dotfiles/vscode/.vscode/extensions/ms-python.isort-2023.10.1/bundled/tool/lsp_server.py
2025-03-25 08:35:43.352 [info] Server: Start requested.
2025-03-25 08:35:43.794 [info] CWD Server: /home/luna/dotfiles/hypr/.config/hypr
2025-03-25 08:35:43.794 [info] sys.path used to run Server:
   /home/luna/dotfiles/vscode/.vscode/extensions/ms-python.isort-2023.10.1/bundled/libs
   /home/luna/dotfiles/vscode/.vscode/extensions/ms-python.isort-2023.10.1/bundled/tool
   /usr/lib64/python313.zip
   /usr/lib64/python3.13
   /usr/lib64/python3.13/lib-dynload
   /home/luna/.local/lib/python3.13/site-packages
   /usr/local/lib64/python3.13/site-packages
   /usr/local/lib/python3.13/site-packages
   /usr/lib64/python3.13/site-packages
   /usr/lib/python3.13/site-packages
2025-03-25 08:35:43.794 [info] Settings used to run Server:
[
    {
        "check": false,
        "cwd": "/home/luna/dotfiles/hypr/.config/hypr",
        "workspace": "file:///home/luna/dotfiles/hypr/.config/hypr",
        "args": [],
        "path": [],
        "severity": {
            "W": "Warning",
            "E": "Hint"
        },
        "interpreter": [
            "/bin/python"
        ],
        "importStrategy": "useBundled",
        "showNotifications": "off"
    }
]

2025-03-25 08:35:43.794 [info] Global settings:
{
    "check": false,
    "cwd": "/home/luna/dotfiles/hypr/.config/hypr",
    "workspace": "/home/luna/dotfiles/hypr/.config/hypr",
    "args": [],
    "path": [],
    "severity": {
        "W": "Warning",
        "E": "Hint"
    },
    "interpreter": [],
    "importStrategy": "useBundled",
    "showNotifications": "off"
}

2025-03-25 08:35:43.798 [info] /bin/python -m isort --version-number
2025-03-25 08:35:43.798 [info] CWD Linter: /home/luna/dotfiles/hypr/.config/hypr
2025-03-25 08:35:43.802 [info] Version info for isort running for /home/luna/dotfiles/hypr/.config/hypr:
5.11.5

2025-03-25 08:35:43.803 [info] SUPPORTED isort>=5.10.1
FOUND isort==5.11.5

2025-03-25 08:35:43.806 [info] [Trace - 8:35:43 AM] Sending request 'textDocument/codeAction - (1)'.
2025-03-25 08:35:43.809 [info] [Trace - 8:35:43 AM] Received notification 'textDocument/publishDiagnostics'.
2025-03-25 08:35:43.815 [info] [Trace - 8:35:43 AM] Received response 'textDocument/codeAction - (1)' in 9ms.
2025-03-25 08:35:43.827 [info] [Trace - 8:35:43 AM] Sending request 'textDocument/codeAction - (2)'.
2025-03-25 08:35:43.834 [info] [Trace - 8:35:43 AM] Received response 'textDocument/codeAction - (2)' in 7ms.
2025-03-25 08:35:43.930 [info] [Trace - 8:35:43 AM] Sending notification 'textDocument/didClose'.
2025-03-25 08:35:43.934 [info] [Trace - 8:35:43 AM] Received notification 'textDocument/publishDiagnostics'.
2025-03-25 08:41:30.307 [info] [Trace - 8:41:30 AM] Sending notification 'textDocument/didOpen'.
2025-03-25 08:41:30.348 [info] [Trace - 8:41:30 AM] Sending request 'textDocument/codeAction - (3)'.
2025-03-25 08:41:30.389 [info] [Trace - 8:41:30 AM] Received notification 'textDocument/publishDiagnostics'.
2025-03-25 08:41:30.409 [info] [Trace - 8:41:30 AM] Received response 'textDocument/codeAction - (3)' in 61ms.
2025-03-25 08:41:31.204 [info] [Trace - 8:41:31 AM] Sending request 'textDocument/codeAction - (4)'.
2025-03-25 08:41:31.211 [info] [Trace - 8:41:31 AM] Received response 'textDocument/codeAction - (4)' in 7ms.
2025-03-25 08:41:31.945 [info] [Trace - 8:41:31 AM] Sending notification 'textDocument/didClose'.
2025-03-25 08:41:31.950 [info] [Trace - 8:41:31 AM] Received notification 'textDocument/publishDiagnostics'.
2025-03-25 08:47:13.206 [info] [Trace - 8:47:13 AM] Sending notification 'textDocument/didOpen'.
2025-03-25 08:47:13.219 [info] [Trace - 8:47:13 AM] Sending request 'textDocument/codeAction - (5)'.
2025-03-25 08:47:13.244 [info] [Trace - 8:47:13 AM] Received notification 'textDocument/publishDiagnostics'.
2025-03-25 08:47:13.259 [info] [Trace - 8:47:13 AM] Received response 'textDocument/codeAction - (5)' in 41ms.
2025-03-25 08:47:13.801 [info] [Trace - 8:47:13 AM] Sending request 'textDocument/codeAction - (6)'.
2025-03-25 08:47:13.803 [info] [Trace - 8:47:13 AM] Received response 'textDocument/codeAction - (6)' in 2ms.
2025-03-25 08:47:14.603 [info] [Trace - 8:47:14 AM] Sending notification 'textDocument/didClose'.
2025-03-25 08:47:14.607 [info] [Trace - 8:47:14 AM] Received notification 'textDocument/publishDiagnostics'.
2025-03-25 08:53:44.274 [info] [Trace - 8:53:44 AM] Sending notification 'textDocument/didOpen'.
2025-03-25 08:53:44.278 [info] [Trace - 8:53:44 AM] Sending request 'textDocument/codeAction - (7)'.
2025-03-25 08:53:44.292 [info] [Trace - 8:53:44 AM] Received notification 'textDocument/publishDiagnostics'.
2025-03-25 08:53:44.293 [info] [Trace - 8:53:44 AM] Received response 'textDocument/codeAction - (7)' in 15ms.
2025-03-25 08:53:44.847 [info] [Trace - 8:53:44 AM] Sending notification 'textDocument/didClose'.
2025-03-25 08:53:44.868 [info] [Trace - 8:53:44 AM] Received notification 'textDocument/publishDiagnostics'.
