2025-03-25 08:33:59.239 [info] Reading sessions from keychain...
2025-03-25 08:33:59.239 [info] Getting sessions for all scopes...
2025-03-25 08:33:59.239 [info] Getting sessions for all scopes...
2025-03-25 08:33:59.240 [info] Getting sessions for user:email...
2025-03-25 08:33:59.240 [info] Getting sessions for all scopes...
2025-03-25 08:33:59.240 [info] Getting sessions for all scopes...
2025-03-25 08:33:59.240 [info] Getting sessions for all scopes...
2025-03-25 08:33:59.240 [info] Getting sessions for all scopes...
2025-03-25 08:33:59.240 [info] Getting sessions for all scopes...
2025-03-25 08:33:59.302 [info] Got 0 sessions for ...
2025-03-25 08:33:59.302 [info] Got 0 sessions for ...
2025-03-25 08:33:59.302 [info] Got 0 sessions for user:email...
2025-03-25 08:33:59.302 [info] Got 0 sessions for ...
2025-03-25 08:33:59.302 [info] Got 0 sessions for ...
2025-03-25 08:33:59.302 [info] Got 0 sessions for ...
2025-03-25 08:33:59.302 [info] Got 0 sessions for ...
2025-03-25 08:33:59.302 [info] Got 0 sessions for ...
2025-03-25 08:34:00.301 [info] Getting sessions for read:user,repo,user:email...
2025-03-25 08:34:00.301 [info] Got 0 sessions for read:user,repo,user:email...
2025-03-25 08:34:00.303 [info] Getting sessions for project,read:org,read:user,repo,user:email,workflow...
2025-03-25 08:34:00.303 [info] Got 0 sessions for project,read:org,read:user,repo,user:email,workflow...
2025-03-25 08:34:00.346 [info] Getting sessions for read:user,repo,user:email,workflow...
2025-03-25 08:34:00.346 [info] Got 0 sessions for read:user,repo,user:email,workflow...
2025-03-25 08:34:00.401 [info] Getting sessions for read:user,repo,user:email...
2025-03-25 08:34:00.401 [info] Got 0 sessions for read:user,repo,user:email...
2025-03-25 08:34:00.403 [info] Getting sessions for read:user,repo,user:email...
2025-03-25 08:34:00.403 [info] Got 0 sessions for read:user,repo,user:email...
2025-03-25 08:34:00.409 [info] Getting sessions for read:user,repo,user:email,workflow...
2025-03-25 08:34:00.409 [info] Got 0 sessions for read:user,repo,user:email,workflow...
2025-03-25 08:34:01.208 [info] Getting sessions for all scopes...
2025-03-25 08:34:01.208 [info] Got 0 sessions for ...
