2025-03-24 13:17:35.745 [info] git rev-parse --absolute-git-dir
2025-03-24 13:17:35.762 [info] git rev-parse --absolute-git-dir
2025-03-24 13:17:35.776 [info] git config user.email
2025-03-24 13:17:35.783 [info] git blame -C --incremental -- /home/luna/Downloads/fedora-hyprland/install-scripts/nvidia.sh
2025-03-24 13:17:35.786 [info] Blamed "/home/luna/Downloads/fedora-hyprland/install-scripts/nvidia.sh"
2025-03-24 13:17:39.161 [info] git rev-parse --absolute-git-dir
2025-03-24 13:17:39.169 [info] git rev-parse --absolute-git-dir
2025-03-24 13:17:39.181 [info] git config user.email
2025-03-24 13:17:39.186 [info] git blame -C --incremental -- /home/luna/Downloads/fedora-hyprland/install-scripts/xdph.sh
2025-03-24 13:17:39.190 [info] Blamed "/home/luna/Downloads/fedora-hyprland/install-scripts/xdph.sh"
2025-03-24 13:17:40.240 [info] git rev-parse --absolute-git-dir
2025-03-24 13:17:40.245 [info] git rev-parse --absolute-git-dir
2025-03-24 13:17:40.258 [info] git config user.email
2025-03-24 13:17:40.265 [info] git blame -C --incremental -- /home/luna/Downloads/fedora-hyprland/install-scripts/zsh.sh
2025-03-24 13:17:40.267 [info] Blamed "/home/luna/Downloads/fedora-hyprland/install-scripts/zsh.sh"
2025-03-24 13:17:41.084 [info] git rev-parse --absolute-git-dir
2025-03-24 13:17:41.089 [info] git rev-parse --absolute-git-dir
2025-03-24 13:17:41.099 [info] git config user.email
2025-03-24 13:17:41.104 [info] git blame -C --incremental -- /home/luna/Downloads/fedora-hyprland/install-scripts/zsh_pokemon.sh
2025-03-24 13:17:41.105 [info] Blamed "/home/luna/Downloads/fedora-hyprland/install-scripts/zsh_pokemon.sh"
2025-03-24 13:17:43.054 [info] git rev-parse --absolute-git-dir
2025-03-24 13:17:43.060 [info] git rev-parse --absolute-git-dir
2025-03-24 13:17:43.067 [info] git config user.email
2025-03-24 13:17:43.073 [info] git blame -C --incremental -- /home/luna/Downloads/fedora-hyprland/install-scripts/thunar_default.sh
2025-03-24 13:17:43.075 [info] Blamed "/home/luna/Downloads/fedora-hyprland/install-scripts/thunar_default.sh"
2025-03-24 13:17:43.743 [info] git rev-parse --absolute-git-dir
2025-03-24 13:17:43.756 [info] git rev-parse --absolute-git-dir
2025-03-24 13:17:43.775 [info] git config user.email
2025-03-24 13:17:43.777 [info] git blame -C --incremental -- /home/luna/Downloads/fedora-hyprland/install-scripts/fonts.sh
2025-03-24 13:17:43.779 [info] Blamed "/home/luna/Downloads/fedora-hyprland/install-scripts/fonts.sh"
2025-03-24 13:17:44.405 [info] git rev-parse --absolute-git-dir
2025-03-24 13:17:44.410 [info] git rev-parse --absolute-git-dir
2025-03-24 13:17:44.431 [info] git config user.email
2025-03-24 13:17:44.440 [info] git blame -C --incremental -- /home/luna/Downloads/fedora-hyprland/install-scripts/dotfiles-main.sh
2025-03-24 13:17:44.441 [info] Blamed "/home/luna/Downloads/fedora-hyprland/install-scripts/dotfiles-main.sh"
2025-03-24 13:17:54.841 [info] git rev-parse --absolute-git-dir
2025-03-24 13:17:54.846 [info] git rev-parse --absolute-git-dir
2025-03-24 13:17:54.862 [info] git config user.email
2025-03-24 13:17:54.876 [info] git blame -C --incremental -- /home/luna/Downloads/fedora-hyprland/install-scripts/00-hypr-pkgs.sh
2025-03-24 13:17:54.880 [info] Blamed "/home/luna/Downloads/fedora-hyprland/install-scripts/00-hypr-pkgs.sh"
2025-03-24 13:18:03.569 [info] git rev-parse --absolute-git-dir
2025-03-24 13:18:03.575 [info] git rev-parse --absolute-git-dir
2025-03-24 13:18:03.585 [info] git config user.email
2025-03-24 13:18:03.594 [info] git blame -C --incremental -- /home/luna/Downloads/fedora-hyprland/install-scripts/02-Final-Check.sh
2025-03-24 13:18:03.599 [info] Blamed "/home/luna/Downloads/fedora-hyprland/install-scripts/02-Final-Check.sh"
2025-03-24 13:18:07.250 [info] git rev-parse --absolute-git-dir
2025-03-24 13:18:07.261 [info] git rev-parse --absolute-git-dir
2025-03-24 13:18:07.266 [info] git config user.email
2025-03-24 13:18:07.269 [info] git blame -C --incremental -- /home/luna/Downloads/fedora-hyprland/install-scripts/ags.sh
2025-03-24 13:18:07.273 [info] Blamed "/home/luna/Downloads/fedora-hyprland/install-scripts/ags.sh"
2025-03-24 13:18:10.386 [info] git rev-parse --absolute-git-dir
2025-03-24 13:18:10.401 [info] git rev-parse --absolute-git-dir
2025-03-24 13:18:10.427 [info] git config user.email
2025-03-24 13:18:10.435 [info] git blame -C --incremental -- /home/luna/Downloads/fedora-hyprland/install-scripts/bluetooth.sh
2025-03-24 13:18:10.442 [info] Blamed "/home/luna/Downloads/fedora-hyprland/install-scripts/bluetooth.sh"
2025-03-24 13:18:14.189 [info] git rev-parse --absolute-git-dir
2025-03-24 13:18:14.209 [info] git rev-parse --absolute-git-dir
2025-03-24 13:18:14.225 [info] git config user.email
2025-03-24 13:18:14.227 [info] git blame -C --incremental -- /home/luna/Downloads/fedora-hyprland/install-scripts/InputGroup.sh
2025-03-24 13:18:14.231 [info] Blamed "/home/luna/Downloads/fedora-hyprland/install-scripts/InputGroup.sh"
2025-03-24 13:18:16.583 [info] git rev-parse --absolute-git-dir
2025-03-24 13:18:16.588 [info] git rev-parse --absolute-git-dir
2025-03-24 13:18:16.596 [info] git config user.email
2025-03-24 13:18:16.602 [info] git blame -C --incremental -- /home/luna/Downloads/fedora-hyprland/install-scripts/gtk_themes.sh
2025-03-24 13:18:16.604 [info] Blamed "/home/luna/Downloads/fedora-hyprland/install-scripts/gtk_themes.sh"
2025-03-24 13:18:18.025 [info] git rev-parse --absolute-git-dir
2025-03-24 13:18:18.030 [info] git rev-parse --absolute-git-dir
2025-03-24 13:18:18.064 [info] git config user.email
2025-03-24 13:18:18.076 [info] git blame -C --incremental -- /home/luna/Downloads/fedora-hyprland/install-scripts/hyprland.sh
2025-03-24 13:18:18.083 [info] Blamed "/home/luna/Downloads/fedora-hyprland/install-scripts/hyprland.sh"
2025-03-24 13:18:19.708 [info] git rev-parse --absolute-git-dir
2025-03-24 13:18:19.720 [info] git config user.email
2025-03-24 13:18:19.727 [info] git blame -C --incremental -- /home/luna/Downloads/fedora-hyprland/install-scripts/fonts.sh
2025-03-24 13:18:19.730 [info] Blamed "/home/luna/Downloads/fedora-hyprland/install-scripts/fonts.sh"
2025-03-24 13:18:20.705 [info] git rev-parse --absolute-git-dir
2025-03-24 13:18:20.710 [info] git rev-parse --absolute-git-dir
2025-03-24 13:18:20.718 [info] git config user.email
2025-03-24 13:18:20.723 [info] git blame -C --incremental -- /home/luna/Downloads/fedora-hyprland/install-scripts/Global_functions.sh
2025-03-24 13:18:20.725 [info] Blamed "/home/luna/Downloads/fedora-hyprland/install-scripts/Global_functions.sh"
2025-03-24 13:18:27.193 [info] git rev-parse --absolute-git-dir
2025-03-24 13:18:27.211 [info] git config user.email
2025-03-24 13:18:27.216 [info] git blame -C --incremental -- /home/luna/Downloads/fedora-hyprland/install-scripts/xdph.sh
2025-03-24 13:18:27.217 [info] Blamed "/home/luna/Downloads/fedora-hyprland/install-scripts/xdph.sh"
2025-03-24 13:18:31.921 [info] git rev-parse --absolute-git-dir
2025-03-24 13:18:31.933 [info] git rev-parse --absolute-git-dir
2025-03-24 13:18:31.954 [info] git config user.email
2025-03-24 13:18:31.962 [info] git blame -C --incremental -- /home/luna/Downloads/fedora-hyprland/install.sh
2025-03-24 13:18:31.965 [info] Blamed "/home/luna/Downloads/fedora-hyprland/install.sh"
2025-03-24 13:20:22.483 [info] git rev-parse --absolute-git-dir
2025-03-24 13:20:22.497 [info] git config user.email
2025-03-24 13:20:22.503 [info] git blame -C --incremental -- /home/luna/Downloads/fedora-hyprland/install-scripts/xdph.sh
2025-03-24 13:20:22.505 [info] Blamed "/home/luna/Downloads/fedora-hyprland/install-scripts/xdph.sh"
2025-03-24 13:21:06.239 [info] git rev-parse --absolute-git-dir
2025-03-24 13:21:06.255 [info] git config user.email
2025-03-24 13:21:06.268 [info] git blame -C --incremental -- /home/luna/Downloads/fedora-hyprland/install.sh
2025-03-24 13:21:06.276 [info] Blamed "/home/luna/Downloads/fedora-hyprland/install.sh"
