2025-02-20 17:18:22.613 [info] Reading sessions from keychain...
2025-02-20 17:18:22.613 [info] Getting sessions for all scopes...
2025-02-20 17:18:22.613 [info] Getting sessions for all scopes...
2025-02-20 17:18:22.613 [info] Getting sessions for all scopes...
2025-02-20 17:18:22.613 [info] Getting sessions for all scopes...
2025-02-20 17:18:22.613 [info] Getting sessions for all scopes...
2025-02-20 17:18:22.613 [info] Getting sessions for all scopes...
2025-02-20 17:18:22.613 [info] Getting sessions for all scopes...
2025-02-20 17:18:22.613 [info] Got stored sessions!
2025-02-20 17:18:22.613 [info] Got 1 verified sessions.
2025-02-20 17:18:22.613 [info] Got 1 sessions for ...
2025-02-20 17:18:22.613 [info] Got 1 sessions for ...
2025-02-20 17:18:22.613 [info] Got 1 sessions for ...
2025-02-20 17:18:22.613 [info] Got 1 sessions for ...
2025-02-20 17:18:22.613 [info] Got 1 sessions for ...
2025-02-20 17:18:22.613 [info] Got 1 sessions for ...
2025-02-20 17:18:22.613 [info] Got 1 sessions for ...
2025-02-20 17:18:23.647 [info] Getting sessions for read:user,repo,user:email...
2025-02-20 17:18:23.647 [info] Got 0 sessions for read:user,repo,user:email...
2025-02-20 17:18:23.647 [info] Getting sessions for read:user,repo,user:email,workflow...
2025-02-20 17:18:23.647 [info] Got 1 sessions for read:user,repo,user:email,workflow...
2025-02-20 17:18:23.647 [info] Getting sessions for all scopes...
2025-02-20 17:18:23.647 [info] Got 1 sessions for ...
2025-02-20 17:18:23.647 [info] Getting sessions for all scopes...
2025-02-20 17:18:23.647 [info] Got 1 sessions for ...
2025-02-20 17:18:23.681 [info] Getting sessions for project,read:org,read:user,repo,user:email,workflow...
2025-02-20 17:18:23.681 [info] Got 0 sessions for project,read:org,read:user,repo,user:email,workflow...
2025-02-20 17:18:23.697 [info] Getting sessions for read:user,repo,user:email,workflow...
2025-02-20 17:18:23.697 [info] Got 1 sessions for read:user,repo,user:email,workflow...
2025-02-20 17:18:23.698 [info] Getting sessions for read:user,repo,user:email,workflow...
2025-02-20 17:18:23.698 [info] Got 1 sessions for read:user,repo,user:email,workflow...
2025-02-20 17:18:24.445 [info] Getting sessions for all scopes...
2025-02-20 17:18:24.445 [info] Got 1 sessions for ...
2025-02-20 17:18:24.457 [info] Getting sessions for all scopes...
2025-02-20 17:18:24.457 [info] Got 1 sessions for ...
2025-02-20 17:18:24.539 [info] Getting sessions for read:user,repo,user:email,workflow...
2025-02-20 17:18:24.539 [info] Got 1 sessions for read:user,repo,user:email,workflow...
2025-02-20 17:18:24.547 [info] Getting sessions for all scopes...
2025-02-20 17:18:24.547 [info] Got 1 sessions for ...
2025-02-20 17:18:24.549 [info] Getting sessions for read:user,repo,user:email,workflow...
2025-02-20 17:18:24.549 [info] Got 1 sessions for read:user,repo,user:email,workflow...
2025-02-20 17:18:25.431 [info] Getting sessions for all scopes...
2025-02-20 17:18:25.431 [info] Got 1 sessions for ...
2025-02-20 17:18:25.432 [info] Getting sessions for all scopes...
2025-02-20 17:18:25.432 [info] Got 1 sessions for ...
2025-02-20 17:18:25.450 [info] Getting sessions for read:user,repo,user:email,workflow...
2025-02-20 17:18:25.450 [info] Got 1 sessions for read:user,repo,user:email,workflow...
2025-02-20 17:18:25.454 [info] Getting sessions for all scopes...
2025-02-20 17:18:25.454 [info] Got 1 sessions for ...
2025-02-20 17:18:25.455 [info] Getting sessions for read:user,repo,user:email,workflow...
2025-02-20 17:18:25.455 [info] Got 1 sessions for read:user,repo,user:email,workflow...
2025-02-20 17:18:25.524 [info] Getting sessions for all scopes...
2025-02-20 17:18:25.524 [info] Got 1 sessions for ...
2025-02-20 17:18:25.526 [info] Getting sessions for read:user,repo,user:email,workflow...
2025-02-20 17:18:25.526 [info] Got 1 sessions for read:user,repo,user:email,workflow...
2025-02-20 17:18:26.831 [info] Getting sessions for all scopes...
2025-02-20 17:18:26.831 [info] Got 1 sessions for ...
2025-02-20 17:18:26.832 [info] Getting sessions for read:user,repo,user:email,workflow...
2025-02-20 17:18:26.832 [info] Got 1 sessions for read:user,repo,user:email,workflow...
