2025-02-20 17:18:31.789 [info] [main] Log level: Info
2025-02-20 17:18:31.789 [info] [main] Validating found git in: "git"
2025-02-20 17:18:31.789 [info] [main] Using git "2.48.1" from "git"
2025-02-20 17:18:31.789 [info] [Model][doInitialScan] Initial repository scan started
2025-02-20 17:18:31.789 [info] [Model][doInitialScan] Initial repository scan completed - repositories (0), closed repositories (0), parent repositories (0), unsafe repositories (0)
2025-02-20 17:18:48.755 [info] [main] Log level: Info
2025-02-20 17:18:48.755 [info] [main] Validating found git in: "git"
2025-02-20 17:18:48.755 [info] [main] Using git "2.48.1" from "git"
2025-02-20 17:18:48.755 [info] [Model][doInitialScan] Initial repository scan started
2025-02-20 17:18:48.755 [info] > git rev-parse --show-toplevel [398ms]
2025-02-20 17:18:48.785 [info] > git rev-parse --git-dir --git-common-dir [19ms]
2025-02-20 17:18:48.792 [info] [Model][openRepository] Opened repository: /home/nat/repos/sigma-lang-web
2025-02-20 17:18:48.845 [info] > git rev-parse --show-toplevel [44ms]
2025-02-20 17:18:48.845 [info] > git config --get commit.template [48ms]
2025-02-20 17:18:48.882 [info] > git rev-parse --show-toplevel [15ms]
2025-02-20 17:18:48.883 [info] [Model][doInitialScan] Initial repository scan completed - repositories (1), closed repositories (0), parent repositories (0), unsafe repositories (0)
2025-02-20 17:18:48.886 [info] > git for-each-ref --format=%(refname)%00%(upstream:short)%00%(objectname)%00%(upstream:track)%00%(upstream:remotename)%00%(upstream:remoteref) refs/heads/main refs/remotes/main [8ms]
2025-02-20 17:18:49.745 [info] > git status -z -uall [806ms]
2025-02-20 17:18:49.745 [info] > git for-each-ref --sort -committerdate --format %(refname) %(objectname) %(*objectname) [800ms]
2025-02-20 17:18:49.781 [info] > git check-ignore -v -z --stdin [17ms]
2025-02-20 17:18:49.787 [info] > git for-each-ref --format=%(refname)%00%(upstream:short)%00%(objectname)%00%(upstream:track)%00%(upstream:remotename)%00%(upstream:remoteref) refs/heads/main refs/remotes/main [27ms]
2025-02-20 17:18:49.810 [info] > git config --get --local branch.main.vscode-merge-base [20ms]
2025-02-20 17:18:49.813 [info] > git config --get commit.template [34ms]
2025-02-20 17:18:49.818 [info] > git for-each-ref --format=%(refname)%00%(upstream:short)%00%(objectname)%00%(upstream:track)%00%(upstream:remotename)%00%(upstream:remoteref) refs/heads/origin/main refs/remotes/origin/main [6ms]
2025-02-20 17:18:49.840 [info] > git merge-base refs/heads/main refs/remotes/origin/main [19ms]
2025-02-20 17:18:49.848 [info] > git diff --name-status -z --diff-filter=ADMR 189b38f256d009ac2bba6176aef9e1d6ac632ff5...refs/remotes/origin/main [5ms]
2025-02-20 17:18:49.848 [info] > git for-each-ref --format=%(refname)%00%(upstream:short)%00%(objectname)%00%(upstream:track)%00%(upstream:remotename)%00%(upstream:remoteref) refs/heads/main refs/remotes/main [22ms]
2025-02-20 17:18:49.890 [info] > git show --textconv :app.py [36ms]
2025-02-20 17:18:49.890 [info] > git ls-files --stage -- /home/nat/repos/sigma-lang-web/app.py [33ms]
2025-02-20 17:18:49.926 [info] > git cat-file -s 2ea500312757613090408f88932cbba9d9bf1103 [33ms]
2025-02-20 17:18:49.926 [info] > git log --format=%H%n%aN%n%aE%n%at%n%ct%n%P%n%D%n%B -z --shortstat --diff-merges=first-parent -n50 --skip=0 --topo-order --decorate=full --stdin [63ms]
2025-02-20 17:18:49.981 [info] > git status -z -uall [7ms]
2025-02-20 17:18:49.992 [info] > git for-each-ref --sort -committerdate --format %(refname) %(objectname) %(*objectname) [15ms]
2025-02-20 17:18:50.068 [info] > git blame --root --incremental 189b38f256d009ac2bba6176aef9e1d6ac632ff5 -- /home/nat/repos/sigma-lang-web/app.py [1ms]
2025-02-20 17:18:50.520 [info] > git config --get --local branch.main.github-pr-owner-number [54ms]
2025-02-20 17:18:50.520 [warning] [Git][config] git config failed: Failed to execute git
2025-02-20 17:18:51.317 [info] > git ls-files --stage -- /home/nat/repos/sigma-lang-web/app.py [8ms]
2025-02-20 17:18:51.325 [info] > git config --add --local branch.main.github-pr-owner-number dimini171#sigma-lang-web#1 [9ms]
2025-02-20 17:18:51.331 [info] > git cat-file -s 2ea500312757613090408f88932cbba9d9bf1103 [9ms]
2025-02-20 17:18:51.334 [info] > git config --get commit.template [3ms]
2025-02-20 17:18:51.341 [info] > git for-each-ref --format=%(refname)%00%(upstream:short)%00%(objectname)%00%(upstream:track)%00%(upstream:remotename)%00%(upstream:remoteref) refs/heads/main refs/remotes/main [1ms]
2025-02-20 17:18:51.355 [info] > git status -z -uall [4ms]
2025-02-20 17:18:51.360 [info] > git show --textconv :app.py [1ms]
2025-02-20 17:18:51.360 [info] > git for-each-ref --sort -committerdate --format %(refname) %(objectname) %(*objectname) [5ms]
2025-02-20 17:18:52.530 [info] > git ls-files --stage -- /home/nat/repos/sigma-lang-web/app.py [1ms]
2025-02-20 17:18:52.533 [info] > git cat-file -s 2ea500312757613090408f88932cbba9d9bf1103 [1ms]
2025-02-20 17:18:52.544 [info] > git show --textconv :app.py [2ms]
2025-02-20 17:18:52.767 [info] > git fetch [2768ms]
2025-02-20 17:18:52.775 [info] > git config --get commit.template [0ms]
2025-02-20 17:18:52.784 [info] > git for-each-ref --format=%(refname)%00%(upstream:short)%00%(objectname)%00%(upstream:track)%00%(upstream:remotename)%00%(upstream:remoteref) refs/heads/main refs/remotes/main [1ms]
2025-02-20 17:18:52.793 [info] > git status -z -uall [6ms]
2025-02-20 17:18:52.795 [info] > git for-each-ref --sort -committerdate --format %(refname) %(objectname) %(*objectname) [2ms]
2025-02-20 17:18:54.114 [info] > git config --get commit.template [1ms]
2025-02-20 17:18:54.121 [info] > git for-each-ref --format=%(refname)%00%(upstream:short)%00%(objectname)%00%(upstream:track)%00%(upstream:remotename)%00%(upstream:remoteref) refs/heads/main refs/remotes/main [1ms]
2025-02-20 17:18:54.136 [info] > git status -z -uall [8ms]
2025-02-20 17:18:54.136 [info] > git for-each-ref --sort -committerdate --format %(refname) %(objectname) %(*objectname) [1ms]
2025-02-20 17:18:54.215 [info] > git ls-files --stage -- /home/nat/repos/sigma-lang-web/app.py [0ms]
2025-02-20 17:18:54.221 [info] > git cat-file -s 2ea500312757613090408f88932cbba9d9bf1103 [0ms]
2025-02-20 17:18:54.229 [info] > git show --textconv :app.py [1ms]
2025-02-20 17:18:56.709 [info] > git ls-files --stage -- /home/nat/repos/sigma-lang-web/app.py [1ms]
2025-02-20 17:18:56.715 [info] > git cat-file -s 2ea500312757613090408f88932cbba9d9bf1103 [0ms]
2025-02-20 17:18:56.724 [info] > git show --textconv :app.py [1ms]
2025-02-20 17:18:59.148 [info] > git config --get commit.template [0ms]
2025-02-20 17:18:59.157 [info] > git for-each-ref --format=%(refname)%00%(upstream:short)%00%(objectname)%00%(upstream:track)%00%(upstream:remotename)%00%(upstream:remoteref) refs/heads/main refs/remotes/main [1ms]
2025-02-20 17:18:59.173 [info] > git status -z -uall [7ms]
2025-02-20 17:18:59.174 [info] > git for-each-ref --sort -committerdate --format %(refname) %(objectname) %(*objectname) [1ms]
2025-02-20 17:22:45.682 [info] > git ls-files --stage -- /home/nat/repos/sigma-lang-web/app.py [0ms]
2025-02-20 17:22:45.691 [info] > git cat-file -s 2ea500312757613090408f88932cbba9d9bf1103 [1ms]
2025-02-20 17:22:45.735 [info] > git show --textconv :app.py [1ms]
2025-02-20 17:22:47.336 [info] > git fetch [2852ms]
2025-02-20 17:22:47.361 [info] > git for-each-ref --format=%(refname)%00%(upstream:short)%00%(objectname)%00%(upstream:track)%00%(upstream:remotename)%00%(upstream:remoteref) refs/heads/main refs/remotes/main [1ms]
2025-02-20 17:22:47.362 [info] > git config --get commit.template [8ms]
2025-02-20 17:22:47.416 [info] > git status -z -uall [27ms]
2025-02-20 17:22:47.417 [info] > git for-each-ref --sort -committerdate --format %(refname) %(objectname) %(*objectname) [1ms]
2025-02-20 17:22:48.316 [info] > git ls-files --stage -- /home/nat/repos/sigma-lang-web/app.py [2ms]
2025-02-20 17:22:48.324 [info] > git cat-file -s 2ea500312757613090408f88932cbba9d9bf1103 [2ms]
2025-02-20 17:22:48.332 [info] > git show --textconv :app.py [2ms]
2025-02-20 17:24:29.619 [info] > git config --get commit.template [2ms]
2025-02-20 17:24:29.624 [info] > git for-each-ref --format=%(refname)%00%(upstream:short)%00%(objectname)%00%(upstream:track)%00%(upstream:remotename)%00%(upstream:remoteref) refs/heads/main refs/remotes/main [2ms]
2025-02-20 17:24:29.631 [info] > git status -z -uall [4ms]
2025-02-20 17:24:29.632 [info] > git for-each-ref --sort -committerdate --format %(refname) %(objectname) %(*objectname) [2ms]
2025-02-20 17:24:30.327 [info] > git check-ignore -v -z --stdin [1ms]
2025-02-20 17:24:34.655 [info] > git config --get commit.template [8ms]
2025-02-20 17:24:34.655 [info] > git for-each-ref --format=%(refname)%00%(upstream:short)%00%(objectname)%00%(upstream:track)%00%(upstream:remotename)%00%(upstream:remoteref) refs/heads/main refs/remotes/main [1ms]
2025-02-20 17:24:34.670 [info] > git status -z -uall [7ms]
2025-02-20 17:24:34.671 [info] > git for-each-ref --sort -committerdate --format %(refname) %(objectname) %(*objectname) [1ms]
2025-02-20 17:25:50.076 [info] > git fetch [2641ms]
2025-02-20 17:25:50.083 [info] > git config --get commit.template [0ms]
2025-02-20 17:25:50.090 [info] > git for-each-ref --format=%(refname)%00%(upstream:short)%00%(objectname)%00%(upstream:track)%00%(upstream:remotename)%00%(upstream:remoteref) refs/heads/main refs/remotes/main [1ms]
2025-02-20 17:25:50.103 [info] > git status -z -uall [7ms]
2025-02-20 17:25:50.104 [info] > git for-each-ref --sort -committerdate --format %(refname) %(objectname) %(*objectname) [2ms]
2025-02-20 17:26:29.794 [info] > git log --format=%H%n%aN%n%aE%n%at%n%ct%n%P%n%D%n%B -z -n32 -- /home/nat/repos/sigma-lang-web/app.py [4ms]
2025-02-20 17:26:29.802 [info] > git diff --name-status -z --diff-filter=ADMR 52be368360091986c4325797a595bf40ba9caa1b...29303c3707dc05256a130c2e3285beb9ae4f6188 [2ms]
2025-02-20 17:26:29.956 [info] > git diff --name-status -z --diff-filter=ADMR cb782f99b97d3f8c5a95893cc569ab413bd9c3dc...52be368360091986c4325797a595bf40ba9caa1b [6ms]
2025-02-20 17:26:29.983 [info] > git show --textconv :app.py [7ms]
2025-02-20 17:26:29.992 [info] > git ls-files --stage -- /home/nat/repos/sigma-lang-web/app.py [10ms]
2025-02-20 17:26:30.001 [info] > git cat-file -s 2ea500312757613090408f88932cbba9d9bf1103 [2ms]
2025-02-20 17:28:51.311 [info] > git ls-files --stage -- /home/nat/repos/sigma-lang-web/app.py [0ms]
2025-02-20 17:28:51.318 [info] > git cat-file -s 2ea500312757613090408f88932cbba9d9bf1103 [1ms]
2025-02-20 17:28:51.327 [info] > git show --textconv :app.py [0ms]
2025-02-20 17:28:52.762 [info] > git fetch [2644ms]
2025-02-20 17:28:52.770 [info] > git config --get commit.template [1ms]
2025-02-20 17:28:52.777 [info] > git for-each-ref --format=%(refname)%00%(upstream:short)%00%(objectname)%00%(upstream:track)%00%(upstream:remotename)%00%(upstream:remoteref) refs/heads/main refs/remotes/main [0ms]
2025-02-20 17:28:52.792 [info] > git status -z -uall [8ms]
2025-02-20 17:28:52.793 [info] > git for-each-ref --sort -committerdate --format %(refname) %(objectname) %(*objectname) [2ms]
2025-02-20 17:28:53.722 [info] > git ls-files --stage -- /home/nat/repos/sigma-lang-web/app.py [0ms]
2025-02-20 17:28:53.730 [info] > git cat-file -s 2ea500312757613090408f88932cbba9d9bf1103 [1ms]
2025-02-20 17:28:53.740 [info] > git show --textconv :app.py [1ms]
2025-02-20 17:29:24.894 [info] > git log --format=%H%n%aN%n%aE%n%at%n%ct%n%P%n%D%n%B -z --shortstat --diff-merges=first-parent -n50 --skip=0 --topo-order --decorate=full --stdin [7ms]
2025-02-20 17:29:37.739 [info] > git log --format=%H%n%aN%n%aE%n%at%n%ct%n%P%n%D%n%B -z --shortstat --diff-merges=first-parent -n50 --skip=0 --topo-order --decorate=full --stdin [2ms]
2025-02-20 17:29:43.054 [info] > git check-ignore -v -z --stdin [5ms]
2025-02-20 17:29:44.412 [info] > git log --format=%H%n%aN%n%aE%n%at%n%ct%n%P%n%D%n%B -z --shortstat --diff-merges=first-parent -n50 --skip=0 --topo-order --decorate=full --stdin [5ms]
2025-02-20 17:31:55.544 [info] > git fetch [2739ms]
2025-02-20 17:31:55.559 [info] > git config --get commit.template [2ms]
2025-02-20 17:31:55.571 [info] > git for-each-ref --format=%(refname)%00%(upstream:short)%00%(objectname)%00%(upstream:track)%00%(upstream:remotename)%00%(upstream:remoteref) refs/heads/main refs/remotes/main [5ms]
2025-02-20 17:31:55.590 [info] > git status -z -uall [8ms]
2025-02-20 17:31:55.591 [info] > git for-each-ref --sort -committerdate --format %(refname) %(objectname) %(*objectname) [1ms]
2025-02-20 17:36:18.149 [info] > git fetch [2712ms]
2025-02-20 17:36:18.158 [info] > git config --get commit.template [0ms]
2025-02-20 17:36:18.169 [info] > git for-each-ref --format=%(refname)%00%(upstream:short)%00%(objectname)%00%(upstream:track)%00%(upstream:remotename)%00%(upstream:remoteref) refs/heads/main refs/remotes/main [1ms]
2025-02-20 17:36:18.186 [info] > git status -z -uall [11ms]
2025-02-20 17:36:18.187 [info] > git for-each-ref --sort -committerdate --format %(refname) %(objectname) %(*objectname) [2ms]
2025-02-20 17:39:20.924 [info] > git fetch [2721ms]
2025-02-20 17:39:20.937 [info] > git config --get commit.template [6ms]
2025-02-20 17:39:20.938 [info] > git for-each-ref --format=%(refname)%00%(upstream:short)%00%(objectname)%00%(upstream:track)%00%(upstream:remotename)%00%(upstream:remoteref) refs/heads/main refs/remotes/main [1ms]
2025-02-20 17:39:20.951 [info] > git status -z -uall [6ms]
2025-02-20 17:39:20.952 [info] > git for-each-ref --sort -committerdate --format %(refname) %(objectname) %(*objectname) [1ms]
2025-02-20 17:42:23.708 [info] > git fetch [2743ms]
2025-02-20 17:42:23.716 [info] > git config --get commit.template [1ms]
2025-02-20 17:42:23.723 [info] > git for-each-ref --format=%(refname)%00%(upstream:short)%00%(objectname)%00%(upstream:track)%00%(upstream:remotename)%00%(upstream:remoteref) refs/heads/main refs/remotes/main [1ms]
2025-02-20 17:42:23.740 [info] > git status -z -uall [9ms]
2025-02-20 17:42:23.741 [info] > git for-each-ref --sort -committerdate --format %(refname) %(objectname) %(*objectname) [2ms]
2025-02-20 17:44:35.687 [info] > git log --format=%H%n%aN%n%aE%n%at%n%ct%n%P%n%D%n%B -z -n32 -- /home/nat/repos/sigma-lang-web/app.py [6ms]
2025-02-20 17:44:35.831 [info] > git show --textconv :app.py [31ms]
2025-02-20 17:44:35.832 [info] > git ls-files --stage -- /home/nat/repos/sigma-lang-web/app.py [2ms]
2025-02-20 17:44:35.840 [info] > git cat-file -s 2ea500312757613090408f88932cbba9d9bf1103 [2ms]
2025-02-20 17:44:45.415 [info] > git log --format=%H%n%aN%n%aE%n%at%n%ct%n%P%n%D%n%B -z -n32 -- /home/nat/repos/sigma-lang-web/app.py [2ms]
2025-02-20 17:45:52.269 [info] > git ls-files --stage -- /home/nat/repos/sigma-lang-web/app.py [2ms]
2025-02-20 17:45:52.279 [info] > git cat-file -s 2ea500312757613090408f88932cbba9d9bf1103 [1ms]
2025-02-20 17:45:52.287 [info] > git show --textconv :app.py [1ms]
2025-02-20 17:45:53.720 [info] > git fetch [2652ms]
2025-02-20 17:45:53.737 [info] > git config --get commit.template [1ms]
2025-02-20 17:45:53.745 [info] > git for-each-ref --format=%(refname)%00%(upstream:short)%00%(objectname)%00%(upstream:track)%00%(upstream:remotename)%00%(upstream:remoteref) refs/heads/main refs/remotes/main [2ms]
2025-02-20 17:45:53.759 [info] > git status -z -uall [7ms]
2025-02-20 17:45:53.760 [info] > git for-each-ref --sort -committerdate --format %(refname) %(objectname) %(*objectname) [1ms]
2025-02-20 17:45:54.677 [info] > git ls-files --stage -- /home/nat/repos/sigma-lang-web/app.py [0ms]
2025-02-20 17:45:54.684 [info] > git cat-file -s 2ea500312757613090408f88932cbba9d9bf1103 [0ms]
2025-02-20 17:45:54.692 [info] > git show --textconv :app.py [1ms]
2025-02-20 17:46:17.467 [info] > git config --get commit.template [0ms]
2025-02-20 17:46:17.475 [info] > git for-each-ref --format=%(refname)%00%(upstream:short)%00%(objectname)%00%(upstream:track)%00%(upstream:remotename)%00%(upstream:remoteref) refs/heads/main refs/remotes/main [3ms]
2025-02-20 17:46:17.488 [info] > git status -z -uall [7ms]
2025-02-20 17:46:17.489 [info] > git for-each-ref --sort -committerdate --format %(refname) %(objectname) %(*objectname) [2ms]
2025-02-20 17:46:31.181 [info] > git config --get commit.template [9ms]
2025-02-20 17:46:31.181 [info] > git for-each-ref --format=%(refname)%00%(upstream:short)%00%(objectname)%00%(upstream:track)%00%(upstream:remotename)%00%(upstream:remoteref) refs/heads/main refs/remotes/main [3ms]
2025-02-20 17:46:31.196 [info] > git status -z -uall [8ms]
2025-02-20 17:46:31.197 [info] > git for-each-ref --sort -committerdate --format %(refname) %(objectname) %(*objectname) [1ms]
2025-02-20 17:46:40.082 [info] > git config --get commit.template [1ms]
2025-02-20 17:46:40.091 [info] > git for-each-ref --format=%(refname)%00%(upstream:short)%00%(objectname)%00%(upstream:track)%00%(upstream:remotename)%00%(upstream:remoteref) refs/heads/main refs/remotes/main [1ms]
2025-02-20 17:46:40.110 [info] > git status -z -uall [7ms]
2025-02-20 17:46:40.111 [info] > git for-each-ref --sort -committerdate --format %(refname) %(objectname) %(*objectname) [2ms]
2025-02-20 17:46:42.533 [info] > git check-ignore -v -z --stdin [1ms]
2025-02-20 17:46:44.804 [info] > git log --format=%H%n%aN%n%aE%n%at%n%ct%n%P%n%D%n%B -z -n51 --shortstat --follow -- /home/nat/repos/sigma-lang-web/app.py [1ms]
2025-02-20 17:46:44.812 [info] > git hash-object -t tree /dev/null [1ms]
2025-02-20 17:46:44.832 [info] > git log --format=%H%n%aN%n%aE%n%at%n%ct%n%P%n%D%n%B -z --shortstat --diff-merges=first-parent -n50 --skip=0 --topo-order --decorate=full --stdin [5ms]
2025-02-20 17:46:54.194 [info] > git log --format=%H%n%aN%n%aE%n%at%n%ct%n%P%n%D%n%B -z --shortstat --diff-merges=first-parent -n50 --skip=0 --topo-order --decorate=full --stdin [3ms]
2025-02-20 17:47:09.798 [info] > git log --format=%H%n%aN%n%aE%n%at%n%ct%n%P%n%D%n%B -z --shortstat --diff-merges=first-parent -n50 --skip=0 --topo-order --decorate=full --stdin [4ms]
2025-02-20 17:47:14.393 [info] > git log --format=%H%n%aN%n%aE%n%at%n%ct%n%P%n%D%n%B -z --shortstat --diff-merges=first-parent -n50 --skip=0 --topo-order --decorate=full --stdin [2ms]
