2025-03-25 09:23:42.315 [info] Extension host with pid 27282 started
2025-03-25 09:23:42.315 [info] Skipping acquiring lock for /home/luna/.config/Code/User/workspaceStorage/34645b356900c1c4a032297f33112df9.
2025-03-25 09:23:42.649 [info] ExtensionService#_doActivateExtension vscode.github-authentication, startup: false, activationEvent: 'onAuthenticationRequest:github'
2025-03-25 09:23:42.678 [info] ExtensionService#_doActivateExtension vscode.emmet, startup: false, activationEvent: 'onLanguage'
2025-03-25 09:23:42.710 [info] ExtensionService#_doActivateExtension mads-hartmann.bash-ide-vscode, startup: false, activationEvent: 'onLanguage:shellscript'
2025-03-25 09:23:43.258 [info] ExtensionService#_doActivateExtension vscode.git-base, startup: true, activationEvent: '*', root cause: vscode.git
2025-03-25 09:23:43.264 [info] ExtensionService#_doActivateExtension christian-kohler.path-intellisense, startup: true, activationEvent: '*'
2025-03-25 09:23:43.287 [info] ExtensionService#_doActivateExtension mhutchie.git-graph, startup: true, activationEvent: '*'
2025-03-25 09:23:43.305 [info] ExtensionService#_doActivateExtension nhoizey.gremlins, startup: true, activationEvent: '*'
2025-03-25 09:23:43.307 [info] ExtensionService#_doActivateExtension oderwat.indent-rainbow, startup: true, activationEvent: '*'
2025-03-25 09:23:43.310 [info] ExtensionService#_doActivateExtension WakaTime.vscode-wakatime, startup: true, activationEvent: '*'
2025-03-25 09:23:43.347 [info] ExtensionService#_doActivateExtension wayou.vscode-todo-highlight, startup: true, activationEvent: '*'
2025-03-25 09:23:43.403 [info] ExtensionService#_doActivateExtension vscode.git, startup: true, activationEvent: '*'
2025-03-25 09:23:43.443 [info] ExtensionService#_doActivateExtension vscode.github, startup: true, activationEvent: '*'
2025-03-25 09:23:43.508 [info] Eager extensions activated
2025-03-25 09:23:43.531 [info] ExtensionService#_doActivateExtension vscode.debug-auto-launch, startup: false, activationEvent: 'onStartupFinished'
2025-03-25 09:23:43.533 [info] ExtensionService#_doActivateExtension vscode.merge-conflict, startup: false, activationEvent: 'onStartupFinished'
2025-03-25 09:23:43.548 [info] ExtensionService#_doActivateExtension aaron-bond.better-comments, startup: false, activationEvent: 'onStartupFinished'
2025-03-25 09:23:43.554 [info] ExtensionService#_doActivateExtension alefragnani.project-manager, startup: false, activationEvent: 'onStartupFinished'
2025-03-25 09:23:43.562 [info] ExtensionService#_doActivateExtension eamodio.gitlens, startup: false, activationEvent: 'onStartupFinished'
2025-03-25 09:23:43.647 [info] ExtensionService#_doActivateExtension ecmel.vscode-html-css, startup: false, activationEvent: 'onStartupFinished'
2025-03-25 09:23:43.650 [info] ExtensionService#_doActivateExtension esbenp.prettier-vscode, startup: false, activationEvent: 'onStartupFinished'
2025-03-25 09:23:43.696 [info] ExtensionService#_doActivateExtension felipecaputo.git-project-manager, startup: false, activationEvent: 'onStartupFinished'
2025-03-25 09:23:43.709 [info] ExtensionService#_doActivateExtension formulahendry.code-runner, startup: false, activationEvent: 'onStartupFinished'
2025-03-25 09:23:43.718 [info] ExtensionService#_doActivateExtension GitHub.vscode-pull-request-github, startup: false, activationEvent: 'onStartupFinished'
2025-03-25 09:23:43.777 [info] ExtensionService#_doActivateExtension Gruntfuggly.todo-tree, startup: false, activationEvent: 'onStartupFinished'
2025-03-25 09:23:43.803 [info] ExtensionService#_doActivateExtension kuba-p.theme-pink-candy, startup: false, activationEvent: 'onStartupFinished'
2025-03-25 09:23:43.807 [info] ExtensionService#_doActivateExtension mkxml.vscode-filesize, startup: false, activationEvent: 'onStartupFinished'
2025-03-25 09:23:43.809 [info] ExtensionService#_doActivateExtension ms-dotnettools.vscode-dotnet-runtime, startup: false, activationEvent: 'onStartupFinished'
2025-03-25 09:23:43.855 [info] ExtensionService#_doActivateExtension ms-vscode-remote.remote-containers, startup: false, activationEvent: 'onStartupFinished'
2025-03-25 09:23:43.969 [info] ExtensionService#_doActivateExtension PKief.material-icon-theme, startup: false, activationEvent: 'onStartupFinished'
2025-03-25 09:23:43.976 [info] ExtensionService#_doActivateExtension tonybaloney.vscode-pets, startup: false, activationEvent: 'onStartupFinished'
2025-03-25 09:23:43.989 [info] ExtensionService#_doActivateExtension unthrottled.doki-theme, startup: false, activationEvent: 'onStartupFinished'
2025-03-25 09:23:43.995 [info] ExtensionService#_doActivateExtension usernamehw.errorlens, startup: false, activationEvent: 'onStartupFinished'
2025-03-25 09:23:43.999 [info] ExtensionService#_doActivateExtension waderyan.gitblame, startup: false, activationEvent: 'onStartupFinished'
2025-03-25 09:24:59.690 [warning] TextEditor is closed/disposed
2025-03-25 09:25:03.914 [warning] TextEditor is closed/disposed
2025-03-25 09:26:18.704 [info] ExtensionService#_doActivateExtension vscode.npm, startup: false, activationEvent: 'onTerminalQuickFixRequest:ms-vscode.npm-command'
2025-03-25 09:35:10.641 [warning] TextEditor is closed/disposed
2025-03-25 09:39:19.227 [warning] TextEditor is closed/disposed
2025-03-25 10:53:42.700 [info] Extension host terminating: renderer closed the MessagePort
2025-03-25 10:53:42.786 [error] An error occurred when disposing the subscriptions for extension 'eamodio.gitlens':
2025-03-25 10:53:42.794 [error] TypeError: Cannot read properties of undefined (reading 'dispose')
	at Object.dispose (file:///usr/share/code/resources/app/out/vs/workbench/api/node/extensionHostProcess.js:135:120822)
	at cv.<anonymous> (file:///usr/share/code/resources/app/out/vs/workbench/api/node/extensionHostProcess.js:106:20084)
	at cv.dispose (file:///usr/share/code/resources/app/out/vs/workbench/api/node/extensionHostProcess.js:106:20180)
	at Object.dispose (/home/luna/dotfiles/vscode/.vscode/extensions/eamodio.gitlens-16.3.3/dist/gitlens.js:1154:126443)
	at /home/luna/dotfiles/vscode/.vscode/extensions/eamodio.gitlens-16.3.3/dist/gitlens.js:1425:15122
	at Array.forEach (<anonymous>)
	at Object.dispose (/home/luna/dotfiles/vscode/.vscode/extensions/eamodio.gitlens-16.3.3/dist/gitlens.js:1425:15104)
	at ui (file:///usr/share/code/resources/app/out/vs/workbench/api/node/extensionHostProcess.js:25:699)
	at file:///usr/share/code/resources/app/out/vs/workbench/api/node/extensionHostProcess.js:116:14992
	at file:///usr/share/code/resources/app/out/vs/workbench/api/node/extensionHostProcess.js:25:1009
	at Object.dispose (file:///usr/share/code/resources/app/out/vs/workbench/api/node/extensionHostProcess.js:8:705)
	at PW.eb (file:///usr/share/code/resources/app/out/vs/workbench/api/node/extensionHostProcess.js:116:11919)
	at file:///usr/share/code/resources/app/out/vs/workbench/api/node/extensionHostProcess.js:116:9874
	at Array.map (<anonymous>)
	at PW.$ (file:///usr/share/code/resources/app/out/vs/workbench/api/node/extensionHostProcess.js:116:9862)
	at PW.terminate (file:///usr/share/code/resources/app/out/vs/workbench/api/node/extensionHostProcess.js:116:10105)
	at wC.terminate (file:///usr/share/code/resources/app/out/vs/workbench/api/node/extensionHostProcess.js:117:1434)
	at ts (file:///usr/share/code/resources/app/out/vs/workbench/api/node/extensionHostProcess.js:190:15080)
	at MessagePortMain.<anonymous> (file:///usr/share/code/resources/app/out/vs/workbench/api/node/extensionHostProcess.js:190:11628)
	at MessagePortMain.emit (node:events:518:28)
	at MessagePortMain._internalPort.emit (node:electron/js2c/utility_init:2:2949)
2025-03-25 10:53:42.799 [error] An error occurred when disposing the subscriptions for extension 'Gruntfuggly.todo-tree':
2025-03-25 10:53:42.799 [error] AggregateError: Encountered errors while disposing of store
	at ui (file:///usr/share/code/resources/app/out/vs/workbench/api/node/extensionHostProcess.js:25:775)
	at file:///usr/share/code/resources/app/out/vs/workbench/api/node/extensionHostProcess.js:116:14992
	at file:///usr/share/code/resources/app/out/vs/workbench/api/node/extensionHostProcess.js:25:1009
	at Object.dispose (file:///usr/share/code/resources/app/out/vs/workbench/api/node/extensionHostProcess.js:8:705)
	at PW.eb (file:///usr/share/code/resources/app/out/vs/workbench/api/node/extensionHostProcess.js:116:11919)
	at file:///usr/share/code/resources/app/out/vs/workbench/api/node/extensionHostProcess.js:116:9874
	at Array.map (<anonymous>)
	at PW.$ (file:///usr/share/code/resources/app/out/vs/workbench/api/node/extensionHostProcess.js:116:9862)
	at PW.terminate (file:///usr/share/code/resources/app/out/vs/workbench/api/node/extensionHostProcess.js:116:10105)
	at wC.terminate (file:///usr/share/code/resources/app/out/vs/workbench/api/node/extensionHostProcess.js:117:1434)
	at ts (file:///usr/share/code/resources/app/out/vs/workbench/api/node/extensionHostProcess.js:190:15080)
	at MessagePortMain.<anonymous> (file:///usr/share/code/resources/app/out/vs/workbench/api/node/extensionHostProcess.js:190:11628)
	at MessagePortMain.emit (node:events:518:28)
	at MessagePortMain._internalPort.emit (node:electron/js2c/utility_init:2:2949)
2025-03-25 10:53:42.808 [error] Canceled: Canceled
	at new XR (file:///usr/share/code/resources/app/out/vs/workbench/api/node/extensionHostProcess.js:29:110406)
	at Uy.U (file:///usr/share/code/resources/app/out/vs/workbench/api/node/extensionHostProcess.js:29:115016)
	at s.<computed>.n.charCodeAt.s.<computed> (file:///usr/share/code/resources/app/out/vs/workbench/api/node/extensionHostProcess.js:29:112510)
	at mw.g (file:///usr/share/code/resources/app/out/vs/workbench/api/node/extensionHostProcess.js:112:32221)
	at mw.executeCommand (file:///usr/share/code/resources/app/out/vs/workbench/api/node/extensionHostProcess.js:112:31725)
	at r.registerCommand.description (file:///usr/share/code/resources/app/out/vs/workbench/api/node/extensionHostProcess.js:112:31055)
	at mw.h (file:///usr/share/code/resources/app/out/vs/workbench/api/node/extensionHostProcess.js:112:32741)
	at mw.g (file:///usr/share/code/resources/app/out/vs/workbench/api/node/extensionHostProcess.js:112:31818)
	at mw.executeCommand (file:///usr/share/code/resources/app/out/vs/workbench/api/node/extensionHostProcess.js:112:31725)
	at Object.executeCommand (file:///usr/share/code/resources/app/out/vs/workbench/api/node/extensionHostProcess.js:172:37254)
	at f (/home/luna/dotfiles/vscode/.vscode/extensions/eamodio.gitlens-16.3.3/dist/gitlens.js:1479:63905)
	at c (/home/luna/dotfiles/vscode/.vscode/extensions/eamodio.gitlens-16.3.3/dist/gitlens.js:1479:68465)
	at ActionRunners._updateContextKeys (/home/luna/dotfiles/vscode/.vscode/extensions/eamodio.gitlens-16.3.3/dist/gitlens.js:1104:92462)
	at s (/home/luna/dotfiles/vscode/.vscode/extensions/eamodio.gitlens-16.3.3/dist/gitlens.js:1104:90906)
	at RegisteredActionRunner.unregister (/home/luna/dotfiles/vscode/.vscode/extensions/eamodio.gitlens-16.3.3/dist/gitlens.js:1104:91049)
	at RegisteredActionRunner.dispose (/home/luna/dotfiles/vscode/.vscode/extensions/eamodio.gitlens-16.3.3/dist/gitlens.js:1104:89716)
	at Object.dispose (/home/luna/dotfiles/vscode/.vscode/extensions/eamodio.gitlens-16.3.3/dist/gitlens.js:1104:91143)
	at ui (file:///usr/share/code/resources/app/out/vs/workbench/api/node/extensionHostProcess.js:25:699)
	at file:///usr/share/code/resources/app/out/vs/workbench/api/node/extensionHostProcess.js:116:14992
	at file:///usr/share/code/resources/app/out/vs/workbench/api/node/extensionHostProcess.js:25:1009
	at Object.dispose (file:///usr/share/code/resources/app/out/vs/workbench/api/node/extensionHostProcess.js:8:705)
	at PW.eb (file:///usr/share/code/resources/app/out/vs/workbench/api/node/extensionHostProcess.js:116:11919)
	at file:///usr/share/code/resources/app/out/vs/workbench/api/node/extensionHostProcess.js:116:9874
	at Array.map (<anonymous>)
	at PW.$ (file:///usr/share/code/resources/app/out/vs/workbench/api/node/extensionHostProcess.js:116:9862)
	at PW.terminate (file:///usr/share/code/resources/app/out/vs/workbench/api/node/extensionHostProcess.js:116:10105)
	at wC.terminate (file:///usr/share/code/resources/app/out/vs/workbench/api/node/extensionHostProcess.js:117:1434)
	at ts (file:///usr/share/code/resources/app/out/vs/workbench/api/node/extensionHostProcess.js:190:15080)
	at MessagePortMain.<anonymous> (file:///usr/share/code/resources/app/out/vs/workbench/api/node/extensionHostProcess.js:190:11628)
	at MessagePortMain.emit (node:events:518:28)
	at MessagePortMain._internalPort.emit (node:electron/js2c/utility_init:2:2949) setContext undefined
2025-03-25 10:53:42.808 [error] Canceled: Canceled
	at new XR (file:///usr/share/code/resources/app/out/vs/workbench/api/node/extensionHostProcess.js:29:110406)
	at Uy.U (file:///usr/share/code/resources/app/out/vs/workbench/api/node/extensionHostProcess.js:29:115016)
	at s.<computed>.n.charCodeAt.s.<computed> (file:///usr/share/code/resources/app/out/vs/workbench/api/node/extensionHostProcess.js:29:112510)
	at mw.g (file:///usr/share/code/resources/app/out/vs/workbench/api/node/extensionHostProcess.js:112:32221)
	at mw.executeCommand (file:///usr/share/code/resources/app/out/vs/workbench/api/node/extensionHostProcess.js:112:31725)
	at r.registerCommand.description (file:///usr/share/code/resources/app/out/vs/workbench/api/node/extensionHostProcess.js:112:31055)
	at mw.h (file:///usr/share/code/resources/app/out/vs/workbench/api/node/extensionHostProcess.js:112:32741)
	at mw.g (file:///usr/share/code/resources/app/out/vs/workbench/api/node/extensionHostProcess.js:112:31818)
	at mw.executeCommand (file:///usr/share/code/resources/app/out/vs/workbench/api/node/extensionHostProcess.js:112:31725)
	at Object.executeCommand (file:///usr/share/code/resources/app/out/vs/workbench/api/node/extensionHostProcess.js:172:37254)
	at f (/home/luna/dotfiles/vscode/.vscode/extensions/eamodio.gitlens-16.3.3/dist/gitlens.js:1479:63905)
	at c (/home/luna/dotfiles/vscode/.vscode/extensions/eamodio.gitlens-16.3.3/dist/gitlens.js:1479:68465)
	at ActionRunners._updateContextKeys (/home/luna/dotfiles/vscode/.vscode/extensions/eamodio.gitlens-16.3.3/dist/gitlens.js:1104:92462)
	at s (/home/luna/dotfiles/vscode/.vscode/extensions/eamodio.gitlens-16.3.3/dist/gitlens.js:1104:90906)
	at RegisteredActionRunner.unregister (/home/luna/dotfiles/vscode/.vscode/extensions/eamodio.gitlens-16.3.3/dist/gitlens.js:1104:91049)
	at RegisteredActionRunner.dispose (/home/luna/dotfiles/vscode/.vscode/extensions/eamodio.gitlens-16.3.3/dist/gitlens.js:1104:89716)
	at Object.dispose (/home/luna/dotfiles/vscode/.vscode/extensions/eamodio.gitlens-16.3.3/dist/gitlens.js:1104:91143)
	at ui (file:///usr/share/code/resources/app/out/vs/workbench/api/node/extensionHostProcess.js:25:699)
	at file:///usr/share/code/resources/app/out/vs/workbench/api/node/extensionHostProcess.js:116:14992
	at file:///usr/share/code/resources/app/out/vs/workbench/api/node/extensionHostProcess.js:25:1009
	at Object.dispose (file:///usr/share/code/resources/app/out/vs/workbench/api/node/extensionHostProcess.js:8:705)
	at PW.eb (file:///usr/share/code/resources/app/out/vs/workbench/api/node/extensionHostProcess.js:116:11919)
	at file:///usr/share/code/resources/app/out/vs/workbench/api/node/extensionHostProcess.js:116:9874
	at Array.map (<anonymous>)
	at PW.$ (file:///usr/share/code/resources/app/out/vs/workbench/api/node/extensionHostProcess.js:116:9862)
	at PW.terminate (file:///usr/share/code/resources/app/out/vs/workbench/api/node/extensionHostProcess.js:116:10105)
	at wC.terminate (file:///usr/share/code/resources/app/out/vs/workbench/api/node/extensionHostProcess.js:117:1434)
	at ts (file:///usr/share/code/resources/app/out/vs/workbench/api/node/extensionHostProcess.js:190:15080)
	at MessagePortMain.<anonymous> (file:///usr/share/code/resources/app/out/vs/workbench/api/node/extensionHostProcess.js:190:11628)
	at MessagePortMain.emit (node:events:518:28)
	at MessagePortMain._internalPort.emit (node:electron/js2c/utility_init:2:2949) setContext undefined
2025-03-25 10:53:42.812 [error] Canceled: Canceled
	at new XR (file:///usr/share/code/resources/app/out/vs/workbench/api/node/extensionHostProcess.js:29:110406)
	at Uy.U (file:///usr/share/code/resources/app/out/vs/workbench/api/node/extensionHostProcess.js:29:115016)
	at s.<computed>.n.charCodeAt.s.<computed> (file:///usr/share/code/resources/app/out/vs/workbench/api/node/extensionHostProcess.js:29:112510)
	at mw.g (file:///usr/share/code/resources/app/out/vs/workbench/api/node/extensionHostProcess.js:112:32221)
	at mw.executeCommand (file:///usr/share/code/resources/app/out/vs/workbench/api/node/extensionHostProcess.js:112:31725)
	at r.registerCommand.description (file:///usr/share/code/resources/app/out/vs/workbench/api/node/extensionHostProcess.js:112:31055)
	at mw.h (file:///usr/share/code/resources/app/out/vs/workbench/api/node/extensionHostProcess.js:112:32741)
	at mw.g (file:///usr/share/code/resources/app/out/vs/workbench/api/node/extensionHostProcess.js:112:31818)
	at mw.executeCommand (file:///usr/share/code/resources/app/out/vs/workbench/api/node/extensionHostProcess.js:112:31725)
	at Object.executeCommand (file:///usr/share/code/resources/app/out/vs/workbench/api/node/extensionHostProcess.js:172:37254)
	at f (/home/luna/dotfiles/vscode/.vscode/extensions/eamodio.gitlens-16.3.3/dist/gitlens.js:1479:63905)
	at c (/home/luna/dotfiles/vscode/.vscode/extensions/eamodio.gitlens-16.3.3/dist/gitlens.js:1479:68465)
	at ActionRunners._updateContextKeys (/home/luna/dotfiles/vscode/.vscode/extensions/eamodio.gitlens-16.3.3/dist/gitlens.js:1104:92462)
	at s (/home/luna/dotfiles/vscode/.vscode/extensions/eamodio.gitlens-16.3.3/dist/gitlens.js:1104:90906)
	at RegisteredActionRunner.unregister (/home/luna/dotfiles/vscode/.vscode/extensions/eamodio.gitlens-16.3.3/dist/gitlens.js:1104:91049)
	at RegisteredActionRunner.dispose (/home/luna/dotfiles/vscode/.vscode/extensions/eamodio.gitlens-16.3.3/dist/gitlens.js:1104:89716)
	at Object.dispose (/home/luna/dotfiles/vscode/.vscode/extensions/eamodio.gitlens-16.3.3/dist/gitlens.js:1104:91143)
	at p (/home/luna/dotfiles/vscode/.vscode/extensions/github.vscode-pull-request-github-0.106.0/dist/extension.js:2081:429091)
	at kw.dispose (/home/luna/dotfiles/vscode/.vscode/extensions/github.vscode-pull-request-github-0.106.0/dist/extension.js:2081:429259)
	at ui (file:///usr/share/code/resources/app/out/vs/workbench/api/node/extensionHostProcess.js:25:699)
	at file:///usr/share/code/resources/app/out/vs/workbench/api/node/extensionHostProcess.js:116:14992
	at file:///usr/share/code/resources/app/out/vs/workbench/api/node/extensionHostProcess.js:25:1009
	at Object.dispose (file:///usr/share/code/resources/app/out/vs/workbench/api/node/extensionHostProcess.js:8:705)
	at PW.eb (file:///usr/share/code/resources/app/out/vs/workbench/api/node/extensionHostProcess.js:116:11919)
	at file:///usr/share/code/resources/app/out/vs/workbench/api/node/extensionHostProcess.js:116:9874
	at Array.map (<anonymous>)
	at PW.$ (file:///usr/share/code/resources/app/out/vs/workbench/api/node/extensionHostProcess.js:116:9862)
	at PW.terminate (file:///usr/share/code/resources/app/out/vs/workbench/api/node/extensionHostProcess.js:116:10105)
	at wC.terminate (file:///usr/share/code/resources/app/out/vs/workbench/api/node/extensionHostProcess.js:117:1434)
	at ts (file:///usr/share/code/resources/app/out/vs/workbench/api/node/extensionHostProcess.js:190:15080)
	at MessagePortMain.<anonymous> (file:///usr/share/code/resources/app/out/vs/workbench/api/node/extensionHostProcess.js:190:11628)
	at MessagePortMain.emit (node:events:518:28)
	at MessagePortMain._internalPort.emit (node:electron/js2c/utility_init:2:2949) setContext undefined
2025-03-25 10:53:42.812 [info] Extension host with pid 27282 exiting with code 0
2025-03-25 10:53:43.723 [info] Extension host with pid 61610 started
2025-03-25 10:53:43.723 [info] Skipping acquiring lock for /home/luna/.config/Code/User/workspaceStorage/e550076a3c648e2a8ab83267ae0002b1.
2025-03-25 10:53:44.000 [info] ExtensionService#_doActivateExtension vscode.github-authentication, startup: false, activationEvent: 'onAuthenticationRequest:github'
2025-03-25 10:53:44.037 [info] ExtensionService#_doActivateExtension vscode.emmet, startup: false, activationEvent: 'onLanguage'
2025-03-25 10:53:44.055 [info] ExtensionService#_doActivateExtension rust-lang.rust-analyzer, startup: false, activationEvent: 'onLanguage:rust'
2025-03-25 10:53:44.082 [info] ExtensionService#_doActivateExtension Gruntfuggly.todo-tree, startup: false, activationEvent: 'onView:todo-tree-view'
2025-03-25 10:53:44.417 [info] ExtensionService#_doActivateExtension vscode.git-base, startup: true, activationEvent: '*', root cause: vscode.git
2025-03-25 10:53:44.420 [info] ExtensionService#_doActivateExtension christian-kohler.path-intellisense, startup: true, activationEvent: '*'
2025-03-25 10:53:44.433 [info] ExtensionService#_doActivateExtension mhutchie.git-graph, startup: true, activationEvent: '*'
2025-03-25 10:53:44.453 [info] ExtensionService#_doActivateExtension nhoizey.gremlins, startup: true, activationEvent: '*'
2025-03-25 10:53:44.454 [info] ExtensionService#_doActivateExtension oderwat.indent-rainbow, startup: true, activationEvent: '*'
2025-03-25 10:53:44.456 [info] ExtensionService#_doActivateExtension WakaTime.vscode-wakatime, startup: true, activationEvent: '*'
2025-03-25 10:53:44.491 [info] ExtensionService#_doActivateExtension wayou.vscode-todo-highlight, startup: true, activationEvent: '*'
2025-03-25 10:53:44.495 [info] ExtensionService#_doActivateExtension yzhang.markdown-all-in-one, startup: true, activationEvent: 'workspaceContains:README.md'
2025-03-25 10:53:44.617 [info] ExtensionService#_doActivateExtension vscode.markdown-math, startup: false, activationEvent: 'api', root cause: yzhang.markdown-all-in-one
2025-03-25 10:53:44.623 [info] ExtensionService#_doActivateExtension vscode.git, startup: true, activationEvent: '*'
2025-03-25 10:53:44.664 [info] ExtensionService#_doActivateExtension vscode.github, startup: true, activationEvent: '*'
2025-03-25 10:53:44.761 [info] ExtensionService#_doActivateExtension fill-labs.dependi, startup: true, activationEvent: 'workspaceContains:**/Cargo.toml,**/go.mod,**/package.json,**/composer.json,**/requirements.txt,**/pyproject.toml'
2025-03-25 10:53:44.782 [info] Eager extensions activated
2025-03-25 10:53:44.814 [info] ExtensionService#_doActivateExtension vscode.debug-auto-launch, startup: false, activationEvent: 'onStartupFinished'
2025-03-25 10:53:44.816 [info] ExtensionService#_doActivateExtension vscode.merge-conflict, startup: false, activationEvent: 'onStartupFinished'
2025-03-25 10:53:44.837 [info] ExtensionService#_doActivateExtension aaron-bond.better-comments, startup: false, activationEvent: 'onStartupFinished'
2025-03-25 10:53:44.849 [info] ExtensionService#_doActivateExtension alefragnani.project-manager, startup: false, activationEvent: 'onStartupFinished'
2025-03-25 10:53:44.868 [info] ExtensionService#_doActivateExtension eamodio.gitlens, startup: false, activationEvent: 'onStartupFinished'
2025-03-25 10:53:44.958 [info] ExtensionService#_doActivateExtension ecmel.vscode-html-css, startup: false, activationEvent: 'onStartupFinished'
2025-03-25 10:53:44.959 [info] ExtensionService#_doActivateExtension esbenp.prettier-vscode, startup: false, activationEvent: 'onStartupFinished'
2025-03-25 10:53:45.001 [info] ExtensionService#_doActivateExtension felipecaputo.git-project-manager, startup: false, activationEvent: 'onStartupFinished'
2025-03-25 10:53:45.018 [info] ExtensionService#_doActivateExtension formulahendry.code-runner, startup: false, activationEvent: 'onStartupFinished'
2025-03-25 10:53:45.042 [info] ExtensionService#_doActivateExtension GitHub.vscode-pull-request-github, startup: false, activationEvent: 'onStartupFinished'
2025-03-25 10:53:45.101 [info] ExtensionService#_doActivateExtension kuba-p.theme-pink-candy, startup: false, activationEvent: 'onStartupFinished'
2025-03-25 10:53:45.106 [info] ExtensionService#_doActivateExtension mkxml.vscode-filesize, startup: false, activationEvent: 'onStartupFinished'
2025-03-25 10:53:45.108 [info] ExtensionService#_doActivateExtension ms-dotnettools.vscode-dotnet-runtime, startup: false, activationEvent: 'onStartupFinished'
2025-03-25 10:53:45.153 [info] ExtensionService#_doActivateExtension ms-vscode-remote.remote-containers, startup: false, activationEvent: 'onStartupFinished'
2025-03-25 10:53:45.255 [info] ExtensionService#_doActivateExtension PKief.material-icon-theme, startup: false, activationEvent: 'onStartupFinished'
2025-03-25 10:53:45.264 [info] ExtensionService#_doActivateExtension tonybaloney.vscode-pets, startup: false, activationEvent: 'onStartupFinished'
2025-03-25 10:53:45.275 [info] ExtensionService#_doActivateExtension unthrottled.doki-theme, startup: false, activationEvent: 'onStartupFinished'
2025-03-25 10:53:45.284 [info] ExtensionService#_doActivateExtension usernamehw.errorlens, startup: false, activationEvent: 'onStartupFinished'
2025-03-25 10:53:45.287 [info] ExtensionService#_doActivateExtension waderyan.gitblame, startup: false, activationEvent: 'onStartupFinished'
2025-03-25 10:53:45.629 [warning] [Decorations] CAPPING events from decorations provider vscode.git 846
2025-03-25 11:00:28.551 [warning] [Decorations] CAPPING events from decorations provider vscode.git 846
2025-03-25 11:00:37.911 [warning] [Decorations] CAPPING events from decorations provider vscode.git 846
2025-03-25 11:10:50.926 [warning] [Decorations] CAPPING events from decorations provider vscode.git 846
2025-03-25 11:10:52.025 [warning] [Decorations] CAPPING events from decorations provider vscode.git 846
2025-03-25 11:11:40.423 [info] ExtensionService#_doActivateExtension vscode.npm, startup: false, activationEvent: 'onTerminalQuickFixRequest:ms-vscode.npm-command'
2025-03-25 11:13:51.014 [warning] [Decorations] CAPPING events from decorations provider vscode.git 846
2025-03-25 11:13:52.138 [warning] [Decorations] CAPPING events from decorations provider vscode.git 846
2025-03-25 11:14:41.463 [warning] [Decorations] CAPPING events from decorations provider vscode.git 846
2025-03-25 11:23:27.072 [warning] [Decorations] CAPPING events from decorations provider vscode.git 846
2025-03-25 11:23:28.188 [warning] [Decorations] CAPPING events from decorations provider vscode.git 846
2025-03-25 11:27:05.800 [warning] [Decorations] CAPPING events from decorations provider vscode.git 846
2025-03-25 11:27:06.873 [warning] [Decorations] CAPPING events from decorations provider vscode.git 846
