2025-03-24 12:19:43.113 [info] [main] Log level: Info
2025-03-24 12:19:43.113 [info] [main] Validating found git in: "git"
2025-03-24 12:19:43.113 [info] [main] Using git "2.49.0" from "git"
2025-03-24 12:19:43.113 [info] [Model][doInitialScan] Initial repository scan started
2025-03-24 12:19:43.113 [info] > git rev-parse --show-toplevel [4ms]
2025-03-24 12:19:43.113 [info] > git rev-parse --git-dir --git-common-dir [1ms]
2025-03-24 12:19:43.113 [info] [Model][openRepository] Opened repository: /home/luna/repos/gh-cli-rs
2025-03-24 12:19:43.145 [info] > git rev-parse --show-toplevel [219ms]
2025-03-24 12:19:43.145 [info] > git config --get commit.template [225ms]
2025-03-24 12:19:43.187 [info] [Git][getRemotes] No remotes found in the git config file
2025-03-24 12:19:43.196 [info] > git rev-parse --show-toplevel [25ms]
2025-03-24 12:19:43.215 [info] > git for-each-ref --format=%(refname)%00%(upstream:short)%00%(objectname)%00%(upstream:track)%00%(upstream:remotename)%00%(upstream:remoteref) refs/heads/main refs/remotes/main [27ms]
2025-03-24 12:19:43.236 [info] > git status -z -uall [18ms]
2025-03-24 12:19:43.236 [info] > git for-each-ref --sort -committerdate --format %(refname) %(objectname) %(*objectname) [9ms]
2025-03-24 12:19:43.263 [info] > git rev-parse --show-toplevel [59ms]
2025-03-24 12:19:43.264 [info] [Model][doInitialScan] Initial repository scan completed - repositories (1), closed repositories (0), parent repositories (0), unsafe repositories (0)
2025-03-24 12:19:43.320 [info] > git show --textconv :src/main.rs [52ms]
2025-03-24 12:19:43.321 [info] > git ls-files --stage -- /home/luna/repos/gh-cli-rs/src/main.rs [48ms]
2025-03-24 12:19:43.331 [info] > git for-each-ref --format=%(refname)%00%(upstream:short)%00%(objectname)%00%(upstream:track)%00%(upstream:remotename)%00%(upstream:remoteref) refs/heads/main refs/remotes/main [69ms]
2025-03-24 12:19:43.358 [info] > git config --get --local branch.main.vscode-merge-base [21ms]
2025-03-24 12:19:43.358 [warning] [Git][config] git config failed: Failed to execute git
2025-03-24 12:19:43.363 [info] > git cat-file -s 8bd84e21de24df090e76c7c63b15a95c44fefcfa [33ms]
2025-03-24 12:19:43.363 [info] > git config --get commit.template [45ms]
2025-03-24 12:19:43.416 [info] > git reflog main --grep-reflog=branch: Created from *. [53ms]
2025-03-24 12:19:43.420 [info] [Git][getRemotes] No remotes found in the git config file
2025-03-24 12:19:43.446 [info] > git for-each-ref --format=%(refname)%00%(upstream:short)%00%(objectname)%00%(upstream:track)%00%(upstream:remotename)%00%(upstream:remoteref) refs/heads/main refs/remotes/main [26ms]
2025-03-24 12:19:43.463 [info] > git status -z -uall [13ms]
2025-03-24 12:19:43.463 [info] > git check-ignore -v -z --stdin [3ms]
2025-03-24 12:19:43.464 [info] > git for-each-ref --sort -committerdate --format %(refname) %(objectname) %(*objectname) [11ms]
2025-03-24 12:19:43.534 [info] > git blame --root --incremental 4697733d6661e40e40f9b1028963410a6627c0df -- /home/luna/repos/gh-cli-rs/src/main.rs [10ms]
2025-03-24 12:19:43.556 [info] > git config --get --local branch.main.github-pr-owner-number [3ms]
2025-03-24 12:19:43.556 [warning] [Git][config] git config failed: Failed to execute git
2025-03-24 12:19:43.563 [info] > git config --get --local branch.main.remote [1ms]
2025-03-24 12:19:43.564 [warning] [Git][config] git config failed: Failed to execute git
2025-03-24 12:19:43.605 [info] > git config --get --local branch.main.merge [36ms]
2025-03-24 12:19:43.605 [warning] [Git][config] git config failed: Failed to execute git
2025-03-24 12:19:43.606 [info] > git log --format=%H%n%aN%n%aE%n%at%n%ct%n%P%n%D%n%B -z --shortstat --diff-merges=first-parent -n50 --skip=0 --topo-order --decorate=full --stdin [163ms]
2025-03-24 12:20:17.904 [info] [Git][getRemotes] No remotes found in the git config file
2025-03-24 12:20:17.905 [info] > git fetch [10ms]
2025-03-24 12:20:17.906 [info] > git config --get commit.template [8ms]
2025-03-24 12:20:17.913 [info] > git for-each-ref --format=%(refname)%00%(upstream:short)%00%(objectname)%00%(upstream:track)%00%(upstream:remotename)%00%(upstream:remoteref) refs/heads/main refs/remotes/main [10ms]
2025-03-24 12:20:17.919 [info] > git config --get commit.template [7ms]
2025-03-24 12:20:17.926 [info] [Git][getRemotes] No remotes found in the git config file
2025-03-24 12:20:17.927 [info] > git for-each-ref --format=%(refname)%00%(upstream:short)%00%(objectname)%00%(upstream:track)%00%(upstream:remotename)%00%(upstream:remoteref) refs/heads/main refs/remotes/main [1ms]
2025-03-24 12:20:17.938 [info] > git status -z -uall [7ms]
2025-03-24 12:20:17.942 [info] > git for-each-ref --sort -committerdate --format %(refname) %(objectname) %(*objectname) [5ms]
2025-03-24 12:20:19.114 [info] > git ls-files --stage -- /home/luna/repos/gh-cli-rs/src/main.rs [0ms]
2025-03-24 12:20:19.120 [info] > git cat-file -s 8bd84e21de24df090e76c7c63b15a95c44fefcfa [1ms]
2025-03-24 12:20:19.157 [info] > git show --textconv :src/main.rs [3ms]
2025-03-24 12:20:22.932 [info] > git config --get commit.template [2ms]
2025-03-24 12:20:22.941 [info] [Git][getRemotes] No remotes found in the git config file
2025-03-24 12:20:22.942 [info] > git for-each-ref --format=%(refname)%00%(upstream:short)%00%(objectname)%00%(upstream:track)%00%(upstream:remotename)%00%(upstream:remoteref) refs/heads/main refs/remotes/main [1ms]
2025-03-24 12:20:22.961 [info] > git status -z -uall [9ms]
2025-03-24 12:20:22.961 [info] > git for-each-ref --sort -committerdate --format %(refname) %(objectname) %(*objectname) [3ms]
2025-03-24 12:25:34.297 [info] > git fetch [5ms]
2025-03-24 12:25:34.304 [info] > git config --get commit.template [0ms]
2025-03-24 12:25:34.308 [info] [Git][getRemotes] No remotes found in the git config file
2025-03-24 12:25:34.309 [info] > git for-each-ref --format=%(refname)%00%(upstream:short)%00%(objectname)%00%(upstream:track)%00%(upstream:remotename)%00%(upstream:remoteref) refs/heads/main refs/remotes/main [1ms]
2025-03-24 12:25:34.321 [info] > git status -z -uall [5ms]
2025-03-24 12:25:34.324 [info] > git for-each-ref --sort -committerdate --format %(refname) %(objectname) %(*objectname) [3ms]
2025-03-24 12:25:35.388 [info] > git config --get commit.template [2ms]
2025-03-24 12:25:35.397 [info] [Git][getRemotes] No remotes found in the git config file
2025-03-24 12:25:35.400 [info] > git for-each-ref --format=%(refname)%00%(upstream:short)%00%(objectname)%00%(upstream:track)%00%(upstream:remotename)%00%(upstream:remoteref) refs/heads/main refs/remotes/main [2ms]
2025-03-24 12:25:35.421 [info] > git status -z -uall [13ms]
2025-03-24 12:25:35.422 [info] > git for-each-ref --sort -committerdate --format %(refname) %(objectname) %(*objectname) [3ms]
2025-03-24 12:25:35.612 [info] > git ls-files --stage -- /home/luna/repos/gh-cli-rs/src/main.rs [1ms]
2025-03-24 12:25:35.615 [info] > git cat-file -s 8bd84e21de24df090e76c7c63b15a95c44fefcfa [1ms]
2025-03-24 12:25:35.628 [info] > git show --textconv :src/main.rs [1ms]
2025-03-24 12:27:41.127 [info] > git config --get commit.template [0ms]
2025-03-24 12:27:41.132 [info] [Git][getRemotes] No remotes found in the git config file
2025-03-24 12:27:41.132 [info] > git for-each-ref --format=%(refname)%00%(upstream:short)%00%(objectname)%00%(upstream:track)%00%(upstream:remotename)%00%(upstream:remoteref) refs/heads/main refs/remotes/main [1ms]
2025-03-24 12:27:41.144 [info] > git status -z -uall [5ms]
2025-03-24 12:27:41.149 [info] > git for-each-ref --sort -committerdate --format %(refname) %(objectname) %(*objectname) [5ms]
2025-03-24 12:27:47.224 [info] > git config --get commit.template [1ms]
2025-03-24 12:27:47.235 [info] [Git][getRemotes] No remotes found in the git config file
2025-03-24 12:27:47.236 [info] > git for-each-ref --format=%(refname)%00%(upstream:short)%00%(objectname)%00%(upstream:track)%00%(upstream:remotename)%00%(upstream:remoteref) refs/heads/main refs/remotes/main [2ms]
2025-03-24 12:27:47.268 [info] > git status -z -uall [22ms]
2025-03-24 12:27:47.268 [info] > git for-each-ref --sort -committerdate --format %(refname) %(objectname) %(*objectname) [14ms]
2025-03-24 12:27:53.018 [info] > git config --get commit.template [2ms]
2025-03-24 12:27:53.029 [info] [Git][getRemotes] No remotes found in the git config file
2025-03-24 12:27:53.031 [info] > git for-each-ref --format=%(refname)%00%(upstream:short)%00%(objectname)%00%(upstream:track)%00%(upstream:remotename)%00%(upstream:remoteref) refs/heads/main refs/remotes/main [3ms]
2025-03-24 12:27:53.050 [info] > git status -z -uall [11ms]
2025-03-24 12:27:53.050 [info] > git for-each-ref --sort -committerdate --format %(refname) %(objectname) %(*objectname) [2ms]
2025-03-24 12:27:58.120 [info] > git config --get commit.template [1ms]
2025-03-24 12:27:58.121 [info] [Git][getRemotes] No remotes found in the git config file
2025-03-24 12:27:58.134 [info] > git for-each-ref --format=%(refname)%00%(upstream:short)%00%(objectname)%00%(upstream:track)%00%(upstream:remotename)%00%(upstream:remoteref) refs/heads/main refs/remotes/main [1ms]
2025-03-24 12:27:58.158 [info] > git status -z -uall [15ms]
2025-03-24 12:27:58.158 [info] > git for-each-ref --sort -committerdate --format %(refname) %(objectname) %(*objectname) [5ms]
2025-03-24 12:28:04.095 [info] > git config --get commit.template [2ms]
2025-03-24 12:28:04.105 [info] [Git][getRemotes] No remotes found in the git config file
2025-03-24 12:28:04.106 [info] > git for-each-ref --format=%(refname)%00%(upstream:short)%00%(objectname)%00%(upstream:track)%00%(upstream:remotename)%00%(upstream:remoteref) refs/heads/main refs/remotes/main [2ms]
2025-03-24 12:28:04.125 [info] > git status -z -uall [10ms]
2025-03-24 12:28:04.130 [info] > git for-each-ref --sort -committerdate --format %(refname) %(objectname) %(*objectname) [6ms]
2025-03-24 12:28:34.382 [info] > git fetch [5ms]
2025-03-24 12:28:34.394 [info] > git config --get commit.template [4ms]
2025-03-24 12:28:34.404 [info] [Git][getRemotes] No remotes found in the git config file
2025-03-24 12:28:34.407 [info] > git for-each-ref --format=%(refname)%00%(upstream:short)%00%(objectname)%00%(upstream:track)%00%(upstream:remotename)%00%(upstream:remoteref) refs/heads/main refs/remotes/main [3ms]
2025-03-24 12:28:34.429 [info] > git status -z -uall [15ms]
2025-03-24 12:28:34.430 [info] > git for-each-ref --sort -committerdate --format %(refname) %(objectname) %(*objectname) [4ms]
2025-03-24 12:28:35.521 [info] > git config --get commit.template [2ms]
2025-03-24 12:28:35.531 [info] [Git][getRemotes] No remotes found in the git config file
2025-03-24 12:28:35.532 [info] > git for-each-ref --format=%(refname)%00%(upstream:short)%00%(objectname)%00%(upstream:track)%00%(upstream:remotename)%00%(upstream:remoteref) refs/heads/main refs/remotes/main [2ms]
2025-03-24 12:28:35.553 [info] > git status -z -uall [12ms]
2025-03-24 12:28:35.554 [info] > git for-each-ref --sort -committerdate --format %(refname) %(objectname) %(*objectname) [3ms]
2025-03-24 12:28:35.749 [info] > git ls-files --stage -- /home/luna/repos/gh-cli-rs/src/main.rs [1ms]
2025-03-24 12:28:35.755 [info] > git cat-file -s 8bd84e21de24df090e76c7c63b15a95c44fefcfa [2ms]
2025-03-24 12:28:35.761 [info] > git show --textconv :src/main.rs [1ms]
2025-03-24 12:30:59.523 [info] > git config --get commit.template [2ms]
2025-03-24 12:30:59.532 [info] [Git][getRemotes] No remotes found in the git config file
2025-03-24 12:30:59.533 [info] > git for-each-ref --format=%(refname)%00%(upstream:short)%00%(objectname)%00%(upstream:track)%00%(upstream:remotename)%00%(upstream:remoteref) refs/heads/main refs/remotes/main [2ms]
2025-03-24 12:30:59.554 [info] > git status -z -uall [13ms]
2025-03-24 12:30:59.555 [info] > git for-each-ref --sort -committerdate --format %(refname) %(objectname) %(*objectname) [3ms]
2025-03-24 12:31:04.650 [info] > git config --get commit.template [2ms]
2025-03-24 12:31:04.659 [info] [Git][getRemotes] No remotes found in the git config file
2025-03-24 12:31:04.660 [info] > git for-each-ref --format=%(refname)%00%(upstream:short)%00%(objectname)%00%(upstream:track)%00%(upstream:remotename)%00%(upstream:remoteref) refs/heads/main refs/remotes/main [1ms]
2025-03-24 12:31:04.679 [info] > git status -z -uall [11ms]
2025-03-24 12:31:04.679 [info] > git for-each-ref --sort -committerdate --format %(refname) %(objectname) %(*objectname) [3ms]
2025-03-24 12:31:09.773 [info] [Git][getRemotes] No remotes found in the git config file
2025-03-24 12:31:09.775 [info] > git for-each-ref --format=%(refname)%00%(upstream:short)%00%(objectname)%00%(upstream:track)%00%(upstream:remotename)%00%(upstream:remoteref) refs/heads/main refs/remotes/main [2ms]
2025-03-24 12:31:09.775 [info] > git config --get commit.template [11ms]
2025-03-24 12:31:09.796 [info] > git status -z -uall [13ms]
2025-03-24 12:31:09.797 [info] > git for-each-ref --sort -committerdate --format %(refname) %(objectname) %(*objectname) [3ms]
2025-03-24 12:31:18.806 [info] > git config --get commit.template [2ms]
2025-03-24 12:31:18.817 [info] [Git][getRemotes] No remotes found in the git config file
2025-03-24 12:31:18.819 [info] > git for-each-ref --format=%(refname)%00%(upstream:short)%00%(objectname)%00%(upstream:track)%00%(upstream:remotename)%00%(upstream:remoteref) refs/heads/main refs/remotes/main [2ms]
2025-03-24 12:31:18.842 [info] > git status -z -uall [15ms]
2025-03-24 12:31:18.843 [info] > git for-each-ref --sort -committerdate --format %(refname) %(objectname) %(*objectname) [3ms]
2025-03-24 12:31:23.927 [info] > git config --get commit.template [2ms]
2025-03-24 12:31:23.937 [info] [Git][getRemotes] No remotes found in the git config file
2025-03-24 12:31:23.938 [info] > git for-each-ref --format=%(refname)%00%(upstream:short)%00%(objectname)%00%(upstream:track)%00%(upstream:remotename)%00%(upstream:remoteref) refs/heads/main refs/remotes/main [2ms]
2025-03-24 12:31:23.958 [info] > git status -z -uall [12ms]
2025-03-24 12:31:23.959 [info] > git for-each-ref --sort -committerdate --format %(refname) %(objectname) %(*objectname) [3ms]
2025-03-24 12:32:35.919 [info] > git fetch [7ms]
2025-03-24 12:32:35.924 [info] [Git][getRemotes] No remotes found in the git config file
2025-03-24 12:32:35.926 [info] > git config --get commit.template [3ms]
2025-03-24 12:32:35.926 [info] > git for-each-ref --format=%(refname)%00%(upstream:short)%00%(objectname)%00%(upstream:track)%00%(upstream:remotename)%00%(upstream:remoteref) refs/heads/main refs/remotes/main [0ms]
2025-03-24 12:32:35.932 [info] > git status -z -uall [4ms]
2025-03-24 12:32:35.933 [info] > git for-each-ref --sort -committerdate --format %(refname) %(objectname) %(*objectname) [2ms]
2025-03-24 12:32:37.008 [info] > git config --get commit.template [1ms]
2025-03-24 12:32:37.013 [info] [Git][getRemotes] No remotes found in the git config file
2025-03-24 12:32:37.014 [info] > git for-each-ref --format=%(refname)%00%(upstream:short)%00%(objectname)%00%(upstream:track)%00%(upstream:remotename)%00%(upstream:remoteref) refs/heads/main refs/remotes/main [1ms]
2025-03-24 12:32:37.024 [info] > git status -z -uall [6ms]
2025-03-24 12:32:37.030 [info] > git for-each-ref --sort -committerdate --format %(refname) %(objectname) %(*objectname) [6ms]
2025-03-24 12:32:37.111 [info] > git ls-files --stage -- /home/luna/repos/gh-cli-rs/src/main.rs [1ms]
2025-03-24 12:32:37.116 [info] > git cat-file -s 8bd84e21de24df090e76c7c63b15a95c44fefcfa [1ms]
2025-03-24 12:32:37.196 [info] > git show --textconv :src/main.rs [62ms]
2025-03-24 12:32:46.870 [info] > git config --get commit.template [6ms]
2025-03-24 12:32:46.878 [info] [Git][getRemotes] No remotes found in the git config file
2025-03-24 12:32:46.880 [info] > git for-each-ref --format=%(refname)%00%(upstream:short)%00%(objectname)%00%(upstream:track)%00%(upstream:remotename)%00%(upstream:remoteref) refs/heads/main refs/remotes/main [1ms]
2025-03-24 12:32:46.903 [info] > git status -z -uall [11ms]
2025-03-24 12:32:46.903 [info] > git for-each-ref --sort -committerdate --format %(refname) %(objectname) %(*objectname) [4ms]
2025-03-24 12:32:58.506 [info] > git config --get commit.template [4ms]
2025-03-24 12:32:58.512 [info] [Git][getRemotes] No remotes found in the git config file
2025-03-24 12:32:58.513 [info] > git for-each-ref --format=%(refname)%00%(upstream:short)%00%(objectname)%00%(upstream:track)%00%(upstream:remotename)%00%(upstream:remoteref) refs/heads/main refs/remotes/main [1ms]
2025-03-24 12:32:58.528 [info] > git status -z -uall [9ms]
2025-03-24 12:32:58.529 [info] > git for-each-ref --sort -committerdate --format %(refname) %(objectname) %(*objectname) [2ms]
2025-03-24 12:34:09.691 [info] > git config --get commit.template [2ms]
2025-03-24 12:34:09.718 [info] [Git][getRemotes] No remotes found in the git config file
2025-03-24 12:34:09.719 [info] > git for-each-ref --format=%(refname)%00%(upstream:short)%00%(objectname)%00%(upstream:track)%00%(upstream:remotename)%00%(upstream:remoteref) refs/heads/main refs/remotes/main [1ms]
2025-03-24 12:34:09.735 [info] > git status -z -uall [10ms]
2025-03-24 12:34:09.735 [info] > git for-each-ref --sort -committerdate --format %(refname) %(objectname) %(*objectname) [4ms]
2025-03-24 12:34:32.667 [info] > git config --get commit.template [2ms]
2025-03-24 12:34:32.678 [info] [Git][getRemotes] No remotes found in the git config file
2025-03-24 12:34:32.680 [info] > git for-each-ref --format=%(refname)%00%(upstream:short)%00%(objectname)%00%(upstream:track)%00%(upstream:remotename)%00%(upstream:remoteref) refs/heads/main refs/remotes/main [3ms]
2025-03-24 12:34:32.702 [info] > git status -z -uall [13ms]
2025-03-24 12:34:32.703 [info] > git for-each-ref --sort -committerdate --format %(refname) %(objectname) %(*objectname) [4ms]
2025-03-24 12:34:55.490 [info] > git config --get commit.template [2ms]
2025-03-24 12:34:55.498 [info] [Git][getRemotes] No remotes found in the git config file
2025-03-24 12:34:55.499 [info] > git for-each-ref --format=%(refname)%00%(upstream:short)%00%(objectname)%00%(upstream:track)%00%(upstream:remotename)%00%(upstream:remoteref) refs/heads/main refs/remotes/main [1ms]
2025-03-24 12:34:55.519 [info] > git status -z -uall [12ms]
2025-03-24 12:34:55.520 [info] > git for-each-ref --sort -committerdate --format %(refname) %(objectname) %(*objectname) [4ms]
2025-03-24 12:35:00.609 [info] > git config --get commit.template [2ms]
2025-03-24 12:35:00.615 [info] [Git][getRemotes] No remotes found in the git config file
2025-03-24 12:35:00.620 [info] > git for-each-ref --format=%(refname)%00%(upstream:short)%00%(objectname)%00%(upstream:track)%00%(upstream:remotename)%00%(upstream:remoteref) refs/heads/main refs/remotes/main [6ms]
2025-03-24 12:35:00.632 [info] > git status -z -uall [6ms]
2025-03-24 12:35:00.637 [info] > git for-each-ref --sort -committerdate --format %(refname) %(objectname) %(*objectname) [3ms]
2025-03-24 12:35:05.686 [info] > git config --get commit.template [2ms]
2025-03-24 12:35:05.695 [info] [Git][getRemotes] No remotes found in the git config file
2025-03-24 12:35:05.696 [info] > git for-each-ref --format=%(refname)%00%(upstream:short)%00%(objectname)%00%(upstream:track)%00%(upstream:remotename)%00%(upstream:remoteref) refs/heads/main refs/remotes/main [2ms]
2025-03-24 12:35:05.716 [info] > git status -z -uall [12ms]
2025-03-24 12:35:05.717 [info] > git for-each-ref --sort -committerdate --format %(refname) %(objectname) %(*objectname) [2ms]
2025-03-24 12:35:10.789 [info] > git config --get commit.template [1ms]
2025-03-24 12:35:10.798 [info] [Git][getRemotes] No remotes found in the git config file
2025-03-24 12:35:10.799 [info] > git for-each-ref --format=%(refname)%00%(upstream:short)%00%(objectname)%00%(upstream:track)%00%(upstream:remotename)%00%(upstream:remoteref) refs/heads/main refs/remotes/main [1ms]
2025-03-24 12:35:10.818 [info] > git status -z -uall [11ms]
2025-03-24 12:35:10.819 [info] > git for-each-ref --sort -committerdate --format %(refname) %(objectname) %(*objectname) [2ms]
2025-03-24 12:35:17.563 [info] > git config --get commit.template [9ms]
2025-03-24 12:35:17.574 [info] [Git][getRemotes] No remotes found in the git config file
2025-03-24 12:35:17.575 [info] > git for-each-ref --format=%(refname)%00%(upstream:short)%00%(objectname)%00%(upstream:track)%00%(upstream:remotename)%00%(upstream:remoteref) refs/heads/main refs/remotes/main [2ms]
2025-03-24 12:35:17.597 [info] > git status -z -uall [14ms]
2025-03-24 12:35:17.598 [info] > git for-each-ref --sort -committerdate --format %(refname) %(objectname) %(*objectname) [2ms]
2025-03-24 12:35:24.528 [info] > git config --get commit.template [2ms]
2025-03-24 12:35:24.537 [info] [Git][getRemotes] No remotes found in the git config file
2025-03-24 12:35:24.538 [info] > git for-each-ref --format=%(refname)%00%(upstream:short)%00%(objectname)%00%(upstream:track)%00%(upstream:remotename)%00%(upstream:remoteref) refs/heads/main refs/remotes/main [2ms]
2025-03-24 12:35:24.557 [info] > git status -z -uall [11ms]
2025-03-24 12:35:24.558 [info] > git for-each-ref --sort -committerdate --format %(refname) %(objectname) %(*objectname) [3ms]
2025-03-24 12:35:33.623 [info] > git config --get commit.template [1ms]
2025-03-24 12:35:33.632 [info] [Git][getRemotes] No remotes found in the git config file
2025-03-24 12:35:33.633 [info] > git for-each-ref --format=%(refname)%00%(upstream:short)%00%(objectname)%00%(upstream:track)%00%(upstream:remotename)%00%(upstream:remoteref) refs/heads/main refs/remotes/main [2ms]
2025-03-24 12:35:33.666 [info] > git status -z -uall [13ms]
2025-03-24 12:35:33.666 [info] > git for-each-ref --sort -committerdate --format %(refname) %(objectname) %(*objectname) [2ms]
2025-03-24 12:35:35.986 [info] > git fetch [4ms]
2025-03-24 12:35:35.994 [info] > git config --get commit.template [1ms]
2025-03-24 12:35:35.999 [info] [Git][getRemotes] No remotes found in the git config file
2025-03-24 12:35:36.003 [info] > git for-each-ref --format=%(refname)%00%(upstream:short)%00%(objectname)%00%(upstream:track)%00%(upstream:remotename)%00%(upstream:remoteref) refs/heads/main refs/remotes/main [4ms]
2025-03-24 12:35:36.022 [info] > git status -z -uall [10ms]
2025-03-24 12:35:36.022 [info] > git for-each-ref --sort -committerdate --format %(refname) %(objectname) %(*objectname) [5ms]
2025-03-24 12:35:37.184 [info] > git ls-files --stage -- /home/luna/repos/gh-cli-rs/src/main.rs [1ms]
2025-03-24 12:35:37.195 [info] > git cat-file -s 8bd84e21de24df090e76c7c63b15a95c44fefcfa [2ms]
2025-03-24 12:35:37.209 [info] > git show --textconv :src/main.rs [2ms]
2025-03-24 12:35:38.732 [info] > git config --get commit.template [1ms]
2025-03-24 12:35:38.742 [info] [Git][getRemotes] No remotes found in the git config file
2025-03-24 12:35:38.743 [info] > git for-each-ref --format=%(refname)%00%(upstream:short)%00%(objectname)%00%(upstream:track)%00%(upstream:remotename)%00%(upstream:remoteref) refs/heads/main refs/remotes/main [1ms]
2025-03-24 12:35:38.759 [info] > git status -z -uall [9ms]
2025-03-24 12:35:38.761 [info] > git for-each-ref --sort -committerdate --format %(refname) %(objectname) %(*objectname) [4ms]
2025-03-24 12:36:16.430 [info] > git config --get commit.template [4ms]
2025-03-24 12:36:16.441 [info] [Git][getRemotes] No remotes found in the git config file
2025-03-24 12:36:16.443 [info] > git for-each-ref --format=%(refname)%00%(upstream:short)%00%(objectname)%00%(upstream:track)%00%(upstream:remotename)%00%(upstream:remoteref) refs/heads/main refs/remotes/main [1ms]
2025-03-24 12:36:16.464 [info] > git status -z -uall [13ms]
2025-03-24 12:36:16.464 [info] > git for-each-ref --sort -committerdate --format %(refname) %(objectname) %(*objectname) [3ms]
2025-03-24 12:36:46.698 [info] > git config --get commit.template [2ms]
2025-03-24 12:36:46.710 [info] [Git][getRemotes] No remotes found in the git config file
2025-03-24 12:36:46.712 [info] > git for-each-ref --format=%(refname)%00%(upstream:short)%00%(objectname)%00%(upstream:track)%00%(upstream:remotename)%00%(upstream:remoteref) refs/heads/main refs/remotes/main [2ms]
2025-03-24 12:36:46.732 [info] > git status -z -uall [12ms]
2025-03-24 12:36:46.732 [info] > git for-each-ref --sort -committerdate --format %(refname) %(objectname) %(*objectname) [3ms]
2025-03-24 12:36:54.004 [info] > git config --get commit.template [2ms]
2025-03-24 12:36:54.014 [info] [Git][getRemotes] No remotes found in the git config file
2025-03-24 12:36:54.016 [info] > git for-each-ref --format=%(refname)%00%(upstream:short)%00%(objectname)%00%(upstream:track)%00%(upstream:remotename)%00%(upstream:remoteref) refs/heads/main refs/remotes/main [1ms]
2025-03-24 12:36:54.036 [info] > git status -z -uall [12ms]
2025-03-24 12:36:54.037 [info] > git for-each-ref --sort -committerdate --format %(refname) %(objectname) %(*objectname) [3ms]
2025-03-24 12:37:03.665 [info] > git config --get commit.template [1ms]
2025-03-24 12:37:03.707 [info] [Git][getRemotes] No remotes found in the git config file
2025-03-24 12:37:03.711 [info] > git for-each-ref --format=%(refname)%00%(upstream:short)%00%(objectname)%00%(upstream:track)%00%(upstream:remotename)%00%(upstream:remoteref) refs/heads/main refs/remotes/main [5ms]
2025-03-24 12:37:03.728 [info] > git status -z -uall [11ms]
2025-03-24 12:37:03.728 [info] > git for-each-ref --sort -committerdate --format %(refname) %(objectname) %(*objectname) [4ms]
2025-03-24 12:37:08.892 [info] > git config --get commit.template [3ms]
2025-03-24 12:37:08.900 [info] [Git][getRemotes] No remotes found in the git config file
2025-03-24 12:37:08.901 [info] > git for-each-ref --format=%(refname)%00%(upstream:short)%00%(objectname)%00%(upstream:track)%00%(upstream:remotename)%00%(upstream:remoteref) refs/heads/main refs/remotes/main [2ms]
2025-03-24 12:37:08.922 [info] > git status -z -uall [13ms]
2025-03-24 12:37:08.922 [info] > git for-each-ref --sort -committerdate --format %(refname) %(objectname) %(*objectname) [4ms]
2025-03-24 12:37:21.650 [info] > git config --get commit.template [4ms]
2025-03-24 12:37:21.661 [info] [Git][getRemotes] No remotes found in the git config file
2025-03-24 12:37:21.663 [info] > git for-each-ref --format=%(refname)%00%(upstream:short)%00%(objectname)%00%(upstream:track)%00%(upstream:remotename)%00%(upstream:remoteref) refs/heads/main refs/remotes/main [2ms]
2025-03-24 12:37:21.686 [info] > git status -z -uall [14ms]
2025-03-24 12:37:21.686 [info] > git for-each-ref --sort -committerdate --format %(refname) %(objectname) %(*objectname) [3ms]
2025-03-24 12:37:26.772 [info] > git config --get commit.template [2ms]
2025-03-24 12:37:26.781 [info] [Git][getRemotes] No remotes found in the git config file
2025-03-24 12:37:26.783 [info] > git for-each-ref --format=%(refname)%00%(upstream:short)%00%(objectname)%00%(upstream:track)%00%(upstream:remotename)%00%(upstream:remoteref) refs/heads/main refs/remotes/main [1ms]
2025-03-24 12:37:26.799 [info] > git status -z -uall [8ms]
2025-03-24 12:37:26.799 [info] > git for-each-ref --sort -committerdate --format %(refname) %(objectname) %(*objectname) [3ms]
2025-03-24 12:37:41.388 [info] > git config --get commit.template [3ms]
2025-03-24 12:37:41.397 [info] [Git][getRemotes] No remotes found in the git config file
2025-03-24 12:37:41.398 [info] > git for-each-ref --format=%(refname)%00%(upstream:short)%00%(objectname)%00%(upstream:track)%00%(upstream:remotename)%00%(upstream:remoteref) refs/heads/main refs/remotes/main [1ms]
2025-03-24 12:37:41.408 [info] > git status -z -uall [6ms]
2025-03-24 12:37:41.410 [info] > git for-each-ref --sort -committerdate --format %(refname) %(objectname) %(*objectname) [3ms]
2025-03-24 12:37:46.447 [info] > git config --get commit.template [0ms]
2025-03-24 12:37:46.452 [info] [Git][getRemotes] No remotes found in the git config file
2025-03-24 12:37:46.454 [info] > git for-each-ref --format=%(refname)%00%(upstream:short)%00%(objectname)%00%(upstream:track)%00%(upstream:remotename)%00%(upstream:remoteref) refs/heads/main refs/remotes/main [2ms]
2025-03-24 12:37:46.465 [info] > git status -z -uall [6ms]
2025-03-24 12:37:46.466 [info] > git for-each-ref --sort -committerdate --format %(refname) %(objectname) %(*objectname) [1ms]
2025-03-24 12:39:42.281 [info] > git fetch [7ms]
2025-03-24 12:39:42.293 [info] > git config --get commit.template [0ms]
2025-03-24 12:39:42.298 [info] [Git][getRemotes] No remotes found in the git config file
2025-03-24 12:39:42.299 [info] > git for-each-ref --format=%(refname)%00%(upstream:short)%00%(objectname)%00%(upstream:track)%00%(upstream:remotename)%00%(upstream:remoteref) refs/heads/main refs/remotes/main [2ms]
2025-03-24 12:39:42.310 [info] > git status -z -uall [5ms]
2025-03-24 12:39:42.314 [info] > git for-each-ref --sort -committerdate --format %(refname) %(objectname) %(*objectname) [5ms]
2025-03-24 12:39:43.378 [info] > git config --get commit.template [2ms]
2025-03-24 12:39:43.387 [info] [Git][getRemotes] No remotes found in the git config file
2025-03-24 12:39:43.389 [info] > git for-each-ref --format=%(refname)%00%(upstream:short)%00%(objectname)%00%(upstream:track)%00%(upstream:remotename)%00%(upstream:remoteref) refs/heads/main refs/remotes/main [2ms]
2025-03-24 12:39:43.406 [info] > git status -z -uall [10ms]
2025-03-24 12:39:43.407 [info] > git for-each-ref --sort -committerdate --format %(refname) %(objectname) %(*objectname) [3ms]
2025-03-24 12:39:43.582 [info] > git ls-files --stage -- /home/luna/repos/gh-cli-rs/src/main.rs [0ms]
2025-03-24 12:39:43.585 [info] > git cat-file -s 8bd84e21de24df090e76c7c63b15a95c44fefcfa [1ms]
2025-03-24 12:39:43.590 [info] > git show --textconv :src/main.rs [2ms]
2025-03-24 12:39:54.067 [info] > git config --get commit.template [2ms]
2025-03-24 12:39:54.076 [info] [Git][getRemotes] No remotes found in the git config file
2025-03-24 12:39:54.083 [info] > git for-each-ref --format=%(refname)%00%(upstream:short)%00%(objectname)%00%(upstream:track)%00%(upstream:remotename)%00%(upstream:remoteref) refs/heads/main refs/remotes/main [8ms]
2025-03-24 12:39:54.106 [info] > git status -z -uall [13ms]
2025-03-24 12:39:54.107 [info] > git for-each-ref --sort -committerdate --format %(refname) %(objectname) %(*objectname) [4ms]
2025-03-24 12:42:51.061 [info] > git fetch [2ms]
2025-03-24 12:42:51.063 [info] > git config --get commit.template [3ms]
2025-03-24 12:42:51.064 [info] [Git][getRemotes] No remotes found in the git config file
2025-03-24 12:42:51.066 [info] > git config --get commit.template [3ms]
2025-03-24 12:42:51.066 [info] [Git][getRemotes] No remotes found in the git config file
2025-03-24 12:42:51.069 [info] > git for-each-ref --format=%(refname)%00%(upstream:short)%00%(objectname)%00%(upstream:track)%00%(upstream:remotename)%00%(upstream:remoteref) refs/heads/main refs/remotes/main [3ms]
2025-03-24 12:42:51.070 [info] > git for-each-ref --format=%(refname)%00%(upstream:short)%00%(objectname)%00%(upstream:track)%00%(upstream:remotename)%00%(upstream:remoteref) refs/heads/main refs/remotes/main [1ms]
2025-03-24 12:42:51.080 [info] > git status -z -uall [6ms]
2025-03-24 12:42:51.080 [info] > git for-each-ref --sort -committerdate --format %(refname) %(objectname) %(*objectname) [2ms]
2025-03-24 12:42:52.265 [info] > git ls-files --stage -- /home/luna/repos/gh-cli-rs/src/main.rs [1ms]
2025-03-24 12:42:52.274 [info] > git cat-file -s 8bd84e21de24df090e76c7c63b15a95c44fefcfa [2ms]
2025-03-24 12:42:52.314 [info] > git show --textconv :src/main.rs [0ms]
2025-03-24 12:43:18.312 [info] > git config --get commit.template [2ms]
2025-03-24 12:43:18.318 [info] [Git][getRemotes] No remotes found in the git config file
2025-03-24 12:43:18.319 [info] > git for-each-ref --format=%(refname)%00%(upstream:short)%00%(objectname)%00%(upstream:track)%00%(upstream:remotename)%00%(upstream:remoteref) refs/heads/main refs/remotes/main [1ms]
2025-03-24 12:43:18.334 [info] > git status -z -uall [8ms]
2025-03-24 12:43:18.334 [info] > git for-each-ref --sort -committerdate --format %(refname) %(objectname) %(*objectname) [1ms]
2025-03-24 12:49:31.567 [info] > git fetch [7ms]
2025-03-24 12:49:31.586 [info] > git config --get commit.template [2ms]
2025-03-24 12:49:31.593 [info] [Git][getRemotes] No remotes found in the git config file
2025-03-24 12:49:31.594 [info] > git for-each-ref --format=%(refname)%00%(upstream:short)%00%(objectname)%00%(upstream:track)%00%(upstream:remotename)%00%(upstream:remoteref) refs/heads/main refs/remotes/main [2ms]
2025-03-24 12:49:31.603 [info] > git status -z -uall [6ms]
2025-03-24 12:49:31.605 [info] > git for-each-ref --sort -committerdate --format %(refname) %(objectname) %(*objectname) [2ms]
2025-03-24 12:49:32.660 [info] > git config --get commit.template [1ms]
2025-03-24 12:49:32.665 [info] [Git][getRemotes] No remotes found in the git config file
2025-03-24 12:49:32.666 [info] > git for-each-ref --format=%(refname)%00%(upstream:short)%00%(objectname)%00%(upstream:track)%00%(upstream:remotename)%00%(upstream:remoteref) refs/heads/main refs/remotes/main [1ms]
2025-03-24 12:49:32.678 [info] > git status -z -uall [8ms]
2025-03-24 12:49:32.678 [info] > git for-each-ref --sort -committerdate --format %(refname) %(objectname) %(*objectname) [2ms]
2025-03-24 12:49:32.756 [info] > git ls-files --stage -- /home/luna/repos/gh-cli-rs/src/main.rs [1ms]
2025-03-24 12:49:32.762 [info] > git cat-file -s 8bd84e21de24df090e76c7c63b15a95c44fefcfa [2ms]
2025-03-24 12:49:32.769 [info] > git show --textconv :src/main.rs [0ms]
2025-03-24 13:17:23.788 [info] > git fetch [5ms]
2025-03-24 13:17:23.801 [info] [Git][getRemotes] No remotes found in the git config file
2025-03-24 13:17:23.802 [info] > git config --get commit.template [4ms]
2025-03-24 13:17:23.802 [info] > git for-each-ref --format=%(refname)%00%(upstream:short)%00%(objectname)%00%(upstream:track)%00%(upstream:remotename)%00%(upstream:remoteref) refs/heads/main refs/remotes/main [1ms]
2025-03-24 13:17:23.811 [info] > git status -z -uall [5ms]
2025-03-24 13:17:23.814 [info] > git for-each-ref --sort -committerdate --format %(refname) %(objectname) %(*objectname) [3ms]
2025-03-24 13:17:24.871 [info] > git config --get commit.template [0ms]
2025-03-24 13:17:24.875 [info] [Git][getRemotes] No remotes found in the git config file
2025-03-24 13:17:24.876 [info] > git for-each-ref --format=%(refname)%00%(upstream:short)%00%(objectname)%00%(upstream:track)%00%(upstream:remotename)%00%(upstream:remoteref) refs/heads/main refs/remotes/main [1ms]
2025-03-24 13:17:24.886 [info] > git status -z -uall [5ms]
2025-03-24 13:17:24.889 [info] > git for-each-ref --sort -committerdate --format %(refname) %(objectname) %(*objectname) [5ms]
2025-03-24 13:17:24.969 [info] > git ls-files --stage -- /home/luna/repos/gh-cli-rs/src/main.rs [1ms]
2025-03-24 13:17:24.973 [info] > git cat-file -s 8bd84e21de24df090e76c7c63b15a95c44fefcfa [2ms]
2025-03-24 13:17:24.980 [info] > git show --textconv :src/main.rs [1ms]
