2025-03-24 21:16:54.570 [info] [main] Log level: Info
2025-03-24 21:16:54.570 [info] [main] Validating found git in: "git"
2025-03-24 21:16:54.570 [info] [main] Using git "2.49.0" from "git"
2025-03-24 21:16:54.570 [info] [Model][doInitialScan] Initial repository scan started
2025-03-24 21:16:54.570 [info] > git rev-parse --show-toplevel [4ms]
2025-03-24 21:16:54.570 [info] fatal: not a git repository (or any parent up to mount point /)
Stopping at filesystem boundary (GIT_DISCOVERY_ACROSS_FILESYSTEM not set).
2025-03-24 21:16:54.570 [info] [Model][doInitialScan] Initial repository scan completed - repositories (0), closed repositories (0), parent repositories (0), unsafe repositories (0)
2025-03-24 21:17:44.776 [info] [main] Log level: Info
2025-03-24 21:17:44.776 [info] [main] Validating found git in: "git"
2025-03-24 21:17:44.776 [info] [main] Using git "2.49.0" from "git"
2025-03-24 21:17:44.776 [info] [Model][doInitialScan] Initial repository scan started
2025-03-24 21:17:44.778 [info] > git rev-parse --show-toplevel [14ms]
2025-03-24 21:17:44.798 [info] > git rev-parse --git-dir --git-common-dir [2ms]
2025-03-24 21:17:44.805 [info] [Model][openRepository] Opened repository: /home/luna/repos/gh-cli-rs
2025-03-24 21:17:44.822 [info] > git fetch [17ms]
2025-03-24 21:17:44.834 [info] > git rev-parse --show-toplevel [18ms]
2025-03-24 21:17:44.835 [info] > git config --get commit.template [22ms]
2025-03-24 21:17:44.841 [info] > git config --get commit.template [9ms]
2025-03-24 21:17:44.842 [info] [Git][getRemotes] No remotes found in the git config file
2025-03-24 21:17:44.847 [info] > git rev-parse --show-toplevel [8ms]
2025-03-24 21:17:44.850 [info] [Git][getRemotes] No remotes found in the git config file
2025-03-24 21:17:44.857 [info] > git for-each-ref --format=%(refname)%00%(upstream:short)%00%(objectname)%00%(upstream:track)%00%(upstream:remotename)%00%(upstream:remoteref) refs/heads/main refs/remotes/main [12ms]
2025-03-24 21:17:44.866 [info] > git for-each-ref --format=%(refname)%00%(upstream:short)%00%(objectname)%00%(upstream:track)%00%(upstream:remotename)%00%(upstream:remoteref) refs/heads/main refs/remotes/main [4ms]
2025-03-24 21:17:44.872 [info] > git rev-parse --show-toplevel [17ms]
2025-03-24 21:17:44.874 [info] [Model][doInitialScan] Initial repository scan completed - repositories (1), closed repositories (0), parent repositories (0), unsafe repositories (0)
2025-03-24 21:17:44.875 [info] > git for-each-ref --format=%(refname)%00%(upstream:short)%00%(objectname)%00%(upstream:track)%00%(upstream:remotename)%00%(upstream:remoteref) refs/heads/main refs/remotes/main [25ms]
2025-03-24 21:17:45.295 [info] > git for-each-ref --format=%(refname)%00%(upstream:short)%00%(objectname)%00%(upstream:track)%00%(upstream:remotename)%00%(upstream:remoteref) refs/heads/main refs/remotes/main [415ms]
2025-03-24 21:17:45.297 [info] > git config --get --local branch.main.vscode-merge-base [425ms]
2025-03-24 21:17:45.297 [warning] [Git][config] git config failed: Failed to execute git
2025-03-24 21:17:45.299 [info] > git config --get commit.template [434ms]
2025-03-24 21:17:45.484 [info] > git reflog main --grep-reflog=branch: Created from *. [185ms]
2025-03-24 21:17:45.485 [info] > git config --get --local branch.main.vscode-merge-base [188ms]
2025-03-24 21:17:45.485 [warning] [Git][config] git config failed: Failed to execute git
2025-03-24 21:17:45.523 [info] [Git][getRemotes] No remotes found in the git config file
2025-03-24 21:17:45.524 [info] > git show --textconv :src/main.rs [9ms]
2025-03-24 21:17:45.525 [info] > git ls-files --stage -- /home/luna/repos/gh-cli-rs/src/main.rs [7ms]
2025-03-24 21:17:45.527 [info] > git reflog main --grep-reflog=branch: Created from *. [38ms]
2025-03-24 21:17:45.543 [info] > git cat-file -s 8bd84e21de24df090e76c7c63b15a95c44fefcfa [17ms]
2025-03-24 21:17:45.543 [info] > git for-each-ref --format=%(refname)%00%(upstream:short)%00%(objectname)%00%(upstream:track)%00%(upstream:remotename)%00%(upstream:remoteref) refs/heads/main refs/remotes/main [21ms]
2025-03-24 21:17:45.550 [info] > git status -z -uall [5ms]
2025-03-24 21:17:45.557 [info] > git for-each-ref --sort -committerdate --format %(refname) %(objectname) %(*objectname) [9ms]
2025-03-24 21:17:45.728 [info] > git blame --root --incremental 4697733d6661e40e40f9b1028963410a6627c0df -- /home/luna/repos/gh-cli-rs/src/main.rs [26ms]
2025-03-24 21:17:45.785 [info] > git log --format=%H%n%aN%n%aE%n%at%n%ct%n%P%n%D%n%B -z --shortstat --diff-merges=first-parent -n50 --skip=0 --topo-order --decorate=full --stdin [251ms]
2025-03-24 21:17:45.809 [info] > git check-ignore -v -z --stdin [2ms]
2025-03-24 21:17:45.970 [info] > git config --get --local branch.main.github-pr-owner-number [1ms]
2025-03-24 21:17:45.970 [warning] [Git][config] git config failed: Failed to execute git
2025-03-24 21:17:45.978 [info] > git config --get --local branch.main.remote [5ms]
2025-03-24 21:17:45.978 [warning] [Git][config] git config failed: Failed to execute git
2025-03-24 21:17:45.981 [info] > git config --get --local branch.main.merge [1ms]
2025-03-24 21:17:45.981 [warning] [Git][config] git config failed: Failed to execute git
2025-03-24 21:17:46.723 [info] > git config --get commit.template [2ms]
2025-03-24 21:17:46.732 [info] [Git][getRemotes] No remotes found in the git config file
2025-03-24 21:17:46.734 [info] > git for-each-ref --format=%(refname)%00%(upstream:short)%00%(objectname)%00%(upstream:track)%00%(upstream:remotename)%00%(upstream:remoteref) refs/heads/main refs/remotes/main [2ms]
2025-03-24 21:17:46.751 [info] > git status -z -uall [10ms]
2025-03-24 21:17:46.752 [info] > git for-each-ref --sort -committerdate --format %(refname) %(objectname) %(*objectname) [3ms]
2025-03-24 21:51:12.313 [info] > git fetch [11ms]
2025-03-24 21:51:12.320 [info] > git config --get commit.template [2ms]
2025-03-24 21:51:12.328 [info] [Git][getRemotes] No remotes found in the git config file
2025-03-24 21:51:12.329 [info] > git for-each-ref --format=%(refname)%00%(upstream:short)%00%(objectname)%00%(upstream:track)%00%(upstream:remotename)%00%(upstream:remoteref) refs/heads/main refs/remotes/main [2ms]
2025-03-24 21:51:12.335 [info] > git status -z -uall [3ms]
2025-03-24 21:51:12.337 [info] > git for-each-ref --sort -committerdate --format %(refname) %(objectname) %(*objectname) [2ms]
2025-03-24 22:11:17.645 [info] > git check-ignore -v -z --stdin [1ms]
2025-03-24 22:17:48.583 [info] > git fetch [14ms]
2025-03-24 22:17:48.608 [info] > git ls-files --stage -- /home/luna/repos/gh-cli-rs/src/main.rs [14ms]
2025-03-24 22:17:48.614 [info] > git config --get commit.template [31ms]
2025-03-24 22:17:48.615 [info] > git cat-file -s a5da81f12e5d03283257aaac92221cc41b810ac9 [2ms]
2025-03-24 22:17:48.616 [info] > git config --get commit.template [12ms]
2025-03-24 22:17:48.625 [info] [Git][getRemotes] No remotes found in the git config file
2025-03-24 22:17:48.629 [info] [Git][getRemotes] No remotes found in the git config file
2025-03-24 22:17:48.630 [info] > git for-each-ref --format=%(refname)%00%(upstream:short)%00%(objectname)%00%(upstream:track)%00%(upstream:remotename)%00%(upstream:remoteref) refs/heads/main refs/remotes/main [6ms]
2025-03-24 22:17:48.640 [info] > git show --textconv :src/main.rs [1ms]
2025-03-24 22:17:48.641 [info] > git for-each-ref --format=%(refname)%00%(upstream:short)%00%(objectname)%00%(upstream:track)%00%(upstream:remotename)%00%(upstream:remoteref) refs/heads/main refs/remotes/main [12ms]
2025-03-24 22:17:48.651 [info] > git status -z -uall [5ms]
2025-03-24 22:17:48.652 [info] > git for-each-ref --sort -committerdate --format %(refname) %(objectname) %(*objectname) [2ms]
2025-03-24 22:17:48.878 [info] > git config --get --local branch.main.github-pr-owner-number [79ms]
2025-03-24 22:17:48.878 [warning] [Git][config] git config failed: Failed to execute git
2025-03-24 22:17:48.881 [info] > git blame --root --incremental 4578167fc3cb0938f4b3e9cf3608239c561bfb4b -- /home/luna/repos/gh-cli-rs/src/main.rs [90ms]
2025-03-24 22:17:48.894 [info] > git config --get --local branch.main.remote [13ms]
2025-03-24 22:17:48.894 [warning] [Git][config] git config failed: Failed to execute git
2025-03-24 22:17:48.897 [info] > git config --get --local branch.main.merge [1ms]
2025-03-24 22:17:48.897 [warning] [Git][config] git config failed: Failed to execute git
2025-03-24 22:17:49.180 [info] > git log --format=%H%n%aN%n%aE%n%at%n%ct%n%P%n%D%n%B -z --shortstat --diff-merges=first-parent -n50 --skip=0 --topo-order --decorate=full --stdin [287ms]
2025-03-24 22:17:49.998 [info] > git ls-files --stage -- /home/luna/repos/gh-cli-rs/src/main.rs [1ms]
2025-03-24 22:17:50.003 [info] > git cat-file -s a5da81f12e5d03283257aaac92221cc41b810ac9 [1ms]
2025-03-24 22:17:50.011 [info] > git show --textconv :src/main.rs [0ms]
2025-03-24 22:17:53.648 [info] > git config --get commit.template [1ms]
2025-03-24 22:17:53.657 [info] [Git][getRemotes] No remotes found in the git config file
2025-03-24 22:17:53.658 [info] > git for-each-ref --format=%(refname)%00%(upstream:short)%00%(objectname)%00%(upstream:track)%00%(upstream:remotename)%00%(upstream:remoteref) refs/heads/main refs/remotes/main [2ms]
2025-03-24 22:17:53.678 [info] > git status -z -uall [11ms]
2025-03-24 22:17:53.679 [info] > git for-each-ref --sort -committerdate --format %(refname) %(objectname) %(*objectname) [3ms]
2025-03-24 22:37:12.579 [info] > git fetch [5ms]
2025-03-24 22:37:12.592 [info] > git config --get commit.template [1ms]
2025-03-24 22:37:12.600 [info] [Git][getRemotes] No remotes found in the git config file
2025-03-24 22:37:12.602 [info] > git for-each-ref --format=%(refname)%00%(upstream:short)%00%(objectname)%00%(upstream:track)%00%(upstream:remotename)%00%(upstream:remoteref) refs/heads/main refs/remotes/main [3ms]
2025-03-24 22:37:12.616 [info] > git status -z -uall [7ms]
2025-03-24 22:37:12.620 [info] > git for-each-ref --sort -committerdate --format %(refname) %(objectname) %(*objectname) [5ms]
2025-03-24 22:37:13.832 [info] > git config --get commit.template [1ms]
2025-03-24 22:37:13.840 [info] [Git][getRemotes] No remotes found in the git config file
2025-03-24 22:37:13.842 [info] > git for-each-ref --format=%(refname)%00%(upstream:short)%00%(objectname)%00%(upstream:track)%00%(upstream:remotename)%00%(upstream:remoteref) refs/heads/main refs/remotes/main [3ms]
2025-03-24 22:37:13.863 [info] > git status -z -uall [16ms]
2025-03-24 22:37:13.863 [info] > git ls-files --stage -- /home/luna/repos/gh-cli-rs/src/main.rs [1ms]
2025-03-24 22:37:13.869 [info] > git for-each-ref --sort -committerdate --format %(refname) %(objectname) %(*objectname) [12ms]
2025-03-24 22:37:13.915 [info] > git cat-file -s a5da81f12e5d03283257aaac92221cc41b810ac9 [47ms]
2025-03-24 22:37:13.923 [info] > git show --textconv :src/main.rs [2ms]
2025-03-24 22:43:18.831 [info] > git fetch [4ms]
2025-03-24 22:43:18.842 [info] > git config --get commit.template [2ms]
2025-03-24 22:43:18.847 [info] [Git][getRemotes] No remotes found in the git config file
2025-03-24 22:43:18.847 [info] > git for-each-ref --format=%(refname)%00%(upstream:short)%00%(objectname)%00%(upstream:track)%00%(upstream:remotename)%00%(upstream:remoteref) refs/heads/main refs/remotes/main [1ms]
2025-03-24 22:43:18.860 [info] > git status -z -uall [7ms]
2025-03-24 22:43:18.860 [info] > git for-each-ref --sort -committerdate --format %(refname) %(objectname) %(*objectname) [1ms]
2025-03-24 22:43:20.624 [info] > git config --get commit.template [0ms]
2025-03-24 22:43:20.631 [info] [Git][getRemotes] No remotes found in the git config file
2025-03-24 22:43:20.632 [info] > git for-each-ref --format=%(refname)%00%(upstream:short)%00%(objectname)%00%(upstream:track)%00%(upstream:remotename)%00%(upstream:remoteref) refs/heads/main refs/remotes/main [0ms]
2025-03-24 22:43:20.644 [info] > git status -z -uall [7ms]
2025-03-24 22:43:20.644 [info] > git for-each-ref --sort -committerdate --format %(refname) %(objectname) %(*objectname) [1ms]
2025-03-24 22:43:20.686 [info] > git ls-files --stage -- /home/luna/repos/gh-cli-rs/src/main.rs [1ms]
2025-03-24 22:43:20.690 [info] > git cat-file -s a5da81f12e5d03283257aaac92221cc41b810ac9 [2ms]
2025-03-24 22:43:20.698 [info] > git show --textconv :src/main.rs [1ms]
