2025-03-24 12:18:20.280 [info] Reading sessions from keychain...
2025-03-24 12:18:20.280 [info] Getting sessions for all scopes...
2025-03-24 12:18:20.280 [info] Getting sessions for all scopes...
2025-03-24 12:18:20.280 [info] Getting sessions for all scopes...
2025-03-24 12:18:20.280 [info] Getting sessions for all scopes...
2025-03-24 12:18:20.280 [info] Getting sessions for all scopes...
2025-03-24 12:18:20.280 [info] Getting sessions for all scopes...
2025-03-24 12:18:20.280 [info] Getting sessions for all scopes...
2025-03-24 12:18:20.316 [info] Got stored sessions!
2025-03-24 12:18:20.316 [info] Got 1 verified sessions.
2025-03-24 12:18:20.316 [info] Got 1 sessions for ...
2025-03-24 12:18:20.316 [info] Got 1 sessions for ...
2025-03-24 12:18:20.316 [info] Got 1 sessions for ...
2025-03-24 12:18:20.316 [info] Got 1 sessions for ...
2025-03-24 12:18:20.316 [info] Got 1 sessions for ...
2025-03-24 12:18:20.316 [info] Got 1 sessions for ...
2025-03-24 12:18:20.316 [info] Got 1 sessions for ...
2025-03-24 12:18:20.682 [info] Getting sessions for all scopes...
2025-03-24 12:18:20.682 [info] Got 1 sessions for ...
2025-03-24 12:18:20.788 [info] Getting sessions for user:email...
2025-03-24 12:18:20.788 [info] Got 1 sessions for user:email...
2025-03-24 12:18:22.523 [info] Getting sessions for all scopes...
2025-03-24 12:18:22.523 [info] Got 1 sessions for ...
2025-03-24 12:18:22.664 [info] Getting sessions for read:user,repo,user:email...
2025-03-24 12:18:22.664 [info] Got 0 sessions for read:user,repo,user:email...
2025-03-24 12:18:22.664 [info] Getting sessions for read:user,repo,user:email,workflow...
2025-03-24 12:18:22.664 [info] Got 0 sessions for read:user,repo,user:email,workflow...
2025-03-24 12:18:22.664 [info] Getting sessions for all scopes...
2025-03-24 12:18:22.664 [info] Got 1 sessions for ...
2025-03-24 12:18:22.664 [info] Getting sessions for all scopes...
2025-03-24 12:18:22.664 [info] Got 1 sessions for ...
2025-03-24 12:18:22.703 [info] Getting sessions for project,read:org,read:user,repo,user:email,workflow...
2025-03-24 12:18:22.703 [info] Got 0 sessions for project,read:org,read:user,repo,user:email,workflow...
2025-03-24 12:18:22.886 [info] Getting sessions for read:user...
2025-03-24 12:18:22.886 [info] Got 0 sessions for read:user...
2025-03-24 12:18:22.886 [info] Getting sessions for read:user,repo,user:email,workflow...
2025-03-24 12:18:22.886 [info] Got 0 sessions for read:user,repo,user:email,workflow...
2025-03-24 12:18:22.886 [info] Getting sessions for read:user,repo,user:email,workflow...
2025-03-24 12:18:22.886 [info] Got 0 sessions for read:user,repo,user:email,workflow...
2025-03-24 12:18:23.035 [info] Getting sessions for read:user,repo,user:email...
2025-03-24 12:18:23.035 [info] Got 0 sessions for read:user,repo,user:email...
2025-03-24 12:18:23.116 [info] Getting sessions for user:email...
2025-03-24 12:18:23.116 [info] Got 1 sessions for user:email...
2025-03-24 12:18:23.116 [info] Getting sessions for user:email...
2025-03-24 12:18:23.116 [info] Got 1 sessions for user:email...
2025-03-24 12:18:23.116 [info] Getting sessions for read:user,repo,user:email,workflow...
2025-03-24 12:18:23.117 [info] Got 0 sessions for read:user,repo,user:email,workflow...
2025-03-24 12:18:23.117 [info] Getting sessions for read:user,repo,user:email...
2025-03-24 12:18:23.117 [info] Got 0 sessions for read:user,repo,user:email...
2025-03-24 12:18:24.117 [info] Getting sessions for all scopes...
2025-03-24 12:18:24.117 [info] Got 1 sessions for ...
2025-03-24 12:18:24.117 [info] Getting sessions for all scopes...
2025-03-24 12:18:24.117 [info] Got 1 sessions for ...
2025-03-24 12:18:27.183 [info] Getting sessions for read:user,repo,user:email,workflow...
2025-03-24 12:18:27.183 [info] Got 0 sessions for read:user,repo,user:email,workflow...
2025-03-24 12:18:27.425 [info] Getting sessions for read:user,repo,user:email,workflow...
2025-03-24 12:18:27.425 [info] Got 0 sessions for read:user,repo,user:email,workflow...
2025-03-24 12:18:27.674 [info] Getting sessions for user:email...
2025-03-24 12:18:27.674 [info] Got 1 sessions for user:email...
2025-03-24 12:18:39.286 [info] Getting sessions for all scopes...
2025-03-24 12:18:39.287 [info] Got 1 sessions for ...
2025-03-24 12:18:39.287 [info] Getting sessions for all scopes...
2025-03-24 12:18:39.287 [info] Got 1 sessions for ...
2025-03-24 12:18:39.300 [info] Getting sessions for read:user,repo,user:email,workflow...
2025-03-24 12:18:39.300 [info] Got 0 sessions for read:user,repo,user:email,workflow...
2025-03-24 12:18:39.318 [info] Getting sessions for user:email...
2025-03-24 12:18:39.318 [info] Got 1 sessions for user:email...
2025-03-24 12:18:39.323 [info] Getting sessions for read:user,repo,user:email,workflow...
2025-03-24 12:18:39.323 [info] Got 0 sessions for read:user,repo,user:email,workflow...
2025-03-24 12:18:39.334 [info] Getting sessions for all scopes...
2025-03-24 12:18:39.334 [info] Got 1 sessions for ...
2025-03-24 12:18:39.342 [info] Getting sessions for read:user,repo,user:email,workflow...
2025-03-24 12:18:39.342 [info] Got 0 sessions for read:user,repo,user:email,workflow...
2025-03-24 12:18:39.342 [info] Getting sessions for user:email...
2025-03-24 12:18:39.342 [info] Got 1 sessions for user:email...
2025-03-24 12:18:39.468 [info] Getting sessions for all scopes...
2025-03-24 12:18:39.468 [info] Got 1 sessions for ...
2025-03-24 12:18:39.474 [info] Getting sessions for all scopes...
2025-03-24 12:18:39.474 [info] Got 1 sessions for ...
2025-03-24 12:18:39.475 [info] Getting sessions for read:user,repo,user:email,workflow...
2025-03-24 12:18:39.475 [info] Got 0 sessions for read:user,repo,user:email,workflow...
2025-03-24 12:18:39.475 [info] Getting sessions for user:email...
2025-03-24 12:18:39.475 [info] Got 1 sessions for user:email...
2025-03-24 12:18:39.475 [info] Getting sessions for read:user,repo,user:email,workflow...
2025-03-24 12:18:39.475 [info] Got 0 sessions for read:user,repo,user:email,workflow...
2025-03-24 12:18:39.488 [info] Getting sessions for all scopes...
2025-03-24 12:18:39.488 [info] Got 1 sessions for ...
2025-03-24 12:18:39.489 [info] Getting sessions for read:user,repo,user:email,workflow...
2025-03-24 12:18:39.489 [info] Got 0 sessions for read:user,repo,user:email,workflow...
2025-03-24 12:18:39.489 [info] Getting sessions for user:email...
2025-03-24 12:18:39.489 [info] Got 1 sessions for user:email...
2025-03-24 12:18:40.666 [info] Getting sessions for all scopes...
2025-03-24 12:18:40.666 [info] Got 1 sessions for ...
2025-03-24 12:18:40.669 [info] Getting sessions for read:user,repo,user:email,workflow...
2025-03-24 12:18:40.669 [info] Got 0 sessions for read:user,repo,user:email,workflow...
2025-03-24 12:18:40.671 [info] Getting sessions for user:email...
2025-03-24 12:18:40.671 [info] Got 1 sessions for user:email...
