2025-01-27 09:18:55.542 [info] Reading sessions from keychain...
2025-01-27 09:18:55.542 [info] Getting sessions for all scopes...
2025-01-27 09:18:55.542 [info] Getting sessions for all scopes...
2025-01-27 09:18:55.542 [info] Getting sessions for all scopes...
2025-01-27 09:18:55.542 [info] Getting sessions for all scopes...
2025-01-27 09:18:55.542 [info] Getting sessions for all scopes...
2025-01-27 09:18:55.542 [info] Getting sessions for all scopes...
2025-01-27 09:18:55.542 [info] Getting sessions for all scopes...
2025-01-27 09:18:55.542 [info] Getting sessions for all scopes...
2025-01-27 09:18:55.542 [info] Got stored sessions!
2025-01-27 09:18:55.542 [info] Got 1 verified sessions.
2025-01-27 09:18:55.542 [info] Got 1 sessions for ...
2025-01-27 09:18:55.542 [info] Got 1 sessions for ...
2025-01-27 09:18:55.542 [info] Got 1 sessions for ...
2025-01-27 09:18:55.542 [info] Got 1 sessions for ...
2025-01-27 09:18:55.542 [info] Got 1 sessions for ...
2025-01-27 09:18:55.542 [info] Got 1 sessions for ...
2025-01-27 09:18:55.542 [info] Got 1 sessions for ...
2025-01-27 09:18:55.542 [info] Got 1 sessions for ...
2025-01-27 09:18:55.542 [info] Getting sessions for all scopes...
2025-01-27 09:18:55.542 [info] Got 1 sessions for ...
2025-01-27 09:18:55.542 [info] Getting sessions for all scopes...
2025-01-27 09:18:55.542 [info] Got 1 sessions for ...
2025-01-27 09:18:55.542 [info] Getting sessions for all scopes...
2025-01-27 09:18:55.542 [info] Got 1 sessions for ...
2025-01-27 09:18:55.542 [info] Getting sessions for read:user,repo,user:email,workflow...
2025-01-27 09:18:55.542 [info] Got 1 sessions for read:user,repo,user:email,workflow...
2025-01-27 09:18:55.693 [info] Getting sessions for all scopes...
2025-01-27 09:18:55.693 [info] Got 1 sessions for ...
2025-01-27 09:18:55.862 [info] Getting sessions for read:user,repo,user:email,workflow...
2025-01-27 09:18:55.862 [info] Got 1 sessions for read:user,repo,user:email,workflow...
2025-01-27 09:18:55.862 [info] Getting sessions for read:user,repo,user:email,workflow...
2025-01-27 09:18:55.862 [info] Got 1 sessions for read:user,repo,user:email,workflow...
2025-01-27 09:18:56.515 [info] Getting sessions for all scopes...
2025-01-27 09:18:56.515 [info] Got 1 sessions for ...
2025-01-27 09:18:56.521 [info] Getting sessions for read:user,repo,user:email...
2025-01-27 09:18:56.521 [info] Got 0 sessions for read:user,repo,user:email...
2025-01-27 09:18:56.521 [info] Getting sessions for read:user,repo,user:email,workflow...
2025-01-27 09:18:56.521 [info] Got 1 sessions for read:user,repo,user:email,workflow...
2025-01-27 09:18:56.743 [info] Getting sessions for all scopes...
2025-01-27 09:18:56.743 [info] Got 1 sessions for ...
2025-01-27 09:18:56.744 [info] Getting sessions for read:user,repo,user:email,workflow...
2025-01-27 09:18:56.744 [info] Got 1 sessions for read:user,repo,user:email,workflow...
2025-01-27 09:18:58.617 [info] Getting sessions for read:user,repo,user:email,workflow...
2025-01-27 09:18:58.617 [info] Got 1 sessions for read:user,repo,user:email,workflow...
2025-01-27 09:19:00.087 [info] Getting sessions for all scopes...
2025-01-27 09:19:00.087 [info] Got 1 sessions for ...
2025-01-27 09:19:00.088 [info] Getting sessions for all scopes...
2025-01-27 09:19:00.088 [info] Got 1 sessions for ...
2025-01-27 09:19:00.102 [info] Getting sessions for read:user,repo,user:email,workflow...
2025-01-27 09:19:00.102 [info] Got 1 sessions for read:user,repo,user:email,workflow...
2025-01-27 09:19:00.104 [info] Getting sessions for all scopes...
2025-01-27 09:19:00.104 [info] Got 1 sessions for ...
2025-01-27 09:19:00.105 [info] Getting sessions for read:user,repo,user:email,workflow...
2025-01-27 09:19:00.105 [info] Got 1 sessions for read:user,repo,user:email,workflow...
2025-01-27 09:19:00.179 [info] Getting sessions for all scopes...
2025-01-27 09:19:00.179 [info] Got 1 sessions for ...
2025-01-27 09:19:00.181 [info] Getting sessions for read:user,repo,user:email,workflow...
2025-01-27 09:19:00.181 [info] Got 1 sessions for read:user,repo,user:email,workflow...
2025-01-27 09:19:04.844 [info] Getting sessions for read:user,repo,user:email,workflow...
2025-01-27 09:19:04.844 [info] Got 1 sessions for read:user,repo,user:email,workflow...
2025-01-27 09:19:06.895 [info] Getting sessions for all scopes...
2025-01-27 09:19:06.895 [info] Got 1 sessions for ...
2025-01-27 09:19:06.914 [info] Getting sessions for read:user,repo,user:email,workflow...
2025-01-27 09:19:06.914 [info] Got 1 sessions for read:user,repo,user:email,workflow...
2025-01-27 09:37:20.981 [info] Getting sessions for all scopes...
2025-01-27 09:37:20.981 [info] Got 1 sessions for ...
2025-01-27 09:37:20.982 [info] Getting sessions for read:user,repo,user:email,workflow...
2025-01-27 09:37:20.982 [info] Got 1 sessions for read:user,repo,user:email,workflow...
2025-01-27 09:50:02.662 [info] Getting sessions for all scopes...
2025-01-27 09:50:02.663 [info] Got 1 sessions for ...
2025-01-27 09:50:02.664 [info] Getting sessions for read:user,repo,user:email,workflow...
2025-01-27 09:50:02.664 [info] Got 1 sessions for read:user,repo,user:email,workflow...
2025-01-27 09:50:02.665 [info] Getting sessions for all scopes...
2025-01-27 09:50:02.665 [info] Got 1 sessions for ...
2025-01-27 09:50:02.665 [info] Getting sessions for read:user,repo,user:email,workflow...
2025-01-27 09:50:02.665 [info] Got 1 sessions for read:user,repo,user:email,workflow...
2025-01-27 09:50:03.708 [info] Getting sessions for all scopes...
2025-01-27 09:50:03.708 [info] Got 1 sessions for ...
2025-01-27 09:50:03.709 [info] Getting sessions for all scopes...
2025-01-27 09:50:03.709 [info] Got 1 sessions for ...
2025-01-27 09:50:03.710 [info] Getting sessions for read:user,repo,user:email,workflow...
2025-01-27 09:50:03.710 [info] Got 1 sessions for read:user,repo,user:email,workflow...
2025-01-27 09:50:03.715 [info] Getting sessions for all scopes...
2025-01-27 09:50:03.715 [info] Got 1 sessions for ...
2025-01-27 09:50:03.716 [info] Getting sessions for read:user,repo,user:email,workflow...
2025-01-27 09:50:03.716 [info] Got 1 sessions for read:user,repo,user:email,workflow...
2025-01-27 09:50:03.720 [info] Getting sessions for all scopes...
2025-01-27 09:50:03.720 [info] Got 1 sessions for ...
2025-01-27 09:50:03.721 [info] Getting sessions for read:user,repo,user:email,workflow...
2025-01-27 09:50:03.721 [info] Got 1 sessions for read:user,repo,user:email,workflow...
2025-01-27 09:50:04.881 [info] Getting sessions for all scopes...
2025-01-27 09:50:04.881 [info] Got 1 sessions for ...
2025-01-27 09:50:04.882 [info] Getting sessions for read:user,repo,user:email,workflow...
2025-01-27 09:50:04.882 [info] Got 1 sessions for read:user,repo,user:email,workflow...
2025-01-27 09:59:55.580 [info] Getting sessions for read:user,repo,user:email,workflow...
2025-01-27 09:59:55.581 [info] Got 1 sessions for read:user,repo,user:email,workflow...
2025-01-27 11:02:04.863 [info] Getting sessions for all scopes...
2025-01-27 11:02:04.863 [info] Got 1 sessions for ...
2025-01-27 11:02:04.865 [info] Getting sessions for read:user,repo,user:email,workflow...
2025-01-27 11:02:04.865 [info] Got 1 sessions for read:user,repo,user:email,workflow...
2025-01-27 11:02:04.867 [info] Getting sessions for all scopes...
2025-01-27 11:02:04.867 [info] Got 1 sessions for ...
2025-01-27 11:02:04.868 [info] Getting sessions for read:user,repo,user:email,workflow...
2025-01-27 11:02:04.868 [info] Got 1 sessions for read:user,repo,user:email,workflow...
2025-01-27 11:02:05.889 [info] Getting sessions for all scopes...
2025-01-27 11:02:05.889 [info] Got 1 sessions for ...
2025-01-27 11:02:05.889 [info] Getting sessions for all scopes...
2025-01-27 11:02:05.889 [info] Got 1 sessions for ...
2025-01-27 11:02:05.891 [info] Getting sessions for read:user,repo,user:email,workflow...
2025-01-27 11:02:05.891 [info] Got 1 sessions for read:user,repo,user:email,workflow...
2025-01-27 11:02:05.894 [info] Getting sessions for all scopes...
2025-01-27 11:02:05.894 [info] Got 1 sessions for ...
2025-01-27 11:02:05.895 [info] Getting sessions for read:user,repo,user:email,workflow...
2025-01-27 11:02:05.895 [info] Got 1 sessions for read:user,repo,user:email,workflow...
2025-01-27 11:02:05.900 [info] Getting sessions for all scopes...
2025-01-27 11:02:05.900 [info] Got 1 sessions for ...
2025-01-27 11:02:05.901 [info] Getting sessions for read:user,repo,user:email,workflow...
2025-01-27 11:02:05.901 [info] Got 1 sessions for read:user,repo,user:email,workflow...
2025-01-27 11:02:06.865 [info] Getting sessions for all scopes...
2025-01-27 11:02:06.865 [info] Got 1 sessions for ...
2025-01-27 11:02:06.865 [info] Getting sessions for read:user,repo,user:email,workflow...
2025-01-27 11:02:06.865 [info] Got 1 sessions for read:user,repo,user:email,workflow...
2025-01-27 12:12:49.855 [info] Getting sessions for all scopes...
2025-01-27 12:12:49.855 [info] Got 1 sessions for ...
2025-01-27 12:12:49.860 [info] Getting sessions for read:user,repo,user:email,workflow...
2025-01-27 12:12:49.861 [info] Got 1 sessions for read:user,repo,user:email,workflow...
2025-01-27 12:12:49.867 [info] Getting sessions for all scopes...
2025-01-27 12:12:49.867 [info] Got 1 sessions for ...
2025-01-27 12:12:49.868 [info] Getting sessions for read:user,repo,user:email,workflow...
2025-01-27 12:12:49.868 [info] Got 1 sessions for read:user,repo,user:email,workflow...
2025-01-27 12:12:50.828 [info] Getting sessions for all scopes...
2025-01-27 12:12:50.828 [info] Got 1 sessions for ...
2025-01-27 12:12:50.828 [info] Getting sessions for all scopes...
2025-01-27 12:12:50.828 [info] Got 1 sessions for ...
2025-01-27 12:12:50.829 [info] Getting sessions for read:user,repo,user:email,workflow...
2025-01-27 12:12:50.829 [info] Got 1 sessions for read:user,repo,user:email,workflow...
2025-01-27 12:12:50.843 [info] Getting sessions for all scopes...
2025-01-27 12:12:50.843 [info] Got 1 sessions for ...
2025-01-27 12:12:50.855 [info] Getting sessions for read:user,repo,user:email,workflow...
2025-01-27 12:12:50.855 [info] Got 1 sessions for read:user,repo,user:email,workflow...
2025-01-27 12:12:50.868 [info] Getting sessions for all scopes...
2025-01-27 12:12:50.868 [info] Got 1 sessions for ...
2025-01-27 12:12:50.874 [info] Getting sessions for read:user,repo,user:email,workflow...
2025-01-27 12:12:50.874 [info] Got 1 sessions for read:user,repo,user:email,workflow...
2025-01-27 12:12:51.761 [info] Getting sessions for all scopes...
2025-01-27 12:12:51.761 [info] Got 1 sessions for ...
2025-01-27 12:12:51.763 [info] Getting sessions for read:user,repo,user:email,workflow...
2025-01-27 12:12:51.763 [info] Got 1 sessions for read:user,repo,user:email,workflow...
