2025-03-24 00:56:13.207 [info] Reading sessions from keychain...
2025-03-24 00:56:13.207 [info] Getting sessions for all scopes...
2025-03-24 00:56:13.207 [info] Getting sessions for all scopes...
2025-03-24 00:56:13.207 [info] Getting sessions for all scopes...
2025-03-24 00:56:13.207 [info] Getting sessions for all scopes...
2025-03-24 00:56:13.207 [info] Getting sessions for all scopes...
2025-03-24 00:56:13.207 [info] Getting sessions for all scopes...
2025-03-24 00:56:13.207 [info] Getting sessions for all scopes...
2025-03-24 00:56:13.274 [info] Got stored sessions!
2025-03-24 00:56:13.274 [info] Got 1 verified sessions.
2025-03-24 00:56:13.274 [info] Got 1 sessions for ...
2025-03-24 00:56:13.274 [info] Got 1 sessions for ...
2025-03-24 00:56:13.274 [info] Got 1 sessions for ...
2025-03-24 00:56:13.274 [info] Got 1 sessions for ...
2025-03-24 00:56:13.274 [info] Got 1 sessions for ...
2025-03-24 00:56:13.274 [info] Got 1 sessions for ...
2025-03-24 00:56:13.274 [info] Got 1 sessions for ...
2025-03-24 00:56:13.680 [info] Getting sessions for all scopes...
2025-03-24 00:56:13.680 [info] Got 1 sessions for ...
2025-03-24 00:56:13.794 [info] Getting sessions for user:email...
2025-03-24 00:56:13.794 [info] Got 1 sessions for user:email...
2025-03-24 00:56:14.703 [info] Getting sessions for read:user,repo,user:email...
2025-03-24 00:56:14.703 [info] Got 0 sessions for read:user,repo,user:email...
2025-03-24 00:56:14.703 [info] Getting sessions for project,read:org,read:user,repo,user:email,workflow...
2025-03-24 00:56:14.703 [info] Got 0 sessions for project,read:org,read:user,repo,user:email,workflow...
2025-03-24 00:56:14.984 [info] Getting sessions for all scopes...
2025-03-24 00:56:14.984 [info] Got 1 sessions for ...
2025-03-24 00:56:14.984 [info] Getting sessions for read:user,repo,user:email,workflow...
2025-03-24 00:56:14.984 [info] Got 0 sessions for read:user,repo,user:email,workflow...
2025-03-24 00:56:15.115 [info] Getting sessions for read:user,repo,user:email...
2025-03-24 00:56:15.115 [info] Got 0 sessions for read:user,repo,user:email...
2025-03-24 00:56:15.132 [info] Getting sessions for read:user,repo,user:email...
2025-03-24 00:56:15.132 [info] Got 0 sessions for read:user,repo,user:email...
2025-03-24 00:56:15.135 [info] Getting sessions for read:user,repo,user:email,workflow...
2025-03-24 00:56:15.135 [info] Got 0 sessions for read:user,repo,user:email,workflow...
