2025-03-24 13:17:22.067 [info] Reading sessions from keychain...
2025-03-24 13:17:22.067 [info] Getting sessions for all scopes...
2025-03-24 13:17:22.067 [info] Getting sessions for all scopes...
2025-03-24 13:17:22.067 [info] Getting sessions for user:email...
2025-03-24 13:17:22.067 [info] Getting sessions for all scopes...
2025-03-24 13:17:22.067 [info] Getting sessions for all scopes...
2025-03-24 13:17:22.067 [info] Getting sessions for all scopes...
2025-03-24 13:17:22.067 [info] Getting sessions for all scopes...
2025-03-24 13:17:22.067 [info] Getting sessions for all scopes...
2025-03-24 13:17:22.067 [info] Got stored sessions!
2025-03-24 13:17:22.067 [info] Got 1 verified sessions.
2025-03-24 13:17:22.067 [info] Got 1 sessions for ...
2025-03-24 13:17:22.067 [info] Got 1 sessions for ...
2025-03-24 13:17:22.067 [info] Got 1 sessions for user:email...
2025-03-24 13:17:22.067 [info] Got 1 sessions for ...
2025-03-24 13:17:22.067 [info] Got 1 sessions for ...
2025-03-24 13:17:22.067 [info] Got 1 sessions for ...
2025-03-24 13:17:22.067 [info] Got 1 sessions for ...
2025-03-24 13:17:22.067 [info] Got 1 sessions for ...
2025-03-24 13:17:22.895 [info] Getting sessions for read:user,repo,user:email...
2025-03-24 13:17:22.895 [info] Got 0 sessions for read:user,repo,user:email...
2025-03-24 13:17:22.895 [info] Getting sessions for project,read:org,read:user,repo,user:email,workflow...
2025-03-24 13:17:22.895 [info] Got 0 sessions for project,read:org,read:user,repo,user:email,workflow...
2025-03-24 13:17:23.348 [info] Getting sessions for read:user,repo,user:email,workflow...
2025-03-24 13:17:23.348 [info] Got 0 sessions for read:user,repo,user:email,workflow...
2025-03-24 13:17:23.381 [info] Getting sessions for read:user,repo,user:email,workflow...
2025-03-24 13:17:23.381 [info] Got 0 sessions for read:user,repo,user:email,workflow...
2025-03-24 13:17:23.398 [info] Getting sessions for read:user,repo,user:email...
2025-03-24 13:17:23.398 [info] Got 0 sessions for read:user,repo,user:email...
2025-03-24 13:17:23.420 [info] Getting sessions for read:user,repo,user:email,workflow...
2025-03-24 13:17:23.420 [info] Got 0 sessions for read:user,repo,user:email,workflow...
2025-03-24 13:17:23.526 [info] Getting sessions for read:user,repo,user:email,workflow...
2025-03-24 13:17:23.526 [info] Got 0 sessions for read:user,repo,user:email,workflow...
2025-03-24 13:17:23.704 [info] Getting sessions for all scopes...
2025-03-24 13:17:23.704 [info] Got 1 sessions for ...
2025-03-24 13:17:36.202 [info] Getting sessions for read:user,repo,user:email...
2025-03-24 13:17:36.202 [info] Got 0 sessions for read:user,repo,user:email...
