2025-03-24 12:19:41.717 [info] Reading sessions from keychain...
2025-03-24 12:19:41.717 [info] Getting sessions for all scopes...
2025-03-24 12:19:41.717 [info] Getting sessions for all scopes...
2025-03-24 12:19:41.717 [info] Getting sessions for all scopes...
2025-03-24 12:19:41.717 [info] Getting sessions for all scopes...
2025-03-24 12:19:41.717 [info] Getting sessions for all scopes...
2025-03-24 12:19:41.717 [info] Getting sessions for all scopes...
2025-03-24 12:19:41.717 [info] Getting sessions for all scopes...
2025-03-24 12:19:41.770 [info] Got stored sessions!
2025-03-24 12:19:41.770 [info] Got 1 verified sessions.
2025-03-24 12:19:41.770 [info] Got 1 sessions for ...
2025-03-24 12:19:41.770 [info] Got 1 sessions for ...
2025-03-24 12:19:41.770 [info] Got 1 sessions for ...
2025-03-24 12:19:41.770 [info] Got 1 sessions for ...
2025-03-24 12:19:41.770 [info] Got 1 sessions for ...
2025-03-24 12:19:41.770 [info] Got 1 sessions for ...
2025-03-24 12:19:41.770 [info] Got 1 sessions for ...
2025-03-24 12:19:41.815 [info] Getting sessions for all scopes...
2025-03-24 12:19:41.815 [info] Got 1 sessions for ...
2025-03-24 12:19:43.228 [info] Getting sessions for read:user,repo,user:email...
2025-03-24 12:19:43.228 [info] Got 0 sessions for read:user,repo,user:email...
2025-03-24 12:19:43.274 [info] Getting sessions for project,read:org,read:user,repo,user:email,workflow...
2025-03-24 12:19:43.274 [info] Got 0 sessions for project,read:org,read:user,repo,user:email,workflow...
2025-03-24 12:19:43.438 [info] Getting sessions for read:user,repo,user:email,workflow...
2025-03-24 12:19:43.438 [info] Got 0 sessions for read:user,repo,user:email,workflow...
2025-03-24 12:19:43.481 [info] Getting sessions for read:user,repo,user:email...
2025-03-24 12:19:43.481 [info] Got 0 sessions for read:user,repo,user:email...
2025-03-24 12:19:43.519 [info] Getting sessions for read:user,repo,user:email...
2025-03-24 12:19:43.519 [info] Got 0 sessions for read:user,repo,user:email...
2025-03-24 12:19:43.542 [info] Getting sessions for read:user,repo,user:email,workflow...
2025-03-24 12:19:43.542 [info] Got 0 sessions for read:user,repo,user:email,workflow...
2025-03-24 12:19:53.130 [info] Getting sessions for user:email...
2025-03-24 12:19:53.130 [info] Got 1 sessions for user:email...
2025-03-24 12:19:53.723 [info] Getting sessions for all scopes...
2025-03-24 12:19:53.723 [info] Got 1 sessions for ...
