2025-02-20 17:48:32.436 [info] git rev-parse --absolute-git-dir
2025-02-20 17:48:32.447 [info] git rev-parse --absolute-git-dir
2025-02-20 17:48:32.757 [info] git config user.email
2025-02-20 17:48:33.069 [info] git blame -C --incremental -- /home/nat/repos/sigma-lang-web/app.py
2025-02-20 17:48:33.108 [info] Blamed "/home/nat/repos/sigma-lang-web/app.py"
2025-02-20 18:49:15.720 [info] git rev-parse --absolute-git-dir
2025-02-20 18:49:15.732 [info] git rev-parse --absolute-git-dir
2025-02-20 18:49:15.760 [info] git config user.email
2025-02-20 18:49:15.765 [info] git blame -C --incremental -- /home/nat/repos/sigma-lang-web/templates/quickstart.html
2025-02-20 18:49:15.775 [info] Blamed "/home/nat/repos/sigma-lang-web/templates/quickstart.html"
2025-02-20 18:56:19.114 [info] git rev-parse --absolute-git-dir
2025-02-20 18:56:19.134 [info] git rev-parse --absolute-git-dir
2025-02-20 18:56:19.177 [info] git config user.email
2025-02-20 18:56:19.187 [info] git blame -C --incremental -- /home/nat/repos/sigma-lang-web/templates/index.html
2025-02-20 18:56:19.191 [info] Blamed "/home/nat/repos/sigma-lang-web/templates/index.html"
2025-02-20 18:56:33.704 [info] git rev-parse --absolute-git-dir
2025-02-20 18:56:33.724 [info] git config user.email
2025-02-20 18:56:33.732 [info] git blame -C --incremental -- /home/nat/repos/sigma-lang-web/templates/index.html
2025-02-20 18:56:33.734 [info] Blamed "/home/nat/repos/sigma-lang-web/templates/index.html"
2025-02-20 18:56:35.736 [info] git rev-parse --absolute-git-dir
2025-02-20 18:56:35.760 [info] git config user.email
2025-02-20 18:56:35.773 [info] git blame -C --incremental -- /home/nat/repos/sigma-lang-web/templates/quickstart.html
2025-02-20 18:56:35.774 [info] Blamed "/home/nat/repos/sigma-lang-web/templates/quickstart.html"
2025-02-20 18:56:40.320 [info] git rev-parse --absolute-git-dir
2025-02-20 18:56:40.335 [info] git rev-parse --absolute-git-dir
2025-02-20 18:56:40.353 [info] git config user.email
2025-02-20 18:56:40.364 [info] git blame -C --incremental -- /home/nat/repos/sigma-lang-web/templates/documentation.html
2025-02-20 18:56:40.374 [info] Blamed "/home/nat/repos/sigma-lang-web/templates/documentation.html"
2025-02-20 18:56:44.839 [info] git rev-parse --absolute-git-dir
2025-02-20 18:56:44.854 [info] git rev-parse --absolute-git-dir
2025-02-20 18:56:44.877 [info] git config user.email
2025-02-20 18:56:44.889 [info] git blame -C --incremental -- /home/nat/repos/sigma-lang-web/templates/dimini.html
2025-02-20 18:56:44.893 [info] Blamed "/home/nat/repos/sigma-lang-web/templates/dimini.html"
2025-02-20 18:56:50.029 [info] git rev-parse --absolute-git-dir
2025-02-20 18:56:50.041 [info] git rev-parse --absolute-git-dir
2025-02-20 18:56:50.070 [info] git config user.email
2025-02-20 18:56:50.078 [info] git blame -C --incremental -- /home/nat/repos/sigma-lang-web/templates/tutorials.html
2025-02-20 18:56:50.086 [info] Blamed "/home/nat/repos/sigma-lang-web/templates/tutorials.html"
2025-02-20 18:56:53.846 [info] git rev-parse --absolute-git-dir
2025-02-20 18:56:53.858 [info] git config user.email
2025-02-20 18:56:53.866 [info] git blame -C --incremental -- /home/nat/repos/sigma-lang-web/templates/tutorials.html
2025-02-20 18:56:53.875 [info] Blamed "/home/nat/repos/sigma-lang-web/templates/tutorials.html"
2025-02-20 18:56:54.910 [info] git rev-parse --absolute-git-dir
2025-02-20 18:56:54.944 [info] git config user.email
2025-02-20 18:56:54.968 [info] git blame -C --incremental -- /home/nat/repos/sigma-lang-web/templates/quickstart.html
2025-02-20 18:56:54.980 [info] Blamed "/home/nat/repos/sigma-lang-web/templates/quickstart.html"
2025-02-20 18:56:56.219 [info] git rev-parse --absolute-git-dir
2025-02-20 18:56:56.237 [info] git config user.email
2025-02-20 18:56:56.248 [info] git blame -C --incremental -- /home/nat/repos/sigma-lang-web/templates/documentation.html
2025-02-20 18:56:56.250 [info] Blamed "/home/nat/repos/sigma-lang-web/templates/documentation.html"
2025-02-20 18:57:07.552 [info] git rev-parse --absolute-git-dir
2025-02-20 18:57:07.566 [info] git rev-parse --absolute-git-dir
2025-02-20 18:57:07.582 [info] git config user.email
2025-02-20 18:57:07.589 [info] git blame -C --incremental -- /home/nat/repos/sigma-lang-web/static/styles.css
2025-02-20 18:57:07.592 [info] Blamed "/home/nat/repos/sigma-lang-web/static/styles.css"
2025-02-20 18:57:35.530 [info] git rev-parse --absolute-git-dir
2025-02-20 18:57:35.553 [info] git config user.email
2025-02-20 18:57:35.563 [info] git blame -C --incremental -- /home/nat/repos/sigma-lang-web/static/styles.css
2025-02-20 18:57:35.566 [info] Blamed "/home/nat/repos/sigma-lang-web/static/styles.css"
2025-02-20 18:59:55.306 [info] git rev-parse --absolute-git-dir
2025-02-20 18:59:55.361 [info] git config user.email
2025-02-20 18:59:55.377 [info] git blame -C --incremental -- /home/nat/repos/sigma-lang-web/app.py
2025-02-20 18:59:55.389 [info] Blamed "/home/nat/repos/sigma-lang-web/app.py"
2025-02-20 19:00:43.137 [info] git rev-parse --absolute-git-dir
2025-02-20 19:00:43.164 [info] git config user.email
2025-02-20 19:00:43.176 [info] git blame -C --incremental -- /home/nat/repos/sigma-lang-web/app.py
2025-02-20 19:00:43.179 [info] Blamed "/home/nat/repos/sigma-lang-web/app.py"
2025-02-20 19:01:51.655 [info] git rev-parse --absolute-git-dir
2025-02-20 19:01:51.691 [info] git rev-parse --absolute-git-dir
2025-02-20 19:01:51.731 [info] git config user.email
2025-02-20 19:01:51.742 [info] git blame -C --incremental -- /home/nat/repos/sigma-lang-web/static/style.css
2025-02-20 19:01:51.762 [info] Blamed "/home/nat/repos/sigma-lang-web/static/style.css"
2025-02-20 19:02:08.922 [info] git rev-parse --absolute-git-dir
2025-02-20 19:02:08.938 [info] git config user.email
2025-02-20 19:02:08.947 [info] git blame -C --incremental -- /home/nat/repos/sigma-lang-web/templates/quickstart.html
2025-02-20 19:02:08.949 [info] Blamed "/home/nat/repos/sigma-lang-web/templates/quickstart.html"
2025-02-20 19:02:12.232 [info] git rev-parse --absolute-git-dir
2025-02-20 19:02:12.253 [info] git config user.email
2025-02-20 19:02:12.266 [info] git blame -C --incremental -- /home/nat/repos/sigma-lang-web/templates/index.html
2025-02-20 19:02:12.270 [info] Blamed "/home/nat/repos/sigma-lang-web/templates/index.html"
2025-02-20 19:02:29.456 [info] git rev-parse --absolute-git-dir
2025-02-20 19:02:29.469 [info] git config user.email
2025-02-20 19:02:29.478 [info] git blame -C --incremental -- /home/nat/repos/sigma-lang-web/templates/index.html
2025-02-20 19:02:29.481 [info] Blamed "/home/nat/repos/sigma-lang-web/templates/index.html"
2025-02-20 19:03:53.102 [info] git rev-parse --absolute-git-dir
2025-02-20 19:03:53.136 [info] git config user.email
2025-02-20 19:03:53.155 [info] git blame -C --incremental -- /home/nat/repos/sigma-lang-web/templates/index.html
2025-02-20 19:03:53.156 [info] Blamed "/home/nat/repos/sigma-lang-web/templates/index.html"
2025-02-20 19:04:13.004 [info] git rev-parse --absolute-git-dir
2025-02-20 19:04:13.025 [info] git config user.email
2025-02-20 19:04:13.035 [info] git blame -C --incremental -- /home/nat/repos/sigma-lang-web/templates/index.html
2025-02-20 19:04:13.037 [info] Blamed "/home/nat/repos/sigma-lang-web/templates/index.html"
2025-02-20 19:05:01.651 [info] git rev-parse --absolute-git-dir
2025-02-20 19:05:01.667 [info] git config user.email
2025-02-20 19:05:01.676 [info] git blame -C --incremental -- /home/nat/repos/sigma-lang-web/templates/index.html
2025-02-20 19:05:01.679 [info] Blamed "/home/nat/repos/sigma-lang-web/templates/index.html"
2025-02-20 19:05:04.967 [info] git rev-parse --absolute-git-dir
2025-02-20 19:05:04.971 [info] git rev-parse --absolute-git-dir
2025-02-20 19:05:04.977 [info] git config user.email
2025-02-20 19:05:04.982 [info] git blame -C --incremental -- /home/nat/repos/sigma-lang-web/README.md
2025-02-20 19:05:04.983 [info] Blamed "/home/nat/repos/sigma-lang-web/README.md"
2025-02-20 19:05:33.182 [info] git rev-parse --absolute-git-dir
2025-02-20 19:05:33.195 [info] git config user.email
2025-02-20 19:05:33.207 [info] git blame -C --incremental -- /home/nat/repos/sigma-lang-web/README.md
2025-02-20 19:05:33.208 [info] Blamed "/home/nat/repos/sigma-lang-web/README.md"
