2025-03-25 09:26:22.104 [info] Reading sessions from keychain...
2025-03-25 09:26:22.104 [info] Getting sessions for all scopes...
2025-03-25 09:26:22.104 [info] Getting sessions for all scopes...
2025-03-25 09:26:22.104 [info] Getting sessions for user:email...
2025-03-25 09:26:22.104 [info] Getting sessions for all scopes...
2025-03-25 09:26:22.104 [info] Getting sessions for all scopes...
2025-03-25 09:26:22.104 [info] Getting sessions for all scopes...
2025-03-25 09:26:22.104 [info] Getting sessions for all scopes...
2025-03-25 09:26:22.104 [info] Getting sessions for all scopes...
2025-03-25 09:26:22.104 [info] Got 0 sessions for ...
2025-03-25 09:26:22.104 [info] Got 0 sessions for ...
2025-03-25 09:26:22.104 [info] Got 0 sessions for user:email...
2025-03-25 09:26:22.104 [info] Got 0 sessions for ...
2025-03-25 09:26:22.104 [info] Got 0 sessions for ...
2025-03-25 09:26:22.104 [info] Got 0 sessions for ...
2025-03-25 09:26:22.104 [info] Got 0 sessions for ...
2025-03-25 09:26:22.104 [info] Got 0 sessions for ...
2025-03-25 09:26:22.763 [info] Getting sessions for read:user,repo,user:email...
2025-03-25 09:26:22.763 [info] Got 0 sessions for read:user,repo,user:email...
2025-03-25 09:26:22.763 [info] Getting sessions for project,read:org,read:user,repo,user:email,workflow...
2025-03-25 09:26:22.763 [info] Got 0 sessions for project,read:org,read:user,repo,user:email,workflow...
2025-03-25 09:26:23.006 [info] Getting sessions for read:user,repo,user:email,workflow...
2025-03-25 09:26:23.006 [info] Got 0 sessions for read:user,repo,user:email,workflow...
2025-03-25 09:26:23.076 [info] Getting sessions for read:user,repo,user:email...
2025-03-25 09:26:23.076 [info] Got 0 sessions for read:user,repo,user:email...
2025-03-25 09:26:23.082 [info] Getting sessions for read:user,repo,user:email,workflow...
2025-03-25 09:26:23.082 [info] Got 0 sessions for read:user,repo,user:email,workflow...
2025-03-25 09:26:23.705 [info] Getting sessions for all scopes...
2025-03-25 09:26:23.705 [info] Got 0 sessions for ...
