2025-03-24 22:08:33.969 [info] Reading sessions from keychain...
2025-03-24 22:08:33.969 [info] Getting sessions for all scopes...
2025-03-24 22:08:33.969 [info] Getting sessions for all scopes...
2025-03-24 22:08:33.969 [info] Got 0 sessions for ...
2025-03-24 22:08:33.969 [info] Got 0 sessions for ...
2025-03-24 22:08:33.969 [info] Getting sessions for user:email...
2025-03-24 22:08:33.969 [info] Got 0 sessions for user:email...
2025-03-24 22:08:33.969 [info] Getting sessions for all scopes...
2025-03-24 22:08:33.969 [info] Got 0 sessions for ...
2025-03-24 22:08:33.969 [info] Getting sessions for all scopes...
2025-03-24 22:08:33.969 [info] Got 0 sessions for ...
2025-03-24 22:08:33.969 [info] Getting sessions for all scopes...
2025-03-24 22:08:33.969 [info] Got 0 sessions for ...
2025-03-24 22:08:33.969 [info] Getting sessions for all scopes...
2025-03-24 22:08:33.969 [info] Got 0 sessions for ...
2025-03-24 22:08:33.969 [info] Getting sessions for all scopes...
2025-03-24 22:08:33.969 [info] Got 0 sessions for ...
2025-03-24 22:08:34.126 [info] Getting sessions for read:user,repo,user:email...
2025-03-24 22:08:34.126 [info] Got 0 sessions for read:user,repo,user:email...
2025-03-24 22:08:34.126 [info] Getting sessions for project,read:org,read:user,repo,user:email,workflow...
2025-03-24 22:08:34.126 [info] Got 0 sessions for project,read:org,read:user,repo,user:email,workflow...
2025-03-24 22:08:34.148 [info] Getting sessions for read:user,repo,user:email,workflow...
2025-03-24 22:08:34.148 [info] Got 0 sessions for read:user,repo,user:email,workflow...
2025-03-24 22:08:34.182 [info] Getting sessions for read:user,repo,user:email...
2025-03-24 22:08:34.182 [info] Got 0 sessions for read:user,repo,user:email...
2025-03-24 22:08:34.198 [info] Getting sessions for read:user,repo,user:email,workflow...
2025-03-24 22:08:34.198 [info] Got 0 sessions for read:user,repo,user:email,workflow...
2025-03-24 22:08:35.333 [info] Getting sessions for all scopes...
2025-03-24 22:08:35.333 [info] Got 0 sessions for ...
2025-03-24 22:09:29.313 [info] Reading sessions from keychain...
2025-03-24 22:09:29.313 [info] Getting sessions for all scopes...
2025-03-24 22:09:29.313 [info] Getting sessions for all scopes...
2025-03-24 22:09:29.313 [info] Getting sessions for all scopes...
2025-03-24 22:09:29.313 [info] Getting sessions for all scopes...
2025-03-24 22:09:29.313 [info] Getting sessions for all scopes...
2025-03-24 22:09:29.313 [info] Getting sessions for all scopes...
2025-03-24 22:09:29.313 [info] Getting sessions for all scopes...
2025-03-24 22:09:29.313 [info] Got 0 sessions for ...
2025-03-24 22:09:29.313 [info] Got 0 sessions for ...
2025-03-24 22:09:29.313 [info] Got 0 sessions for ...
2025-03-24 22:09:29.313 [info] Got 0 sessions for ...
2025-03-24 22:09:29.313 [info] Got 0 sessions for ...
2025-03-24 22:09:29.313 [info] Got 0 sessions for ...
2025-03-24 22:09:29.313 [info] Got 0 sessions for ...
2025-03-24 22:09:29.313 [info] Getting sessions for all scopes...
2025-03-24 22:09:29.313 [info] Got 0 sessions for ...
2025-03-24 22:09:29.313 [info] Getting sessions for user:email...
2025-03-24 22:09:29.313 [info] Got 0 sessions for user:email...
