2025-03-23 23:54:16.617 [info] Reading sessions from keychain...
2025-03-23 23:54:16.617 [info] Getting sessions for all scopes...
2025-03-23 23:54:16.617 [info] Getting sessions for all scopes...
2025-03-23 23:54:16.617 [info] Getting sessions for all scopes...
2025-03-23 23:54:16.617 [info] Getting sessions for all scopes...
2025-03-23 23:54:16.617 [info] Getting sessions for all scopes...
2025-03-23 23:54:16.617 [info] Getting sessions for all scopes...
2025-03-23 23:54:16.617 [info] Getting sessions for all scopes...
2025-03-23 23:54:16.617 [info] Getting sessions for all scopes...
2025-03-23 23:54:16.695 [info] Got stored sessions!
2025-03-23 23:54:16.695 [info] Got 1 verified sessions.
2025-03-23 23:54:16.695 [info] Got 1 sessions for ...
2025-03-23 23:54:16.695 [info] Got 1 sessions for ...
2025-03-23 23:54:16.695 [info] Got 1 sessions for ...
2025-03-23 23:54:16.695 [info] Got 1 sessions for ...
2025-03-23 23:54:16.695 [info] Got 1 sessions for ...
2025-03-23 23:54:16.695 [info] Got 1 sessions for ...
2025-03-23 23:54:16.695 [info] Got 1 sessions for ...
2025-03-23 23:54:16.695 [info] Got 1 sessions for ...
2025-03-23 23:54:17.129 [info] Getting sessions for user:email...
2025-03-23 23:54:17.129 [info] Got 1 sessions for user:email...
2025-03-23 23:54:18.230 [info] Getting sessions for all scopes...
2025-03-23 23:54:18.230 [info] Got 1 sessions for ...
2025-03-23 23:54:18.392 [info] Getting sessions for read:user,repo,user:email...
2025-03-23 23:54:18.392 [info] Got 0 sessions for read:user,repo,user:email...
2025-03-23 23:54:18.392 [info] Getting sessions for project,read:org,read:user,repo,user:email,workflow...
2025-03-23 23:54:18.392 [info] Got 0 sessions for project,read:org,read:user,repo,user:email,workflow...
2025-03-23 23:54:18.544 [info] Getting sessions for read:user,repo,user:email,workflow...
2025-03-23 23:54:18.544 [info] Got 0 sessions for read:user,repo,user:email,workflow...
2025-03-23 23:54:18.646 [info] Getting sessions for read:user,repo,user:email...
2025-03-23 23:54:18.647 [info] Got 0 sessions for read:user,repo,user:email...
2025-03-23 23:54:18.709 [info] Getting sessions for read:user,repo,user:email...
2025-03-23 23:54:18.709 [info] Got 0 sessions for read:user,repo,user:email...
2025-03-23 23:54:18.745 [info] Getting sessions for read:user,repo,user:email,workflow...
2025-03-23 23:54:18.745 [info] Got 0 sessions for read:user,repo,user:email,workflow...
