2025-02-20 17:48:26.032 [info] Reading sessions from keychain...
2025-02-20 17:48:26.032 [info] Getting sessions for all scopes...
2025-02-20 17:48:26.032 [info] Getting sessions for all scopes...
2025-02-20 17:48:26.032 [info] Getting sessions for all scopes...
2025-02-20 17:48:26.032 [info] Getting sessions for all scopes...
2025-02-20 17:48:26.032 [info] Getting sessions for all scopes...
2025-02-20 17:48:26.032 [info] Getting sessions for all scopes...
2025-02-20 17:48:26.032 [info] Getting sessions for all scopes...
2025-02-20 17:48:26.032 [info] Getting sessions for all scopes...
2025-02-20 17:48:26.032 [info] Got stored sessions!
2025-02-20 17:48:26.032 [info] Got 1 verified sessions.
2025-02-20 17:48:26.032 [info] Got 1 sessions for ...
2025-02-20 17:48:26.032 [info] Got 1 sessions for ...
2025-02-20 17:48:26.032 [info] Got 1 sessions for ...
2025-02-20 17:48:26.032 [info] Got 1 sessions for ...
2025-02-20 17:48:26.032 [info] Got 1 sessions for ...
2025-02-20 17:48:26.032 [info] Got 1 sessions for ...
2025-02-20 17:48:26.032 [info] Got 1 sessions for ...
2025-02-20 17:48:26.032 [info] Got 1 sessions for ...
2025-02-20 17:48:27.511 [info] Getting sessions for read:user,repo,user:email...
2025-02-20 17:48:27.511 [info] Got 0 sessions for read:user,repo,user:email...
2025-02-20 17:48:27.512 [info] Getting sessions for read:user,repo,user:email,workflow...
2025-02-20 17:48:27.512 [info] Got 1 sessions for read:user,repo,user:email,workflow...
2025-02-20 17:48:27.512 [info] Getting sessions for all scopes...
2025-02-20 17:48:27.512 [info] Got 1 sessions for ...
2025-02-20 17:48:27.512 [info] Getting sessions for all scopes...
2025-02-20 17:48:27.512 [info] Got 1 sessions for ...
2025-02-20 17:48:27.542 [info] Getting sessions for project,read:org,read:user,repo,user:email,workflow...
2025-02-20 17:48:27.542 [info] Got 0 sessions for project,read:org,read:user,repo,user:email,workflow...
2025-02-20 17:48:27.816 [info] Getting sessions for all scopes...
2025-02-20 17:48:27.816 [info] Got 1 sessions for ...
2025-02-20 17:48:27.853 [info] Getting sessions for read:user,repo,user:email,workflow...
2025-02-20 17:48:27.853 [info] Got 1 sessions for read:user,repo,user:email,workflow...
2025-02-20 17:48:27.897 [info] Getting sessions for read:user,repo,user:email,workflow...
2025-02-20 17:48:27.897 [info] Got 1 sessions for read:user,repo,user:email,workflow...
2025-02-20 17:48:27.897 [info] Getting sessions for read:user,repo,user:email...
2025-02-20 17:48:27.897 [info] Got 0 sessions for read:user,repo,user:email...
2025-02-20 17:48:27.939 [info] Getting sessions for read:user,repo,user:email,workflow...
2025-02-20 17:48:27.939 [info] Got 1 sessions for read:user,repo,user:email,workflow...
2025-02-20 17:48:28.764 [info] Getting sessions for all scopes...
2025-02-20 17:48:28.764 [info] Got 1 sessions for ...
2025-02-20 17:48:28.764 [info] Getting sessions for all scopes...
2025-02-20 17:48:28.764 [info] Got 1 sessions for ...
2025-02-20 17:48:28.846 [info] Getting sessions for read:user,repo,user:email,workflow...
2025-02-20 17:48:28.846 [info] Got 1 sessions for read:user,repo,user:email,workflow...
2025-02-20 17:48:28.887 [info] Getting sessions for all scopes...
2025-02-20 17:48:28.887 [info] Got 1 sessions for ...
2025-02-20 17:48:28.889 [info] Getting sessions for read:user,repo,user:email,workflow...
2025-02-20 17:48:28.889 [info] Got 1 sessions for read:user,repo,user:email,workflow...
2025-02-20 17:48:29.235 [info] Getting sessions for read:user,repo,user:email,workflow...
2025-02-20 17:48:29.235 [info] Got 1 sessions for read:user,repo,user:email,workflow...
2025-02-20 17:48:29.363 [info] Getting sessions for read:user,repo,user:email,workflow...
2025-02-20 17:48:29.363 [info] Got 1 sessions for read:user,repo,user:email,workflow...
2025-02-20 17:48:29.531 [info] Getting sessions for all scopes...
2025-02-20 17:48:29.531 [info] Got 1 sessions for ...
2025-02-20 17:48:29.767 [info] Getting sessions for all scopes...
2025-02-20 17:48:29.767 [info] Got 1 sessions for ...
2025-02-20 17:48:29.767 [info] Getting sessions for all scopes...
2025-02-20 17:48:29.767 [info] Got 1 sessions for ...
2025-02-20 17:48:29.777 [info] Getting sessions for read:user,repo,user:email,workflow...
2025-02-20 17:48:29.777 [info] Got 1 sessions for read:user,repo,user:email,workflow...
2025-02-20 17:48:29.778 [info] Getting sessions for all scopes...
2025-02-20 17:48:29.778 [info] Got 1 sessions for ...
2025-02-20 17:48:29.781 [info] Getting sessions for read:user,repo,user:email,workflow...
2025-02-20 17:48:29.781 [info] Got 1 sessions for read:user,repo,user:email,workflow...
2025-02-20 17:48:29.825 [info] Getting sessions for all scopes...
2025-02-20 17:48:29.825 [info] Got 1 sessions for ...
2025-02-20 17:48:29.831 [info] Getting sessions for read:user,repo,user:email,workflow...
2025-02-20 17:48:29.831 [info] Got 1 sessions for read:user,repo,user:email,workflow...
2025-02-20 17:48:29.831 [info] Getting sessions for read:user,repo,user:email,workflow...
2025-02-20 17:48:29.831 [info] Got 1 sessions for read:user,repo,user:email,workflow...
2025-02-20 17:48:31.058 [info] Getting sessions for all scopes...
2025-02-20 17:48:31.058 [info] Got 1 sessions for ...
2025-02-20 17:48:31.059 [info] Getting sessions for read:user,repo,user:email,workflow...
2025-02-20 17:48:31.059 [info] Got 1 sessions for read:user,repo,user:email,workflow...
2025-02-20 18:03:31.066 [info] Getting sessions for all scopes...
2025-02-20 18:03:31.066 [info] Got 1 sessions for ...
2025-02-20 18:03:31.069 [info] Getting sessions for read:user,repo,user:email,workflow...
2025-02-20 18:03:31.069 [info] Got 1 sessions for read:user,repo,user:email,workflow...
2025-02-20 18:13:29.731 [info] Getting sessions for all scopes...
2025-02-20 18:13:29.731 [info] Got 1 sessions for ...
2025-02-20 18:13:29.731 [info] Getting sessions for read:user,repo,user:email,workflow...
2025-02-20 18:13:29.732 [info] Got 1 sessions for read:user,repo,user:email,workflow...
2025-02-20 18:13:30.537 [info] Getting sessions for all scopes...
2025-02-20 18:13:30.537 [info] Got 1 sessions for ...
2025-02-20 18:13:30.537 [info] Getting sessions for all scopes...
2025-02-20 18:13:30.537 [info] Got 1 sessions for ...
2025-02-20 18:13:30.538 [info] Getting sessions for read:user,repo,user:email,workflow...
2025-02-20 18:13:30.538 [info] Got 1 sessions for read:user,repo,user:email,workflow...
2025-02-20 18:13:30.539 [info] Getting sessions for all scopes...
2025-02-20 18:13:30.539 [info] Got 1 sessions for ...
2025-02-20 18:13:30.540 [info] Getting sessions for read:user,repo,user:email,workflow...
2025-02-20 18:13:30.540 [info] Got 1 sessions for read:user,repo,user:email,workflow...
2025-02-20 18:13:30.554 [info] Getting sessions for all scopes...
2025-02-20 18:13:30.555 [info] Got 1 sessions for ...
2025-02-20 18:13:30.555 [info] Getting sessions for read:user,repo,user:email,workflow...
2025-02-20 18:13:30.555 [info] Got 1 sessions for read:user,repo,user:email,workflow...
2025-02-20 18:28:30.560 [info] Getting sessions for all scopes...
2025-02-20 18:28:30.560 [info] Got 1 sessions for ...
2025-02-20 18:28:30.562 [info] Getting sessions for read:user,repo,user:email,workflow...
2025-02-20 18:28:30.562 [info] Got 1 sessions for read:user,repo,user:email,workflow...
2025-02-20 18:38:30.540 [info] Getting sessions for all scopes...
2025-02-20 18:38:30.541 [info] Got 1 sessions for ...
2025-02-20 18:38:30.542 [info] Getting sessions for read:user,repo,user:email,workflow...
2025-02-20 18:38:30.542 [info] Got 1 sessions for read:user,repo,user:email,workflow...
2025-02-20 18:38:31.323 [info] Getting sessions for all scopes...
2025-02-20 18:38:31.323 [info] Got 1 sessions for ...
2025-02-20 18:38:31.323 [info] Getting sessions for all scopes...
2025-02-20 18:38:31.324 [info] Got 1 sessions for ...
2025-02-20 18:38:31.325 [info] Getting sessions for read:user,repo,user:email,workflow...
2025-02-20 18:38:31.325 [info] Got 1 sessions for read:user,repo,user:email,workflow...
2025-02-20 18:38:31.326 [info] Getting sessions for all scopes...
2025-02-20 18:38:31.326 [info] Got 1 sessions for ...
2025-02-20 18:38:31.327 [info] Getting sessions for read:user,repo,user:email,workflow...
2025-02-20 18:38:31.327 [info] Got 1 sessions for read:user,repo,user:email,workflow...
2025-02-20 18:38:31.343 [info] Getting sessions for all scopes...
2025-02-20 18:38:31.343 [info] Got 1 sessions for ...
2025-02-20 18:38:31.344 [info] Getting sessions for read:user,repo,user:email,workflow...
2025-02-20 18:38:31.344 [info] Got 1 sessions for read:user,repo,user:email,workflow...
2025-02-20 18:38:31.347 [info] Getting sessions for all scopes...
2025-02-20 18:38:31.347 [info] Got 1 sessions for ...
2025-02-20 18:38:31.348 [info] Getting sessions for read:user,repo,user:email,workflow...
2025-02-20 18:38:31.348 [info] Got 1 sessions for read:user,repo,user:email,workflow...
2025-02-20 18:49:43.462 [info] Getting sessions for read:user,repo,user:email,workflow...
2025-02-20 18:49:43.462 [info] Got 1 sessions for read:user,repo,user:email,workflow...
2025-02-20 18:53:32.498 [info] Getting sessions for all scopes...
2025-02-20 18:53:32.499 [info] Got 1 sessions for ...
2025-02-20 18:53:32.502 [info] Getting sessions for read:user,repo,user:email,workflow...
2025-02-20 18:53:32.502 [info] Got 1 sessions for read:user,repo,user:email,workflow...
2025-02-20 18:53:32.504 [info] Getting sessions for all scopes...
2025-02-20 18:53:32.504 [info] Got 1 sessions for ...
2025-02-20 18:53:32.505 [info] Getting sessions for read:user,repo,user:email,workflow...
2025-02-20 18:53:32.505 [info] Got 1 sessions for read:user,repo,user:email,workflow...
2025-02-20 19:00:15.479 [info] Getting sessions for all scopes...
2025-02-20 19:00:15.480 [info] Got 1 sessions for ...
2025-02-20 19:00:15.481 [info] Getting sessions for read:user,repo,user:email,workflow...
2025-02-20 19:00:15.481 [info] Got 1 sessions for read:user,repo,user:email,workflow...
2025-02-20 19:00:16.651 [info] Getting sessions for all scopes...
2025-02-20 19:00:16.651 [info] Got 1 sessions for ...
2025-02-20 19:00:16.697 [info] Getting sessions for read:user,repo,user:email,workflow...
2025-02-20 19:00:16.697 [info] Got 1 sessions for read:user,repo,user:email,workflow...
2025-02-20 19:00:18.928 [info] Getting sessions for all scopes...
2025-02-20 19:00:18.928 [info] Got 1 sessions for ...
2025-02-20 19:00:18.936 [info] Getting sessions for read:user,repo,user:email,workflow...
2025-02-20 19:00:18.936 [info] Got 1 sessions for read:user,repo,user:email,workflow...
2025-02-20 19:03:31.325 [info] Getting sessions for all scopes...
2025-02-20 19:03:31.325 [info] Got 1 sessions for ...
2025-02-20 19:03:31.329 [info] Getting sessions for read:user,repo,user:email,workflow...
2025-02-20 19:03:31.329 [info] Got 1 sessions for read:user,repo,user:email,workflow...
2025-02-20 19:03:32.118 [info] Getting sessions for all scopes...
2025-02-20 19:03:32.118 [info] Got 1 sessions for ...
2025-02-20 19:03:32.119 [info] Getting sessions for all scopes...
2025-02-20 19:03:32.119 [info] Got 1 sessions for ...
2025-02-20 19:03:32.119 [info] Getting sessions for read:user,repo,user:email,workflow...
2025-02-20 19:03:32.119 [info] Got 1 sessions for read:user,repo,user:email,workflow...
2025-02-20 19:03:32.122 [info] Getting sessions for all scopes...
2025-02-20 19:03:32.123 [info] Got 1 sessions for ...
2025-02-20 19:03:32.129 [info] Getting sessions for read:user,repo,user:email,workflow...
2025-02-20 19:03:32.129 [info] Got 1 sessions for read:user,repo,user:email,workflow...
2025-02-20 19:03:32.144 [info] Getting sessions for all scopes...
2025-02-20 19:03:32.144 [info] Got 1 sessions for ...
2025-02-20 19:03:32.145 [info] Getting sessions for read:user,repo,user:email,workflow...
2025-02-20 19:03:32.145 [info] Got 1 sessions for read:user,repo,user:email,workflow...
2025-02-20 19:05:49.090 [info] Getting sessions for read:user,repo,user:email...
2025-02-20 19:05:49.090 [info] Got 0 sessions for read:user,repo,user:email...
2025-02-20 19:18:32.149 [info] Getting sessions for all scopes...
2025-02-20 19:18:32.150 [info] Got 1 sessions for ...
2025-02-20 19:18:32.151 [info] Getting sessions for read:user,repo,user:email,workflow...
2025-02-20 19:18:32.151 [info] Got 1 sessions for read:user,repo,user:email,workflow...
