2025-02-20 17:18:08.175 [info] Reading sessions from keychain...
2025-02-20 17:18:08.175 [info] Getting sessions for all scopes...
2025-02-20 17:18:08.175 [info] Getting sessions for all scopes...
2025-02-20 17:18:08.175 [info] Getting sessions for all scopes...
2025-02-20 17:18:08.176 [info] Getting sessions for all scopes...
2025-02-20 17:18:08.176 [info] Getting sessions for all scopes...
2025-02-20 17:18:08.176 [info] Getting sessions for all scopes...
2025-02-20 17:18:08.176 [info] Getting sessions for all scopes...
2025-02-20 17:18:08.176 [info] Getting sessions for all scopes...
2025-02-20 17:18:08.303 [info] Got stored sessions!
2025-02-20 17:18:08.303 [info] Got 1 verified sessions.
2025-02-20 17:18:08.303 [info] Got 1 sessions for ...
2025-02-20 17:18:08.303 [info] Got 1 sessions for ...
2025-02-20 17:18:08.303 [info] Got 1 sessions for ...
2025-02-20 17:18:08.303 [info] Got 1 sessions for ...
2025-02-20 17:18:08.303 [info] Got 1 sessions for ...
2025-02-20 17:18:08.303 [info] Got 1 sessions for ...
2025-02-20 17:18:08.303 [info] Got 1 sessions for ...
2025-02-20 17:18:08.303 [info] Got 1 sessions for ...
2025-02-20 17:18:09.421 [info] Getting sessions for read:user,repo,user:email...
2025-02-20 17:18:09.421 [info] Got 0 sessions for read:user,repo,user:email...
2025-02-20 17:18:09.421 [info] Getting sessions for read:user,repo,user:email,workflow...
2025-02-20 17:18:09.421 [info] Got 1 sessions for read:user,repo,user:email,workflow...
2025-02-20 17:18:09.446 [info] Getting sessions for all scopes...
2025-02-20 17:18:09.446 [info] Got 1 sessions for ...
2025-02-20 17:18:09.446 [info] Getting sessions for all scopes...
2025-02-20 17:18:09.446 [info] Got 1 sessions for ...
2025-02-20 17:18:09.452 [info] Getting sessions for project,read:org,read:user,repo,user:email,workflow...
2025-02-20 17:18:09.452 [info] Got 0 sessions for project,read:org,read:user,repo,user:email,workflow...
2025-02-20 17:18:09.468 [info] Getting sessions for read:user,repo,user:email,workflow...
2025-02-20 17:18:09.468 [info] Got 1 sessions for read:user,repo,user:email,workflow...
2025-02-20 17:18:09.468 [info] Getting sessions for read:user,repo,user:email,workflow...
2025-02-20 17:18:09.468 [info] Got 1 sessions for read:user,repo,user:email,workflow...
2025-02-20 17:18:10.320 [info] Getting sessions for all scopes...
2025-02-20 17:18:10.320 [info] Got 1 sessions for ...
2025-02-20 17:18:10.359 [info] Getting sessions for all scopes...
2025-02-20 17:18:10.359 [info] Got 1 sessions for ...
2025-02-20 17:18:10.390 [info] Getting sessions for read:user,repo,user:email,workflow...
2025-02-20 17:18:10.390 [info] Got 1 sessions for read:user,repo,user:email,workflow...
2025-02-20 17:18:10.398 [info] Getting sessions for all scopes...
2025-02-20 17:18:10.398 [info] Got 1 sessions for ...
2025-02-20 17:18:10.398 [info] Getting sessions for read:user,repo,user:email,workflow...
2025-02-20 17:18:10.398 [info] Got 1 sessions for read:user,repo,user:email,workflow...
2025-02-20 17:18:11.218 [info] Getting sessions for all scopes...
2025-02-20 17:18:11.218 [info] Got 1 sessions for ...
2025-02-20 17:18:11.218 [info] Getting sessions for all scopes...
2025-02-20 17:18:11.218 [info] Got 1 sessions for ...
2025-02-20 17:18:11.219 [info] Getting sessions for read:user,repo,user:email,workflow...
2025-02-20 17:18:11.219 [info] Got 1 sessions for read:user,repo,user:email,workflow...
2025-02-20 17:18:11.278 [info] Getting sessions for all scopes...
2025-02-20 17:18:11.278 [info] Got 1 sessions for ...
2025-02-20 17:18:11.279 [info] Getting sessions for read:user,repo,user:email,workflow...
2025-02-20 17:18:11.279 [info] Got 1 sessions for read:user,repo,user:email,workflow...
2025-02-20 17:18:11.349 [info] Getting sessions for all scopes...
2025-02-20 17:18:11.349 [info] Got 1 sessions for ...
2025-02-20 17:18:11.350 [info] Getting sessions for read:user,repo,user:email,workflow...
2025-02-20 17:18:11.350 [info] Got 1 sessions for read:user,repo,user:email,workflow...
2025-02-20 17:18:12.542 [info] Getting sessions for all scopes...
2025-02-20 17:18:12.542 [info] Got 1 sessions for ...
2025-02-20 17:18:12.543 [info] Getting sessions for read:user,repo,user:email,workflow...
2025-02-20 17:18:12.543 [info] Got 1 sessions for read:user,repo,user:email,workflow...
2025-02-20 17:18:17.900 [info] Reading sessions from keychain...
2025-02-20 17:18:17.900 [info] Getting sessions for all scopes...
2025-02-20 17:18:17.900 [info] Getting sessions for all scopes...
2025-02-20 17:18:17.900 [info] Getting sessions for all scopes...
2025-02-20 17:18:17.900 [info] Got stored sessions!
2025-02-20 17:18:17.900 [info] Got 1 verified sessions.
2025-02-20 17:18:17.900 [info] Got 1 sessions for ...
2025-02-20 17:18:17.900 [info] Got 1 sessions for ...
2025-02-20 17:18:17.900 [info] Got 1 sessions for ...
2025-02-20 17:18:17.900 [info] Getting sessions for all scopes...
2025-02-20 17:18:17.900 [info] Got 1 sessions for ...
2025-02-20 17:18:17.900 [info] Getting sessions for all scopes...
2025-02-20 17:18:17.900 [info] Got 1 sessions for ...
2025-02-20 17:18:17.900 [info] Getting sessions for all scopes...
2025-02-20 17:18:17.900 [info] Got 1 sessions for ...
2025-02-20 17:18:17.900 [info] Getting sessions for all scopes...
2025-02-20 17:18:17.900 [info] Got 1 sessions for ...
2025-02-20 17:18:17.900 [info] Getting sessions for all scopes...
2025-02-20 17:18:17.900 [info] Got 1 sessions for ...
