2025-02-21 00:31:52.513 [info] [main] Log level: Info
2025-02-21 00:31:52.513 [info] [main] Validating found git in: "git"
2025-02-21 00:31:52.513 [info] [main] Using git "2.48.1" from "git"
2025-02-21 00:31:52.513 [info] [Model][doInitialScan] Initial repository scan started
2025-02-21 00:31:52.513 [info] > git rev-parse --show-toplevel [19ms]
2025-02-21 00:31:52.513 [info] > git rev-parse --git-dir --git-common-dir [2ms]
2025-02-21 00:31:52.513 [info] [Model][openRepository] Opened repository: /home/nat/repos/sigma-lang-web
2025-02-21 00:31:52.513 [info] > git rev-parse --show-toplevel [2ms]
2025-02-21 00:31:52.513 [info] > git config --get commit.template [6ms]
2025-02-21 00:31:52.514 [info] > git rev-parse --show-toplevel [9ms]
2025-02-21 00:31:52.521 [info] > git for-each-ref --format=%(refname)%00%(upstream:short)%00%(objectname)%00%(upstream:track)%00%(upstream:remotename)%00%(upstream:remoteref) refs/heads/main refs/remotes/main [9ms]
2025-02-21 00:31:52.539 [info] > git rev-parse --show-toplevel [18ms]
2025-02-21 00:31:52.539 [info] [Model][doInitialScan] Initial repository scan completed - repositories (1), closed repositories (0), parent repositories (0), unsafe repositories (0)
2025-02-21 00:31:53.228 [info] > git check-ignore -v -z --stdin [173ms]
2025-02-21 00:31:53.229 [info] > git status -z -uall [9ms]
2025-02-21 00:31:53.279 [info] > git show --textconv :README.md [13ms]
2025-02-21 00:31:53.279 [info] > git ls-files --stage -- /home/nat/repos/sigma-lang-web/README.md [11ms]
2025-02-21 00:31:53.285 [info] > git for-each-ref --sort -committerdate --format %(refname) %(objectname) %(*objectname) [60ms]
2025-02-21 00:31:53.309 [info] > git for-each-ref --format=%(refname)%00%(upstream:short)%00%(objectname)%00%(upstream:track)%00%(upstream:remotename)%00%(upstream:remoteref) refs/heads/main refs/remotes/main [17ms]
2025-02-21 00:31:53.314 [info] > git cat-file -s 6f23de805b345c4ff341bca21416a78af6afc357 [30ms]
2025-02-21 00:31:53.318 [info] > git config --get --local branch.main.vscode-merge-base [4ms]
2025-02-21 00:31:53.321 [info] > git config --get commit.template [15ms]
2025-02-21 00:31:53.556 [info] > git for-each-ref --format=%(refname)%00%(upstream:short)%00%(objectname)%00%(upstream:track)%00%(upstream:remotename)%00%(upstream:remoteref) refs/heads/origin/main refs/remotes/origin/main [236ms]
2025-02-21 00:31:53.576 [info] > git merge-base refs/heads/main refs/remotes/origin/main [17ms]
2025-02-21 00:31:53.609 [info] > git diff --name-status -z --diff-filter=ADMR cdf3c293df2797a959e503c91ca4c358b57fd482...refs/remotes/origin/main [30ms]
2025-02-21 00:31:53.609 [info] > git for-each-ref --format=%(refname)%00%(upstream:short)%00%(objectname)%00%(upstream:track)%00%(upstream:remotename)%00%(upstream:remoteref) refs/heads/main refs/remotes/main [34ms]
2025-02-21 00:31:53.645 [info] > git log --format=%H%n%aN%n%aE%n%at%n%ct%n%P%n%D%n%B -z --shortstat --diff-merges=first-parent -n50 --skip=0 --topo-order --decorate=full --stdin [58ms]
2025-02-21 00:31:53.708 [info] > git status -z -uall [6ms]
2025-02-21 00:31:53.708 [info] > git blame --root --incremental cdf3c293df2797a959e503c91ca4c358b57fd482 -- /home/nat/repos/sigma-lang-web/README.md [23ms]
2025-02-21 00:31:54.556 [info] > git for-each-ref --sort -committerdate --format %(refname) %(objectname) %(*objectname) [849ms]
2025-02-21 00:31:54.634 [info] > git ls-files --stage -- /home/nat/repos/sigma-lang-web/README.md [51ms]
2025-02-21 00:31:54.671 [info] > git cat-file -s 6f23de805b345c4ff341bca21416a78af6afc357 [32ms]
2025-02-21 00:31:54.705 [info] > git show --textconv :README.md [12ms]
2025-02-21 00:31:55.235 [info] > git config --get --local branch.main.github-pr-owner-number [50ms]
2025-02-21 00:31:55.305 [info] > git fetch [2833ms]
2025-02-21 00:31:55.317 [info] > git config --get commit.template [6ms]
2025-02-21 00:31:55.320 [info] > git for-each-ref --format=%(refname)%00%(upstream:short)%00%(objectname)%00%(upstream:track)%00%(upstream:remotename)%00%(upstream:remoteref) refs/heads/main refs/remotes/main [4ms]
2025-02-21 00:31:55.333 [info] > git status -z -uall [8ms]
2025-02-21 00:31:55.334 [info] > git for-each-ref --sort -committerdate --format %(refname) %(objectname) %(*objectname) [4ms]
2025-02-21 00:31:56.297 [info] > git ls-files --stage -- /home/nat/repos/sigma-lang-web/README.md [1ms]
2025-02-21 00:31:56.312 [info] > git cat-file -s 6f23de805b345c4ff341bca21416a78af6afc357 [4ms]
2025-02-21 00:31:56.330 [info] > git show --textconv :README.md [2ms]
2025-02-21 00:32:08.828 [info] > git config --get commit.template [1ms]
2025-02-21 00:32:08.835 [info] > git for-each-ref --format=%(refname)%00%(upstream:short)%00%(objectname)%00%(upstream:track)%00%(upstream:remotename)%00%(upstream:remoteref) refs/heads/main refs/remotes/main [1ms]
2025-02-21 00:32:08.849 [info] > git status -z -uall [8ms]
2025-02-21 00:32:08.849 [info] > git for-each-ref --sort -committerdate --format %(refname) %(objectname) %(*objectname) [1ms]
2025-02-21 00:32:50.196 [info] > git show --textconv :README.md [8ms]
2025-02-21 00:32:50.197 [info] > git ls-files --stage -- /home/nat/repos/sigma-lang-web/README.md [2ms]
2025-02-21 00:32:50.204 [info] > git cat-file -s 6f23de805b345c4ff341bca21416a78af6afc357 [2ms]
