[00:56:43.020] Log Level: 2
[00:56:43.031] SSH Resolver called for "ssh-remote+hackclub", attempt 1
[00:56:43.033] remote.SSH.useLocalServer = true
[00:56:43.034] remote.SSH.useExecServer = true
[00:56:43.034] remote.SSH.bindHost = {}
[00:56:43.034] remote.SSH.path = 
[00:56:43.034] remote.SSH.configFile = 
[00:56:43.034] remote.SSH.useFlock = true
[00:56:43.034] remote.SSH.lockfilesInTmp = false
[00:56:43.034] remote.SSH.localServerDownload = auto
[00:56:43.034] remote.SSH.remoteServerListenOnSocket = false
[00:56:43.035] remote.SSH.defaultExtensions = []
[00:56:43.035] remote.SSH.defaultExtensionsIfInstalledLocally = []
[00:56:43.035] remote.SSH.loglevel = 2
[00:56:43.035] remote.SSH.enableDynamicForwarding = true
[00:56:43.035] remote.SSH.enableRemoteCommand = false
[00:56:43.035] remote.SSH.serverPickPortsFromRange = {}
[00:56:43.035] remote.SSH.serverInstallPath = {}
[00:56:43.035] remote.SSH.permitPtyAllocation = false
[00:56:43.035] remote.SSH.preferredLocalPortRange = undefined
[00:56:43.036] remote.SSH.useCurlAndWgetConfigurationFiles = false
[00:56:43.036] remote.SSH.experimental.chat = true
[00:56:43.036] remote.SSH.experimental.enhancedSessionLogs = true
[00:56:43.041] VS Code version: 1.97.2
[00:56:43.042] Remote-SSH version: remote-ssh@0.117.1
[00:56:43.042] linux arm64
[00:56:43.043] SSH Resolver called for host: hackclub
[00:56:43.043] Setting up SSH remote "hackclub"
[00:56:43.046] Acquiring local install lock: /tmp/vscode-remote-ssh-13a8a11c-install.lock
[00:56:43.047] Looking for existing server data file at /home/nat/.config/Code/User/globalStorage/ms-vscode-remote.remote-ssh/vscode-ssh-host-13a8a11c-e54c774e0add60467559eb0d1e229c6452cf8447-0.117.1-es/data.json
[00:56:43.047] Found existing data file
[00:56:43.047] Found local server running: {"remoteListeningOn":{"port":45733},"osReleaseId":"debian","arch":"x86_64","sshAuthSock":"","display":"","tmpDir":"/run/user/2649","platform":"linux","execServerToken":"89cd71b8-1abd-49b3-b56f-acb76a86bfcd","pid":8642,"ipcHandlePath":"/run/user/1001/vscode-ssh-askpass-1da5906042bb24cc5a1af35b0efda9a5840fe3dc.sock","socksPort":35465,"startupTime":1740070397742}
[00:56:43.052] Found running server - short-circuiting install
[00:56:43.053] Starting forwarding server. local port 41549 -> socksPort 35465 -> remotePort 45733
[00:56:43.053] Forwarding server listening on port 41549
[00:56:43.053] Waiting for ssh tunnel to be ready
[00:56:43.054] [Forwarding server port 41549] Got connection 0
[00:56:43.055] Tunneled port 45733 to local port 41549
[00:56:43.055] Resolved "ssh-remote+hackclub" to "port 41549"
[00:56:43.058] Initizing new exec server for ssh-remote+hackclub
[00:56:43.058] Resolving exec server at port 41549
[00:56:43.059] [Forwarding server port 41549] Got connection 1
[00:56:43.773] Exec server for ssh-remote+hackclub created and cached
[00:56:43.774] Extensions to install: 
[00:56:43.782] ------




[00:56:43.783] No hints found in the recent session.
[00:56:44.107] [server] Checking /home/luna/.vscode-server/cli/servers/Stable-e54c774e0add60467559eb0d1e229c6452cf8447/log.txt and /home/luna/.vscode-server/cli/servers/Stable-e54c774e0add60467559eb0d1e229c6452cf8447/pid.txt for a running server...
[00:56:44.107] [server] Found running server (pid=3569295)
