2025-03-24 12:17:16.165 [info] Reading sessions from keychain...
2025-03-24 12:17:16.165 [info] Getting sessions for all scopes...
2025-03-24 12:17:16.165 [info] Getting sessions for all scopes...
2025-03-24 12:17:16.165 [info] Getting sessions for all scopes...
2025-03-24 12:17:16.165 [info] Getting sessions for all scopes...
2025-03-24 12:17:16.165 [info] Getting sessions for all scopes...
2025-03-24 12:17:16.165 [info] Getting sessions for all scopes...
2025-03-24 12:17:16.165 [info] Getting sessions for all scopes...
2025-03-24 12:17:16.377 [info] Getting sessions for all scopes...
2025-03-24 12:17:16.441 [info] Got stored sessions!
2025-03-24 12:17:16.442 [info] Got 1 verified sessions.
2025-03-24 12:17:16.442 [info] Got 1 sessions for ...
2025-03-24 12:17:16.442 [info] Got 1 sessions for ...
2025-03-24 12:17:16.442 [info] Got 1 sessions for ...
2025-03-24 12:17:16.442 [info] Got 1 sessions for ...
2025-03-24 12:17:16.442 [info] Got 1 sessions for ...
2025-03-24 12:17:16.442 [info] Got 1 sessions for ...
2025-03-24 12:17:16.442 [info] Got 1 sessions for ...
2025-03-24 12:17:16.442 [info] Got 1 sessions for ...
2025-03-24 12:17:18.120 [info] Getting sessions for all scopes...
2025-03-24 12:17:18.120 [info] Got 1 sessions for ...
2025-03-24 12:17:18.506 [info] Getting sessions for read:user,repo,user:email...
2025-03-24 12:17:18.506 [info] Got 0 sessions for read:user,repo,user:email...
2025-03-24 12:17:18.506 [info] Getting sessions for read:user,repo,user:email,workflow...
2025-03-24 12:17:18.506 [info] Got 0 sessions for read:user,repo,user:email,workflow...
2025-03-24 12:17:18.506 [info] Getting sessions for all scopes...
2025-03-24 12:17:18.506 [info] Got 1 sessions for ...
2025-03-24 12:17:18.506 [info] Getting sessions for all scopes...
2025-03-24 12:17:18.506 [info] Got 1 sessions for ...
2025-03-24 12:17:18.520 [info] Getting sessions for project,read:org,read:user,repo,user:email,workflow...
2025-03-24 12:17:18.520 [info] Got 0 sessions for project,read:org,read:user,repo,user:email,workflow...
2025-03-24 12:17:18.722 [info] Getting sessions for read:user...
2025-03-24 12:17:18.722 [info] Got 0 sessions for read:user...
2025-03-24 12:17:18.722 [info] Getting sessions for read:user,repo,user:email,workflow...
2025-03-24 12:17:18.723 [info] Got 0 sessions for read:user,repo,user:email,workflow...
2025-03-24 12:17:18.752 [info] Getting sessions for read:user,repo,user:email,workflow...
2025-03-24 12:17:18.752 [info] Got 0 sessions for read:user,repo,user:email,workflow...
2025-03-24 12:17:18.787 [info] Getting sessions for read:user,repo,user:email...
2025-03-24 12:17:18.787 [info] Got 0 sessions for read:user,repo,user:email...
2025-03-24 12:17:18.810 [info] Getting sessions for user:email...
2025-03-24 12:17:18.810 [info] Got 1 sessions for user:email...
2025-03-24 12:17:18.811 [info] Getting sessions for user:email...
2025-03-24 12:17:18.811 [info] Got 1 sessions for user:email...
2025-03-24 12:17:18.811 [info] Getting sessions for read:user,repo,user:email,workflow...
2025-03-24 12:17:18.811 [info] Got 0 sessions for read:user,repo,user:email,workflow...
2025-03-24 12:17:18.813 [info] Getting sessions for read:user,repo,user:email...
2025-03-24 12:17:18.813 [info] Got 0 sessions for read:user,repo,user:email...
2025-03-24 12:17:18.864 [info] Getting sessions for all scopes...
2025-03-24 12:17:18.864 [info] Got 1 sessions for ...
2025-03-24 12:17:18.865 [info] Getting sessions for read:user,repo,user:email,workflow...
2025-03-24 12:17:18.865 [info] Got 0 sessions for read:user,repo,user:email,workflow...
2025-03-24 12:17:19.723 [info] Getting sessions for read:user,repo,user:email,workflow...
2025-03-24 12:17:19.723 [info] Got 0 sessions for read:user,repo,user:email,workflow...
2025-03-24 12:17:19.804 [info] Getting sessions for user:email...
2025-03-24 12:17:19.804 [info] Got 1 sessions for user:email...
2025-03-24 12:17:19.817 [info] Getting sessions for all scopes...
2025-03-24 12:17:19.817 [info] Got 1 sessions for ...
2025-03-24 12:17:19.817 [info] Getting sessions for read:user,repo,user:email,workflow...
2025-03-24 12:17:19.817 [info] Got 0 sessions for read:user,repo,user:email,workflow...
2025-03-24 12:17:19.818 [info] Getting sessions for user:email...
2025-03-24 12:17:19.818 [info] Got 1 sessions for user:email...
2025-03-24 12:17:24.457 [info] Getting sessions for user:email...
2025-03-24 12:17:24.459 [info] Got 1 sessions for user:email...
2025-03-24 12:17:25.019 [info] Getting sessions for all scopes...
2025-03-24 12:17:25.019 [info] Got 1 sessions for ...
2025-03-24 12:17:26.304 [info] Getting sessions for all scopes...
2025-03-24 12:17:26.304 [info] Got 1 sessions for ...
2025-03-24 12:17:26.698 [info] Getting sessions for all scopes...
2025-03-24 12:17:26.698 [info] Got 1 sessions for ...
2025-03-24 12:17:26.709 [info] Getting sessions for read:user,repo,user:email,workflow...
2025-03-24 12:17:26.709 [info] Got 0 sessions for read:user,repo,user:email,workflow...
2025-03-24 12:17:26.835 [info] Getting sessions for user:email...
2025-03-24 12:17:26.835 [info] Got 1 sessions for user:email...
2025-03-24 12:17:26.835 [info] Getting sessions for read:user,repo,user:email,workflow...
2025-03-24 12:17:26.835 [info] Got 0 sessions for read:user,repo,user:email,workflow...
2025-03-24 12:17:26.954 [info] Getting sessions for all scopes...
2025-03-24 12:17:26.954 [info] Got 1 sessions for ...
2025-03-24 12:17:26.961 [info] Getting sessions for read:user,repo,user:email,workflow...
2025-03-24 12:17:26.961 [info] Got 0 sessions for read:user,repo,user:email,workflow...
2025-03-24 12:17:26.962 [info] Getting sessions for user:email...
2025-03-24 12:17:26.962 [info] Got 1 sessions for user:email...
2025-03-24 12:17:27.103 [info] Getting sessions for all scopes...
2025-03-24 12:17:27.103 [info] Got 1 sessions for ...
2025-03-24 12:17:27.109 [info] Getting sessions for all scopes...
2025-03-24 12:17:27.109 [info] Got 1 sessions for ...
2025-03-24 12:17:27.114 [info] Getting sessions for read:user,repo,user:email,workflow...
2025-03-24 12:17:27.114 [info] Got 0 sessions for read:user,repo,user:email,workflow...
2025-03-24 12:17:27.114 [info] Getting sessions for user:email...
2025-03-24 12:17:27.114 [info] Got 1 sessions for user:email...
2025-03-24 12:17:27.115 [info] Getting sessions for read:user,repo,user:email,workflow...
2025-03-24 12:17:27.115 [info] Got 0 sessions for read:user,repo,user:email,workflow...
2025-03-24 12:17:27.125 [info] Getting sessions for all scopes...
2025-03-24 12:17:27.125 [info] Got 1 sessions for ...
2025-03-24 12:17:27.126 [info] Getting sessions for read:user,repo,user:email,workflow...
2025-03-24 12:17:27.126 [info] Got 0 sessions for read:user,repo,user:email,workflow...
2025-03-24 12:17:27.126 [info] Getting sessions for user:email...
2025-03-24 12:17:27.126 [info] Got 1 sessions for user:email...
2025-03-24 12:17:28.641 [info] Getting sessions for all scopes...
2025-03-24 12:17:28.641 [info] Got 1 sessions for ...
2025-03-24 12:17:28.642 [info] Getting sessions for read:user,repo,user:email,workflow...
2025-03-24 12:17:28.642 [info] Got 0 sessions for read:user,repo,user:email,workflow...
2025-03-24 12:17:28.642 [info] Getting sessions for user:email...
2025-03-24 12:17:28.642 [info] Got 1 sessions for user:email...
