2025-03-25 09:26:22.910 [info] git rev-parse --absolute-git-dir
2025-03-25 09:26:22.915 [info] git rev-parse --absolute-git-dir
2025-03-25 09:26:22.922 [info] git config user.email
2025-03-25 09:26:22.926 [info] git blame -C --incremental -- /home/luna/dotfiles/rofi/.config/rofi/config-Animations.rasi
2025-03-25 09:26:22.953 [info] Blamed "/home/luna/dotfiles/rofi/.config/rofi/config-Animations.rasi"
2025-03-25 09:26:40.172 [info] git rev-parse --absolute-git-dir
2025-03-25 09:26:40.183 [info] git rev-parse --absolute-git-dir
2025-03-25 09:26:40.210 [info] git config user.email
2025-03-25 09:26:40.215 [info] git blame -C --incremental -- /home/luna/dotfiles/rofi/.config/rofi/config-calc.rasi
2025-03-25 09:26:40.225 [info] Blamed "/home/luna/dotfiles/rofi/.config/rofi/config-calc.rasi"
2025-03-25 09:26:42.423 [info] git rev-parse --absolute-git-dir
2025-03-25 09:26:42.427 [info] git rev-parse --absolute-git-dir
2025-03-25 09:26:42.443 [info] git config user.email
2025-03-25 09:26:42.451 [info] git blame -C --incremental -- /home/luna/dotfiles/rofi/.config/rofi/config-clipboard.rasi
2025-03-25 09:26:42.470 [info] Blamed "/home/luna/dotfiles/rofi/.config/rofi/config-clipboard.rasi"
2025-03-25 09:26:46.221 [info] git rev-parse --absolute-git-dir
2025-03-25 09:26:46.227 [info] git rev-parse --absolute-git-dir
2025-03-25 09:26:46.242 [info] git config user.email
2025-03-25 09:26:46.248 [info] git blame -C --incremental -- /home/luna/dotfiles/rofi/.config/rofi/config-emoji.rasi
2025-03-25 09:26:46.267 [info] Blamed "/home/luna/dotfiles/rofi/.config/rofi/config-emoji.rasi"
2025-03-25 09:26:56.098 [info] git rev-parse --absolute-git-dir
2025-03-25 09:26:56.106 [info] git rev-parse --absolute-git-dir
2025-03-25 09:26:56.119 [info] git config user.email
2025-03-25 09:26:56.125 [info] git blame -C --incremental -- /home/luna/dotfiles/rofi/.config/rofi/config-keybinds.rasi
2025-03-25 09:26:56.136 [info] Blamed "/home/luna/dotfiles/rofi/.config/rofi/config-keybinds.rasi"
2025-03-25 09:27:03.646 [info] git rev-parse --absolute-git-dir
2025-03-25 09:27:03.658 [info] git config user.email
2025-03-25 09:27:03.669 [info] git blame -C --incremental -- /home/luna/dotfiles/rofi/.config/rofi/config-keybinds.rasi
2025-03-25 09:27:03.681 [info] Blamed "/home/luna/dotfiles/rofi/.config/rofi/config-keybinds.rasi"
2025-03-25 09:27:04.959 [info] git rev-parse --absolute-git-dir
2025-03-25 09:27:04.975 [info] git rev-parse --absolute-git-dir
2025-03-25 09:27:05.003 [info] git config user.email
2025-03-25 09:27:05.010 [info] git blame -C --incremental -- /home/luna/dotfiles/rofi/.config/rofi/config-kitty-theme.rasi
2025-03-25 09:27:05.021 [info] Blamed "/home/luna/dotfiles/rofi/.config/rofi/config-kitty-theme.rasi"
2025-03-25 09:27:14.970 [info] git rev-parse --absolute-git-dir
2025-03-25 09:27:14.981 [info] git config user.email
2025-03-25 09:27:14.990 [info] git blame -C --incremental -- /home/luna/dotfiles/rofi/.config/rofi/config-kitty-theme.rasi
2025-03-25 09:27:15.004 [info] Blamed "/home/luna/dotfiles/rofi/.config/rofi/config-kitty-theme.rasi"
2025-03-25 09:27:16.116 [info] git rev-parse --absolute-git-dir
2025-03-25 09:27:16.123 [info] git rev-parse --absolute-git-dir
2025-03-25 09:27:16.155 [info] git config user.email
2025-03-25 09:27:16.165 [info] git blame -C --incremental -- /home/luna/dotfiles/rofi/.config/rofi/config-Monitors.rasi
2025-03-25 09:27:16.177 [info] Blamed "/home/luna/dotfiles/rofi/.config/rofi/config-Monitors.rasi"
2025-03-25 09:27:22.672 [info] git rev-parse --absolute-git-dir
2025-03-25 09:27:22.685 [info] git config user.email
2025-03-25 09:27:22.693 [info] git blame -C --incremental -- /home/luna/dotfiles/rofi/.config/rofi/config-Monitors.rasi
2025-03-25 09:27:22.706 [info] Blamed "/home/luna/dotfiles/rofi/.config/rofi/config-Monitors.rasi"
2025-03-25 09:27:23.782 [info] git rev-parse --absolute-git-dir
2025-03-25 09:27:23.794 [info] git rev-parse --absolute-git-dir
2025-03-25 09:27:23.821 [info] git config user.email
2025-03-25 09:27:23.835 [info] git blame -C --incremental -- /home/luna/dotfiles/rofi/.config/rofi/config-rofi-beats-menu.rasi
2025-03-25 09:27:23.844 [info] Blamed "/home/luna/dotfiles/rofi/.config/rofi/config-rofi-beats-menu.rasi"
2025-03-25 09:27:28.415 [info] git rev-parse --absolute-git-dir
2025-03-25 09:27:28.426 [info] git config user.email
2025-03-25 09:27:28.435 [info] git blame -C --incremental -- /home/luna/dotfiles/rofi/.config/rofi/config-rofi-beats-menu.rasi
2025-03-25 09:27:28.449 [info] Blamed "/home/luna/dotfiles/rofi/.config/rofi/config-rofi-beats-menu.rasi"
2025-03-25 09:27:29.462 [info] git rev-parse --absolute-git-dir
2025-03-25 09:27:29.468 [info] git rev-parse --absolute-git-dir
2025-03-25 09:27:29.489 [info] git config user.email
2025-03-25 09:27:29.498 [info] git blame -C --incremental -- /home/luna/dotfiles/rofi/.config/rofi/config-rofi-beats.rasi
2025-03-25 09:27:29.504 [info] Blamed "/home/luna/dotfiles/rofi/.config/rofi/config-rofi-beats.rasi"
2025-03-25 09:27:52.571 [info] git rev-parse --absolute-git-dir
2025-03-25 09:27:52.585 [info] git config user.email
2025-03-25 09:27:52.596 [info] git blame -C --incremental -- /home/luna/dotfiles/rofi/.config/rofi/config-rofi-beats.rasi
2025-03-25 09:27:52.610 [info] Blamed "/home/luna/dotfiles/rofi/.config/rofi/config-rofi-beats.rasi"
2025-03-25 09:27:53.762 [info] git rev-parse --absolute-git-dir
2025-03-25 09:27:53.772 [info] git rev-parse --absolute-git-dir
2025-03-25 09:27:53.801 [info] git config user.email
2025-03-25 09:27:53.805 [info] git blame -C --incremental -- /home/luna/dotfiles/rofi/.config/rofi/config-rofi-theme.rasi
2025-03-25 09:27:53.818 [info] Blamed "/home/luna/dotfiles/rofi/.config/rofi/config-rofi-theme.rasi"
2025-03-25 09:28:08.321 [info] git rev-parse --absolute-git-dir
2025-03-25 09:28:08.328 [info] git config user.email
2025-03-25 09:28:08.336 [info] git blame -C --incremental -- /home/luna/dotfiles/rofi/.config/rofi/config-rofi-theme.rasi
2025-03-25 09:28:08.348 [info] Blamed "/home/luna/dotfiles/rofi/.config/rofi/config-rofi-theme.rasi"
2025-03-25 09:28:09.887 [info] git rev-parse --absolute-git-dir
2025-03-25 09:28:09.894 [info] git rev-parse --absolute-git-dir
2025-03-25 09:28:09.913 [info] git config user.email
2025-03-25 09:28:09.919 [info] git blame -C --incremental -- /home/luna/dotfiles/rofi/.config/rofi/config-search.rasi
2025-03-25 09:28:09.933 [info] Blamed "/home/luna/dotfiles/rofi/.config/rofi/config-search.rasi"
2025-03-25 09:28:14.636 [info] git rev-parse --absolute-git-dir
2025-03-25 09:28:14.647 [info] git config user.email
2025-03-25 09:28:14.655 [info] git blame -C --incremental -- /home/luna/dotfiles/rofi/.config/rofi/config-search.rasi
2025-03-25 09:28:14.669 [info] Blamed "/home/luna/dotfiles/rofi/.config/rofi/config-search.rasi"
2025-03-25 09:28:20.650 [info] git rev-parse --absolute-git-dir
2025-03-25 09:28:20.658 [info] git rev-parse --absolute-git-dir
2025-03-25 09:28:20.678 [info] git config user.email
2025-03-25 09:28:20.685 [info] git blame -C --incremental -- /home/luna/dotfiles/rofi/.config/rofi/config-wallpaper-effect.rasi
2025-03-25 09:28:20.699 [info] Blamed "/home/luna/dotfiles/rofi/.config/rofi/config-wallpaper-effect.rasi"
2025-03-25 09:28:30.899 [info] git rev-parse --absolute-git-dir
2025-03-25 09:28:30.907 [info] git config user.email
2025-03-25 09:28:30.912 [info] git blame -C --incremental -- /home/luna/dotfiles/rofi/.config/rofi/config-wallpaper-effect.rasi
2025-03-25 09:28:30.926 [info] Blamed "/home/luna/dotfiles/rofi/.config/rofi/config-wallpaper-effect.rasi"
2025-03-25 09:28:31.977 [info] git rev-parse --absolute-git-dir
2025-03-25 09:28:31.984 [info] git rev-parse --absolute-git-dir
2025-03-25 09:28:32.022 [info] git config user.email
2025-03-25 09:28:32.038 [info] git blame -C --incremental -- /home/luna/dotfiles/rofi/.config/rofi/config-wallpaper.rasi
2025-03-25 09:28:32.050 [info] Blamed "/home/luna/dotfiles/rofi/.config/rofi/config-wallpaper.rasi"
2025-03-25 09:28:37.969 [info] git rev-parse --absolute-git-dir
2025-03-25 09:28:37.974 [info] git config user.email
2025-03-25 09:28:37.982 [info] git blame -C --incremental -- /home/luna/dotfiles/rofi/.config/rofi/config-wallpaper.rasi
2025-03-25 09:28:37.996 [info] Blamed "/home/luna/dotfiles/rofi/.config/rofi/config-wallpaper.rasi"
2025-03-25 09:28:39.743 [info] git rev-parse --absolute-git-dir
2025-03-25 09:28:39.755 [info] git rev-parse --absolute-git-dir
2025-03-25 09:28:39.783 [info] git config user.email
2025-03-25 09:28:39.797 [info] git blame -C --incremental -- /home/luna/dotfiles/rofi/.config/rofi/config-waybar-layout.rasi
2025-03-25 09:28:39.811 [info] Blamed "/home/luna/dotfiles/rofi/.config/rofi/config-waybar-layout.rasi"
2025-03-25 09:28:45.381 [info] git rev-parse --absolute-git-dir
2025-03-25 09:28:45.394 [info] git config user.email
2025-03-25 09:28:45.402 [info] git blame -C --incremental -- /home/luna/dotfiles/rofi/.config/rofi/config-waybar-layout.rasi
2025-03-25 09:28:45.415 [info] Blamed "/home/luna/dotfiles/rofi/.config/rofi/config-waybar-layout.rasi"
2025-03-25 09:28:46.335 [info] git rev-parse --absolute-git-dir
2025-03-25 09:28:46.342 [info] git rev-parse --absolute-git-dir
2025-03-25 09:28:46.377 [info] git config user.email
2025-03-25 09:28:46.392 [info] git blame -C --incremental -- /home/luna/dotfiles/rofi/.config/rofi/config-waybar-style.rasi
2025-03-25 09:28:46.406 [info] Blamed "/home/luna/dotfiles/rofi/.config/rofi/config-waybar-style.rasi"
2025-03-25 09:28:50.909 [info] git rev-parse --absolute-git-dir
2025-03-25 09:28:50.922 [info] git config user.email
2025-03-25 09:28:50.933 [info] git blame -C --incremental -- /home/luna/dotfiles/rofi/.config/rofi/config-waybar-style.rasi
2025-03-25 09:28:50.948 [info] Blamed "/home/luna/dotfiles/rofi/.config/rofi/config-waybar-style.rasi"
2025-03-25 09:28:51.812 [info] git rev-parse --absolute-git-dir
2025-03-25 09:28:51.819 [info] git rev-parse --absolute-git-dir
2025-03-25 09:28:51.834 [info] git config user.email
2025-03-25 09:28:51.840 [info] git blame -C --incremental -- /home/luna/dotfiles/rofi/.config/rofi/config.rasi
2025-03-25 09:28:51.856 [info] Blamed "/home/luna/dotfiles/rofi/.config/rofi/config.rasi"
2025-03-25 09:28:52.460 [info] git rev-parse --absolute-git-dir
2025-03-25 09:28:52.464 [info] git rev-parse --absolute-git-dir
2025-03-25 09:28:52.473 [info] git config user.email
2025-03-25 09:28:52.477 [info] git blame -C --incremental -- /home/luna/dotfiles/rofi/.config/rofi/config-zsh-theme.rasi
2025-03-25 09:28:52.506 [info] Blamed "/home/luna/dotfiles/rofi/.config/rofi/config-zsh-theme.rasi"
2025-03-25 09:28:58.370 [info] git rev-parse --absolute-git-dir
2025-03-25 09:28:58.380 [info] git config user.email
2025-03-25 09:28:58.390 [info] git blame -C --incremental -- /home/luna/dotfiles/rofi/.config/rofi/config-zsh-theme.rasi
2025-03-25 09:28:58.404 [info] Blamed "/home/luna/dotfiles/rofi/.config/rofi/config-zsh-theme.rasi"
2025-03-25 09:28:59.635 [info] git rev-parse --absolute-git-dir
2025-03-25 09:28:59.657 [info] git config user.email
2025-03-25 09:28:59.666 [info] git blame -C --incremental -- /home/luna/dotfiles/rofi/.config/rofi/config.rasi
2025-03-25 09:28:59.679 [info] Blamed "/home/luna/dotfiles/rofi/.config/rofi/config.rasi"
2025-03-25 09:29:07.739 [info] git rev-parse --absolute-git-dir
2025-03-25 09:29:07.754 [info] git config user.email
2025-03-25 09:29:07.764 [info] git blame -C --incremental -- /home/luna/dotfiles/rofi/.config/rofi/config-waybar-layout.rasi
2025-03-25 09:29:07.777 [info] Blamed "/home/luna/dotfiles/rofi/.config/rofi/config-waybar-layout.rasi"
2025-03-25 09:29:20.738 [info] git rev-parse --absolute-git-dir
2025-03-25 09:29:20.751 [info] git config user.email
2025-03-25 09:29:20.764 [info] git blame -C --incremental -- /home/luna/dotfiles/rofi/.config/rofi/config-Monitors.rasi
2025-03-25 09:29:20.777 [info] Blamed "/home/luna/dotfiles/rofi/.config/rofi/config-Monitors.rasi"
2025-03-25 09:29:26.371 [info] git rev-parse --absolute-git-dir
2025-03-25 09:29:26.384 [info] git rev-parse --absolute-git-dir
2025-03-25 09:29:26.427 [info] git config user.email
2025-03-25 09:29:26.434 [info] git blame -C --incremental -- /home/luna/dotfiles/rofi/.config/rofi/config-edit.rasi
2025-03-25 09:29:26.458 [info] Blamed "/home/luna/dotfiles/rofi/.config/rofi/config-edit.rasi"
2025-03-25 09:29:37.831 [info] git rev-parse --absolute-git-dir
2025-03-25 09:29:37.842 [info] git config user.email
2025-03-25 09:29:37.854 [info] git blame -C --incremental -- /home/luna/dotfiles/rofi/.config/rofi/config-edit.rasi
2025-03-25 09:29:37.865 [info] Blamed "/home/luna/dotfiles/rofi/.config/rofi/config-edit.rasi"
2025-03-25 09:29:39.474 [info] git rev-parse --absolute-git-dir
2025-03-25 09:29:39.503 [info] git config user.email
2025-03-25 09:29:39.505 [info] git blame -C --incremental -- /home/luna/dotfiles/rofi/.config/rofi/config-clipboard.rasi
2025-03-25 09:29:39.516 [info] Blamed "/home/luna/dotfiles/rofi/.config/rofi/config-clipboard.rasi"
2025-03-25 09:29:41.423 [info] git rev-parse --absolute-git-dir
2025-03-25 09:29:41.437 [info] git config user.email
2025-03-25 09:29:41.442 [info] git blame -C --incremental -- /home/luna/dotfiles/rofi/.config/rofi/config-calc.rasi
2025-03-25 09:29:41.477 [info] Blamed "/home/luna/dotfiles/rofi/.config/rofi/config-calc.rasi"
2025-03-25 09:29:43.308 [info] git rev-parse --absolute-git-dir
2025-03-25 09:29:43.321 [info] git config user.email
2025-03-25 09:29:43.344 [info] git blame -C --incremental -- /home/luna/dotfiles/rofi/.config/rofi/config-Animations.rasi
2025-03-25 09:29:43.355 [info] Blamed "/home/luna/dotfiles/rofi/.config/rofi/config-Animations.rasi"
2025-03-25 09:29:45.285 [info] git rev-parse --absolute-git-dir
2025-03-25 09:29:45.290 [info] git rev-parse --absolute-git-dir
2025-03-25 09:29:45.305 [info] git config user.email
2025-03-25 09:29:45.311 [info] git blame -C --incremental -- /home/luna/dotfiles/rofi/.config/rofi/colors.rasi
2025-03-25 09:29:45.329 [info] Blamed "/home/luna/dotfiles/rofi/.config/rofi/colors.rasi"
2025-03-25 09:29:52.082 [info] git rev-parse --absolute-git-dir
2025-03-25 09:29:52.087 [info] git rev-parse --absolute-git-dir
2025-03-25 09:29:52.102 [info] git config user.email
2025-03-25 09:29:52.107 [info] git blame -C --incremental -- /home/luna/dotfiles/rofi/.config/rofi/0-shared-fonts.rasi
2025-03-25 09:29:52.119 [info] Blamed "/home/luna/dotfiles/rofi/.config/rofi/0-shared-fonts.rasi"
2025-03-25 09:29:55.887 [info] git rev-parse --absolute-git-dir
2025-03-25 09:29:55.908 [info] git config user.email
2025-03-25 09:29:55.912 [info] git blame -C --incremental -- /home/luna/dotfiles/rofi/.config/rofi/0-shared-fonts.rasi
2025-03-25 09:29:55.925 [info] Blamed "/home/luna/dotfiles/rofi/.config/rofi/0-shared-fonts.rasi"
2025-03-25 09:30:12.119 [info] git rev-parse --absolute-git-dir
2025-03-25 09:30:12.129 [info] git config user.email
2025-03-25 09:30:12.140 [info] git blame -C --incremental -- /home/luna/dotfiles/rofi/.config/rofi/0-shared-fonts.rasi
2025-03-25 09:30:12.152 [info] Blamed "/home/luna/dotfiles/rofi/.config/rofi/0-shared-fonts.rasi"
2025-03-25 09:30:13.522 [info] git rev-parse --absolute-git-dir
2025-03-25 09:30:13.527 [info] git config user.email
2025-03-25 09:30:13.534 [info] git blame -C --incremental -- /home/luna/dotfiles/rofi/.config/rofi/config-emoji.rasi
2025-03-25 09:30:13.547 [info] Blamed "/home/luna/dotfiles/rofi/.config/rofi/config-emoji.rasi"
2025-03-25 09:30:24.116 [info] git rev-parse --absolute-git-dir
2025-03-25 09:30:24.125 [info] git rev-parse --absolute-git-dir
2025-03-25 09:30:24.143 [info] git config user.email
2025-03-25 09:30:24.152 [info] git blame -C --incremental -- /home/luna/dotfiles/rofi/.config/rofi/themes/KooL_LonerOrZ.rasi
2025-03-25 09:30:24.178 [info] Blamed "/home/luna/dotfiles/rofi/.config/rofi/themes/KooL_LonerOrZ.rasi"
2025-03-25 09:30:29.622 [info] git rev-parse --absolute-git-dir
2025-03-25 09:30:29.633 [info] git rev-parse --absolute-git-dir
2025-03-25 09:30:29.673 [info] git config user.email
2025-03-25 09:30:29.677 [info] git blame -C --incremental -- /home/luna/dotfiles/rofi/.config/rofi/themes/KooL_style-2-Dark.rasi
2025-03-25 09:30:29.688 [info] Blamed "/home/luna/dotfiles/rofi/.config/rofi/themes/KooL_style-2-Dark.rasi"
2025-03-25 09:30:30.544 [info] git rev-parse --absolute-git-dir
2025-03-25 09:30:30.555 [info] git rev-parse --absolute-git-dir
2025-03-25 09:30:30.573 [info] git config user.email
2025-03-25 09:30:30.580 [info] git blame -C --incremental -- /home/luna/dotfiles/rofi/.config/rofi/themes/KooL_style-1.rasi
2025-03-25 09:30:30.596 [info] Blamed "/home/luna/dotfiles/rofi/.config/rofi/themes/KooL_style-1.rasi"
2025-03-25 09:30:37.699 [info] git rev-parse --absolute-git-dir
2025-03-25 09:30:37.716 [info] git config user.email
2025-03-25 09:30:37.723 [info] git blame -C --incremental -- /home/luna/dotfiles/rofi/.config/rofi/themes/KooL_LonerOrZ.rasi
2025-03-25 09:30:37.740 [info] Blamed "/home/luna/dotfiles/rofi/.config/rofi/themes/KooL_LonerOrZ.rasi"
2025-03-25 09:30:41.666 [info] git rev-parse --absolute-git-dir
2025-03-25 09:30:41.678 [info] git rev-parse --absolute-git-dir
2025-03-25 09:30:41.698 [info] git config user.email
2025-03-25 09:30:41.705 [info] git blame -C --incremental -- /home/luna/dotfiles/rofi/.config/rofi/themes/KooL_style-9.rasi
2025-03-25 09:30:41.717 [info] Blamed "/home/luna/dotfiles/rofi/.config/rofi/themes/KooL_style-9.rasi"
2025-03-25 09:30:50.390 [info] git rev-parse --absolute-git-dir
2025-03-25 09:30:50.398 [info] git rev-parse --absolute-git-dir
2025-03-25 09:30:50.428 [info] git config user.email
2025-03-25 09:30:50.444 [info] git blame -C --incremental -- /home/luna/dotfiles/rofi/.config/rofi/themes/KooL_style-10-Fancy-v2.rasi
2025-03-25 09:30:50.458 [info] Blamed "/home/luna/dotfiles/rofi/.config/rofi/themes/KooL_style-10-Fancy-v2.rasi"
2025-03-25 09:30:51.043 [info] git rev-parse --absolute-git-dir
2025-03-25 09:30:51.045 [info] git rev-parse --absolute-git-dir
2025-03-25 09:30:51.051 [info] git config user.email
2025-03-25 09:30:51.055 [info] git blame -C --incremental -- /home/luna/dotfiles/rofi/.config/rofi/themes/KooL_style-10-Fancy.rasi
2025-03-25 09:30:51.083 [info] Blamed "/home/luna/dotfiles/rofi/.config/rofi/themes/KooL_style-10-Fancy.rasi"
2025-03-25 09:30:51.602 [info] git rev-parse --absolute-git-dir
2025-03-25 09:30:51.604 [info] git rev-parse --absolute-git-dir
2025-03-25 09:30:51.611 [info] git config user.email
2025-03-25 09:30:51.616 [info] git blame -C --incremental -- /home/luna/dotfiles/rofi/.config/rofi/themes/KooL_style-11-Win11-list-dark.rasi
2025-03-25 09:30:51.641 [info] Blamed "/home/luna/dotfiles/rofi/.config/rofi/themes/KooL_style-11-Win11-list-dark.rasi"
2025-03-25 09:30:52.217 [info] git rev-parse --absolute-git-dir
2025-03-25 09:30:52.222 [info] git rev-parse --absolute-git-dir
2025-03-25 09:30:52.230 [info] git config user.email
2025-03-25 09:30:52.234 [info] git blame -C --incremental -- /home/luna/dotfiles/rofi/.config/rofi/themes/KooL_style-11-Win11-list-light.rasi
2025-03-25 09:30:52.258 [info] Blamed "/home/luna/dotfiles/rofi/.config/rofi/themes/KooL_style-11-Win11-list-light.rasi"
2025-03-25 09:30:52.715 [info] git rev-parse --absolute-git-dir
2025-03-25 09:30:52.725 [info] git rev-parse --absolute-git-dir
2025-03-25 09:30:52.764 [info] git config user.email
2025-03-25 09:30:52.768 [info] git blame -C --incremental -- /home/luna/dotfiles/rofi/.config/rofi/themes/KooL_style-12-TOP-Docu.rasi
2025-03-25 09:30:52.780 [info] Blamed "/home/luna/dotfiles/rofi/.config/rofi/themes/KooL_style-12-TOP-Docu.rasi"
2025-03-25 09:30:53.318 [info] git rev-parse --absolute-git-dir
2025-03-25 09:30:53.320 [info] git rev-parse --absolute-git-dir
2025-03-25 09:30:53.328 [info] git config user.email
2025-03-25 09:30:53.330 [info] git blame -C --incremental -- /home/luna/dotfiles/rofi/.config/rofi/themes/KooL_style-13-Vertical.rasi
2025-03-25 09:30:53.342 [info] Blamed "/home/luna/dotfiles/rofi/.config/rofi/themes/KooL_style-13-Vertical.rasi"
2025-03-25 09:30:53.915 [info] git rev-parse --absolute-git-dir
2025-03-25 09:30:53.918 [info] git rev-parse --absolute-git-dir
2025-03-25 09:30:53.923 [info] git config user.email
2025-03-25 09:30:53.928 [info] git blame -C --incremental -- /home/luna/dotfiles/rofi/.config/rofi/themes/KooL_style-14.rasi
2025-03-25 09:30:53.956 [info] Blamed "/home/luna/dotfiles/rofi/.config/rofi/themes/KooL_style-14.rasi"
2025-03-25 09:30:54.720 [info] git rev-parse --absolute-git-dir
2025-03-25 09:30:54.746 [info] git config user.email
2025-03-25 09:30:54.755 [info] git blame -C --incremental -- /home/luna/dotfiles/rofi/.config/rofi/themes/KooL_style-13-Vertical.rasi
2025-03-25 09:30:54.770 [info] Blamed "/home/luna/dotfiles/rofi/.config/rofi/themes/KooL_style-13-Vertical.rasi"
2025-03-25 09:30:58.090 [info] git rev-parse --absolute-git-dir
2025-03-25 09:30:58.102 [info] git config user.email
2025-03-25 09:30:58.116 [info] git blame -C --incremental -- /home/luna/dotfiles/rofi/.config/rofi/themes/KooL_style-13-Vertical.rasi
2025-03-25 09:30:58.128 [info] Blamed "/home/luna/dotfiles/rofi/.config/rofi/themes/KooL_style-13-Vertical.rasi"
2025-03-25 09:30:59.323 [info] git rev-parse --absolute-git-dir
2025-03-25 09:30:59.342 [info] git config user.email
2025-03-25 09:30:59.351 [info] git blame -C --incremental -- /home/luna/dotfiles/rofi/.config/rofi/themes/KooL_style-14.rasi
2025-03-25 09:30:59.364 [info] Blamed "/home/luna/dotfiles/rofi/.config/rofi/themes/KooL_style-14.rasi"
2025-03-25 09:31:01.120 [info] git rev-parse --absolute-git-dir
2025-03-25 09:31:01.127 [info] git rev-parse --absolute-git-dir
2025-03-25 09:31:01.156 [info] git config user.email
2025-03-25 09:31:01.161 [info] git blame -C --incremental -- /home/luna/dotfiles/rofi/.config/rofi/themes/KooL_style-15-solarized.rasi
2025-03-25 09:31:01.172 [info] Blamed "/home/luna/dotfiles/rofi/.config/rofi/themes/KooL_style-15-solarized.rasi"
2025-03-25 09:31:02.049 [info] git rev-parse --absolute-git-dir
2025-03-25 09:31:02.068 [info] git config user.email
2025-03-25 09:31:02.075 [info] git blame -C --incremental -- /home/luna/dotfiles/rofi/.config/rofi/themes/KooL_style-10-Fancy-v2.rasi
2025-03-25 09:31:02.090 [info] Blamed "/home/luna/dotfiles/rofi/.config/rofi/themes/KooL_style-10-Fancy-v2.rasi"
2025-03-25 09:31:02.811 [info] git rev-parse --absolute-git-dir
2025-03-25 09:31:02.844 [info] git config user.email
2025-03-25 09:31:02.850 [info] git blame -C --incremental -- /home/luna/dotfiles/rofi/.config/rofi/themes/KooL_style-9.rasi
2025-03-25 09:31:02.862 [info] Blamed "/home/luna/dotfiles/rofi/.config/rofi/themes/KooL_style-9.rasi"
2025-03-25 09:31:03.405 [info] git rev-parse --absolute-git-dir
2025-03-25 09:31:03.408 [info] git rev-parse --absolute-git-dir
2025-03-25 09:31:03.413 [info] git config user.email
2025-03-25 09:31:03.416 [info] git blame -C --incremental -- /home/luna/dotfiles/rofi/.config/rofi/themes/KooL_style-8.rasi
2025-03-25 09:31:03.428 [info] Blamed "/home/luna/dotfiles/rofi/.config/rofi/themes/KooL_style-8.rasi"
2025-03-25 09:31:04.005 [info] git rev-parse --absolute-git-dir
2025-03-25 09:31:04.007 [info] git rev-parse --absolute-git-dir
2025-03-25 09:31:04.015 [info] git config user.email
2025-03-25 09:31:04.020 [info] git blame -C --incremental -- /home/luna/dotfiles/rofi/.config/rofi/themes/KooL_style-7.rasi
2025-03-25 09:31:04.047 [info] Blamed "/home/luna/dotfiles/rofi/.config/rofi/themes/KooL_style-7.rasi"
2025-03-25 09:31:04.567 [info] git rev-parse --absolute-git-dir
2025-03-25 09:31:04.570 [info] git rev-parse --absolute-git-dir
2025-03-25 09:31:04.576 [info] git config user.email
2025-03-25 09:31:04.579 [info] git blame -C --incremental -- /home/luna/dotfiles/rofi/.config/rofi/themes/KooL_style-5.rasi
2025-03-25 09:31:04.591 [info] Blamed "/home/luna/dotfiles/rofi/.config/rofi/themes/KooL_style-5.rasi"
2025-03-25 09:31:05.206 [info] git rev-parse --absolute-git-dir
2025-03-25 09:31:05.209 [info] git rev-parse --absolute-git-dir
2025-03-25 09:31:05.217 [info] git config user.email
2025-03-25 09:31:05.220 [info] git blame -C --incremental -- /home/luna/dotfiles/rofi/.config/rofi/themes/KooL_style-4.rasi
2025-03-25 09:31:05.233 [info] Blamed "/home/luna/dotfiles/rofi/.config/rofi/themes/KooL_style-4.rasi"
2025-03-25 09:31:05.847 [info] git rev-parse --absolute-git-dir
2025-03-25 09:31:05.850 [info] git rev-parse --absolute-git-dir
2025-03-25 09:31:05.857 [info] git config user.email
2025-03-25 09:31:05.859 [info] git blame -C --incremental -- /home/luna/dotfiles/rofi/.config/rofi/themes/KooL_style-3-Fullscreen-v2.rasi
2025-03-25 09:31:05.870 [info] Blamed "/home/luna/dotfiles/rofi/.config/rofi/themes/KooL_style-3-Fullscreen-v2.rasi"
2025-03-25 09:31:06.478 [info] git rev-parse --absolute-git-dir
2025-03-25 09:31:06.481 [info] git rev-parse --absolute-git-dir
2025-03-25 09:31:06.489 [info] git config user.email
2025-03-25 09:31:06.492 [info] git blame -C --incremental -- /home/luna/dotfiles/rofi/.config/rofi/themes/KooL_style-3-FullScreen-v1.rasi
2025-03-25 09:31:06.503 [info] Blamed "/home/luna/dotfiles/rofi/.config/rofi/themes/KooL_style-3-FullScreen-v1.rasi"
2025-03-25 09:31:07.160 [info] git rev-parse --absolute-git-dir
2025-03-25 09:31:07.165 [info] git rev-parse --absolute-git-dir
2025-03-25 09:31:07.181 [info] git config user.email
2025-03-25 09:31:07.190 [info] git blame -C --incremental -- /home/luna/dotfiles/rofi/.config/rofi/themes/KooL_style-2-Light.rasi
2025-03-25 09:31:07.205 [info] Blamed "/home/luna/dotfiles/rofi/.config/rofi/themes/KooL_style-2-Light.rasi"
2025-03-25 09:31:08.412 [info] git rev-parse --absolute-git-dir
2025-03-25 09:31:08.440 [info] git config user.email
2025-03-25 09:31:08.446 [info] git blame -C --incremental -- /home/luna/dotfiles/rofi/.config/rofi/themes/KooL_style-2-Dark.rasi
2025-03-25 09:31:08.461 [info] Blamed "/home/luna/dotfiles/rofi/.config/rofi/themes/KooL_style-2-Dark.rasi"
2025-03-25 09:31:09.028 [info] git rev-parse --absolute-git-dir
2025-03-25 09:31:09.036 [info] git config user.email
2025-03-25 09:31:09.039 [info] git blame -C --incremental -- /home/luna/dotfiles/rofi/.config/rofi/themes/KooL_style-1.rasi
2025-03-25 09:31:09.049 [info] Blamed "/home/luna/dotfiles/rofi/.config/rofi/themes/KooL_style-1.rasi"
2025-03-25 09:31:09.598 [info] git rev-parse --absolute-git-dir
2025-03-25 09:31:09.603 [info] git config user.email
2025-03-25 09:31:09.607 [info] git blame -C --incremental -- /home/luna/dotfiles/rofi/.config/rofi/themes/KooL_LonerOrZ.rasi
2025-03-25 09:31:09.635 [info] Blamed "/home/luna/dotfiles/rofi/.config/rofi/themes/KooL_LonerOrZ.rasi"
2025-03-25 09:31:19.223 [info] git rev-parse --absolute-git-dir
2025-03-25 09:31:19.231 [info] git config user.email
2025-03-25 09:31:19.243 [info] git blame -C --incremental -- /home/luna/dotfiles/rofi/.config/rofi/themes/KooL_LonerOrZ.rasi
2025-03-25 09:31:19.262 [info] Blamed "/home/luna/dotfiles/rofi/.config/rofi/themes/KooL_LonerOrZ.rasi"
2025-03-25 09:31:22.311 [info] git rev-parse --absolute-git-dir
2025-03-25 09:31:22.319 [info] git config user.email
2025-03-25 09:31:22.331 [info] git blame -C --incremental -- /home/luna/dotfiles/rofi/.config/rofi/themes/KooL_LonerOrZ.rasi
2025-03-25 09:31:22.343 [info] Blamed "/home/luna/dotfiles/rofi/.config/rofi/themes/KooL_LonerOrZ.rasi"
2025-03-25 09:31:38.232 [info] git rev-parse --absolute-git-dir
2025-03-25 09:31:38.242 [info] git config user.email
2025-03-25 09:31:38.254 [info] git blame -C --incremental -- /home/luna/dotfiles/rofi/.config/rofi/themes/KooL_LonerOrZ.rasi
2025-03-25 09:31:38.267 [info] Blamed "/home/luna/dotfiles/rofi/.config/rofi/themes/KooL_LonerOrZ.rasi"
2025-03-25 09:31:44.164 [info] git rev-parse --absolute-git-dir
2025-03-25 09:31:44.184 [info] git config user.email
2025-03-25 09:31:44.194 [info] git blame -C --incremental -- /home/luna/dotfiles/rofi/.config/rofi/themes/KooL_style-1.rasi
2025-03-25 09:31:44.207 [info] Blamed "/home/luna/dotfiles/rofi/.config/rofi/themes/KooL_style-1.rasi"
2025-03-25 09:31:48.602 [info] git rev-parse --absolute-git-dir
2025-03-25 09:31:48.615 [info] git config user.email
2025-03-25 09:31:48.624 [info] git blame -C --incremental -- /home/luna/dotfiles/rofi/.config/rofi/themes/KooL_style-2-Dark.rasi
2025-03-25 09:31:48.663 [info] Blamed "/home/luna/dotfiles/rofi/.config/rofi/themes/KooL_style-2-Dark.rasi"
2025-03-25 09:31:52.184 [info] git rev-parse --absolute-git-dir
2025-03-25 09:31:52.211 [info] git config user.email
2025-03-25 09:31:52.220 [info] git blame -C --incremental -- /home/luna/dotfiles/rofi/.config/rofi/themes/KooL_style-2-Light.rasi
2025-03-25 09:31:52.242 [info] Blamed "/home/luna/dotfiles/rofi/.config/rofi/themes/KooL_style-2-Light.rasi"
2025-03-25 09:31:57.125 [info] git rev-parse --absolute-git-dir
2025-03-25 09:31:57.151 [info] git config user.email
2025-03-25 09:31:57.166 [info] git blame -C --incremental -- /home/luna/dotfiles/rofi/.config/rofi/themes/KooL_style-3-FullScreen-v1.rasi
2025-03-25 09:31:57.177 [info] Blamed "/home/luna/dotfiles/rofi/.config/rofi/themes/KooL_style-3-FullScreen-v1.rasi"
2025-03-25 09:32:04.625 [info] git rev-parse --absolute-git-dir
2025-03-25 09:32:04.632 [info] git rev-parse --absolute-git-dir
2025-03-25 09:32:04.672 [info] git config user.email
2025-03-25 09:32:04.686 [info] git blame -C --incremental -- /home/luna/dotfiles/rofi/.config/rofi/wallust/colors-rofi.rasi
2025-03-25 09:32:04.696 [info] Blamed "/home/luna/dotfiles/rofi/.config/rofi/wallust/colors-rofi.rasi"
2025-03-25 09:32:06.405 [info] git rev-parse --absolute-git-dir
2025-03-25 09:32:06.432 [info] git config user.email
2025-03-25 09:32:06.442 [info] git blame -C --incremental -- /home/luna/dotfiles/rofi/.config/rofi/themes/KooL_style-15-solarized.rasi
2025-03-25 09:32:06.453 [info] Blamed "/home/luna/dotfiles/rofi/.config/rofi/themes/KooL_style-15-solarized.rasi"
2025-03-25 09:32:18.110 [info] git rev-parse --absolute-git-dir
2025-03-25 09:32:18.122 [info] git config user.email
2025-03-25 09:32:18.137 [info] git blame -C --incremental -- /home/luna/dotfiles/rofi/.config/rofi/themes/KooL_style-15-solarized.rasi
2025-03-25 09:32:18.154 [info] Blamed "/home/luna/dotfiles/rofi/.config/rofi/themes/KooL_style-15-solarized.rasi"
2025-03-25 09:32:24.923 [info] git rev-parse --absolute-git-dir
2025-03-25 09:32:24.959 [info] git config user.email
2025-03-25 09:32:24.963 [info] git blame -C --incremental -- /home/luna/dotfiles/rofi/.config/rofi/themes/KooL_style-12-TOP-Docu.rasi
2025-03-25 09:32:24.977 [info] Blamed "/home/luna/dotfiles/rofi/.config/rofi/themes/KooL_style-12-TOP-Docu.rasi"
2025-03-25 09:32:27.844 [info] git rev-parse --absolute-git-dir
2025-03-25 09:32:27.865 [info] git config user.email
2025-03-25 09:32:27.869 [info] git blame -C --incremental -- /home/luna/dotfiles/rofi/.config/rofi/themes/KooL_style-11-Win11-list-light.rasi
2025-03-25 09:32:27.882 [info] Blamed "/home/luna/dotfiles/rofi/.config/rofi/themes/KooL_style-11-Win11-list-light.rasi"
2025-03-25 09:32:30.436 [info] git rev-parse --absolute-git-dir
2025-03-25 09:32:30.455 [info] git config user.email
2025-03-25 09:32:30.465 [info] git blame -C --incremental -- /home/luna/dotfiles/rofi/.config/rofi/themes/KooL_style-11-Win11-list-dark.rasi
2025-03-25 09:32:30.490 [info] Blamed "/home/luna/dotfiles/rofi/.config/rofi/themes/KooL_style-11-Win11-list-dark.rasi"
2025-03-25 09:32:42.856 [info] git rev-parse --absolute-git-dir
2025-03-25 09:32:42.868 [info] git config user.email
2025-03-25 09:32:42.882 [info] git blame -C --incremental -- /home/luna/dotfiles/rofi/.config/rofi/themes/KooL_style-11-Win11-list-dark.rasi
2025-03-25 09:32:42.894 [info] Blamed "/home/luna/dotfiles/rofi/.config/rofi/themes/KooL_style-11-Win11-list-dark.rasi"
2025-03-25 09:32:43.873 [info] git rev-parse --absolute-git-dir
2025-03-25 09:32:43.890 [info] git config user.email
2025-03-25 09:32:43.896 [info] git blame -C --incremental -- /home/luna/dotfiles/rofi/.config/rofi/themes/KooL_style-11-Win11-list-light.rasi
2025-03-25 09:32:43.908 [info] Blamed "/home/luna/dotfiles/rofi/.config/rofi/themes/KooL_style-11-Win11-list-light.rasi"
2025-03-25 09:32:56.066 [info] git rev-parse --absolute-git-dir
2025-03-25 09:32:56.077 [info] git config user.email
2025-03-25 09:32:56.094 [info] git blame -C --incremental -- /home/luna/dotfiles/rofi/.config/rofi/themes/KooL_style-11-Win11-list-light.rasi
2025-03-25 09:32:56.106 [info] Blamed "/home/luna/dotfiles/rofi/.config/rofi/themes/KooL_style-11-Win11-list-light.rasi"
2025-03-25 09:33:03.458 [info] git rev-parse --absolute-git-dir
2025-03-25 09:33:03.494 [info] git config user.email
2025-03-25 09:33:03.516 [info] git blame -C --incremental -- /home/luna/dotfiles/rofi/.config/rofi/themes/KooL_style-10-Fancy.rasi
2025-03-25 09:33:03.528 [info] Blamed "/home/luna/dotfiles/rofi/.config/rofi/themes/KooL_style-10-Fancy.rasi"
2025-03-25 09:33:12.344 [info] git rev-parse --absolute-git-dir
2025-03-25 09:33:12.350 [info] git config user.email
2025-03-25 09:33:12.361 [info] git blame -C --incremental -- /home/luna/dotfiles/rofi/.config/rofi/themes/KooL_style-10-Fancy.rasi
2025-03-25 09:33:12.374 [info] Blamed "/home/luna/dotfiles/rofi/.config/rofi/themes/KooL_style-10-Fancy.rasi"
2025-03-25 09:33:19.152 [info] git rev-parse --absolute-git-dir
2025-03-25 09:33:19.170 [info] git config user.email
2025-03-25 09:33:19.181 [info] git blame -C --incremental -- /home/luna/dotfiles/rofi/.config/rofi/themes/KooL_style-10-Fancy-v2.rasi
2025-03-25 09:33:19.196 [info] Blamed "/home/luna/dotfiles/rofi/.config/rofi/themes/KooL_style-10-Fancy-v2.rasi"
2025-03-25 09:33:20.381 [info] git rev-parse --absolute-git-dir
2025-03-25 09:33:20.393 [info] git config user.email
2025-03-25 09:33:20.397 [info] git blame -C --incremental -- /home/luna/dotfiles/rofi/.config/rofi/themes/KooL_style-9.rasi
2025-03-25 09:33:20.410 [info] Blamed "/home/luna/dotfiles/rofi/.config/rofi/themes/KooL_style-9.rasi"
2025-03-25 09:33:31.593 [info] git rev-parse --absolute-git-dir
2025-03-25 09:33:31.611 [info] git config user.email
2025-03-25 09:33:31.625 [info] git blame -C --incremental -- /home/luna/dotfiles/rofi/.config/rofi/themes/KooL_style-8.rasi
2025-03-25 09:33:31.642 [info] Blamed "/home/luna/dotfiles/rofi/.config/rofi/themes/KooL_style-8.rasi"
2025-03-25 09:33:36.382 [info] git rev-parse --absolute-git-dir
2025-03-25 09:33:36.395 [info] git config user.email
2025-03-25 09:33:36.405 [info] git blame -C --incremental -- /home/luna/dotfiles/rofi/.config/rofi/themes/KooL_style-8.rasi
2025-03-25 09:33:36.419 [info] Blamed "/home/luna/dotfiles/rofi/.config/rofi/themes/KooL_style-8.rasi"
2025-03-25 09:33:38.315 [info] git rev-parse --absolute-git-dir
2025-03-25 09:33:38.333 [info] git config user.email
2025-03-25 09:33:38.341 [info] git blame -C --incremental -- /home/luna/dotfiles/rofi/.config/rofi/themes/KooL_style-7.rasi
2025-03-25 09:33:38.370 [info] Blamed "/home/luna/dotfiles/rofi/.config/rofi/themes/KooL_style-7.rasi"
2025-03-25 09:33:44.848 [info] git rev-parse --absolute-git-dir
2025-03-25 09:33:44.856 [info] git config user.email
2025-03-25 09:33:44.864 [info] git blame -C --incremental -- /home/luna/dotfiles/rofi/.config/rofi/themes/KooL_style-7.rasi
2025-03-25 09:33:44.877 [info] Blamed "/home/luna/dotfiles/rofi/.config/rofi/themes/KooL_style-7.rasi"
2025-03-25 09:33:46.324 [info] git rev-parse --absolute-git-dir
2025-03-25 09:33:46.331 [info] git rev-parse --absolute-git-dir
2025-03-25 09:33:46.360 [info] git config user.email
2025-03-25 09:33:46.378 [info] git blame -C --incremental -- /home/luna/dotfiles/rofi/.config/rofi/themes/KooL_style-6.rasi
2025-03-25 09:33:46.390 [info] Blamed "/home/luna/dotfiles/rofi/.config/rofi/themes/KooL_style-6.rasi"
2025-03-25 09:33:56.260 [info] git rev-parse --absolute-git-dir
2025-03-25 09:33:56.273 [info] git config user.email
2025-03-25 09:33:56.293 [info] git blame -C --incremental -- /home/luna/dotfiles/rofi/.config/rofi/themes/KooL_style-6.rasi
2025-03-25 09:33:56.307 [info] Blamed "/home/luna/dotfiles/rofi/.config/rofi/themes/KooL_style-6.rasi"
2025-03-25 09:33:57.572 [info] git rev-parse --absolute-git-dir
2025-03-25 09:33:57.586 [info] git config user.email
2025-03-25 09:33:57.594 [info] git blame -C --incremental -- /home/luna/dotfiles/rofi/.config/rofi/themes/KooL_style-5.rasi
2025-03-25 09:33:57.606 [info] Blamed "/home/luna/dotfiles/rofi/.config/rofi/themes/KooL_style-5.rasi"
2025-03-25 09:34:03.092 [info] git rev-parse --absolute-git-dir
2025-03-25 09:34:03.105 [info] git config user.email
2025-03-25 09:34:03.116 [info] git blame -C --incremental -- /home/luna/dotfiles/rofi/.config/rofi/themes/KooL_style-5.rasi
2025-03-25 09:34:03.130 [info] Blamed "/home/luna/dotfiles/rofi/.config/rofi/themes/KooL_style-5.rasi"
2025-03-25 09:34:04.673 [info] git rev-parse --absolute-git-dir
2025-03-25 09:34:04.690 [info] git config user.email
2025-03-25 09:34:04.699 [info] git blame -C --incremental -- /home/luna/dotfiles/rofi/.config/rofi/themes/KooL_style-4.rasi
2025-03-25 09:34:04.708 [info] Blamed "/home/luna/dotfiles/rofi/.config/rofi/themes/KooL_style-4.rasi"
2025-03-25 09:34:12.224 [info] git rev-parse --absolute-git-dir
2025-03-25 09:34:12.233 [info] git config user.email
2025-03-25 09:34:12.247 [info] git blame -C --incremental -- /home/luna/dotfiles/rofi/.config/rofi/themes/KooL_style-4.rasi
2025-03-25 09:34:12.264 [info] Blamed "/home/luna/dotfiles/rofi/.config/rofi/themes/KooL_style-4.rasi"
2025-03-25 09:34:14.474 [info] git rev-parse --absolute-git-dir
2025-03-25 09:34:14.490 [info] git config user.email
2025-03-25 09:34:14.499 [info] git blame -C --incremental -- /home/luna/dotfiles/rofi/.config/rofi/themes/KooL_style-3-Fullscreen-v2.rasi
2025-03-25 09:34:14.510 [info] Blamed "/home/luna/dotfiles/rofi/.config/rofi/themes/KooL_style-3-Fullscreen-v2.rasi"
2025-03-25 09:34:21.113 [info] git rev-parse --absolute-git-dir
2025-03-25 09:34:21.130 [info] git config user.email
2025-03-25 09:34:21.144 [info] git blame -C --incremental -- /home/luna/dotfiles/rofi/.config/rofi/themes/KooL_style-3-Fullscreen-v2.rasi
2025-03-25 09:34:21.165 [info] Blamed "/home/luna/dotfiles/rofi/.config/rofi/themes/KooL_style-3-Fullscreen-v2.rasi"
2025-03-25 09:34:24.322 [info] git rev-parse --absolute-git-dir
2025-03-25 09:34:24.355 [info] git config user.email
2025-03-25 09:34:24.359 [info] git blame -C --incremental -- /home/luna/dotfiles/rofi/.config/rofi/themes/KooL_style-3-FullScreen-v1.rasi
2025-03-25 09:34:24.370 [info] Blamed "/home/luna/dotfiles/rofi/.config/rofi/themes/KooL_style-3-FullScreen-v1.rasi"
2025-03-25 09:34:30.268 [info] git rev-parse --absolute-git-dir
2025-03-25 09:34:30.280 [info] git config user.email
2025-03-25 09:34:30.288 [info] git blame -C --incremental -- /home/luna/dotfiles/rofi/.config/rofi/themes/KooL_style-3-FullScreen-v1.rasi
2025-03-25 09:34:30.304 [info] Blamed "/home/luna/dotfiles/rofi/.config/rofi/themes/KooL_style-3-FullScreen-v1.rasi"
2025-03-25 09:34:31.625 [info] git rev-parse --absolute-git-dir
2025-03-25 09:34:31.640 [info] git config user.email
2025-03-25 09:34:31.648 [info] git blame -C --incremental -- /home/luna/dotfiles/rofi/.config/rofi/themes/KooL_style-2-Light.rasi
2025-03-25 09:34:31.659 [info] Blamed "/home/luna/dotfiles/rofi/.config/rofi/themes/KooL_style-2-Light.rasi"
2025-03-25 09:34:42.925 [info] git rev-parse --absolute-git-dir
2025-03-25 09:34:42.938 [info] git config user.email
2025-03-25 09:34:42.946 [info] git blame -C --incremental -- /home/luna/dotfiles/rofi/.config/rofi/themes/KooL_style-2-Light.rasi
2025-03-25 09:34:42.960 [info] Blamed "/home/luna/dotfiles/rofi/.config/rofi/themes/KooL_style-2-Light.rasi"
2025-03-25 09:34:44.373 [info] git rev-parse --absolute-git-dir
2025-03-25 09:34:44.400 [info] git config user.email
2025-03-25 09:34:44.405 [info] git blame -C --incremental -- /home/luna/dotfiles/rofi/.config/rofi/themes/KooL_style-2-Dark.rasi
2025-03-25 09:34:44.418 [info] Blamed "/home/luna/dotfiles/rofi/.config/rofi/themes/KooL_style-2-Dark.rasi"
2025-03-25 09:34:50.248 [info] git rev-parse --absolute-git-dir
2025-03-25 09:34:50.261 [info] git config user.email
2025-03-25 09:34:50.278 [info] git blame -C --incremental -- /home/luna/dotfiles/rofi/.config/rofi/themes/KooL_style-2-Dark.rasi
2025-03-25 09:34:50.292 [info] Blamed "/home/luna/dotfiles/rofi/.config/rofi/themes/KooL_style-2-Dark.rasi"
2025-03-25 09:34:51.677 [info] git rev-parse --absolute-git-dir
2025-03-25 09:34:51.690 [info] git config user.email
2025-03-25 09:34:51.695 [info] git blame -C --incremental -- /home/luna/dotfiles/rofi/.config/rofi/themes/KooL_style-1.rasi
2025-03-25 09:34:51.707 [info] Blamed "/home/luna/dotfiles/rofi/.config/rofi/themes/KooL_style-1.rasi"
2025-03-25 09:34:56.302 [info] git rev-parse --absolute-git-dir
2025-03-25 09:34:56.313 [info] git config user.email
2025-03-25 09:34:56.320 [info] git blame -C --incremental -- /home/luna/dotfiles/rofi/.config/rofi/themes/KooL_style-1.rasi
2025-03-25 09:34:56.333 [info] Blamed "/home/luna/dotfiles/rofi/.config/rofi/themes/KooL_style-1.rasi"
