2025-01-27 09:18:53.928 [info] Revived process, old id 1e98102fa408dff8ca16bcfbfedb6f7b-1 -> new id 1
2025-01-27 09:18:53.928 [info] Revived process, old id 1e98102fa408dff8ca16bcfbfedb6f7b-2 -> new id 2
2025-01-27 09:18:53.933 [info] Expanding terminal instance, old id 1e98102fa408dff8ca16bcfbfedb6f7b-1 -> new id 1
2025-01-27 09:18:53.933 [info] Expanding terminal instance, old id 1e98102fa408dff8ca16bcfbfedb6f7b-2 -> new id 2
2025-01-27 09:18:54.104 [warning] Persistent process "2": Process had no disconnect runners but was an orphan
2025-01-27 09:18:54.105 [info] Persistent process reconnection "2"
2025-01-27 09:18:54.105 [warning] Persistent process "1": Process had no disconnect runners but was an orphan
2025-01-27 09:18:54.105 [info] Persistent process reconnection "1"
2025-01-27 09:18:54.170 [info] Persistent process "2": Replaying 2115 chars and 1 size events
2025-01-27 09:18:54.232 [info] Persistent process "1": Replaying 3939 chars and 1 size events
2025-01-27 12:09:49.564 [info] Revived process, old id b69a193e0dd7db4b8cc25458b80bef9c-5 -> new id 7
2025-01-27 12:09:49.620 [info] Expanding terminal instance, old id b69a193e0dd7db4b8cc25458b80bef9c-5 -> new id 7
2025-01-27 12:09:49.848 [warning] Persistent process "7": Process had no disconnect runners but was an orphan
2025-01-27 12:09:49.848 [info] Persistent process reconnection "7"
2025-01-27 12:09:49.860 [info] Persistent process "7": Replaying 3270 chars and 1 size events
2025-01-27 12:17:01.458 [info] Revived process, old id 0bb31f5fa10b9469638e189a846caa0b-6 -> new id 10
2025-01-27 12:17:01.515 [info] Expanding terminal instance, old id 0bb31f5fa10b9469638e189a846caa0b-6 -> new id 10
2025-01-27 12:17:01.817 [warning] Persistent process "10": Process had no disconnect runners but was an orphan
2025-01-27 12:17:01.817 [info] Persistent process reconnection "10"
2025-01-27 12:17:01.839 [info] Persistent process "10": Replaying 4213 chars and 1 size events
2025-01-27 12:17:08.672 [info] Revived process, old id b69a193e0dd7db4b8cc25458b80bef9c-7 -> new id 12
2025-01-27 12:17:08.672 [info] Revived process, old id b69a193e0dd7db4b8cc25458b80bef9c-9 -> new id 13
2025-01-27 12:17:08.690 [info] Expanding terminal instance, old id b69a193e0dd7db4b8cc25458b80bef9c-7 -> new id 12
2025-01-27 12:17:08.690 [info] Expanding terminal instance, old id b69a193e0dd7db4b8cc25458b80bef9c-9 -> new id 13
2025-01-27 12:17:08.919 [warning] Persistent process "13": Process had no disconnect runners but was an orphan
2025-01-27 12:17:08.919 [info] Persistent process reconnection "13"
2025-01-27 12:17:08.919 [warning] Persistent process "12": Process had no disconnect runners but was an orphan
2025-01-27 12:17:08.919 [info] Persistent process reconnection "12"
2025-01-27 12:17:08.933 [info] Persistent process "13": Replaying 2835 chars and 1 size events
2025-01-27 12:17:08.942 [info] Persistent process "12": Replaying 6220 chars and 1 size events
2025-01-27 12:37:33.067 [info] Revived process, old id 0bb31f5fa10b9469638e189a846caa0b-10 -> new id 15
2025-01-27 12:37:33.195 [info] Expanding terminal instance, old id 0bb31f5fa10b9469638e189a846caa0b-10 -> new id 15
2025-01-27 12:37:33.421 [warning] Persistent process "15": Process had no disconnect runners but was an orphan
2025-01-27 12:37:33.421 [info] Persistent process reconnection "15"
2025-01-27 12:37:33.466 [info] Persistent process "15": Replaying 6040 chars and 1 size events
2025-01-27 12:58:03.884 [info] Revived process, old id b69a193e0dd7db4b8cc25458b80bef9c-12 -> new id 17
2025-01-27 12:58:03.885 [info] Revived process, old id b69a193e0dd7db4b8cc25458b80bef9c-13 -> new id 18
2025-01-27 12:58:03.946 [info] Expanding terminal instance, old id b69a193e0dd7db4b8cc25458b80bef9c-12 -> new id 17
2025-01-27 12:58:03.946 [info] Expanding terminal instance, old id b69a193e0dd7db4b8cc25458b80bef9c-13 -> new id 18
2025-01-27 12:58:04.203 [warning] Persistent process "18": Process had no disconnect runners but was an orphan
2025-01-27 12:58:04.203 [info] Persistent process reconnection "18"
2025-01-27 12:58:04.204 [warning] Persistent process "17": Process had no disconnect runners but was an orphan
2025-01-27 12:58:04.204 [info] Persistent process reconnection "17"
2025-01-27 12:58:04.244 [info] Persistent process "18": Replaying 4860 chars and 1 size events
2025-01-27 12:58:04.260 [info] Persistent process "17": Replaying 7061 chars and 1 size events
