2025-02-20 17:48:26.107 [info] [main] Log level: Info
2025-02-20 17:48:26.107 [info] [main] Validating found git in: "git"
2025-02-20 17:48:26.107 [info] [main] Using git "2.48.1" from "git"
2025-02-20 17:48:26.107 [info] [Model][doInitialScan] Initial repository scan started
2025-02-20 17:48:26.107 [info] > git rev-parse --show-toplevel [3ms]
2025-02-20 17:48:26.107 [info] > git rev-parse --git-dir --git-common-dir [25ms]
2025-02-20 17:48:26.107 [info] [Model][openRepository] Opened repository: /home/nat/repos/sigma-lang-web
2025-02-20 17:48:26.116 [info] > git rev-parse --show-toplevel [15ms]
2025-02-20 17:48:26.116 [info] > git config --get commit.template [18ms]
2025-02-20 17:48:27.077 [info] > git rev-parse --show-toplevel [820ms]
2025-02-20 17:48:27.435 [info] > git check-ignore -v -z --stdin [354ms]
2025-02-20 17:48:27.439 [info] > git for-each-ref --format=%(refname)%00%(upstream:short)%00%(objectname)%00%(upstream:track)%00%(upstream:remotename)%00%(upstream:remoteref) refs/heads/main refs/remotes/main [400ms]
2025-02-20 17:48:27.475 [info] > git rev-parse --show-toplevel [45ms]
2025-02-20 17:48:27.476 [info] [Model][doInitialScan] Initial repository scan completed - repositories (1), closed repositories (0), parent repositories (0), unsafe repositories (0)
2025-02-20 17:48:27.508 [info] > git status -z -uall [10ms]
2025-02-20 17:48:27.512 [info] > git for-each-ref --sort -committerdate --format %(refname) %(objectname) %(*objectname) [8ms]
2025-02-20 17:48:27.536 [info] > git for-each-ref --format=%(refname)%00%(upstream:short)%00%(objectname)%00%(upstream:track)%00%(upstream:remotename)%00%(upstream:remoteref) refs/heads/main refs/remotes/main [15ms]
2025-02-20 17:48:27.561 [info] > git config --get --local branch.main.vscode-merge-base [19ms]
2025-02-20 17:48:27.569 [info] > git config --get commit.template [39ms]
2025-02-20 17:48:27.596 [info] > git for-each-ref --format=%(refname)%00%(upstream:short)%00%(objectname)%00%(upstream:track)%00%(upstream:remotename)%00%(upstream:remoteref) refs/heads/origin/main refs/remotes/origin/main [27ms]
2025-02-20 17:48:27.842 [info] > git merge-base refs/heads/main refs/remotes/origin/main [239ms]
2025-02-20 17:48:27.897 [info] > git diff --name-status -z --diff-filter=ADMR 189b38f256d009ac2bba6176aef9e1d6ac632ff5...refs/remotes/origin/main [49ms]
2025-02-20 17:48:27.897 [info] > git for-each-ref --format=%(refname)%00%(upstream:short)%00%(objectname)%00%(upstream:track)%00%(upstream:remotename)%00%(upstream:remoteref) refs/heads/main refs/remotes/main [75ms]
2025-02-20 17:48:27.901 [info] > git log --format=%H%n%aN%n%aE%n%at%n%ct%n%P%n%D%n%B -z --shortstat --diff-merges=first-parent -n50 --skip=0 --topo-order --decorate=full --stdin [42ms]
2025-02-20 17:48:28.702 [info] > git status -z -uall [5ms]
2025-02-20 17:48:28.753 [info] > git for-each-ref --sort -committerdate --format %(refname) %(objectname) %(*objectname) [54ms]
2025-02-20 17:48:28.801 [info] > git config --get commit.template [31ms]
2025-02-20 17:48:28.828 [info] > git for-each-ref --format=%(refname)%00%(upstream:short)%00%(objectname)%00%(upstream:track)%00%(upstream:remotename)%00%(upstream:remoteref) refs/heads/main refs/remotes/main [13ms]
2025-02-20 17:48:28.849 [info] > git fetch [2776ms]
2025-02-20 17:48:28.859 [info] > git config --get commit.template [2ms]
2025-02-20 17:48:28.867 [info] > git for-each-ref --format=%(refname)%00%(upstream:short)%00%(objectname)%00%(upstream:track)%00%(upstream:remotename)%00%(upstream:remoteref) refs/heads/main refs/remotes/main [3ms]
2025-02-20 17:48:28.882 [info] > git status -z -uall [6ms]
2025-02-20 17:48:28.882 [info] > git for-each-ref --sort -committerdate --format %(refname) %(objectname) %(*objectname) [3ms]
2025-02-20 17:48:29.457 [info] > git config --get --local branch.main.github-pr-owner-number [45ms]
2025-02-20 17:48:33.109 [info] > git show --textconv :app.py [28ms]
2025-02-20 17:48:33.110 [info] > git ls-files --stage -- /home/nat/repos/sigma-lang-web/app.py [22ms]
2025-02-20 17:48:33.142 [info] > git cat-file -s 2ea500312757613090408f88932cbba9d9bf1103 [26ms]
2025-02-20 17:48:33.199 [info] > git blame --root --incremental 189b38f256d009ac2bba6176aef9e1d6ac632ff5 -- /home/nat/repos/sigma-lang-web/app.py [13ms]
2025-02-20 17:48:42.058 [info] > git for-each-ref --format=%(refname)%00%(upstream:short)%00%(objectname)%00%(upstream:track)%00%(upstream:remotename)%00%(upstream:remoteref) refs/heads/main refs/remotes/main [1ms]
2025-02-20 17:48:42.058 [info] > git config --get commit.template [8ms]
2025-02-20 17:48:42.076 [info] > git status -z -uall [10ms]
2025-02-20 17:48:42.077 [info] > git for-each-ref --sort -committerdate --format %(refname) %(objectname) %(*objectname) [2ms]
2025-02-20 17:48:43.491 [info] > git log --format=%H%n%aN%n%aE%n%at%n%ct%n%P%n%D%n%B -z --shortstat --diff-merges=first-parent -n50 --skip=0 --topo-order --decorate=full --stdin [3ms]
2025-02-20 17:48:45.667 [info] > git log --format=%H%n%aN%n%aE%n%at%n%ct%n%P%n%D%n%B -z --shortstat --diff-merges=first-parent -n50 --skip=0 --topo-order --decorate=full --stdin [6ms]
2025-02-20 18:33:47.044 [info] > git ls-files --stage -- /home/nat/repos/sigma-lang-web/app.py [1ms]
2025-02-20 18:33:47.054 [info] > git cat-file -s 2ea500312757613090408f88932cbba9d9bf1103 [2ms]
2025-02-20 18:33:47.064 [info] > git show --textconv :app.py [1ms]
2025-02-20 18:33:48.561 [info] > git fetch [2717ms]
2025-02-20 18:33:48.570 [info] > git config --get commit.template [1ms]
2025-02-20 18:33:48.580 [info] > git for-each-ref --format=%(refname)%00%(upstream:short)%00%(objectname)%00%(upstream:track)%00%(upstream:remotename)%00%(upstream:remoteref) refs/heads/main refs/remotes/main [1ms]
2025-02-20 18:33:48.599 [info] > git status -z -uall [11ms]
2025-02-20 18:33:48.600 [info] > git for-each-ref --sort -committerdate --format %(refname) %(objectname) %(*objectname) [2ms]
2025-02-20 18:33:49.518 [info] > git ls-files --stage -- /home/nat/repos/sigma-lang-web/app.py [2ms]
2025-02-20 18:33:49.528 [info] > git cat-file -s 2ea500312757613090408f88932cbba9d9bf1103 [1ms]
2025-02-20 18:33:49.537 [info] > git show --textconv :app.py [0ms]
2025-02-20 18:36:49.814 [info] > git ls-files --stage -- /home/nat/repos/sigma-lang-web/app.py [1ms]
2025-02-20 18:36:49.821 [info] > git cat-file -s 2ea500312757613090408f88932cbba9d9bf1103 [1ms]
2025-02-20 18:36:49.832 [info] > git show --textconv :app.py [3ms]
2025-02-20 18:36:51.368 [info] > git fetch [2752ms]
2025-02-20 18:36:51.377 [info] > git config --get commit.template [1ms]
2025-02-20 18:36:51.386 [info] > git for-each-ref --format=%(refname)%00%(upstream:short)%00%(objectname)%00%(upstream:track)%00%(upstream:remotename)%00%(upstream:remoteref) refs/heads/main refs/remotes/main [0ms]
2025-02-20 18:36:51.402 [info] > git status -z -uall [9ms]
2025-02-20 18:36:51.403 [info] > git for-each-ref --sort -committerdate --format %(refname) %(objectname) %(*objectname) [2ms]
2025-02-20 18:36:52.316 [info] > git ls-files --stage -- /home/nat/repos/sigma-lang-web/app.py [1ms]
2025-02-20 18:36:52.323 [info] > git cat-file -s 2ea500312757613090408f88932cbba9d9bf1103 [0ms]
2025-02-20 18:36:52.332 [info] > git show --textconv :app.py [1ms]
2025-02-20 18:39:52.607 [info] > git ls-files --stage -- /home/nat/repos/sigma-lang-web/app.py [1ms]
2025-02-20 18:39:52.615 [info] > git cat-file -s 2ea500312757613090408f88932cbba9d9bf1103 [2ms]
2025-02-20 18:39:52.624 [info] > git show --textconv :app.py [1ms]
2025-02-20 18:39:54.132 [info] > git fetch [2713ms]
2025-02-20 18:39:54.148 [info] > git for-each-ref --format=%(refname)%00%(upstream:short)%00%(objectname)%00%(upstream:track)%00%(upstream:remotename)%00%(upstream:remoteref) refs/heads/main refs/remotes/main [1ms]
2025-02-20 18:39:54.148 [info] > git config --get commit.template [8ms]
2025-02-20 18:39:54.162 [info] > git status -z -uall [7ms]
2025-02-20 18:39:54.163 [info] > git for-each-ref --sort -committerdate --format %(refname) %(objectname) %(*objectname) [2ms]
2025-02-20 18:39:55.098 [info] > git ls-files --stage -- /home/nat/repos/sigma-lang-web/app.py [1ms]
2025-02-20 18:39:55.113 [info] > git cat-file -s 2ea500312757613090408f88932cbba9d9bf1103 [2ms]
2025-02-20 18:39:55.131 [info] > git show --textconv :app.py [1ms]
2025-02-20 18:42:55.364 [info] > git ls-files --stage -- /home/nat/repos/sigma-lang-web/app.py [0ms]
2025-02-20 18:42:55.371 [info] > git cat-file -s 2ea500312757613090408f88932cbba9d9bf1103 [1ms]
2025-02-20 18:42:55.379 [info] > git show --textconv :app.py [0ms]
2025-02-20 18:42:56.918 [info] > git fetch [2743ms]
2025-02-20 18:42:56.927 [info] > git config --get commit.template [1ms]
2025-02-20 18:42:56.934 [info] > git for-each-ref --format=%(refname)%00%(upstream:short)%00%(objectname)%00%(upstream:track)%00%(upstream:remotename)%00%(upstream:remoteref) refs/heads/main refs/remotes/main [0ms]
2025-02-20 18:42:56.948 [info] > git status -z -uall [7ms]
2025-02-20 18:42:56.949 [info] > git for-each-ref --sort -committerdate --format %(refname) %(objectname) %(*objectname) [1ms]
2025-02-20 18:42:57.872 [info] > git ls-files --stage -- /home/nat/repos/sigma-lang-web/app.py [0ms]
2025-02-20 18:42:57.883 [info] > git cat-file -s 2ea500312757613090408f88932cbba9d9bf1103 [1ms]
2025-02-20 18:42:57.899 [info] > git show --textconv :app.py [1ms]
2025-02-20 18:45:58.154 [info] > git ls-files --stage -- /home/nat/repos/sigma-lang-web/app.py [3ms]
2025-02-20 18:45:58.161 [info] > git cat-file -s 2ea500312757613090408f88932cbba9d9bf1103 [1ms]
2025-02-20 18:45:58.170 [info] > git show --textconv :app.py [1ms]
2025-02-20 18:45:59.805 [info] > git fetch [2844ms]
2025-02-20 18:45:59.813 [info] > git config --get commit.template [0ms]
2025-02-20 18:45:59.821 [info] > git for-each-ref --format=%(refname)%00%(upstream:short)%00%(objectname)%00%(upstream:track)%00%(upstream:remotename)%00%(upstream:remoteref) refs/heads/main refs/remotes/main [1ms]
2025-02-20 18:45:59.835 [info] > git status -z -uall [7ms]
2025-02-20 18:45:59.836 [info] > git for-each-ref --sort -committerdate --format %(refname) %(objectname) %(*objectname) [2ms]
2025-02-20 18:46:00.744 [info] > git ls-files --stage -- /home/nat/repos/sigma-lang-web/app.py [0ms]
2025-02-20 18:46:00.752 [info] > git cat-file -s 2ea500312757613090408f88932cbba9d9bf1103 [0ms]
2025-02-20 18:46:00.761 [info] > git show --textconv :app.py [0ms]
2025-02-20 18:49:01.041 [info] > git ls-files --stage -- /home/nat/repos/sigma-lang-web/app.py [0ms]
2025-02-20 18:49:01.048 [info] > git cat-file -s 2ea500312757613090408f88932cbba9d9bf1103 [0ms]
2025-02-20 18:49:01.058 [info] > git show --textconv :app.py [1ms]
2025-02-20 18:49:02.604 [info] > git fetch [2755ms]
2025-02-20 18:49:02.612 [info] > git config --get commit.template [1ms]
2025-02-20 18:49:02.619 [info] > git for-each-ref --format=%(refname)%00%(upstream:short)%00%(objectname)%00%(upstream:track)%00%(upstream:remotename)%00%(upstream:remoteref) refs/heads/main refs/remotes/main [1ms]
2025-02-20 18:49:02.634 [info] > git status -z -uall [8ms]
2025-02-20 18:49:02.635 [info] > git for-each-ref --sort -committerdate --format %(refname) %(objectname) %(*objectname) [2ms]
2025-02-20 18:49:03.550 [info] > git ls-files --stage -- /home/nat/repos/sigma-lang-web/app.py [1ms]
2025-02-20 18:49:03.557 [info] > git cat-file -s 2ea500312757613090408f88932cbba9d9bf1103 [1ms]
2025-02-20 18:49:03.566 [info] > git show --textconv :app.py [1ms]
2025-02-20 18:49:15.918 [info] > git show --textconv :templates/quickstart.html [6ms]
2025-02-20 18:49:15.920 [info] > git ls-files --stage -- /home/nat/repos/sigma-lang-web/templates/quickstart.html [4ms]
2025-02-20 18:49:15.928 [info] > git cat-file -s fca7d3092e37279d428d9053e7c4e3723d8c8209 [2ms]
2025-02-20 18:49:15.938 [info] > git blame --root --incremental 189b38f256d009ac2bba6176aef9e1d6ac632ff5 -- /home/nat/repos/sigma-lang-web/templates/quickstart.html [1ms]
2025-02-20 18:53:28.796 [info] > git ls-files --stage -- /home/nat/repos/sigma-lang-web/templates/quickstart.html [2ms]
2025-02-20 18:53:28.808 [info] > git cat-file -s fca7d3092e37279d428d9053e7c4e3723d8c8209 [1ms]
2025-02-20 18:53:28.830 [info] > git show --textconv :templates/quickstart.html [0ms]
2025-02-20 18:53:29.545 [info] > git fetch [2811ms]
2025-02-20 18:53:29.559 [info] > git config --get commit.template [1ms]
2025-02-20 18:53:29.567 [info] > git for-each-ref --format=%(refname)%00%(upstream:short)%00%(objectname)%00%(upstream:track)%00%(upstream:remotename)%00%(upstream:remoteref) refs/heads/main refs/remotes/main [1ms]
2025-02-20 18:53:29.585 [info] > git status -z -uall [8ms]
2025-02-20 18:53:29.586 [info] > git for-each-ref --sort -committerdate --format %(refname) %(objectname) %(*objectname) [2ms]
2025-02-20 18:53:30.495 [info] > git ls-files --stage -- /home/nat/repos/sigma-lang-web/templates/quickstart.html [0ms]
2025-02-20 18:53:30.502 [info] > git cat-file -s fca7d3092e37279d428d9053e7c4e3723d8c8209 [0ms]
2025-02-20 18:53:30.514 [info] > git show --textconv :templates/quickstart.html [1ms]
2025-02-20 18:54:32.136 [info] > git config --get commit.template [1ms]
2025-02-20 18:54:32.147 [info] > git for-each-ref --format=%(refname)%00%(upstream:short)%00%(objectname)%00%(upstream:track)%00%(upstream:remotename)%00%(upstream:remoteref) refs/heads/main refs/remotes/main [1ms]
2025-02-20 18:54:32.166 [info] > git status -z -uall [9ms]
2025-02-20 18:54:32.167 [info] > git for-each-ref --sort -committerdate --format %(refname) %(objectname) %(*objectname) [1ms]
2025-02-20 18:54:33.258 [info] > git ls-files --stage -- /home/nat/repos/sigma-lang-web/templates/quickstart.html [0ms]
2025-02-20 18:54:33.267 [info] > git cat-file -s fca7d3092e37279d428d9053e7c4e3723d8c8209 [1ms]
2025-02-20 18:54:33.277 [info] > git show --textconv :templates/quickstart.html [1ms]
2025-02-20 18:55:16.043 [info] > git config --get commit.template [1ms]
2025-02-20 18:55:16.056 [info] > git for-each-ref --format=%(refname)%00%(upstream:short)%00%(objectname)%00%(upstream:track)%00%(upstream:remotename)%00%(upstream:remoteref) refs/heads/main refs/remotes/main [1ms]
2025-02-20 18:55:16.076 [info] > git status -z -uall [10ms]
2025-02-20 18:55:16.076 [info] > git for-each-ref --sort -committerdate --format %(refname) %(objectname) %(*objectname) [3ms]
2025-02-20 18:55:17.144 [info] > git ls-files --stage -- /home/nat/repos/sigma-lang-web/templates/quickstart.html [1ms]
2025-02-20 18:55:17.154 [info] > git cat-file -s fca7d3092e37279d428d9053e7c4e3723d8c8209 [1ms]
2025-02-20 18:55:17.164 [info] > git show --textconv :templates/quickstart.html [1ms]
2025-02-20 18:56:19.315 [info] > git show --textconv :templates/index.html [10ms]
2025-02-20 18:56:19.315 [info] > git ls-files --stage -- /home/nat/repos/sigma-lang-web/templates/index.html [1ms]
2025-02-20 18:56:19.326 [info] > git cat-file -s f808fc0be0440d107afc774206e40d9b90cbc574 [8ms]
2025-02-20 18:56:19.358 [info] > git blame --root --incremental 189b38f256d009ac2bba6176aef9e1d6ac632ff5 -- /home/nat/repos/sigma-lang-web/templates/index.html [2ms]
2025-02-20 18:56:30.791 [info] > git ls-files --stage -- /home/nat/repos/sigma-lang-web/templates/index.html [2ms]
2025-02-20 18:56:30.800 [info] > git cat-file -s f808fc0be0440d107afc774206e40d9b90cbc574 [1ms]
2025-02-20 18:56:30.810 [info] > git show --textconv :templates/index.html [1ms]
2025-02-20 18:56:32.332 [info] > git fetch [2733ms]
2025-02-20 18:56:32.343 [info] > git config --get commit.template [1ms]
2025-02-20 18:56:32.355 [info] > git for-each-ref --format=%(refname)%00%(upstream:short)%00%(objectname)%00%(upstream:track)%00%(upstream:remotename)%00%(upstream:remoteref) refs/heads/main refs/remotes/main [3ms]
2025-02-20 18:56:32.378 [info] > git status -z -uall [13ms]
2025-02-20 18:56:32.378 [info] > git for-each-ref --sort -committerdate --format %(refname) %(objectname) %(*objectname) [3ms]
2025-02-20 18:56:33.342 [info] > git ls-files --stage -- /home/nat/repos/sigma-lang-web/templates/index.html [26ms]
2025-02-20 18:56:33.347 [info] > git cat-file -s f808fc0be0440d107afc774206e40d9b90cbc574 [1ms]
2025-02-20 18:56:33.372 [info] > git show --textconv :templates/index.html [1ms]
2025-02-20 18:56:34.776 [info] > git config --get commit.template [1ms]
2025-02-20 18:56:34.786 [info] > git for-each-ref --format=%(refname)%00%(upstream:short)%00%(objectname)%00%(upstream:track)%00%(upstream:remotename)%00%(upstream:remoteref) refs/heads/main refs/remotes/main [1ms]
2025-02-20 18:56:34.804 [info] > git status -z -uall [9ms]
2025-02-20 18:56:34.804 [info] > git for-each-ref --sort -committerdate --format %(refname) %(objectname) %(*objectname) [1ms]
2025-02-20 18:56:35.237 [info] > git show --textconv :templates/quickstart.html [10ms]
2025-02-20 18:56:35.239 [info] > git ls-files --stage -- /home/nat/repos/sigma-lang-web/templates/quickstart.html [1ms]
2025-02-20 18:56:35.251 [info] > git cat-file -s fca7d3092e37279d428d9053e7c4e3723d8c8209 [2ms]
2025-02-20 18:56:39.826 [info] > git config --get commit.template [2ms]
2025-02-20 18:56:39.836 [info] > git for-each-ref --format=%(refname)%00%(upstream:short)%00%(objectname)%00%(upstream:track)%00%(upstream:remotename)%00%(upstream:remoteref) refs/heads/main refs/remotes/main [1ms]
2025-02-20 18:56:39.859 [info] > git status -z -uall [11ms]
2025-02-20 18:56:39.859 [info] > git for-each-ref --sort -committerdate --format %(refname) %(objectname) %(*objectname) [2ms]
2025-02-20 18:56:40.516 [info] > git show --textconv :templates/documentation.html [5ms]
2025-02-20 18:56:40.517 [info] > git ls-files --stage -- /home/nat/repos/sigma-lang-web/templates/documentation.html [1ms]
2025-02-20 18:56:40.523 [info] > git cat-file -s ad4d6bc85c065222050dee70272b1168f553b8e5 [2ms]
2025-02-20 18:56:41.367 [info] > git blame --root --incremental 189b38f256d009ac2bba6176aef9e1d6ac632ff5 -- /home/nat/repos/sigma-lang-web/templates/documentation.html [1ms]
2025-02-20 18:56:45.055 [info] > git show --textconv :templates/dimini.html [10ms]
2025-02-20 18:56:45.056 [info] > git ls-files --stage -- /home/nat/repos/sigma-lang-web/templates/dimini.html [2ms]
2025-02-20 18:56:45.066 [info] > git cat-file -s 7b3d6071e1e2682eb58afe0d3fa256915058c404 [2ms]
2025-02-20 18:56:45.101 [info] > git blame --root --incremental 189b38f256d009ac2bba6176aef9e1d6ac632ff5 -- /home/nat/repos/sigma-lang-web/templates/dimini.html [2ms]
2025-02-20 18:56:50.245 [info] > git show --textconv :templates/tutorials.html [12ms]
2025-02-20 18:56:50.247 [info] > git ls-files --stage -- /home/nat/repos/sigma-lang-web/templates/tutorials.html [6ms]
2025-02-20 18:56:50.254 [info] > git cat-file -s fde047bf530f11c4d82d6867ec68aa59547264fc [0ms]
2025-02-20 18:56:51.305 [info] > git blame --root --incremental 189b38f256d009ac2bba6176aef9e1d6ac632ff5 -- /home/nat/repos/sigma-lang-web/templates/tutorials.html [2ms]
2025-02-20 18:56:54.946 [info] > git config --get commit.template [24ms]
2025-02-20 18:56:54.982 [info] > git for-each-ref --format=%(refname)%00%(upstream:short)%00%(objectname)%00%(upstream:track)%00%(upstream:remotename)%00%(upstream:remoteref) refs/heads/main refs/remotes/main [3ms]
2025-02-20 18:56:55.028 [info] > git status -z -uall [8ms]
2025-02-20 18:56:55.030 [info] > git for-each-ref --sort -committerdate --format %(refname) %(objectname) %(*objectname) [3ms]
2025-02-20 18:57:00.042 [info] > git config --get commit.template [0ms]
2025-02-20 18:57:00.051 [info] > git for-each-ref --format=%(refname)%00%(upstream:short)%00%(objectname)%00%(upstream:track)%00%(upstream:remotename)%00%(upstream:remoteref) refs/heads/main refs/remotes/main [1ms]
2025-02-20 18:57:00.067 [info] > git status -z -uall [8ms]
2025-02-20 18:57:00.068 [info] > git for-each-ref --sort -committerdate --format %(refname) %(objectname) %(*objectname) [1ms]
2025-02-20 18:57:07.742 [info] > git show --textconv :static/styles.css [7ms]
2025-02-20 18:57:07.742 [info] > git ls-files --stage -- /home/nat/repos/sigma-lang-web/static/styles.css [1ms]
2025-02-20 18:57:07.751 [info] > git cat-file -s e95353742237ac6751b3be1511e94bcd437ff656 [2ms]
2025-02-20 18:57:08.428 [info] > git blame --root --incremental 189b38f256d009ac2bba6176aef9e1d6ac632ff5 -- /home/nat/repos/sigma-lang-web/static/styles.css [2ms]
2025-02-20 18:57:36.603 [info] > git config --get commit.template [1ms]
2025-02-20 18:57:36.613 [info] > git for-each-ref --format=%(refname)%00%(upstream:short)%00%(objectname)%00%(upstream:track)%00%(upstream:remotename)%00%(upstream:remoteref) refs/heads/main refs/remotes/main [2ms]
2025-02-20 18:57:36.634 [info] > git status -z -uall [10ms]
2025-02-20 18:57:36.634 [info] > git for-each-ref --sort -committerdate --format %(refname) %(objectname) %(*objectname) [2ms]
2025-02-20 18:58:15.640 [info] > git check-ignore -v -z --stdin [1ms]
2025-02-20 18:58:16.164 [info] > git config --get commit.template [3ms]
2025-02-20 18:58:16.176 [info] > git for-each-ref --format=%(refname)%00%(upstream:short)%00%(objectname)%00%(upstream:track)%00%(upstream:remotename)%00%(upstream:remoteref) refs/heads/main refs/remotes/main [2ms]
2025-02-20 18:58:16.194 [info] > git status -z -uall [9ms]
2025-02-20 18:58:16.195 [info] > git for-each-ref --sort -committerdate --format %(refname) %(objectname) %(*objectname) [2ms]
2025-02-20 18:59:38.995 [info] > git ls-files --stage -- /home/nat/repos/sigma-lang-web/static/styles.css [2ms]
2025-02-20 18:59:39.002 [info] > git ls-files --stage -- /home/nat/repos/sigma-lang-web/templates/tutorials.html [17ms]
2025-02-20 18:59:39.009 [info] > git ls-files --stage -- /home/nat/repos/sigma-lang-web/templates/dimini.html [31ms]
2025-02-20 18:59:39.016 [info] > git ls-files --stage -- /home/nat/repos/sigma-lang-web/templates/documentation.html [46ms]
2025-02-20 18:59:39.022 [info] > git ls-files --stage -- /home/nat/repos/sigma-lang-web/templates/quickstart.html [59ms]
2025-02-20 18:59:39.030 [info] > git cat-file -s fca7d3092e37279d428d9053e7c4e3723d8c8209 [1ms]
2025-02-20 18:59:39.030 [info] > git cat-file -s ad4d6bc85c065222050dee70272b1168f553b8e5 [8ms]
2025-02-20 18:59:39.031 [info] > git cat-file -s 7b3d6071e1e2682eb58afe0d3fa256915058c404 [15ms]
2025-02-20 18:59:39.031 [info] > git cat-file -s fde047bf530f11c4d82d6867ec68aa59547264fc [22ms]
2025-02-20 18:59:39.033 [info] > git cat-file -s e95353742237ac6751b3be1511e94bcd437ff656 [31ms]
2025-02-20 18:59:39.055 [info] > git show --textconv :templates/quickstart.html [15ms]
2025-02-20 18:59:39.055 [info] > git show --textconv :templates/documentation.html [8ms]
2025-02-20 18:59:39.055 [info] > git show --textconv :templates/dimini.html [1ms]
2025-02-20 18:59:39.071 [info] > git show --textconv :templates/tutorials.html [8ms]
2025-02-20 18:59:39.071 [info] > git show --textconv :static/styles.css [1ms]
2025-02-20 18:59:40.560 [info] > git fetch [2786ms]
2025-02-20 18:59:40.569 [info] > git config --get commit.template [1ms]
2025-02-20 18:59:40.581 [info] > git for-each-ref --format=%(refname)%00%(upstream:short)%00%(objectname)%00%(upstream:track)%00%(upstream:remotename)%00%(upstream:remoteref) refs/heads/main refs/remotes/main [1ms]
2025-02-20 18:59:40.599 [info] > git status -z -uall [9ms]
2025-02-20 18:59:40.600 [info] > git for-each-ref --sort -committerdate --format %(refname) %(objectname) %(*objectname) [2ms]
2025-02-20 18:59:48.312 [info] > git ls-files --stage -- /home/nat/repos/sigma-lang-web/templates/tutorials.html [10ms]
2025-02-20 18:59:48.322 [info] > git ls-files --stage -- /home/nat/repos/sigma-lang-web/templates/quickstart.html [30ms]
2025-02-20 18:59:48.332 [info] > git cat-file -s fca7d3092e37279d428d9053e7c4e3723d8c8209 [2ms]
2025-02-20 18:59:48.332 [info] > git cat-file -s fde047bf530f11c4d82d6867ec68aa59547264fc [10ms]
2025-02-20 18:59:48.333 [info] > git ls-files --stage -- /home/nat/repos/sigma-lang-web/static/styles.css [22ms]
2025-02-20 18:59:48.358 [info] > git show --textconv :templates/quickstart.html [10ms]
2025-02-20 18:59:48.358 [info] > git show --textconv :templates/tutorials.html [2ms]
2025-02-20 18:59:48.359 [info] > git cat-file -s e95353742237ac6751b3be1511e94bcd437ff656 [19ms]
2025-02-20 18:59:48.370 [info] > git show --textconv :static/styles.css [0ms]
2025-02-20 18:59:55.492 [info] > git show --textconv :app.py [10ms]
2025-02-20 18:59:55.495 [info] > git ls-files --stage -- /home/nat/repos/sigma-lang-web/app.py [3ms]
2025-02-20 18:59:55.507 [info] > git cat-file -s 2ea500312757613090408f88932cbba9d9bf1103 [2ms]
2025-02-20 18:59:56.624 [info] > git config --get commit.template [1ms]
2025-02-20 18:59:56.632 [info] > git for-each-ref --format=%(refname)%00%(upstream:short)%00%(objectname)%00%(upstream:track)%00%(upstream:remotename)%00%(upstream:remoteref) refs/heads/main refs/remotes/main [1ms]
2025-02-20 18:59:56.649 [info] > git status -z -uall [8ms]
2025-02-20 18:59:56.650 [info] > git for-each-ref --sort -committerdate --format %(refname) %(objectname) %(*objectname) [2ms]
2025-02-20 19:00:45.004 [info] > git config --get commit.template [1ms]
2025-02-20 19:00:45.013 [info] > git for-each-ref --format=%(refname)%00%(upstream:short)%00%(objectname)%00%(upstream:track)%00%(upstream:remotename)%00%(upstream:remoteref) refs/heads/main refs/remotes/main [1ms]
2025-02-20 19:00:45.030 [info] > git status -z -uall [9ms]
2025-02-20 19:00:45.032 [info] > git for-each-ref --sort -committerdate --format %(refname) %(objectname) %(*objectname) [2ms]
2025-02-20 19:01:52.689 [info] > git show --textconv :templates/quickstart.html [1ms]
2025-02-20 19:01:52.699 [info] > git ls-files --stage -- /home/nat/repos/sigma-lang-web/templates/quickstart.html [1ms]
2025-02-20 19:01:52.712 [info] > git cat-file -s fca7d3092e37279d428d9053e7c4e3723d8c8209 [1ms]
2025-02-20 19:02:09.994 [info] > git config --get commit.template [7ms]
2025-02-20 19:02:10.004 [info] > git for-each-ref --format=%(refname)%00%(upstream:short)%00%(objectname)%00%(upstream:track)%00%(upstream:remotename)%00%(upstream:remoteref) refs/heads/main refs/remotes/main [1ms]
2025-02-20 19:02:10.021 [info] > git status -z -uall [9ms]
2025-02-20 19:02:10.021 [info] > git for-each-ref --sort -committerdate --format %(refname) %(objectname) %(*objectname) [1ms]
2025-02-20 19:02:12.397 [info] > git show --textconv :templates/index.html [12ms]
2025-02-20 19:02:12.398 [info] > git ls-files --stage -- /home/nat/repos/sigma-lang-web/templates/index.html [1ms]
2025-02-20 19:02:12.411 [info] > git cat-file -s f808fc0be0440d107afc774206e40d9b90cbc574 [4ms]
2025-02-20 19:02:30.506 [info] > git config --get commit.template [1ms]
2025-02-20 19:02:30.517 [info] > git for-each-ref --format=%(refname)%00%(upstream:short)%00%(objectname)%00%(upstream:track)%00%(upstream:remotename)%00%(upstream:remoteref) refs/heads/main refs/remotes/main [1ms]
2025-02-20 19:02:30.529 [info] > git status -z -uall [5ms]
2025-02-20 19:02:30.530 [info] > git for-each-ref --sort -committerdate --format %(refname) %(objectname) %(*objectname) [1ms]
2025-02-20 19:02:41.828 [info] > git ls-files --stage -- /home/nat/repos/sigma-lang-web/templates/index.html [1ms]
2025-02-20 19:02:41.837 [info] > git ls-files --stage -- /home/nat/repos/sigma-lang-web/templates/quickstart.html [18ms]
2025-02-20 19:02:41.850 [info] > git ls-files --stage -- /home/nat/repos/sigma-lang-web/app.py [41ms]
2025-02-20 19:02:41.866 [info] > git cat-file -s 2ea500312757613090408f88932cbba9d9bf1103 [6ms]
2025-02-20 19:02:41.867 [info] > git cat-file -s fca7d3092e37279d428d9053e7c4e3723d8c8209 [18ms]
2025-02-20 19:02:41.867 [info] > git cat-file -s f808fc0be0440d107afc774206e40d9b90cbc574 [31ms]
2025-02-20 19:02:41.899 [info] > git show --textconv :app.py [21ms]
2025-02-20 19:02:41.899 [info] > git show --textconv :templates/quickstart.html [11ms]
2025-02-20 19:02:41.904 [info] > git show --textconv :templates/index.html [6ms]
2025-02-20 19:02:43.346 [info] > git fetch [2732ms]
2025-02-20 19:02:43.366 [info] > git config --get commit.template [4ms]
2025-02-20 19:02:43.380 [info] > git for-each-ref --format=%(refname)%00%(upstream:short)%00%(objectname)%00%(upstream:track)%00%(upstream:remotename)%00%(upstream:remoteref) refs/heads/main refs/remotes/main [1ms]
2025-02-20 19:02:43.396 [info] > git status -z -uall [7ms]
2025-02-20 19:02:43.396 [info] > git for-each-ref --sort -committerdate --format %(refname) %(objectname) %(*objectname) [2ms]
2025-02-20 19:02:44.333 [info] > git ls-files --stage -- /home/nat/repos/sigma-lang-web/templates/quickstart.html [9ms]
2025-02-20 19:02:44.344 [info] > git ls-files --stage -- /home/nat/repos/sigma-lang-web/app.py [31ms]
2025-02-20 19:02:44.359 [info] > git cat-file -s 2ea500312757613090408f88932cbba9d9bf1103 [7ms]
2025-02-20 19:02:44.360 [info] > git cat-file -s fca7d3092e37279d428d9053e7c4e3723d8c8209 [16ms]
2025-02-20 19:02:44.360 [info] > git ls-files --stage -- /home/nat/repos/sigma-lang-web/templates/index.html [27ms]
2025-02-20 19:02:44.390 [info] > git show --textconv :app.py [9ms]
2025-02-20 19:02:44.390 [info] > git show --textconv :templates/quickstart.html [0ms]
2025-02-20 19:02:44.391 [info] > git cat-file -s f808fc0be0440d107afc774206e40d9b90cbc574 [23ms]
2025-02-20 19:02:44.403 [info] > git show --textconv :templates/index.html [1ms]
2025-02-20 19:03:54.183 [info] > git config --get commit.template [3ms]
2025-02-20 19:03:54.197 [info] > git for-each-ref --format=%(refname)%00%(upstream:short)%00%(objectname)%00%(upstream:track)%00%(upstream:remotename)%00%(upstream:remoteref) refs/heads/main refs/remotes/main [3ms]
2025-02-20 19:03:54.217 [info] > git status -z -uall [11ms]
2025-02-20 19:03:54.217 [info] > git for-each-ref --sort -committerdate --format %(refname) %(objectname) %(*objectname) [2ms]
2025-02-20 19:04:14.080 [info] > git config --get commit.template [1ms]
2025-02-20 19:04:14.089 [info] > git for-each-ref --format=%(refname)%00%(upstream:short)%00%(objectname)%00%(upstream:track)%00%(upstream:remotename)%00%(upstream:remoteref) refs/heads/main refs/remotes/main [1ms]
2025-02-20 19:04:14.108 [info] > git status -z -uall [10ms]
2025-02-20 19:04:14.108 [info] > git for-each-ref --sort -committerdate --format %(refname) %(objectname) %(*objectname) [2ms]
2025-02-20 19:05:02.729 [info] > git config --get commit.template [1ms]
2025-02-20 19:05:02.740 [info] > git for-each-ref --format=%(refname)%00%(upstream:short)%00%(objectname)%00%(upstream:track)%00%(upstream:remotename)%00%(upstream:remoteref) refs/heads/main refs/remotes/main [1ms]
2025-02-20 19:05:02.759 [info] > git status -z -uall [9ms]
2025-02-20 19:05:02.761 [info] > git for-each-ref --sort -committerdate --format %(refname) %(objectname) %(*objectname) [2ms]
2025-02-20 19:05:05.251 [info] > git show --textconv :README.md [8ms]
2025-02-20 19:05:05.284 [info] > git ls-files --stage -- /home/nat/repos/sigma-lang-web/README.md [36ms]
2025-02-20 19:05:05.291 [info] > git cat-file -s ef7bcb35e705cdb228be541740da3deed041faf2 [2ms]
2025-02-20 19:05:05.444 [info] > git blame --root --incremental 189b38f256d009ac2bba6176aef9e1d6ac632ff5 -- /home/nat/repos/sigma-lang-web/README.md [1ms]
2025-02-20 19:05:34.242 [info] > git config --get commit.template [1ms]
2025-02-20 19:05:34.251 [info] > git for-each-ref --format=%(refname)%00%(upstream:short)%00%(objectname)%00%(upstream:track)%00%(upstream:remotename)%00%(upstream:remoteref) refs/heads/main refs/remotes/main [2ms]
2025-02-20 19:05:34.271 [info] > git status -z -uall [10ms]
2025-02-20 19:05:34.272 [info] > git for-each-ref --sort -committerdate --format %(refname) %(objectname) %(*objectname) [1ms]
2025-02-20 19:05:38.050 [info] > git ls-files --stage -- /home/nat/repos/sigma-lang-web/README.md [0ms]
2025-02-20 19:05:38.059 [info] > git cat-file -s 6f23de805b345c4ff341bca21416a78af6afc357 [1ms]
2025-02-20 19:05:38.069 [info] > git show --textconv :README.md [1ms]
2025-02-20 19:05:39.286 [info] > git config --get commit.template [1ms]
2025-02-20 19:05:39.294 [info] > git for-each-ref --format=%(refname)%00%(upstream:short)%00%(objectname)%00%(upstream:track)%00%(upstream:remotename)%00%(upstream:remoteref) refs/heads/main refs/remotes/main [1ms]
2025-02-20 19:05:39.310 [info] > git status -z -uall [8ms]
2025-02-20 19:05:39.311 [info] > git for-each-ref --sort -committerdate --format %(refname) %(objectname) %(*objectname) [2ms]
2025-02-20 19:05:39.635 [info] > git show --textconv HEAD:README.md [9ms]
2025-02-20 19:05:39.636 [info] > git ls-tree -l HEAD -- /home/nat/repos/sigma-lang-web/README.md [2ms]
2025-02-20 19:05:44.797 [info] > git ls-files --stage -- /home/nat/repos/sigma-lang-web/README.md [9ms]
2025-02-20 19:05:44.805 [info] > git cat-file -s 6f23de805b345c4ff341bca21416a78af6afc357 [1ms]
2025-02-20 19:05:44.806 [info] > git ls-tree -l HEAD -- /home/nat/repos/sigma-lang-web/README.md [10ms]
2025-02-20 19:05:44.824 [info] > git show --textconv :README.md [9ms]
2025-02-20 19:05:44.825 [info] > git show --textconv HEAD:README.md [1ms]
2025-02-20 19:05:46.218 [info] > git fetch [2807ms]
2025-02-20 19:05:46.227 [info] > git config --get commit.template [1ms]
2025-02-20 19:05:46.235 [info] > git for-each-ref --format=%(refname)%00%(upstream:short)%00%(objectname)%00%(upstream:track)%00%(upstream:remotename)%00%(upstream:remoteref) refs/heads/main refs/remotes/main [1ms]
2025-02-20 19:05:46.253 [info] > git status -z -uall [10ms]
2025-02-20 19:05:46.254 [info] > git for-each-ref --sort -committerdate --format %(refname) %(objectname) %(*objectname) [1ms]
2025-02-20 19:05:46.352 [info] > git merge-base refs/heads/main refs/remotes/origin/main [73ms]
2025-02-20 19:05:46.360 [info] > git blame --root --incremental cdf3c293df2797a959e503c91ca4c358b57fd482 -- /home/nat/repos/sigma-lang-web/README.md [92ms]
2025-02-20 19:05:46.370 [info] > git diff --name-status -z --diff-filter=ADMR 189b38f256d009ac2bba6176aef9e1d6ac632ff5...refs/remotes/origin/main [10ms]
2025-02-20 19:05:46.372 [info] > git config --get --local branch.main.github-pr-owner-number [3ms]
2025-02-20 19:05:46.390 [info] > git log --format=%H%n%aN%n%aE%n%at%n%ct%n%P%n%D%n%B -z --shortstat --diff-merges=first-parent -n50 --skip=0 --topo-order --decorate=full --stdin [25ms]
2025-02-20 19:05:47.189 [info] > git ls-files --stage -- /home/nat/repos/sigma-lang-web/README.md [11ms]
2025-02-20 19:05:47.197 [info] > git cat-file -s 6f23de805b345c4ff341bca21416a78af6afc357 [1ms]
2025-02-20 19:05:47.198 [info] > git ls-tree -l HEAD -- /home/nat/repos/sigma-lang-web/README.md [11ms]
2025-02-20 19:05:47.210 [info] > git show --textconv :README.md [0ms]
2025-02-20 19:05:47.222 [info] > git show --textconv HEAD:README.md [1ms]
2025-02-20 19:05:49.848 [info] > git config --get commit.template [0ms]
2025-02-20 19:05:49.856 [info] > git for-each-ref --format=%(refname)%00%(upstream:short)%00%(objectname)%00%(upstream:track)%00%(upstream:remotename)%00%(upstream:remoteref) refs/heads/main refs/remotes/main [1ms]
2025-02-20 19:05:49.876 [info] > git status -z -uall [10ms]
2025-02-20 19:05:49.877 [info] > git for-each-ref --sort -committerdate --format %(refname) %(objectname) %(*objectname) [2ms]
2025-02-20 19:05:49.894 [info] > git merge-base refs/heads/main refs/remotes/origin/main [2ms]
2025-02-20 19:05:49.903 [info] > git diff --name-status -z --diff-filter=ADMR cdf3c293df2797a959e503c91ca4c358b57fd482...refs/remotes/origin/main [1ms]
2025-02-20 19:05:49.943 [info] > git config --get --local branch.main.github-pr-owner-number [1ms]
2025-02-20 19:05:49.964 [info] > git log --format=%H%n%aN%n%aE%n%at%n%ct%n%P%n%D%n%B -z --shortstat --diff-merges=first-parent -n50 --skip=0 --topo-order --decorate=full --stdin [32ms]
2025-02-20 19:05:49.992 [info] > git ls-files --stage -- /home/nat/repos/sigma-lang-web/README.md [11ms]
2025-02-20 19:05:50.001 [info] > git cat-file -s 6f23de805b345c4ff341bca21416a78af6afc357 [1ms]
2025-02-20 19:05:50.001 [info] > git ls-tree -l HEAD -- /home/nat/repos/sigma-lang-web/README.md [10ms]
2025-02-20 19:05:50.022 [info] > git show --textconv :README.md [12ms]
2025-02-20 19:05:50.022 [info] > git show --textconv HEAD:README.md [0ms]
2025-02-20 19:10:39.343 [info] > git fetch [2756ms]
2025-02-20 19:10:39.354 [info] > git config --get commit.template [0ms]
2025-02-20 19:10:39.384 [info] > git for-each-ref --format=%(refname)%00%(upstream:short)%00%(objectname)%00%(upstream:track)%00%(upstream:remotename)%00%(upstream:remoteref) refs/heads/main refs/remotes/main [23ms]
2025-02-20 19:10:39.403 [info] > git status -z -uall [9ms]
2025-02-20 19:10:39.404 [info] > git for-each-ref --sort -committerdate --format %(refname) %(objectname) %(*objectname) [2ms]
2025-02-20 19:10:50.622 [info] > git ls-files --stage -- /home/nat/repos/sigma-lang-web/README.md [0ms]
2025-02-20 19:10:50.639 [info] > git cat-file -s 6f23de805b345c4ff341bca21416a78af6afc357 [5ms]
2025-02-20 19:10:50.659 [info] > git show --textconv :README.md [1ms]
2025-02-20 19:29:27.541 [info] > git fetch [11ms]
2025-02-20 19:29:27.541 [info] ssh: Could not resolve hostname github.com: Temporary failure in name resolution
fatal: Could not read from remote repository.

Please make sure you have the correct access rights
and the repository exists.
2025-02-20 19:29:27.553 [info] > git config --get commit.template [1ms]
2025-02-20 19:29:27.567 [info] > git for-each-ref --format=%(refname)%00%(upstream:short)%00%(objectname)%00%(upstream:track)%00%(upstream:remotename)%00%(upstream:remoteref) refs/heads/main refs/remotes/main [2ms]
2025-02-20 19:29:27.588 [info] > git status -z -uall [13ms]
2025-02-20 19:29:27.588 [info] > git for-each-ref --sort -committerdate --format %(refname) %(objectname) %(*objectname) [1ms]
2025-02-20 19:29:28.618 [info] > git config --get commit.template [1ms]
2025-02-20 19:29:28.627 [info] > git for-each-ref --format=%(refname)%00%(upstream:short)%00%(objectname)%00%(upstream:track)%00%(upstream:remotename)%00%(upstream:remoteref) refs/heads/main refs/remotes/main [0ms]
2025-02-20 19:29:28.644 [info] > git status -z -uall [10ms]
2025-02-20 19:29:28.644 [info] > git for-each-ref --sort -committerdate --format %(refname) %(objectname) %(*objectname) [3ms]
2025-02-20 19:29:28.747 [info] > git ls-files --stage -- /home/nat/repos/sigma-lang-web/README.md [29ms]
2025-02-20 19:29:28.762 [info] > git cat-file -s 6f23de805b345c4ff341bca21416a78af6afc357 [1ms]
2025-02-20 19:29:28.779 [info] > git show --textconv :README.md [3ms]
2025-02-20 19:29:35.434 [info] > git config --get commit.template [1ms]
2025-02-20 19:29:35.444 [info] > git for-each-ref --format=%(refname)%00%(upstream:short)%00%(objectname)%00%(upstream:track)%00%(upstream:remotename)%00%(upstream:remoteref) refs/heads/main refs/remotes/main [2ms]
2025-02-20 19:29:35.461 [info] > git status -z -uall [9ms]
2025-02-20 19:29:35.462 [info] > git for-each-ref --sort -committerdate --format %(refname) %(objectname) %(*objectname) [2ms]
2025-02-20 19:29:35.547 [info] > git ls-files --stage -- /home/nat/repos/sigma-lang-web/README.md [1ms]
2025-02-20 19:29:35.558 [info] > git cat-file -s 6f23de805b345c4ff341bca21416a78af6afc357 [1ms]
2025-02-20 19:29:35.571 [info] > git show --textconv :README.md [1ms]
