2025-02-20 17:16:44.872 [info] [main] Log level: Info
2025-02-20 17:16:44.872 [info] [main] Validating found git in: "git"
2025-02-20 17:16:44.872 [info] [main] Using git "2.48.1" from "git"
2025-02-20 17:16:44.872 [info] [Model][doInitialScan] Initial repository scan started
2025-02-20 17:16:44.872 [info] [Model][doInitialScan] Initial repository scan completed - repositories (0), closed repositories (0), parent repositories (0), unsafe repositories (0)
2025-02-20 17:17:32.482 [info] [main] Log level: Info
2025-02-20 17:17:32.482 [info] [main] Validating found git in: "git"
2025-02-20 17:17:32.482 [info] [main] Using git "2.48.1" from "git"
2025-02-20 17:17:32.482 [info] [Model][doInitialScan] Initial repository scan started
2025-02-20 17:17:32.482 [info] [Model][doInitialScan] Initial repository scan completed - repositories (0), closed repositories (0), parent repositories (0), unsafe repositories (0)
2025-02-20 17:17:41.258 [info] [main] Log level: Info
2025-02-20 17:17:41.258 [info] [main] Validating found git in: "git"
2025-02-20 17:17:41.258 [info] [main] Using git "2.48.1" from "git"
2025-02-20 17:17:41.258 [info] [Model][doInitialScan] Initial repository scan started
2025-02-20 17:17:41.258 [info] [Model][doInitialScan] Initial repository scan completed - repositories (0), closed repositories (0), parent repositories (0), unsafe repositories (0)
2025-02-20 17:18:03.021 [info] [main] Log level: Info
2025-02-20 17:18:03.021 [info] [main] Validating found git in: "git"
2025-02-20 17:18:03.021 [info] [main] Using git "2.48.1" from "git"
2025-02-20 17:18:03.021 [info] [Model][doInitialScan] Initial repository scan started
2025-02-20 17:18:03.021 [info] [Model][doInitialScan] Initial repository scan completed - repositories (0), closed repositories (0), parent repositories (0), unsafe repositories (0)
