[00:53:17.697] Log Level: 2
[00:53:17.710] SSH Resolver called for "ssh-remote+hackclub", attempt 1
[00:53:17.711] remote.SSH.useLocalServer = true
[00:53:17.711] remote.SSH.useExecServer = true
[00:53:17.711] remote.SSH.bindHost = {}
[00:53:17.711] remote.SSH.path = undefined
[00:53:17.712] remote.SSH.configFile = undefined
[00:53:17.712] remote.SSH.useFlock = true
[00:53:17.712] remote.SSH.lockfilesInTmp = false
[00:53:17.712] remote.SSH.localServerDownload = auto
[00:53:17.712] remote.SSH.remoteServerListenOnSocket = false
[00:53:17.712] remote.SSH.defaultExtensions = []
[00:53:17.712] remote.SSH.defaultExtensionsIfInstalledLocally = []
[00:53:17.712] remote.SSH.loglevel = 2
[00:53:17.713] remote.SSH.enableDynamicForwarding = true
[00:53:17.713] remote.SSH.enableRemoteCommand = false
[00:53:17.713] remote.SSH.serverPickPortsFromRange = {}
[00:53:17.713] remote.SSH.serverInstallPath = {}
[00:53:17.713] remote.SSH.permitPtyAllocation = false
[00:53:17.713] remote.SSH.preferredLocalPortRange = undefined
[00:53:17.713] remote.SSH.useCurlAndWgetConfigurationFiles = false
[00:53:17.713] remote.SSH.experimental.chat = false
[00:53:17.714] remote.SSH.experimental.enhancedSessionLogs = false
[00:53:17.717] VS Code version: 1.97.2
[00:53:17.717] Remote-SSH version: remote-ssh@0.117.1
[00:53:17.717] linux arm64
[00:53:17.722] SSH Resolver called for host: hackclub
[00:53:17.722] Setting up SSH remote "hackclub"
[00:53:17.726] Acquiring local install lock: /tmp/vscode-remote-ssh-13a8a11c-install.lock
[00:53:17.726] Looking for existing server data file at /home/nat/.config/Code/User/globalStorage/ms-vscode-remote.remote-ssh/vscode-ssh-host-13a8a11c-e54c774e0add60467559eb0d1e229c6452cf8447-0.117.1-es/data.json
[00:53:17.726] No existing data file
[00:53:17.726] Using commit id "e54c774e0add60467559eb0d1e229c6452cf8447" and quality "stable" for server
[00:53:17.727] Extensions to install: 
[00:53:17.730] Install and start server if needed
[00:53:17.731] PATH: /home/nat/bin:/home/nat/.local/bin:/usr/local/bin:/usr/bin:/bin:/usr/local/sbin:/usr/sbin:/sbin:/home/nat/.cache/zsh4humans/v5/fzf/bin:/snap/bin
[00:53:17.731] Checking ssh with "ssh -V"
[00:53:17.739] > OpenSSH_9.9p1, OpenSSL 3.2.4 11 Feb 2025

[00:53:17.741] askpass server listening on /run/user/1001/vscode-ssh-askpass-1ea28021fb50b8bf5fcc32c0b8e09c2db9d650b5.sock
[00:53:17.741] Spawning local server with {"serverId":1,"ipcHandlePath":"/run/user/1001/vscode-ssh-askpass-1da5906042bb24cc5a1af35b0efda9a5840fe3dc.sock","sshCommand":"ssh","sshArgs":["-v","-T","-D","35465","-o","ConnectTimeout=15","hackclub"],"serverDataFolderName":".vscode-server","dataFilePath":"/home/nat/.config/Code/User/globalStorage/ms-vscode-remote.remote-ssh/vscode-ssh-host-13a8a11c-e54c774e0add60467559eb0d1e229c6452cf8447-0.117.1-es/data.json"}
[00:53:17.741] Local server env: {"SSH_AUTH_SOCK":"/run/user/1001/keyring/ssh","SHELL":"/usr/bin/zsh","DISPLAY":":0","ELECTRON_RUN_AS_NODE":"1","SSH_ASKPASS":"/home/nat/.vscode/extensions/ms-vscode-remote.remote-ssh-0.117.1/out/local-server/askpass.sh","VSCODE_SSH_ASKPASS_NODE":"/usr/share/code/code","VSCODE_SSH_ASKPASS_EXTRA_ARGS":"","VSCODE_SSH_ASKPASS_MAIN":"/home/nat/.vscode/extensions/ms-vscode-remote.remote-ssh-0.117.1/out/askpass-main.js","VSCODE_SSH_ASKPASS_HANDLE":"/run/user/1001/vscode-ssh-askpass-1ea28021fb50b8bf5fcc32c0b8e09c2db9d650b5.sock"}
[00:53:17.742] Spawned 8642
[00:53:17.743] Using connect timeout of 17 seconds
[00:53:17.798] > local-server-1> Running ssh connection command: ssh -v -T -D 35465 -o ConnectTimeout=15 hackclub
[00:53:17.800] > local-server-1> Spawned ssh, pid=8650
[00:53:17.804] stderr> OpenSSH_9.9p1, OpenSSL 3.2.4 11 Feb 2025
[00:53:18.804] stderr> debug1: Server host key: ssh-ed25519 SHA256:HMpqihlnZErDu5whsf8PbhYPSjUGf+KK++zhmSfDADo
[00:53:19.557] stderr> Welcome to Nest!
[00:53:19.557] stderr> Not working? Make sure you're putting an @ after your username, like ssh orpheus@hackclub.app
[00:53:20.072] stderr> Authenticated to hackclub.app ([37.27.51.34]:22) using "publickey".
[00:53:20.817] > You have new mail.
[00:53:20.844] stderr> duplicate session: website
[00:53:20.847] stderr> duplicate session: messenger
[00:53:21.051] > ready: 864d66721e7d
[00:53:21.290] > Linux 6.1.0-30-amd64 #1 SMP PREEMPT_DYNAMIC Debian 6.1.124-1 (2025-01-12)
[00:53:21.291] Platform: linux
[00:53:21.528] > /bin/bash
[00:53:21.528] Parent Shell: bash
[00:53:21.528] Parent Shell pid: 8642
[00:53:21.528] Waiting for subshell to start
[00:53:21.579] Waiting for subshell to start
[00:53:21.630] Waiting for subshell to start
[00:53:21.681] Waiting for subshell to start
[00:53:21.731] Waiting for subshell to start
[00:53:21.764] > 3795730
[00:53:21.764] stdout -> '3795730'
[00:53:21.764] sub-process detected
[00:53:21.812] > 3795730
[00:53:21.865] > 3795730
[00:53:21.917] > 3795730
[00:53:21.964] > 3795730
[00:53:22.000] > 864d66721e7d: running
> Script executing under PID: 3795730
[00:53:22.008] > Found existing installation at /home/luna/.vscode-server...
> Starting VS Code CLI...
> Removing old logfile at /home/luna/.vscode-server/.cli.e54c774e0add60467559eb0d1e229c6452cf8447.log
[00:53:22.011] > Spawned remote CLI: 3795826
[00:53:22.012] > Waiting for server log...
[00:53:22.051] > Waiting for server log...
[00:53:22.090] > 864d66721e7d: start
> listeningOn==127.0.0.1:45733==
> osReleaseId==debian==
> arch==x86_64==
> vscodeArch==x64==
> bitness==64==
> tmpDir==/run/user/2649==
> platform==linux==
> unpackResult====
> didLocalDownload==0==
> downloadTime====
> installTime====
> serverStartTime==78==
> execServerToken==11aa11a1-1aaa-11a1-a11a-aaa11a11aaaa==
> platformDownloadPath==cli-alpine-x64==
> SSH_AUTH_SOCK====
> DISPLAY====
> 864d66721e7d: end
[00:53:22.090] Received install output: 
listeningOn==127.0.0.1:45733==
osReleaseId==debian==
arch==x86_64==
vscodeArch==x64==
bitness==64==
tmpDir==/run/user/2649==
platform==linux==
unpackResult====
didLocalDownload==0==
downloadTime====
installTime====
serverStartTime==78==
execServerToken==11aa11a1-1aaa-11a1-a11a-aaa11a11aaaa==
platformDownloadPath==cli-alpine-x64==
SSH_AUTH_SOCK====
DISPLAY====

[00:53:22.091] Remote server is listening on port 45733
[00:53:22.091] Parsed server configuration: {"serverConfiguration":{"remoteListeningOn":{"port":45733},"osReleaseId":"debian","arch":"x86_64","sshAuthSock":"","display":"","tmpDir":"/run/user/2649","platform":"linux","execServerToken":"11aa11a1-1aaa-11a1-a11a-aaa11a11aaaa"},"serverStartTime":78,"installUnpackCode":""}
[00:53:22.094] Persisting server connection details to /home/nat/.config/Code/User/globalStorage/ms-vscode-remote.remote-ssh/vscode-ssh-host-13a8a11c-e54c774e0add60467559eb0d1e229c6452cf8447-0.117.1-es/data.json
[00:53:22.099] Starting forwarding server. local port 38463 -> socksPort 35465 -> remotePort 45733
[00:53:22.099] Forwarding server listening on port 38463
[00:53:22.099] Waiting for ssh tunnel to be ready
[00:53:22.101] [Forwarding server port 38463] Got connection 0
[00:53:22.102] Tunneled port 45733 to local port 38463
[00:53:22.102] Resolved "ssh-remote+hackclub" to "port 38463"
[00:53:22.122] Initizing new exec server for ssh-remote+hackclub
[00:53:22.122] Resolving exec server at port 38463
[00:53:22.125] [Forwarding server port 38463] Got connection 1
[00:53:22.846] Exec server for ssh-remote+hackclub created and cached
[00:53:22.846] Extensions to install: 
[00:53:22.864] ------




[00:53:22.865] No hints found in the recent session.
[00:53:23.189] [server] Checking /home/luna/.vscode-server/cli/servers/Stable-e54c774e0add60467559eb0d1e229c6452cf8447/log.txt and /home/luna/.vscode-server/cli/servers/Stable-e54c774e0add60467559eb0d1e229c6452cf8447/pid.txt for a running server...
[00:53:23.190] [server] Found running server (pid=3569295)
