2025-03-23 23:54:15.588 [info] [AutoSync] Using settings sync service https://vscode-sync.trafficmanager.net/
2025-03-23 23:54:15.588 [info] [AutoSync] Enabled.
2025-03-23 23:54:15.588 [info] [AutoSync] Suspended until auth token is available.
2025-03-23 23:54:17.156 [info] [AutoSync] Triggered by Interval
2025-03-23 23:54:17.156 [info] Sync started.
2025-03-23 23:54:17.545 [info] Settings: No changes found during synchronizing settings.
2025-03-23 23:54:17.553 [info] Keybindings: No changes found during synchronizing keybindings.
2025-03-23 23:54:17.558 [info] Snippets: No changes found during synchronizing snippets.
2025-03-23 23:54:17.561 [info] Tasks: No changes found during synchronizing tasks.
2025-03-23 23:54:18.372 [info] GlobalState: Updated remote ui state. Updated: workbench.activity.pinnedViewlets2.
2025-03-23 23:54:18.374 [info] GlobalState: Updated last synchronized ui state
2025-03-23 23:54:18.429 [info] Extensions: No changes found during synchronizing extensions.
2025-03-23 23:54:18.432 [info] Profiles: No changes found during synchronizing profiles.
2025-03-23 23:54:18.435 [info] Sync done. Took 1290ms
2025-03-23 23:59:18.436 [info] [AutoSync] Triggered by Interval
2025-03-23 23:59:18.436 [info] Sync started.
2025-03-23 23:59:18.559 [info] Settings: No changes found during synchronizing settings.
2025-03-23 23:59:18.562 [info] Keybindings: No changes found during synchronizing keybindings.
2025-03-23 23:59:18.566 [info] Snippets: No changes found during synchronizing snippets.
2025-03-23 23:59:18.569 [info] Tasks: No changes found during synchronizing tasks.
2025-03-23 23:59:18.574 [info] GlobalState: No changes found during synchronizing ui state.
2025-03-23 23:59:18.659 [info] Extensions: No changes found during synchronizing extensions.
2025-03-23 23:59:18.660 [info] Profiles: No changes found during synchronizing profiles.
2025-03-23 23:59:18.663 [info] Sync done. Took 226ms
2025-03-24 00:04:18.664 [info] [AutoSync] Triggered by Interval
2025-03-24 00:04:18.664 [info] Sync started.
2025-03-24 00:04:18.758 [info] Settings: No changes found during synchronizing settings.
2025-03-24 00:04:18.761 [info] Keybindings: No changes found during synchronizing keybindings.
2025-03-24 00:04:18.764 [info] Snippets: No changes found during synchronizing snippets.
2025-03-24 00:04:18.766 [info] Tasks: No changes found during synchronizing tasks.
2025-03-24 00:04:18.772 [info] GlobalState: No changes found during synchronizing ui state.
2025-03-24 00:04:18.869 [info] Extensions: No changes found during synchronizing extensions.
2025-03-24 00:04:18.870 [info] Profiles: No changes found during synchronizing profiles.
2025-03-24 00:04:18.870 [info] Sync done. Took 207ms
