2025-03-25 09:26:22.110 [info] [main] Log level: Info
2025-03-25 09:26:22.110 [info] [main] Validating found git in: "git"
2025-03-25 09:26:22.110 [info] [main] Using git "2.49.0" from "git"
2025-03-25 09:26:22.110 [info] [Model][doInitialScan] Initial repository scan started
2025-03-25 09:26:22.110 [info] > git rev-parse --show-toplevel [1ms]
2025-03-25 09:26:22.111 [info] > git rev-parse --show-toplevel [1ms]
2025-03-25 09:26:22.117 [info] > git rev-parse --show-toplevel [2ms]
2025-03-25 09:26:22.120 [info] [Model][doInitialScan] Initial repository scan completed - repositories (0), closed repositories (0), parent repositories (1), unsafe repositories (0)
2025-03-25 09:26:22.747 [info] > git rev-parse --show-toplevel [1ms]
2025-03-25 09:26:22.761 [info] > git rev-parse --show-toplevel [0ms]
2025-03-25 09:26:22.919 [info] > git rev-parse --show-toplevel [2ms]
2025-03-25 09:26:23.066 [info] > git rev-parse --show-toplevel [4ms]
2025-03-25 09:26:23.608 [info] > git rev-parse --show-toplevel [4ms]
2025-03-25 09:26:24.688 [info] > git rev-parse --show-toplevel [1ms]
2025-03-25 09:26:25.448 [info] > git rev-parse --show-toplevel [2ms]
2025-03-25 09:26:26.675 [info] > git rev-parse --show-toplevel [4ms]
2025-03-25 09:26:40.202 [info] > git rev-parse --show-toplevel [11ms]
2025-03-25 09:26:42.435 [info] > git rev-parse --show-toplevel [3ms]
2025-03-25 09:26:46.236 [info] > git rev-parse --show-toplevel [4ms]
2025-03-25 09:26:56.113 [info] > git rev-parse --show-toplevel [2ms]
2025-03-25 09:27:04.988 [info] > git rev-parse --show-toplevel [8ms]
2025-03-25 09:27:16.138 [info] > git rev-parse --show-toplevel [8ms]
2025-03-25 09:27:23.814 [info] > git rev-parse --show-toplevel [12ms]
2025-03-25 09:27:29.477 [info] > git rev-parse --show-toplevel [3ms]
2025-03-25 09:27:53.788 [info] > git rev-parse --show-toplevel [8ms]
2025-03-25 09:28:09.905 [info] > git rev-parse --show-toplevel [5ms]
2025-03-25 09:28:20.671 [info] > git rev-parse --show-toplevel [3ms]
2025-03-25 09:28:32.008 [info] > git rev-parse --show-toplevel [15ms]
2025-03-25 09:28:39.767 [info] > git rev-parse --show-toplevel [7ms]
2025-03-25 09:28:46.352 [info] > git rev-parse --show-toplevel [5ms]
2025-03-25 09:28:51.828 [info] > git rev-parse --show-toplevel [4ms]
2025-03-25 09:28:52.473 [info] > git rev-parse --show-toplevel [5ms]
2025-03-25 09:28:59.646 [info] > git rev-parse --show-toplevel [5ms]
2025-03-25 09:29:01.664 [info] > git rev-parse --show-toplevel [16ms]
2025-03-25 09:29:09.117 [info] > git rev-parse --show-toplevel [7ms]
2025-03-25 09:29:10.825 [info] > git rev-parse --show-toplevel [2ms]
2025-03-25 09:29:11.861 [info] > git rev-parse --show-toplevel [3ms]
2025-03-25 09:29:13.254 [info] > git rev-parse --show-toplevel [2ms]
2025-03-25 09:29:14.411 [info] > git rev-parse --show-toplevel [2ms]
2025-03-25 09:29:15.533 [info] > git rev-parse --show-toplevel [2ms]
2025-03-25 09:29:16.989 [info] > git rev-parse --show-toplevel [2ms]
2025-03-25 09:29:21.872 [info] > git rev-parse --show-toplevel [2ms]
2025-03-25 09:29:23.436 [info] > git rev-parse --show-toplevel [1ms]
2025-03-25 09:29:25.138 [info] > git rev-parse --show-toplevel [4ms]
2025-03-25 09:29:26.409 [info] > git rev-parse --show-toplevel [12ms]
2025-03-25 09:29:39.494 [info] > git rev-parse --show-toplevel [15ms]
2025-03-25 09:29:41.431 [info] > git rev-parse --show-toplevel [4ms]
2025-03-25 09:29:43.336 [info] > git rev-parse --show-toplevel [22ms]
2025-03-25 09:29:45.298 [info] > git rev-parse --show-toplevel [4ms]
2025-03-25 09:29:52.095 [info] > git rev-parse --show-toplevel [3ms]
2025-03-25 09:29:55.899 [info] > git rev-parse --show-toplevel [7ms]
2025-03-25 09:30:13.343 [info] > git rev-parse --show-toplevel [4ms]
2025-03-25 09:30:14.335 [info] > git rev-parse --show-toplevel [6ms]
2025-03-25 09:30:15.007 [info] > git rev-parse --show-toplevel [4ms]
2025-03-25 09:30:15.355 [info] > git rev-parse --show-toplevel [4ms]
2025-03-25 09:30:15.699 [info] > git rev-parse --show-toplevel [1ms]
2025-03-25 09:30:16.184 [info] > git rev-parse --show-toplevel [6ms]
2025-03-25 09:30:16.731 [info] > git rev-parse --show-toplevel [2ms]
2025-03-25 09:30:17.116 [info] > git rev-parse --show-toplevel [5ms]
2025-03-25 09:30:17.529 [info] > git rev-parse --show-toplevel [10ms]
2025-03-25 09:30:18.206 [info] > git rev-parse --show-toplevel [5ms]
2025-03-25 09:30:18.492 [info] > git rev-parse --show-toplevel [6ms]
2025-03-25 09:30:18.922 [info] > git rev-parse --show-toplevel [5ms]
2025-03-25 09:30:19.355 [info] > git rev-parse --show-toplevel [1ms]
2025-03-25 09:30:19.829 [info] > git rev-parse --show-toplevel [2ms]
2025-03-25 09:30:20.383 [info] > git rev-parse --show-toplevel [2ms]
2025-03-25 09:30:24.135 [info] > git rev-parse --show-toplevel [5ms]
2025-03-25 09:30:29.653 [info] > git rev-parse --show-toplevel [2ms]
2025-03-25 09:30:30.566 [info] > git rev-parse --show-toplevel [5ms]
2025-03-25 09:30:37.708 [info] > git rev-parse --show-toplevel [3ms]
2025-03-25 09:30:41.690 [info] > git rev-parse --show-toplevel [7ms]
2025-03-25 09:30:50.423 [info] > git rev-parse --show-toplevel [21ms]
2025-03-25 09:30:51.051 [info] > git rev-parse --show-toplevel [3ms]
2025-03-25 09:30:51.607 [info] > git rev-parse --show-toplevel [2ms]
2025-03-25 09:30:52.230 [info] > git rev-parse --show-toplevel [4ms]
2025-03-25 09:30:52.757 [info] > git rev-parse --show-toplevel [26ms]
2025-03-25 09:30:53.328 [info] > git rev-parse --show-toplevel [2ms]
2025-03-25 09:30:53.921 [info] > git rev-parse --show-toplevel [1ms]
2025-03-25 09:30:54.739 [info] > git rev-parse --show-toplevel [14ms]
2025-03-25 09:30:59.334 [info] > git rev-parse --show-toplevel [3ms]
2025-03-25 09:31:01.150 [info] > git rev-parse --show-toplevel [16ms]
2025-03-25 09:31:02.058 [info] > git rev-parse --show-toplevel [3ms]
2025-03-25 09:31:02.837 [info] > git rev-parse --show-toplevel [19ms]
2025-03-25 09:31:03.411 [info] > git rev-parse --show-toplevel [1ms]
2025-03-25 09:31:04.011 [info] > git rev-parse --show-toplevel [2ms]
2025-03-25 09:31:04.573 [info] > git rev-parse --show-toplevel [2ms]
2025-03-25 09:31:05.217 [info] > git rev-parse --show-toplevel [4ms]
2025-03-25 09:31:05.855 [info] > git rev-parse --show-toplevel [1ms]
2025-03-25 09:31:06.484 [info] > git rev-parse --show-toplevel [1ms]
2025-03-25 09:31:07.173 [info] > git rev-parse --show-toplevel [3ms]
2025-03-25 09:31:08.427 [info] > git rev-parse --show-toplevel [5ms]
2025-03-25 09:31:09.032 [info] > git rev-parse --show-toplevel [1ms]
2025-03-25 09:31:09.600 [info] > git rev-parse --show-toplevel [1ms]
2025-03-25 09:31:44.173 [info] > git rev-parse --show-toplevel [3ms]
2025-03-25 09:31:48.610 [info] > git rev-parse --show-toplevel [2ms]
2025-03-25 09:31:52.200 [info] > git rev-parse --show-toplevel [8ms]
2025-03-25 09:31:57.136 [info] > git rev-parse --show-toplevel [5ms]
2025-03-25 09:32:04.661 [info] > git rev-parse --show-toplevel [22ms]
2025-03-25 09:32:06.421 [info] > git rev-parse --show-toplevel [6ms]
2025-03-25 09:32:19.586 [info] > git rev-parse --show-toplevel [2ms]
2025-03-25 09:32:24.939 [info] > git rev-parse --show-toplevel [9ms]
2025-03-25 09:32:27.858 [info] > git rev-parse --show-toplevel [5ms]
2025-03-25 09:32:30.446 [info] > git rev-parse --show-toplevel [2ms]
2025-03-25 09:32:43.884 [info] > git rev-parse --show-toplevel [6ms]
2025-03-25 09:33:03.482 [info] > git rev-parse --show-toplevel [9ms]
2025-03-25 09:33:19.160 [info] > git rev-parse --show-toplevel [3ms]
2025-03-25 09:33:20.389 [info] > git rev-parse --show-toplevel [2ms]
2025-03-25 09:33:31.603 [info] > git rev-parse --show-toplevel [3ms]
2025-03-25 09:33:38.320 [info] > git rev-parse --show-toplevel [2ms]
2025-03-25 09:33:46.361 [info] > git rev-parse --show-toplevel [21ms]
2025-03-25 09:33:57.581 [info] > git rev-parse --show-toplevel [3ms]
2025-03-25 09:34:04.683 [info] > git rev-parse --show-toplevel [2ms]
2025-03-25 09:34:14.484 [info] > git rev-parse --show-toplevel [3ms]
2025-03-25 09:34:24.348 [info] > git rev-parse --show-toplevel [19ms]
2025-03-25 09:34:31.634 [info] > git rev-parse --show-toplevel [4ms]
2025-03-25 09:34:44.393 [info] > git rev-parse --show-toplevel [4ms]
2025-03-25 09:34:51.684 [info] > git rev-parse --show-toplevel [3ms]
