2025-03-24 22:09:28.516 [info] Expanding terminal instance, old id 1742825313059-2 -> new id undefined
2025-03-24 22:09:28.820 [info] Persistent process reconnection "2"
2025-03-24 22:09:28.852 [info] Persistent process "2": Replaying 3190 chars and 1 size events
2025-03-24 22:10:01.029 [info] Revived process, old id e35141a7fd3665644b89e6ab0c177c9e-7 -> new id 3
2025-03-24 22:10:01.030 [info] Revived process, old id e35141a7fd3665644b89e6ab0c177c9e-8 -> new id 4
2025-03-24 22:10:01.030 [info] Revived process, old id e35141a7fd3665644b89e6ab0c177c9e-11 -> new id 5
2025-03-24 22:10:01.131 [info] Expanding terminal instance, old id e35141a7fd3665644b89e6ab0c177c9e-7 -> new id 3
2025-03-24 22:10:01.131 [info] Expanding terminal instance, old id e35141a7fd3665644b89e6ab0c177c9e-8 -> new id 4
2025-03-24 22:10:01.383 [warning] Persistent process "4": Process had no disconnect runners but was an orphan
2025-03-24 22:10:01.383 [info] Persistent process reconnection "4"
2025-03-24 22:10:01.383 [warning] Persistent process "3": Process had no disconnect runners but was an orphan
2025-03-24 22:10:01.383 [info] Persistent process reconnection "3"
2025-03-24 22:10:42.429 [info] Revived process, old id 6c11a9e8cead325dd39546044ee81c45-5 -> new id 9
2025-03-24 22:10:42.429 [info] Revived process, old id 6c11a9e8cead325dd39546044ee81c45-6 -> new id 10
2025-03-24 22:10:42.429 [info] Revived process, old id 6c11a9e8cead325dd39546044ee81c45-9 -> new id 11
2025-03-24 22:10:42.481 [info] Expanding terminal instance, old id 6c11a9e8cead325dd39546044ee81c45-5 -> new id 9
2025-03-24 22:10:42.481 [info] Expanding terminal instance, old id 6c11a9e8cead325dd39546044ee81c45-6 -> new id 10
2025-03-24 22:10:43.271 [warning] Persistent process "10": Process had no disconnect runners but was an orphan
2025-03-24 22:10:43.271 [info] Persistent process reconnection "10"
2025-03-24 22:10:43.272 [warning] Persistent process "9": Process had no disconnect runners but was an orphan
2025-03-24 22:10:43.272 [info] Persistent process reconnection "9"
2025-03-24 22:10:43.330 [info] Persistent process "10": Replaying 419 chars and 1 size events
2025-03-24 22:10:43.351 [info] Persistent process "9": Replaying 8744 chars and 1 size events
