2025-03-23 22:52:04.704 [info] Reading sessions from keychain...
2025-03-23 22:52:04.704 [info] Getting sessions for all scopes...
2025-03-23 22:52:04.704 [info] Getting sessions for all scopes...
2025-03-23 22:52:04.704 [info] Getting sessions for all scopes...
2025-03-23 22:52:04.704 [info] Getting sessions for all scopes...
2025-03-23 22:52:04.704 [info] Getting sessions for all scopes...
2025-03-23 22:52:04.704 [info] Getting sessions for all scopes...
2025-03-23 22:52:04.704 [info] Getting sessions for all scopes...
2025-03-23 22:52:04.873 [info] Got stored sessions!
2025-03-23 22:52:04.874 [info] Got 1 verified sessions.
2025-03-23 22:52:04.874 [info] Got 1 sessions for ...
2025-03-23 22:52:04.874 [info] Got 1 sessions for ...
2025-03-23 22:52:04.874 [info] Got 1 sessions for ...
2025-03-23 22:52:04.874 [info] Got 1 sessions for ...
2025-03-23 22:52:04.874 [info] Got 1 sessions for ...
2025-03-23 22:52:04.874 [info] Got 1 sessions for ...
2025-03-23 22:52:04.874 [info] Got 1 sessions for ...
2025-03-23 22:52:05.118 [info] Getting sessions for all scopes...
2025-03-23 22:52:05.118 [info] Got 1 sessions for ...
2025-03-23 22:52:05.489 [info] Getting sessions for user:email...
2025-03-23 22:52:05.489 [info] Got 1 sessions for user:email...
2025-03-23 22:52:06.186 [info] Getting sessions for all scopes...
2025-03-23 22:52:06.186 [info] Got 1 sessions for ...
2025-03-23 22:52:07.642 [info] Getting sessions for read:user,repo,user:email...
2025-03-23 22:52:07.643 [info] Got 0 sessions for read:user,repo,user:email...
2025-03-23 22:52:07.643 [info] Getting sessions for all scopes...
2025-03-23 22:52:07.643 [info] Got 1 sessions for ...
2025-03-23 22:52:07.643 [info] Getting sessions for all scopes...
2025-03-23 22:52:07.643 [info] Got 1 sessions for ...
2025-03-23 22:52:07.644 [info] Getting sessions for project,read:org,read:user,repo,user:email,workflow...
2025-03-23 22:52:07.644 [info] Got 0 sessions for project,read:org,read:user,repo,user:email,workflow...
2025-03-23 22:52:07.873 [info] Getting sessions for read:user,repo,user:email,workflow...
2025-03-23 22:52:07.873 [info] Got 0 sessions for read:user,repo,user:email,workflow...
2025-03-23 22:52:07.873 [info] Getting sessions for read:user,repo,user:email,workflow...
2025-03-23 22:52:07.873 [info] Got 0 sessions for read:user,repo,user:email,workflow...
2025-03-23 22:52:07.929 [info] Getting sessions for read:user,repo,user:email...
2025-03-23 22:52:07.929 [info] Got 0 sessions for read:user,repo,user:email...
2025-03-23 22:52:07.993 [info] Getting sessions for user:email...
2025-03-23 22:52:07.993 [info] Got 1 sessions for user:email...
2025-03-23 22:52:07.993 [info] Getting sessions for read:user,repo,user:email...
2025-03-23 22:52:07.993 [info] Got 0 sessions for read:user,repo,user:email...
2025-03-23 22:52:07.998 [info] Getting sessions for all scopes...
2025-03-23 22:52:07.998 [info] Got 1 sessions for ...
2025-03-23 22:52:07.999 [info] Getting sessions for all scopes...
2025-03-23 22:52:07.999 [info] Got 1 sessions for ...
2025-03-23 22:52:07.999 [info] Getting sessions for read:user,repo,user:email,workflow...
2025-03-23 22:52:07.999 [info] Got 0 sessions for read:user,repo,user:email,workflow...
2025-03-23 22:52:08.122 [info] Getting sessions for read:user,repo,user:email,workflow...
2025-03-23 22:52:08.122 [info] Got 0 sessions for read:user,repo,user:email,workflow...
2025-03-23 22:52:08.241 [info] Getting sessions for user:email...
2025-03-23 22:52:08.241 [info] Got 1 sessions for user:email...
2025-03-23 22:52:09.258 [info] Getting sessions for all scopes...
2025-03-23 22:52:09.259 [info] Got 1 sessions for ...
2025-03-23 22:52:09.259 [info] Getting sessions for all scopes...
2025-03-23 22:52:09.259 [info] Got 1 sessions for ...
2025-03-23 22:52:09.525 [info] Getting sessions for read:user,repo,user:email,workflow...
2025-03-23 22:52:09.525 [info] Got 0 sessions for read:user,repo,user:email,workflow...
2025-03-23 22:52:09.547 [info] Getting sessions for user:email...
2025-03-23 22:52:09.547 [info] Got 1 sessions for user:email...
2025-03-23 22:52:09.629 [info] Getting sessions for all scopes...
2025-03-23 22:52:09.629 [info] Got 1 sessions for ...
2025-03-23 22:52:09.638 [info] Getting sessions for read:user,repo,user:email,workflow...
2025-03-23 22:52:09.638 [info] Got 0 sessions for read:user,repo,user:email,workflow...
2025-03-23 22:52:09.640 [info] Getting sessions for user:email...
2025-03-23 22:52:09.640 [info] Got 1 sessions for user:email...
2025-03-23 22:52:09.831 [info] Getting sessions for all scopes...
2025-03-23 22:52:09.831 [info] Got 1 sessions for ...
2025-03-23 22:52:10.049 [info] Getting sessions for read:user,repo,user:email,workflow...
2025-03-23 22:52:10.049 [info] Got 0 sessions for read:user,repo,user:email,workflow...
2025-03-23 22:52:10.082 [info] Getting sessions for user:email...
2025-03-23 22:52:10.082 [info] Got 1 sessions for user:email...
2025-03-23 22:52:10.932 [info] Getting sessions for all scopes...
2025-03-23 22:52:10.932 [info] Got 1 sessions for ...
2025-03-23 22:52:10.940 [info] Getting sessions for read:user,repo,user:email,workflow...
2025-03-23 22:52:10.940 [info] Got 0 sessions for read:user,repo,user:email,workflow...
2025-03-23 22:52:10.940 [info] Getting sessions for user:email...
2025-03-23 22:52:10.940 [info] Got 1 sessions for user:email...
2025-03-23 23:07:10.970 [info] Getting sessions for all scopes...
2025-03-23 23:07:10.970 [info] Got 1 sessions for ...
2025-03-23 23:07:10.974 [info] Getting sessions for read:user,repo,user:email,workflow...
2025-03-23 23:07:10.974 [info] Got 0 sessions for read:user,repo,user:email,workflow...
2025-03-23 23:07:10.976 [info] Getting sessions for user:email...
2025-03-23 23:07:10.976 [info] Got 1 sessions for user:email...
2025-03-23 23:17:09.078 [info] Getting sessions for all scopes...
2025-03-23 23:17:09.079 [info] Got 1 sessions for ...
2025-03-23 23:17:09.080 [info] Getting sessions for read:user,repo,user:email,workflow...
2025-03-23 23:17:09.080 [info] Got 0 sessions for read:user,repo,user:email,workflow...
2025-03-23 23:17:09.081 [info] Getting sessions for user:email...
2025-03-23 23:17:09.081 [info] Got 1 sessions for user:email...
2025-03-23 23:17:09.944 [info] Getting sessions for all scopes...
2025-03-23 23:17:09.944 [info] Got 1 sessions for ...
2025-03-23 23:17:09.944 [info] Getting sessions for all scopes...
2025-03-23 23:17:09.944 [info] Got 1 sessions for ...
2025-03-23 23:17:09.946 [info] Getting sessions for read:user,repo,user:email,workflow...
2025-03-23 23:17:09.946 [info] Got 0 sessions for read:user,repo,user:email,workflow...
2025-03-23 23:17:09.949 [info] Getting sessions for user:email...
2025-03-23 23:17:09.949 [info] Got 1 sessions for user:email...
2025-03-23 23:17:09.952 [info] Getting sessions for all scopes...
2025-03-23 23:17:09.952 [info] Got 1 sessions for ...
2025-03-23 23:17:09.958 [info] Getting sessions for read:user,repo,user:email,workflow...
2025-03-23 23:17:09.958 [info] Got 0 sessions for read:user,repo,user:email,workflow...
2025-03-23 23:17:09.960 [info] Getting sessions for user:email...
2025-03-23 23:17:09.960 [info] Got 1 sessions for user:email...
2025-03-23 23:17:10.011 [info] Getting sessions for all scopes...
2025-03-23 23:17:10.011 [info] Got 1 sessions for ...
2025-03-23 23:17:10.012 [info] Getting sessions for read:user,repo,user:email,workflow...
2025-03-23 23:17:10.012 [info] Got 0 sessions for read:user,repo,user:email,workflow...
2025-03-23 23:17:10.014 [info] Getting sessions for user:email...
2025-03-23 23:17:10.014 [info] Got 1 sessions for user:email...
2025-03-23 23:32:10.066 [info] Getting sessions for all scopes...
2025-03-23 23:32:10.067 [info] Got 1 sessions for ...
2025-03-23 23:32:10.081 [info] Getting sessions for read:user,repo,user:email,workflow...
2025-03-23 23:32:10.082 [info] Got 0 sessions for read:user,repo,user:email,workflow...
2025-03-23 23:32:10.089 [info] Getting sessions for user:email...
2025-03-23 23:32:10.089 [info] Got 1 sessions for user:email...
2025-03-23 23:42:09.978 [info] Getting sessions for all scopes...
2025-03-23 23:42:09.979 [info] Got 1 sessions for ...
2025-03-23 23:42:09.992 [info] Getting sessions for read:user,repo,user:email,workflow...
2025-03-23 23:42:09.993 [info] Got 0 sessions for read:user,repo,user:email,workflow...
2025-03-23 23:42:10.001 [info] Getting sessions for user:email...
2025-03-23 23:42:10.001 [info] Got 1 sessions for user:email...
2025-03-23 23:42:11.006 [info] Getting sessions for all scopes...
2025-03-23 23:42:11.006 [info] Got 1 sessions for ...
2025-03-23 23:42:11.007 [info] Getting sessions for all scopes...
2025-03-23 23:42:11.007 [info] Got 1 sessions for ...
2025-03-23 23:42:11.013 [info] Getting sessions for read:user,repo,user:email,workflow...
2025-03-23 23:42:11.013 [info] Got 0 sessions for read:user,repo,user:email,workflow...
2025-03-23 23:42:11.015 [info] Getting sessions for user:email...
2025-03-23 23:42:11.015 [info] Got 1 sessions for user:email...
2025-03-23 23:42:11.020 [info] Getting sessions for all scopes...
2025-03-23 23:42:11.020 [info] Got 1 sessions for ...
2025-03-23 23:42:11.023 [info] Getting sessions for read:user,repo,user:email,workflow...
2025-03-23 23:42:11.023 [info] Got 0 sessions for read:user,repo,user:email,workflow...
2025-03-23 23:42:11.028 [info] Getting sessions for user:email...
2025-03-23 23:42:11.028 [info] Got 1 sessions for user:email...
2025-03-23 23:42:11.089 [info] Getting sessions for all scopes...
2025-03-23 23:42:11.089 [info] Got 1 sessions for ...
2025-03-23 23:42:11.091 [info] Getting sessions for read:user,repo,user:email,workflow...
2025-03-23 23:42:11.091 [info] Got 0 sessions for read:user,repo,user:email,workflow...
2025-03-23 23:42:11.092 [info] Getting sessions for user:email...
2025-03-23 23:42:11.092 [info] Got 1 sessions for user:email...
