2025-03-25 09:23:44.219 [info] [Activation] Extension version: 0.106.0
2025-03-25 09:23:44.504 [info] [Activation] Looking for git repository
2025-03-25 09:23:44.504 [info] [Activation] Found 0 repositories during activation
2025-03-25 09:23:44.504 [info] [Activation] Git repository found, initializing review manager and pr tree view.
2025-03-25 09:23:44.505 [info] [GitAPI] Registering git provider
2025-03-25 10:53:45.532 [info] [Activation] Extension version: 0.106.0
2025-03-25 10:53:45.807 [info] [Activation] Looking for git repository
2025-03-25 10:53:45.807 [info] [Activation] Found 0 repositories during activation
2025-03-25 10:53:45.807 [info] [Activation] Git repository found, initializing review manager and pr tree view.
2025-03-25 10:53:45.812 [info] [GitAPI] Registering git provider
2025-03-25 10:53:45.812 [info] [Review+0] Validate state in progress
2025-03-25 10:53:45.812 [info] [Review+0] Validating state...
2025-03-25 10:53:45.812 [warning] No remotes found. The following remotes are missing: origin, upstream
2025-03-25 10:53:45.812 [info] [FolderRepositoryManager+0] No GitHub remotes found for folder /home/luna/repos/gh-cli-rs
2025-03-25 10:53:45.813 [info] [FolderRepositoryManager+0] Trying to use globalState for assignableUsers.
2025-03-25 10:53:45.833 [info] [Review+0] No matching pull request metadata found locally for current branch main
2025-03-25 10:53:45.857 [info] [Review+0] No matching pull request metadata found on GitHub for current branch main
2025-03-25 10:53:45.953 [info] [FolderRepositoryManager+0] Using globalState assignableUsers for 0.
2025-03-25 11:00:28.554 [info] [Activation] Repo state for file:///home/luna/repos/gh-cli-rs changed.
2025-03-25 11:00:28.554 [info] [Activation] Repo file:///home/luna/repos/gh-cli-rs has already been setup.
