2025-03-24 22:10:03.782 [info] Name: Ruff
2025-03-24 22:10:03.782 [info] Module: ruff
2025-03-24 22:10:03.782 [info] Python extension loading
2025-03-24 22:10:03.782 [info] Waiting for interpreter from python extension.
2025-03-24 22:10:03.890 [info] Python extension loaded
2025-03-24 22:10:03.891 [info] Using interpreter: /home/luna/repos/documentation-generator/env/bin/python
2025-03-24 22:10:03.936 [info] Falling back to bundled executable: /home/luna/dotfiles/vscode/.vscode/extensions/charliermarsh.ruff-2025.22.0-linux-arm64/bundled/libs/bin/ruff
2025-03-24 22:10:03.951 [info] Resolved 'ruff.nativeServer: auto' to use the native server
2025-03-24 22:10:03.954 [info] Found Ruff 0.11.2 at /home/luna/dotfiles/vscode/.vscode/extensions/charliermarsh.ruff-2025.22.0-linux-arm64/bundled/libs/bin/ruff
2025-03-24 22:10:03.954 [info] Server run command: /home/luna/dotfiles/vscode/.vscode/extensions/charliermarsh.ruff-2025.22.0-linux-arm64/bundled/libs/bin/ruff server
2025-03-24 22:10:03.955 [info] Server: Start requested.
2025-03-24 22:10:44.560 [info] Name: Ruff
2025-03-24 22:10:44.560 [info] Module: ruff
2025-03-24 22:10:44.560 [info] Python extension loading
2025-03-24 22:10:44.560 [info] Waiting for interpreter from python extension.
2025-03-24 22:10:45.383 [info] Python extension loaded
2025-03-24 22:10:45.384 [info] Using interpreter: /bin/python
2025-03-24 22:10:45.543 [info] Falling back to bundled executable: /home/luna/dotfiles/vscode/.vscode/extensions/charliermarsh.ruff-2025.22.0-linux-arm64/bundled/libs/bin/ruff
2025-03-24 22:10:45.602 [info] Resolved 'ruff.nativeServer: auto' to use the native server
2025-03-24 22:10:45.610 [info] Found Ruff 0.11.2 at /home/luna/dotfiles/vscode/.vscode/extensions/charliermarsh.ruff-2025.22.0-linux-arm64/bundled/libs/bin/ruff
2025-03-24 22:10:45.610 [info] Server run command: /home/luna/dotfiles/vscode/.vscode/extensions/charliermarsh.ruff-2025.22.0-linux-arm64/bundled/libs/bin/ruff server
2025-03-24 22:10:45.612 [info] Server: Start requested.
