2025-03-24 00:56:13.931 [info] [main] Log level: Info
2025-03-24 00:56:13.931 [info] [main] Validating found git in: "git"
2025-03-24 00:56:13.931 [info] [main] Using git "2.49.0" from "git"
2025-03-24 00:56:13.931 [info] [Model][doInitialScan] Initial repository scan started
2025-03-24 00:56:13.931 [info] > git rev-parse --show-toplevel [8ms]
2025-03-24 00:56:13.931 [info] > git rev-parse --git-dir --git-common-dir [28ms]
2025-03-24 00:56:13.931 [info] [Model][openRepository] Opened repository: /home/luna/repos/gh-cli-rs
2025-03-24 00:56:13.938 [info] > git fetch [9ms]
2025-03-24 00:56:14.414 [info] > git rev-parse --show-toplevel [476ms]
2025-03-24 00:56:14.414 [info] > git config --get commit.template [480ms]
2025-03-24 00:56:14.610 [info] > git config --get commit.template [197ms]
2025-03-24 00:56:14.695 [info] [Git][getRemotes] No remotes found in the git config file
2025-03-24 00:56:14.698 [info] > git rev-parse --show-toplevel [102ms]
2025-03-24 00:56:14.738 [info] [Git][getRemotes] No remotes found in the git config file
2025-03-24 00:56:14.748 [info] > git for-each-ref --format=%(refname)%00%(upstream:short)%00%(objectname)%00%(upstream:track)%00%(upstream:remotename)%00%(upstream:remoteref) refs/heads/main refs/remotes/main [54ms]
2025-03-24 00:56:14.764 [info] > git for-each-ref --format=%(refname)%00%(upstream:short)%00%(objectname)%00%(upstream:track)%00%(upstream:remotename)%00%(upstream:remoteref) refs/heads/main refs/remotes/main [12ms]
2025-03-24 00:56:14.767 [info] > git rev-parse --show-toplevel [22ms]
2025-03-24 00:56:14.768 [info] [Model][doInitialScan] Initial repository scan completed - repositories (1), closed repositories (0), parent repositories (0), unsafe repositories (0)
2025-03-24 00:56:14.776 [info] > git for-each-ref --format=%(refname)%00%(upstream:short)%00%(objectname)%00%(upstream:track)%00%(upstream:remotename)%00%(upstream:remoteref) refs/heads/main refs/remotes/main [38ms]
2025-03-24 00:56:14.784 [info] > git show --textconv :src/main.rs [15ms]
2025-03-24 00:56:14.785 [info] > git ls-files --stage -- /home/luna/repos/gh-cli-rs/src/main.rs [12ms]
2025-03-24 00:56:14.789 [info] > git config --get --local branch.main.vscode-merge-base [22ms]
2025-03-24 00:56:14.789 [warning] [Git][config] git config failed: Failed to execute git
2025-03-24 00:56:14.793 [info] > git config --get commit.template [30ms]
2025-03-24 00:56:14.812 [info] > git cat-file -s e7a11a969c037e00a796aafeff6258501ec15e9a [24ms]
2025-03-24 00:56:14.812 [info] > git for-each-ref --format=%(refname)%00%(upstream:short)%00%(objectname)%00%(upstream:track)%00%(upstream:remotename)%00%(upstream:remoteref) refs/heads/main refs/remotes/main [32ms]
2025-03-24 00:56:14.827 [info] [Git][getRemotes] No remotes found in the git config file
2025-03-24 00:56:14.832 [info] > git reflog main --grep-reflog=branch: Created from *. [39ms]
2025-03-24 00:56:14.862 [info] > git for-each-ref --format=%(refname)%00%(upstream:short)%00%(objectname)%00%(upstream:track)%00%(upstream:remotename)%00%(upstream:remoteref) refs/heads/main refs/remotes/main [34ms]
2025-03-24 00:56:14.869 [info] > git config --get --local branch.main.vscode-merge-base [54ms]
2025-03-24 00:56:14.869 [warning] [Git][config] git config failed: Failed to execute git
2025-03-24 00:56:14.913 [info] > git status -z -uall [48ms]
2025-03-24 00:56:14.914 [info] > git reflog main --grep-reflog=branch: Created from *. [42ms]
2025-03-24 00:56:14.914 [info] > git for-each-ref --sort -committerdate --format %(refname) %(objectname) %(*objectname) [45ms]
2025-03-24 00:56:14.991 [info] > git check-ignore -v -z --stdin [35ms]
2025-03-24 00:56:15.119 [info] > git blame --root --incremental 9b9954e6e609f62f768df0de0c04c4b75610d789 -- /home/luna/repos/gh-cli-rs/src/main.rs [11ms]
2025-03-24 00:56:15.145 [info] > git config --get --local branch.main.github-pr-owner-number [1ms]
2025-03-24 00:56:15.145 [warning] [Git][config] git config failed: Failed to execute git
2025-03-24 00:56:15.152 [info] > git config --get --local branch.main.remote [5ms]
2025-03-24 00:56:15.152 [warning] [Git][config] git config failed: Failed to execute git
2025-03-24 00:56:15.161 [info] > git config --get --local branch.main.merge [2ms]
2025-03-24 00:56:15.161 [warning] [Git][config] git config failed: Failed to execute git
2025-03-24 00:56:15.226 [info] > git log --format=%H%n%aN%n%aE%n%at%n%ct%n%P%n%D%n%B -z --shortstat --diff-merges=first-parent -n50 --skip=0 --topo-order --decorate=full --stdin [265ms]
2025-03-24 00:56:55.630 [info] [Git][getRemotes] No remotes found in the git config file
2025-03-24 00:56:55.636 [info] > git config --get commit.template [7ms]
2025-03-24 00:56:55.637 [info] > git for-each-ref --format=%(refname)%00%(upstream:short)%00%(objectname)%00%(upstream:track)%00%(upstream:remotename)%00%(upstream:remoteref) refs/heads/main refs/remotes/main [5ms]
2025-03-24 00:56:55.643 [info] > git status -z -uall [4ms]
2025-03-24 00:56:55.644 [info] > git for-each-ref --sort -committerdate --format %(refname) %(objectname) %(*objectname) [2ms]
2025-03-24 00:57:10.763 [info] > git config --get commit.template [1ms]
2025-03-24 00:57:10.768 [info] [Git][getRemotes] No remotes found in the git config file
2025-03-24 00:57:10.770 [info] > git for-each-ref --format=%(refname)%00%(upstream:short)%00%(objectname)%00%(upstream:track)%00%(upstream:remotename)%00%(upstream:remoteref) refs/heads/main refs/remotes/main [2ms]
2025-03-24 00:57:10.781 [info] > git status -z -uall [6ms]
2025-03-24 00:57:10.781 [info] > git for-each-ref --sort -committerdate --format %(refname) %(objectname) %(*objectname) [1ms]
2025-03-24 00:57:24.208 [info] [Git][getRemotes] No remotes found in the git config file
2025-03-24 00:57:24.214 [info] > git config --get commit.template [5ms]
2025-03-24 00:57:24.215 [info] > git for-each-ref --format=%(refname)%00%(upstream:short)%00%(objectname)%00%(upstream:track)%00%(upstream:remotename)%00%(upstream:remoteref) refs/heads/main refs/remotes/main [2ms]
2025-03-24 00:57:24.221 [info] > git status -z -uall [4ms]
2025-03-24 00:57:24.222 [info] > git for-each-ref --sort -committerdate --format %(refname) %(objectname) %(*objectname) [2ms]
2025-03-24 00:57:29.241 [info] > git config --get commit.template [1ms]
2025-03-24 00:57:29.246 [info] [Git][getRemotes] No remotes found in the git config file
2025-03-24 00:57:29.247 [info] > git for-each-ref --format=%(refname)%00%(upstream:short)%00%(objectname)%00%(upstream:track)%00%(upstream:remotename)%00%(upstream:remoteref) refs/heads/main refs/remotes/main [1ms]
2025-03-24 00:57:29.256 [info] > git status -z -uall [5ms]
2025-03-24 00:57:29.258 [info] > git for-each-ref --sort -committerdate --format %(refname) %(objectname) %(*objectname) [3ms]
2025-03-24 00:58:01.552 [info] > git config --get commit.template [1ms]
2025-03-24 00:58:01.556 [info] [Git][getRemotes] No remotes found in the git config file
2025-03-24 00:58:01.556 [info] > git for-each-ref --format=%(refname)%00%(upstream:short)%00%(objectname)%00%(upstream:track)%00%(upstream:remotename)%00%(upstream:remoteref) refs/heads/main refs/remotes/main [1ms]
2025-03-24 00:58:01.564 [info] > git status -z -uall [3ms]
2025-03-24 00:58:01.564 [info] > git for-each-ref --sort -committerdate --format %(refname) %(objectname) %(*objectname) [1ms]
2025-03-24 00:58:19.926 [info] [Git][getRemotes] No remotes found in the git config file
2025-03-24 00:58:19.927 [info] > git config --get commit.template [4ms]
2025-03-24 00:58:19.928 [info] > git for-each-ref --format=%(refname)%00%(upstream:short)%00%(objectname)%00%(upstream:track)%00%(upstream:remotename)%00%(upstream:remoteref) refs/heads/main refs/remotes/main [2ms]
2025-03-24 00:58:19.934 [info] > git for-each-ref --sort -committerdate --format %(refname) %(objectname) %(*objectname) [1ms]
2025-03-24 00:58:19.934 [info] > git status -z -uall [3ms]
2025-03-24 00:58:34.764 [info] [Git][getRemotes] No remotes found in the git config file
2025-03-24 00:58:34.765 [info] > git for-each-ref --format=%(refname)%00%(upstream:short)%00%(objectname)%00%(upstream:track)%00%(upstream:remotename)%00%(upstream:remoteref) refs/heads/main refs/remotes/main [2ms]
2025-03-24 00:58:34.765 [info] > git config --get commit.template [7ms]
2025-03-24 00:58:34.775 [info] > git status -z -uall [5ms]
2025-03-24 00:58:34.779 [info] > git for-each-ref --sort -committerdate --format %(refname) %(objectname) %(*objectname) [5ms]
2025-03-24 00:58:48.381 [info] [Git][getRemotes] No remotes found in the git config file
2025-03-24 00:58:48.383 [info] > git config --get commit.template [3ms]
2025-03-24 00:58:48.383 [info] > git for-each-ref --format=%(refname)%00%(upstream:short)%00%(objectname)%00%(upstream:track)%00%(upstream:remotename)%00%(upstream:remoteref) refs/heads/main refs/remotes/main [1ms]
2025-03-24 00:58:48.388 [info] > git for-each-ref --sort -committerdate --format %(refname) %(objectname) %(*objectname) [1ms]
2025-03-24 00:58:48.388 [info] > git status -z -uall [2ms]
2025-03-24 00:58:55.568 [info] > git config --get commit.template [0ms]
2025-03-24 00:58:55.572 [info] [Git][getRemotes] No remotes found in the git config file
2025-03-24 00:58:55.573 [info] > git for-each-ref --format=%(refname)%00%(upstream:short)%00%(objectname)%00%(upstream:track)%00%(upstream:remotename)%00%(upstream:remoteref) refs/heads/main refs/remotes/main [1ms]
2025-03-24 00:58:55.582 [info] > git status -z -uall [5ms]
2025-03-24 00:58:55.584 [info] > git for-each-ref --sort -committerdate --format %(refname) %(objectname) %(*objectname) [3ms]
2025-03-24 00:59:00.619 [info] > git config --get commit.template [1ms]
2025-03-24 00:59:00.623 [info] [Git][getRemotes] No remotes found in the git config file
2025-03-24 00:59:00.623 [info] > git for-each-ref --format=%(refname)%00%(upstream:short)%00%(objectname)%00%(upstream:track)%00%(upstream:remotename)%00%(upstream:remoteref) refs/heads/main refs/remotes/main [0ms]
2025-03-24 00:59:00.632 [info] > git status -z -uall [5ms]
2025-03-24 00:59:00.633 [info] > git for-each-ref --sort -committerdate --format %(refname) %(objectname) %(*objectname) [1ms]
2025-03-24 00:59:17.053 [info] > git fetch [3ms]
2025-03-24 00:59:17.058 [info] > git config --get commit.template [1ms]
2025-03-24 00:59:17.058 [info] [Git][getRemotes] No remotes found in the git config file
2025-03-24 00:59:17.064 [info] > git for-each-ref --format=%(refname)%00%(upstream:short)%00%(objectname)%00%(upstream:track)%00%(upstream:remotename)%00%(upstream:remoteref) refs/heads/main refs/remotes/main [1ms]
2025-03-24 00:59:17.073 [info] > git status -z -uall [5ms]
2025-03-24 00:59:17.076 [info] > git for-each-ref --sort -committerdate --format %(refname) %(objectname) %(*objectname) [2ms]
2025-03-24 00:59:18.139 [info] [Git][getRemotes] No remotes found in the git config file
2025-03-24 00:59:18.139 [info] > git config --get commit.template [5ms]
2025-03-24 00:59:18.140 [info] > git for-each-ref --format=%(refname)%00%(upstream:short)%00%(objectname)%00%(upstream:track)%00%(upstream:remotename)%00%(upstream:remoteref) refs/heads/main refs/remotes/main [1ms]
2025-03-24 00:59:18.148 [info] > git status -z -uall [4ms]
2025-03-24 00:59:18.150 [info] > git for-each-ref --sort -committerdate --format %(refname) %(objectname) %(*objectname) [3ms]
2025-03-24 00:59:18.236 [info] > git ls-files --stage -- /home/luna/repos/gh-cli-rs/src/main.rs [1ms]
2025-03-24 00:59:18.241 [info] > git cat-file -s e7a11a969c037e00a796aafeff6258501ec15e9a [1ms]
2025-03-24 00:59:18.246 [info] > git show --textconv :src/main.rs [1ms]
2025-03-24 00:59:37.295 [info] > git config --get commit.template [1ms]
2025-03-24 00:59:37.299 [info] [Git][getRemotes] No remotes found in the git config file
2025-03-24 00:59:37.302 [info] > git for-each-ref --format=%(refname)%00%(upstream:short)%00%(objectname)%00%(upstream:track)%00%(upstream:remotename)%00%(upstream:remoteref) refs/heads/main refs/remotes/main [3ms]
2025-03-24 00:59:37.311 [info] > git status -z -uall [5ms]
2025-03-24 00:59:37.313 [info] > git for-each-ref --sort -committerdate --format %(refname) %(objectname) %(*objectname) [3ms]
2025-03-24 00:59:47.483 [info] [Git][getRemotes] No remotes found in the git config file
2025-03-24 00:59:47.484 [info] > git for-each-ref --format=%(refname)%00%(upstream:short)%00%(objectname)%00%(upstream:track)%00%(upstream:remotename)%00%(upstream:remoteref) refs/heads/main refs/remotes/main [1ms]
2025-03-24 00:59:47.484 [info] > git config --get commit.template [3ms]
2025-03-24 00:59:47.489 [info] > git for-each-ref --sort -committerdate --format %(refname) %(objectname) %(*objectname) [0ms]
2025-03-24 00:59:47.490 [info] > git status -z -uall [3ms]
2025-03-24 00:59:58.789 [info] [Git][getRemotes] No remotes found in the git config file
2025-03-24 00:59:58.794 [info] > git config --get commit.template [5ms]
2025-03-24 00:59:58.795 [info] > git for-each-ref --format=%(refname)%00%(upstream:short)%00%(objectname)%00%(upstream:track)%00%(upstream:remotename)%00%(upstream:remoteref) refs/heads/main refs/remotes/main [2ms]
2025-03-24 00:59:58.805 [info] > git status -z -uall [5ms]
2025-03-24 00:59:58.809 [info] > git for-each-ref --sort -committerdate --format %(refname) %(objectname) %(*objectname) [5ms]
2025-03-24 01:00:20.110 [info] [Git][getRemotes] No remotes found in the git config file
2025-03-24 01:00:20.112 [info] > git config --get commit.template [2ms]
2025-03-24 01:00:20.112 [info] > git for-each-ref --format=%(refname)%00%(upstream:short)%00%(objectname)%00%(upstream:track)%00%(upstream:remotename)%00%(upstream:remoteref) refs/heads/main refs/remotes/main [1ms]
2025-03-24 01:00:20.117 [info] > git status -z -uall [4ms]
2025-03-24 01:00:20.118 [info] > git for-each-ref --sort -committerdate --format %(refname) %(objectname) %(*objectname) [1ms]
2025-03-24 01:17:01.679 [info] > git fetch [16ms]
2025-03-24 01:17:01.687 [info] [Git][getRemotes] No remotes found in the git config file
2025-03-24 01:17:01.688 [info] > git config --get commit.template [4ms]
2025-03-24 01:17:01.689 [info] > git for-each-ref --format=%(refname)%00%(upstream:short)%00%(objectname)%00%(upstream:track)%00%(upstream:remotename)%00%(upstream:remoteref) refs/heads/main refs/remotes/main [1ms]
2025-03-24 01:17:01.695 [info] > git status -z -uall [3ms]
2025-03-24 01:17:01.696 [info] > git for-each-ref --sort -committerdate --format %(refname) %(objectname) %(*objectname) [2ms]
2025-03-24 01:17:02.765 [info] > git config --get commit.template [1ms]
2025-03-24 01:17:02.769 [info] [Git][getRemotes] No remotes found in the git config file
2025-03-24 01:17:02.769 [info] > git for-each-ref --format=%(refname)%00%(upstream:short)%00%(objectname)%00%(upstream:track)%00%(upstream:remotename)%00%(upstream:remoteref) refs/heads/main refs/remotes/main [0ms]
2025-03-24 01:17:02.779 [info] > git status -z -uall [5ms]
2025-03-24 01:17:02.781 [info] > git for-each-ref --sort -committerdate --format %(refname) %(objectname) %(*objectname) [3ms]
2025-03-24 01:17:02.866 [info] > git ls-files --stage -- /home/luna/repos/gh-cli-rs/src/main.rs [1ms]
2025-03-24 01:17:02.871 [info] > git cat-file -s e7a11a969c037e00a796aafeff6258501ec15e9a [2ms]
2025-03-24 01:17:02.876 [info] > git show --textconv :src/main.rs [0ms]
2025-03-24 01:17:25.578 [info] [Git][getRemotes] No remotes found in the git config file
2025-03-24 01:17:25.579 [info] > git config --get commit.template [3ms]
2025-03-24 01:17:25.579 [info] > git for-each-ref --format=%(refname)%00%(upstream:short)%00%(objectname)%00%(upstream:track)%00%(upstream:remotename)%00%(upstream:remoteref) refs/heads/main refs/remotes/main [1ms]
2025-03-24 01:17:25.585 [info] > git status -z -uall [3ms]
2025-03-24 01:17:25.585 [info] > git for-each-ref --sort -committerdate --format %(refname) %(objectname) %(*objectname) [1ms]
2025-03-24 01:17:38.488 [info] > git config --get commit.template [1ms]
2025-03-24 01:17:38.491 [info] [Git][getRemotes] No remotes found in the git config file
2025-03-24 01:17:38.492 [info] > git for-each-ref --format=%(refname)%00%(upstream:short)%00%(objectname)%00%(upstream:track)%00%(upstream:remotename)%00%(upstream:remoteref) refs/heads/main refs/remotes/main [1ms]
2025-03-24 01:17:38.500 [info] > git status -z -uall [5ms]
2025-03-24 01:17:38.501 [info] > git for-each-ref --sort -committerdate --format %(refname) %(objectname) %(*objectname) [2ms]
2025-03-24 01:17:43.519 [info] > git config --get commit.template [1ms]
2025-03-24 01:17:43.519 [info] [Git][getRemotes] No remotes found in the git config file
2025-03-24 01:17:43.524 [info] > git for-each-ref --format=%(refname)%00%(upstream:short)%00%(objectname)%00%(upstream:track)%00%(upstream:remotename)%00%(upstream:remoteref) refs/heads/main refs/remotes/main [1ms]
2025-03-24 01:17:43.532 [info] > git status -z -uall [4ms]
2025-03-24 01:17:43.534 [info] > git for-each-ref --sort -committerdate --format %(refname) %(objectname) %(*objectname) [2ms]
2025-03-24 01:17:52.904 [info] > git config --get commit.template [1ms]
2025-03-24 01:17:52.908 [info] [Git][getRemotes] No remotes found in the git config file
2025-03-24 01:17:52.909 [info] > git for-each-ref --format=%(refname)%00%(upstream:short)%00%(objectname)%00%(upstream:track)%00%(upstream:remotename)%00%(upstream:remoteref) refs/heads/main refs/remotes/main [0ms]
2025-03-24 01:17:52.917 [info] > git status -z -uall [5ms]
2025-03-24 01:17:52.919 [info] > git for-each-ref --sort -committerdate --format %(refname) %(objectname) %(*objectname) [3ms]
2025-03-24 01:17:59.094 [info] [Git][getRemotes] No remotes found in the git config file
2025-03-24 01:17:59.094 [info] > git config --get commit.template [4ms]
2025-03-24 01:17:59.094 [info] > git for-each-ref --format=%(refname)%00%(upstream:short)%00%(objectname)%00%(upstream:track)%00%(upstream:remotename)%00%(upstream:remoteref) refs/heads/main refs/remotes/main [1ms]
2025-03-24 01:17:59.103 [info] > git status -z -uall [5ms]
2025-03-24 01:17:59.105 [info] > git for-each-ref --sort -committerdate --format %(refname) %(objectname) %(*objectname) [3ms]
2025-03-24 01:18:04.142 [info] > git config --get commit.template [1ms]
2025-03-24 01:18:04.145 [info] [Git][getRemotes] No remotes found in the git config file
2025-03-24 01:18:04.146 [info] > git for-each-ref --format=%(refname)%00%(upstream:short)%00%(objectname)%00%(upstream:track)%00%(upstream:remotename)%00%(upstream:remoteref) refs/heads/main refs/remotes/main [1ms]
2025-03-24 01:18:04.157 [info] > git status -z -uall [7ms]
2025-03-24 01:18:04.157 [info] > git for-each-ref --sort -committerdate --format %(refname) %(objectname) %(*objectname) [3ms]
2025-03-24 01:18:10.950 [info] > git config --get commit.template [1ms]
2025-03-24 01:18:10.954 [info] [Git][getRemotes] No remotes found in the git config file
2025-03-24 01:18:10.955 [info] > git for-each-ref --format=%(refname)%00%(upstream:short)%00%(objectname)%00%(upstream:track)%00%(upstream:remotename)%00%(upstream:remoteref) refs/heads/main refs/remotes/main [1ms]
2025-03-24 01:18:10.962 [info] > git status -z -uall [4ms]
2025-03-24 01:18:10.965 [info] > git for-each-ref --sort -committerdate --format %(refname) %(objectname) %(*objectname) [2ms]
2025-03-24 01:18:16.001 [info] > git config --get commit.template [0ms]
2025-03-24 01:18:16.005 [info] [Git][getRemotes] No remotes found in the git config file
2025-03-24 01:18:16.006 [info] > git for-each-ref --format=%(refname)%00%(upstream:short)%00%(objectname)%00%(upstream:track)%00%(upstream:remotename)%00%(upstream:remoteref) refs/heads/main refs/remotes/main [1ms]
2025-03-24 01:18:16.014 [info] > git status -z -uall [5ms]
2025-03-24 01:18:16.015 [info] > git for-each-ref --sort -committerdate --format %(refname) %(objectname) %(*objectname) [1ms]
2025-03-24 01:18:21.049 [info] [Git][getRemotes] No remotes found in the git config file
2025-03-24 01:18:21.052 [info] > git config --get commit.template [4ms]
2025-03-24 01:18:21.053 [info] > git for-each-ref --format=%(refname)%00%(upstream:short)%00%(objectname)%00%(upstream:track)%00%(upstream:remotename)%00%(upstream:remoteref) refs/heads/main refs/remotes/main [1ms]
2025-03-24 01:18:21.058 [info] > git for-each-ref --sort -committerdate --format %(refname) %(objectname) %(*objectname) [1ms]
2025-03-24 01:18:21.058 [info] > git status -z -uall [2ms]
2025-03-24 01:19:05.616 [info] [Git][getRemotes] No remotes found in the git config file
2025-03-24 01:19:05.617 [info] > git config --get commit.template [4ms]
2025-03-24 01:19:05.617 [info] > git for-each-ref --format=%(refname)%00%(upstream:short)%00%(objectname)%00%(upstream:track)%00%(upstream:remotename)%00%(upstream:remoteref) refs/heads/main refs/remotes/main [1ms]
2025-03-24 01:19:05.622 [info] > git for-each-ref --sort -committerdate --format %(refname) %(objectname) %(*objectname) [1ms]
2025-03-24 01:19:05.622 [info] > git status -z -uall [2ms]
2025-03-24 01:19:18.810 [info] > git config --get commit.template [1ms]
2025-03-24 01:19:18.815 [info] [Git][getRemotes] No remotes found in the git config file
2025-03-24 01:19:18.816 [info] > git for-each-ref --format=%(refname)%00%(upstream:short)%00%(objectname)%00%(upstream:track)%00%(upstream:remotename)%00%(upstream:remoteref) refs/heads/main refs/remotes/main [1ms]
2025-03-24 01:19:18.824 [info] > git status -z -uall [4ms]
2025-03-24 01:19:18.827 [info] > git for-each-ref --sort -committerdate --format %(refname) %(objectname) %(*objectname) [4ms]
2025-03-24 01:19:25.372 [info] > git config --get commit.template [1ms]
2025-03-24 01:19:25.376 [info] [Git][getRemotes] No remotes found in the git config file
2025-03-24 01:19:25.376 [info] > git for-each-ref --format=%(refname)%00%(upstream:short)%00%(objectname)%00%(upstream:track)%00%(upstream:remotename)%00%(upstream:remoteref) refs/heads/main refs/remotes/main [0ms]
2025-03-24 01:19:25.385 [info] > git status -z -uall [5ms]
2025-03-24 01:19:25.387 [info] > git for-each-ref --sort -committerdate --format %(refname) %(objectname) %(*objectname) [3ms]
2025-03-24 01:19:30.423 [info] [Git][getRemotes] No remotes found in the git config file
2025-03-24 01:19:30.423 [info] > git config --get commit.template [4ms]
2025-03-24 01:19:30.423 [info] > git for-each-ref --format=%(refname)%00%(upstream:short)%00%(objectname)%00%(upstream:track)%00%(upstream:remotename)%00%(upstream:remoteref) refs/heads/main refs/remotes/main [1ms]
2025-03-24 01:19:30.428 [info] > git for-each-ref --sort -committerdate --format %(refname) %(objectname) %(*objectname) [0ms]
2025-03-24 01:19:30.429 [info] > git status -z -uall [3ms]
2025-03-24 01:20:01.416 [info] [Git][getRemotes] No remotes found in the git config file
2025-03-24 01:20:01.418 [info] > git config --get commit.template [2ms]
2025-03-24 01:20:01.418 [info] > git for-each-ref --format=%(refname)%00%(upstream:short)%00%(objectname)%00%(upstream:track)%00%(upstream:remotename)%00%(upstream:remoteref) refs/heads/main refs/remotes/main [0ms]
2025-03-24 01:20:01.423 [info] > git for-each-ref --sort -committerdate --format %(refname) %(objectname) %(*objectname) [0ms]
2025-03-24 01:20:01.427 [info] > git status -z -uall [6ms]
2025-03-24 01:20:01.723 [info] > git fetch [3ms]
2025-03-24 01:20:01.726 [info] [Git][getRemotes] No remotes found in the git config file
2025-03-24 01:20:01.728 [info] > git config --get commit.template [2ms]
2025-03-24 01:20:01.729 [info] > git for-each-ref --format=%(refname)%00%(upstream:short)%00%(objectname)%00%(upstream:track)%00%(upstream:remotename)%00%(upstream:remoteref) refs/heads/main refs/remotes/main [1ms]
2025-03-24 01:20:01.732 [info] > git status -z -uall [2ms]
2025-03-24 01:20:01.734 [info] > git for-each-ref --sort -committerdate --format %(refname) %(objectname) %(*objectname) [2ms]
2025-03-24 01:20:02.904 [info] > git ls-files --stage -- /home/luna/repos/gh-cli-rs/src/main.rs [2ms]
2025-03-24 01:20:02.908 [info] > git cat-file -s e7a11a969c037e00a796aafeff6258501ec15e9a [1ms]
2025-03-24 01:20:02.913 [info] > git show --textconv :src/main.rs [1ms]
2025-03-24 01:20:06.446 [info] [Git][getRemotes] No remotes found in the git config file
2025-03-24 01:20:06.446 [info] > git config --get commit.template [3ms]
2025-03-24 01:20:06.447 [info] > git for-each-ref --format=%(refname)%00%(upstream:short)%00%(objectname)%00%(upstream:track)%00%(upstream:remotename)%00%(upstream:remoteref) refs/heads/main refs/remotes/main [1ms]
2025-03-24 01:20:06.452 [info] > git for-each-ref --sort -committerdate --format %(refname) %(objectname) %(*objectname) [0ms]
2025-03-24 01:20:06.453 [info] > git status -z -uall [3ms]
2025-03-24 01:20:17.633 [info] > git ls-files --stage -- /home/luna/repos/gh-cli-rs/src/main.rs [1ms]
2025-03-24 01:20:17.637 [info] > git cat-file -s 8bd84e21de24df090e76c7c63b15a95c44fefcfa [0ms]
2025-03-24 01:20:17.642 [info] > git show --textconv :src/main.rs [1ms]
2025-03-24 01:20:17.863 [info] > git config --get commit.template [1ms]
2025-03-24 01:20:17.867 [info] [Git][getRemotes] No remotes found in the git config file
2025-03-24 01:20:17.868 [info] > git for-each-ref --format=%(refname)%00%(upstream:short)%00%(objectname)%00%(upstream:track)%00%(upstream:remotename)%00%(upstream:remoteref) refs/heads/main refs/remotes/main [0ms]
2025-03-24 01:20:17.876 [info] > git status -z -uall [5ms]
2025-03-24 01:20:17.878 [info] > git for-each-ref --sort -committerdate --format %(refname) %(objectname) %(*objectname) [3ms]
2025-03-24 01:20:17.939 [info] > git blame --root --incremental 4697733d6661e40e40f9b1028963410a6627c0df -- /home/luna/repos/gh-cli-rs/src/main.rs [5ms]
2025-03-24 01:20:17.945 [info] > git config --get --local branch.main.github-pr-owner-number [7ms]
2025-03-24 01:20:17.945 [warning] [Git][config] git config failed: Failed to execute git
2025-03-24 01:20:17.949 [info] > git config --get --local branch.main.remote [1ms]
2025-03-24 01:20:17.949 [warning] [Git][config] git config failed: Failed to execute git
2025-03-24 01:20:17.952 [info] > git config --get --local branch.main.merge [1ms]
2025-03-24 01:20:17.952 [warning] [Git][config] git config failed: Failed to execute git
2025-03-24 01:20:18.062 [info] > git log --format=%H%n%aN%n%aE%n%at%n%ct%n%P%n%D%n%B -z --shortstat --diff-merges=first-parent -n50 --skip=0 --topo-order --decorate=full --stdin [117ms]
2025-03-24 01:20:24.356 [info] [Git][getRemotes] No remotes found in the git config file
2025-03-24 01:20:24.356 [info] > git config --get commit.template [2ms]
2025-03-24 01:20:24.356 [info] > git for-each-ref --format=%(refname)%00%(upstream:short)%00%(objectname)%00%(upstream:track)%00%(upstream:remotename)%00%(upstream:remoteref) refs/heads/main refs/remotes/main [0ms]
2025-03-24 01:20:24.361 [info] > git for-each-ref --sort -committerdate --format %(refname) %(objectname) %(*objectname) [0ms]
2025-03-24 01:20:24.363 [info] > git status -z -uall [4ms]
2025-03-24 01:28:31.166 [info] > git fetch [9ms]
2025-03-24 01:28:31.182 [info] > git config --get commit.template [2ms]
2025-03-24 01:28:31.192 [info] [Git][getRemotes] No remotes found in the git config file
2025-03-24 01:28:31.194 [info] > git for-each-ref --format=%(refname)%00%(upstream:short)%00%(objectname)%00%(upstream:track)%00%(upstream:remotename)%00%(upstream:remoteref) refs/heads/main refs/remotes/main [2ms]
2025-03-24 01:28:31.213 [info] > git status -z -uall [10ms]
2025-03-24 01:28:31.213 [info] > git for-each-ref --sort -committerdate --format %(refname) %(objectname) %(*objectname) [2ms]
2025-03-24 01:28:32.322 [info] > git config --get commit.template [2ms]
2025-03-24 01:28:32.333 [info] [Git][getRemotes] No remotes found in the git config file
2025-03-24 01:28:32.334 [info] > git for-each-ref --format=%(refname)%00%(upstream:short)%00%(objectname)%00%(upstream:track)%00%(upstream:remotename)%00%(upstream:remoteref) refs/heads/main refs/remotes/main [2ms]
2025-03-24 01:28:32.357 [info] > git status -z -uall [12ms]
2025-03-24 01:28:32.357 [info] > git for-each-ref --sort -committerdate --format %(refname) %(objectname) %(*objectname) [3ms]
2025-03-24 01:28:32.431 [info] > git ls-files --stage -- /home/luna/repos/gh-cli-rs/src/main.rs [0ms]
2025-03-24 01:28:32.436 [info] > git cat-file -s 8bd84e21de24df090e76c7c63b15a95c44fefcfa [1ms]
2025-03-24 01:28:32.445 [info] > git show --textconv :src/main.rs [0ms]
2025-03-24 10:08:36.723 [info] > git fetch [3ms]
2025-03-24 10:08:36.737 [info] > git config --get commit.template [1ms]
2025-03-24 10:08:36.746 [info] [Git][getRemotes] No remotes found in the git config file
2025-03-24 10:08:36.748 [info] > git for-each-ref --format=%(refname)%00%(upstream:short)%00%(objectname)%00%(upstream:track)%00%(upstream:remotename)%00%(upstream:remoteref) refs/heads/main refs/remotes/main [2ms]
2025-03-24 10:08:36.769 [info] > git status -z -uall [13ms]
2025-03-24 10:08:36.770 [info] > git for-each-ref --sort -committerdate --format %(refname) %(objectname) %(*objectname) [4ms]
2025-03-24 10:08:37.848 [info] > git config --get commit.template [1ms]
2025-03-24 10:08:37.855 [info] [Git][getRemotes] No remotes found in the git config file
2025-03-24 10:08:37.857 [info] > git for-each-ref --format=%(refname)%00%(upstream:short)%00%(objectname)%00%(upstream:track)%00%(upstream:remotename)%00%(upstream:remoteref) refs/heads/main refs/remotes/main [1ms]
2025-03-24 10:08:37.877 [info] > git status -z -uall [12ms]
2025-03-24 10:08:37.877 [info] > git for-each-ref --sort -committerdate --format %(refname) %(objectname) %(*objectname) [3ms]
2025-03-24 10:08:37.949 [info] > git ls-files --stage -- /home/luna/repos/gh-cli-rs/src/main.rs [1ms]
2025-03-24 10:08:37.955 [info] > git cat-file -s 8bd84e21de24df090e76c7c63b15a95c44fefcfa [0ms]
2025-03-24 10:08:37.962 [info] > git show --textconv :src/main.rs [1ms]
2025-03-24 10:09:15.807 [info] > git config --get commit.template [3ms]
2025-03-24 10:09:15.821 [info] [Git][getRemotes] No remotes found in the git config file
2025-03-24 10:09:15.822 [info] > git for-each-ref --format=%(refname)%00%(upstream:short)%00%(objectname)%00%(upstream:track)%00%(upstream:remotename)%00%(upstream:remoteref) refs/heads/main refs/remotes/main [2ms]
2025-03-24 10:09:15.845 [info] > git status -z -uall [13ms]
2025-03-24 10:09:15.846 [info] > git for-each-ref --sort -committerdate --format %(refname) %(objectname) %(*objectname) [4ms]
2025-03-24 10:09:36.735 [info] > git config --get commit.template [2ms]
2025-03-24 10:09:36.746 [info] [Git][getRemotes] No remotes found in the git config file
2025-03-24 10:09:36.747 [info] > git for-each-ref --format=%(refname)%00%(upstream:short)%00%(objectname)%00%(upstream:track)%00%(upstream:remotename)%00%(upstream:remoteref) refs/heads/main refs/remotes/main [2ms]
2025-03-24 10:09:36.772 [info] > git status -z -uall [15ms]
2025-03-24 10:09:36.772 [info] > git for-each-ref --sort -committerdate --format %(refname) %(objectname) %(*objectname) [3ms]
2025-03-24 10:09:45.082 [info] > git config --get commit.template [1ms]
2025-03-24 10:09:45.089 [info] [Git][getRemotes] No remotes found in the git config file
2025-03-24 10:09:45.090 [info] > git for-each-ref --format=%(refname)%00%(upstream:short)%00%(objectname)%00%(upstream:track)%00%(upstream:remotename)%00%(upstream:remoteref) refs/heads/main refs/remotes/main [2ms]
2025-03-24 10:09:45.101 [info] > git status -z -uall [6ms]
2025-03-24 10:09:45.113 [info] > git for-each-ref --sort -committerdate --format %(refname) %(objectname) %(*objectname) [13ms]
2025-03-24 10:09:50.237 [info] > git config --get commit.template [20ms]
2025-03-24 10:09:50.258 [info] [Git][getRemotes] No remotes found in the git config file
2025-03-24 10:09:50.259 [info] > git for-each-ref --format=%(refname)%00%(upstream:short)%00%(objectname)%00%(upstream:track)%00%(upstream:remotename)%00%(upstream:remoteref) refs/heads/main refs/remotes/main [1ms]
2025-03-24 10:09:50.272 [info] > git status -z -uall [8ms]
2025-03-24 10:09:50.272 [info] > git for-each-ref --sort -committerdate --format %(refname) %(objectname) %(*objectname) [2ms]
2025-03-24 10:09:58.404 [info] > git config --get commit.template [1ms]
2025-03-24 10:09:58.411 [info] [Git][getRemotes] No remotes found in the git config file
2025-03-24 10:09:58.413 [info] > git for-each-ref --format=%(refname)%00%(upstream:short)%00%(objectname)%00%(upstream:track)%00%(upstream:remotename)%00%(upstream:remoteref) refs/heads/main refs/remotes/main [2ms]
2025-03-24 10:09:58.432 [info] > git status -z -uall [12ms]
2025-03-24 10:09:58.432 [info] > git for-each-ref --sort -committerdate --format %(refname) %(objectname) %(*objectname) [3ms]
2025-03-24 10:10:19.995 [info] > git config --get commit.template [1ms]
2025-03-24 10:10:20.005 [info] [Git][getRemotes] No remotes found in the git config file
2025-03-24 10:10:20.007 [info] > git for-each-ref --format=%(refname)%00%(upstream:short)%00%(objectname)%00%(upstream:track)%00%(upstream:remotename)%00%(upstream:remoteref) refs/heads/main refs/remotes/main [1ms]
2025-03-24 10:10:20.026 [info] > git status -z -uall [11ms]
2025-03-24 10:10:20.027 [info] > git for-each-ref --sort -committerdate --format %(refname) %(objectname) %(*objectname) [3ms]
2025-03-24 10:10:29.652 [info] > git config --get commit.template [3ms]
2025-03-24 10:10:29.653 [info] [Git][getRemotes] No remotes found in the git config file
2025-03-24 10:10:29.665 [info] > git for-each-ref --format=%(refname)%00%(upstream:short)%00%(objectname)%00%(upstream:track)%00%(upstream:remotename)%00%(upstream:remoteref) refs/heads/main refs/remotes/main [1ms]
2025-03-24 10:10:29.691 [info] > git status -z -uall [15ms]
2025-03-24 10:10:29.691 [info] > git for-each-ref --sort -committerdate --format %(refname) %(objectname) %(*objectname) [4ms]
2025-03-24 10:10:40.286 [info] > git config --get commit.template [4ms]
2025-03-24 10:10:40.287 [info] [Git][getRemotes] No remotes found in the git config file
2025-03-24 10:10:40.300 [info] > git for-each-ref --format=%(refname)%00%(upstream:short)%00%(objectname)%00%(upstream:track)%00%(upstream:remotename)%00%(upstream:remoteref) refs/heads/main refs/remotes/main [3ms]
2025-03-24 10:10:40.324 [info] > git status -z -uall [12ms]
2025-03-24 10:10:40.324 [info] > git for-each-ref --sort -committerdate --format %(refname) %(objectname) %(*objectname) [4ms]
2025-03-24 10:10:53.477 [info] > git config --get commit.template [2ms]
2025-03-24 10:10:53.487 [info] [Git][getRemotes] No remotes found in the git config file
2025-03-24 10:10:53.489 [info] > git for-each-ref --format=%(refname)%00%(upstream:short)%00%(objectname)%00%(upstream:track)%00%(upstream:remotename)%00%(upstream:remoteref) refs/heads/main refs/remotes/main [2ms]
2025-03-24 10:10:53.508 [info] > git status -z -uall [11ms]
2025-03-24 10:10:53.509 [info] > git for-each-ref --sort -committerdate --format %(refname) %(objectname) %(*objectname) [3ms]
2025-03-24 10:11:07.200 [info] > git config --get commit.template [2ms]
2025-03-24 10:11:07.210 [info] [Git][getRemotes] No remotes found in the git config file
2025-03-24 10:11:07.211 [info] > git for-each-ref --format=%(refname)%00%(upstream:short)%00%(objectname)%00%(upstream:track)%00%(upstream:remotename)%00%(upstream:remoteref) refs/heads/main refs/remotes/main [2ms]
2025-03-24 10:11:07.230 [info] > git status -z -uall [11ms]
2025-03-24 10:11:07.231 [info] > git for-each-ref --sort -committerdate --format %(refname) %(objectname) %(*objectname) [2ms]
2025-03-24 10:11:31.425 [info] > git config --get commit.template [1ms]
2025-03-24 10:11:31.432 [info] [Git][getRemotes] No remotes found in the git config file
2025-03-24 10:11:31.434 [info] > git for-each-ref --format=%(refname)%00%(upstream:short)%00%(objectname)%00%(upstream:track)%00%(upstream:remotename)%00%(upstream:remoteref) refs/heads/main refs/remotes/main [2ms]
2025-03-24 10:11:31.454 [info] > git status -z -uall [12ms]
2025-03-24 10:11:31.454 [info] > git for-each-ref --sort -committerdate --format %(refname) %(objectname) %(*objectname) [5ms]
2025-03-24 10:11:36.878 [info] > git fetch [2ms]
2025-03-24 10:11:36.887 [info] > git config --get commit.template [1ms]
2025-03-24 10:11:36.890 [info] [Git][getRemotes] No remotes found in the git config file
2025-03-24 10:11:36.892 [info] > git for-each-ref --format=%(refname)%00%(upstream:short)%00%(objectname)%00%(upstream:track)%00%(upstream:remotename)%00%(upstream:remoteref) refs/heads/main refs/remotes/main [2ms]
2025-03-24 10:11:36.903 [info] > git status -z -uall [6ms]
2025-03-24 10:11:36.911 [info] > git for-each-ref --sort -committerdate --format %(refname) %(objectname) %(*objectname) [9ms]
2025-03-24 10:11:37.992 [info] > git config --get commit.template [2ms]
2025-03-24 10:11:38.002 [info] [Git][getRemotes] No remotes found in the git config file
2025-03-24 10:11:38.003 [info] > git for-each-ref --format=%(refname)%00%(upstream:short)%00%(objectname)%00%(upstream:track)%00%(upstream:remotename)%00%(upstream:remoteref) refs/heads/main refs/remotes/main [1ms]
2025-03-24 10:11:38.022 [info] > git status -z -uall [11ms]
2025-03-24 10:11:38.023 [info] > git for-each-ref --sort -committerdate --format %(refname) %(objectname) %(*objectname) [2ms]
2025-03-24 10:11:38.098 [info] > git ls-files --stage -- /home/luna/repos/gh-cli-rs/src/main.rs [1ms]
2025-03-24 10:11:38.103 [info] > git cat-file -s 8bd84e21de24df090e76c7c63b15a95c44fefcfa [1ms]
2025-03-24 10:11:38.109 [info] > git show --textconv :src/main.rs [0ms]
2025-03-24 10:11:43.627 [info] > git config --get commit.template [1ms]
2025-03-24 10:11:43.637 [info] [Git][getRemotes] No remotes found in the git config file
2025-03-24 10:11:43.638 [info] > git for-each-ref --format=%(refname)%00%(upstream:short)%00%(objectname)%00%(upstream:track)%00%(upstream:remotename)%00%(upstream:remoteref) refs/heads/main refs/remotes/main [2ms]
2025-03-24 10:11:43.660 [info] > git status -z -uall [12ms]
2025-03-24 10:11:43.660 [info] > git for-each-ref --sort -committerdate --format %(refname) %(objectname) %(*objectname) [2ms]
2025-03-24 10:12:04.258 [info] > git config --get commit.template [2ms]
2025-03-24 10:12:04.268 [info] [Git][getRemotes] No remotes found in the git config file
2025-03-24 10:12:04.271 [info] > git for-each-ref --format=%(refname)%00%(upstream:short)%00%(objectname)%00%(upstream:track)%00%(upstream:remotename)%00%(upstream:remoteref) refs/heads/main refs/remotes/main [4ms]
2025-03-24 10:12:04.293 [info] > git status -z -uall [13ms]
2025-03-24 10:12:04.294 [info] > git for-each-ref --sort -committerdate --format %(refname) %(objectname) %(*objectname) [2ms]
2025-03-24 10:12:09.368 [info] > git config --get commit.template [1ms]
2025-03-24 10:12:09.369 [info] [Git][getRemotes] No remotes found in the git config file
2025-03-24 10:12:09.382 [info] > git for-each-ref --format=%(refname)%00%(upstream:short)%00%(objectname)%00%(upstream:track)%00%(upstream:remotename)%00%(upstream:remoteref) refs/heads/main refs/remotes/main [1ms]
2025-03-24 10:12:09.403 [info] > git status -z -uall [11ms]
2025-03-24 10:12:09.404 [info] > git for-each-ref --sort -committerdate --format %(refname) %(objectname) %(*objectname) [3ms]
2025-03-24 10:12:44.934 [info] > git config --get commit.template [1ms]
2025-03-24 10:12:44.944 [info] [Git][getRemotes] No remotes found in the git config file
2025-03-24 10:12:44.947 [info] > git for-each-ref --format=%(refname)%00%(upstream:short)%00%(objectname)%00%(upstream:track)%00%(upstream:remotename)%00%(upstream:remoteref) refs/heads/main refs/remotes/main [4ms]
2025-03-24 10:12:44.967 [info] > git status -z -uall [13ms]
2025-03-24 10:12:44.967 [info] > git for-each-ref --sort -committerdate --format %(refname) %(objectname) %(*objectname) [6ms]
2025-03-24 10:12:54.390 [info] > git config --get commit.template [1ms]
2025-03-24 10:12:54.396 [info] [Git][getRemotes] No remotes found in the git config file
2025-03-24 10:12:54.397 [info] > git for-each-ref --format=%(refname)%00%(upstream:short)%00%(objectname)%00%(upstream:track)%00%(upstream:remotename)%00%(upstream:remoteref) refs/heads/main refs/remotes/main [1ms]
2025-03-24 10:12:54.411 [info] > git status -z -uall [7ms]
2025-03-24 10:12:54.418 [info] > git for-each-ref --sort -committerdate --format %(refname) %(objectname) %(*objectname) [8ms]
2025-03-24 10:13:12.633 [info] > git config --get commit.template [1ms]
2025-03-24 10:13:12.642 [info] [Git][getRemotes] No remotes found in the git config file
2025-03-24 10:13:12.643 [info] > git for-each-ref --format=%(refname)%00%(upstream:short)%00%(objectname)%00%(upstream:track)%00%(upstream:remotename)%00%(upstream:remoteref) refs/heads/main refs/remotes/main [2ms]
2025-03-24 10:13:12.657 [info] > git status -z -uall [8ms]
2025-03-24 10:13:12.657 [info] > git for-each-ref --sort -committerdate --format %(refname) %(objectname) %(*objectname) [2ms]
2025-03-24 10:13:24.505 [info] > git config --get commit.template [1ms]
2025-03-24 10:13:24.510 [info] [Git][getRemotes] No remotes found in the git config file
2025-03-24 10:13:24.511 [info] > git for-each-ref --format=%(refname)%00%(upstream:short)%00%(objectname)%00%(upstream:track)%00%(upstream:remotename)%00%(upstream:remoteref) refs/heads/main refs/remotes/main [0ms]
2025-03-24 10:13:24.526 [info] > git status -z -uall [8ms]
2025-03-24 10:13:24.526 [info] > git for-each-ref --sort -committerdate --format %(refname) %(objectname) %(*objectname) [2ms]
2025-03-24 10:13:58.516 [info] > git config --get commit.template [2ms]
2025-03-24 10:13:58.527 [info] [Git][getRemotes] No remotes found in the git config file
2025-03-24 10:13:58.530 [info] > git for-each-ref --format=%(refname)%00%(upstream:short)%00%(objectname)%00%(upstream:track)%00%(upstream:remotename)%00%(upstream:remoteref) refs/heads/main refs/remotes/main [3ms]
2025-03-24 10:13:58.552 [info] > git status -z -uall [13ms]
2025-03-24 10:13:58.553 [info] > git for-each-ref --sort -committerdate --format %(refname) %(objectname) %(*objectname) [3ms]
2025-03-24 10:14:03.641 [info] > git config --get commit.template [1ms]
2025-03-24 10:14:03.651 [info] [Git][getRemotes] No remotes found in the git config file
2025-03-24 10:14:03.653 [info] > git for-each-ref --format=%(refname)%00%(upstream:short)%00%(objectname)%00%(upstream:track)%00%(upstream:remotename)%00%(upstream:remoteref) refs/heads/main refs/remotes/main [2ms]
2025-03-24 10:14:03.676 [info] > git status -z -uall [11ms]
2025-03-24 10:14:03.676 [info] > git for-each-ref --sort -committerdate --format %(refname) %(objectname) %(*objectname) [3ms]
2025-03-24 10:14:08.750 [info] > git config --get commit.template [1ms]
2025-03-24 10:14:08.757 [info] [Git][getRemotes] No remotes found in the git config file
2025-03-24 10:14:08.759 [info] > git for-each-ref --format=%(refname)%00%(upstream:short)%00%(objectname)%00%(upstream:track)%00%(upstream:remotename)%00%(upstream:remoteref) refs/heads/main refs/remotes/main [2ms]
2025-03-24 10:14:08.779 [info] > git status -z -uall [12ms]
2025-03-24 10:14:08.782 [info] > git for-each-ref --sort -committerdate --format %(refname) %(objectname) %(*objectname) [4ms]
2025-03-24 10:14:13.847 [info] > git config --get commit.template [1ms]
2025-03-24 10:14:13.861 [info] [Git][getRemotes] No remotes found in the git config file
2025-03-24 10:14:13.864 [info] > git for-each-ref --format=%(refname)%00%(upstream:short)%00%(objectname)%00%(upstream:track)%00%(upstream:remotename)%00%(upstream:remoteref) refs/heads/main refs/remotes/main [3ms]
2025-03-24 10:14:13.883 [info] > git status -z -uall [11ms]
2025-03-24 10:14:13.884 [info] > git for-each-ref --sort -committerdate --format %(refname) %(objectname) %(*objectname) [4ms]
2025-03-24 10:14:18.955 [info] > git config --get commit.template [2ms]
2025-03-24 10:14:18.961 [info] [Git][getRemotes] No remotes found in the git config file
2025-03-24 10:14:18.962 [info] > git for-each-ref --format=%(refname)%00%(upstream:short)%00%(objectname)%00%(upstream:track)%00%(upstream:remotename)%00%(upstream:remoteref) refs/heads/main refs/remotes/main [1ms]
2025-03-24 10:14:18.972 [info] > git status -z -uall [6ms]
2025-03-24 10:14:18.972 [info] > git for-each-ref --sort -committerdate --format %(refname) %(objectname) %(*objectname) [1ms]
2025-03-24 10:14:24.017 [info] > git config --get commit.template [1ms]
2025-03-24 10:14:24.023 [info] [Git][getRemotes] No remotes found in the git config file
2025-03-24 10:14:24.025 [info] > git for-each-ref --format=%(refname)%00%(upstream:short)%00%(objectname)%00%(upstream:track)%00%(upstream:remotename)%00%(upstream:remoteref) refs/heads/main refs/remotes/main [2ms]
2025-03-24 10:14:24.036 [info] > git status -z -uall [6ms]
2025-03-24 10:14:24.038 [info] > git for-each-ref --sort -committerdate --format %(refname) %(objectname) %(*objectname) [3ms]
2025-03-24 10:14:52.639 [info] [Git][getRemotes] No remotes found in the git config file
2025-03-24 10:14:52.645 [info] > git config --get commit.template [9ms]
2025-03-24 10:14:52.646 [info] > git for-each-ref --format=%(refname)%00%(upstream:short)%00%(objectname)%00%(upstream:track)%00%(upstream:remotename)%00%(upstream:remoteref) refs/heads/main refs/remotes/main [7ms]
2025-03-24 10:14:52.675 [info] > git fetch [41ms]
2025-03-24 10:14:52.676 [info] > git for-each-ref --sort -committerdate --format %(refname) %(objectname) %(*objectname) [1ms] (cancelled)
2025-03-24 10:14:52.681 [info] > git status -z -uall [29ms] (cancelled)
2025-03-24 10:14:52.683 [info] > git config --get commit.template [3ms]
2025-03-24 10:14:52.688 [info] [Git][getRemotes] No remotes found in the git config file
2025-03-24 10:14:52.690 [info] > git for-each-ref --format=%(refname)%00%(upstream:short)%00%(objectname)%00%(upstream:track)%00%(upstream:remotename)%00%(upstream:remoteref) refs/heads/main refs/remotes/main [2ms]
2025-03-24 10:14:52.700 [info] > git status -z -uall [6ms]
2025-03-24 10:14:52.704 [info] > git for-each-ref --sort -committerdate --format %(refname) %(objectname) %(*objectname) [5ms]
2025-03-24 10:14:53.866 [info] > git ls-files --stage -- /home/luna/repos/gh-cli-rs/src/main.rs [1ms]
2025-03-24 10:14:53.875 [info] > git cat-file -s 8bd84e21de24df090e76c7c63b15a95c44fefcfa [2ms]
2025-03-24 10:14:53.888 [info] > git show --textconv :src/main.rs [1ms]
2025-03-24 10:15:04.982 [info] > git config --get commit.template [1ms]
2025-03-24 10:15:04.989 [info] [Git][getRemotes] No remotes found in the git config file
2025-03-24 10:15:05.029 [info] > git for-each-ref --format=%(refname)%00%(upstream:short)%00%(objectname)%00%(upstream:track)%00%(upstream:remotename)%00%(upstream:remoteref) refs/heads/main refs/remotes/main [41ms]
2025-03-24 10:15:05.039 [info] > git status -z -uall [5ms]
2025-03-24 10:15:05.041 [info] > git for-each-ref --sort -committerdate --format %(refname) %(objectname) %(*objectname) [3ms]
2025-03-24 10:15:46.547 [info] > git config --get commit.template [1ms]
2025-03-24 10:15:46.552 [info] [Git][getRemotes] No remotes found in the git config file
2025-03-24 10:15:46.553 [info] > git for-each-ref --format=%(refname)%00%(upstream:short)%00%(objectname)%00%(upstream:track)%00%(upstream:remotename)%00%(upstream:remoteref) refs/heads/main refs/remotes/main [1ms]
2025-03-24 10:15:46.563 [info] > git status -z -uall [6ms]
2025-03-24 10:15:46.565 [info] > git for-each-ref --sort -committerdate --format %(refname) %(objectname) %(*objectname) [3ms]
2025-03-24 10:16:44.782 [info] > git config --get commit.template [2ms]
2025-03-24 10:16:44.795 [info] [Git][getRemotes] No remotes found in the git config file
2025-03-24 10:16:44.796 [info] > git for-each-ref --format=%(refname)%00%(upstream:short)%00%(objectname)%00%(upstream:track)%00%(upstream:remotename)%00%(upstream:remoteref) refs/heads/main refs/remotes/main [5ms]
2025-03-24 10:16:44.817 [info] > git status -z -uall [12ms]
2025-03-24 10:16:44.817 [info] > git for-each-ref --sort -committerdate --format %(refname) %(objectname) %(*objectname) [3ms]
2025-03-24 10:16:50.307 [info] > git config --get commit.template [2ms]
2025-03-24 10:16:50.317 [info] [Git][getRemotes] No remotes found in the git config file
2025-03-24 10:16:50.319 [info] > git for-each-ref --format=%(refname)%00%(upstream:short)%00%(objectname)%00%(upstream:track)%00%(upstream:remotename)%00%(upstream:remoteref) refs/heads/main refs/remotes/main [1ms]
2025-03-24 10:16:50.340 [info] > git status -z -uall [12ms]
2025-03-24 10:16:50.340 [info] > git for-each-ref --sort -committerdate --format %(refname) %(objectname) %(*objectname) [3ms]
2025-03-24 10:17:12.177 [info] > git config --get commit.template [3ms]
2025-03-24 10:17:12.186 [info] [Git][getRemotes] No remotes found in the git config file
2025-03-24 10:17:12.191 [info] > git for-each-ref --format=%(refname)%00%(upstream:short)%00%(objectname)%00%(upstream:track)%00%(upstream:remotename)%00%(upstream:remoteref) refs/heads/main refs/remotes/main [5ms]
2025-03-24 10:17:12.211 [info] > git status -z -uall [12ms]
2025-03-24 10:17:12.212 [info] > git for-each-ref --sort -committerdate --format %(refname) %(objectname) %(*objectname) [3ms]
2025-03-24 10:17:26.160 [info] > git config --get commit.template [5ms]
2025-03-24 10:17:26.169 [info] [Git][getRemotes] No remotes found in the git config file
2025-03-24 10:17:26.171 [info] > git for-each-ref --format=%(refname)%00%(upstream:short)%00%(objectname)%00%(upstream:track)%00%(upstream:remotename)%00%(upstream:remoteref) refs/heads/main refs/remotes/main [1ms]
2025-03-24 10:17:26.191 [info] > git status -z -uall [12ms]
2025-03-24 10:17:26.192 [info] > git for-each-ref --sort -committerdate --format %(refname) %(objectname) %(*objectname) [4ms]
2025-03-24 10:17:31.285 [info] > git config --get commit.template [5ms]
2025-03-24 10:17:31.294 [info] [Git][getRemotes] No remotes found in the git config file
2025-03-24 10:17:31.297 [info] > git for-each-ref --format=%(refname)%00%(upstream:short)%00%(objectname)%00%(upstream:track)%00%(upstream:remotename)%00%(upstream:remoteref) refs/heads/main refs/remotes/main [2ms]
2025-03-24 10:17:31.310 [info] > git status -z -uall [7ms]
2025-03-24 10:17:31.311 [info] > git for-each-ref --sort -committerdate --format %(refname) %(objectname) %(*objectname) [2ms]
