2025-03-24 22:08:11.958 [info] Reading sessions from keychain...
2025-03-24 22:08:11.958 [info] Getting sessions for all scopes...
2025-03-24 22:08:11.958 [info] Getting sessions for all scopes...
2025-03-24 22:08:11.958 [info] Getting sessions for user:email...
2025-03-24 22:08:11.958 [info] Getting sessions for all scopes...
2025-03-24 22:08:11.958 [info] Getting sessions for all scopes...
2025-03-24 22:08:11.958 [info] Getting sessions for all scopes...
2025-03-24 22:08:11.958 [info] Getting sessions for all scopes...
2025-03-24 22:08:11.958 [info] Getting sessions for all scopes...
2025-03-24 22:08:11.958 [info] Got 0 sessions for ...
2025-03-24 22:08:11.958 [info] Got 0 sessions for ...
2025-03-24 22:08:11.958 [info] Got 0 sessions for user:email...
2025-03-24 22:08:11.958 [info] Got 0 sessions for ...
2025-03-24 22:08:11.958 [info] Got 0 sessions for ...
2025-03-24 22:08:11.958 [info] Got 0 sessions for ...
2025-03-24 22:08:11.958 [info] Got 0 sessions for ...
2025-03-24 22:08:11.958 [info] Got 0 sessions for ...
2025-03-24 22:08:12.736 [info] Getting sessions for read:user,repo,user:email...
2025-03-24 22:08:12.736 [info] Got 0 sessions for read:user,repo,user:email...
2025-03-24 22:08:12.736 [info] Getting sessions for project,read:org,read:user,repo,user:email,workflow...
2025-03-24 22:08:12.736 [info] Got 0 sessions for project,read:org,read:user,repo,user:email,workflow...
2025-03-24 22:08:12.739 [info] Getting sessions for read:user,repo,user:email,workflow...
2025-03-24 22:08:12.739 [info] Got 0 sessions for read:user,repo,user:email,workflow...
2025-03-24 22:08:12.768 [info] Getting sessions for read:user,repo,user:email...
2025-03-24 22:08:12.768 [info] Got 0 sessions for read:user,repo,user:email...
2025-03-24 22:08:12.772 [info] Getting sessions for read:user,repo,user:email,workflow...
2025-03-24 22:08:12.772 [info] Got 0 sessions for read:user,repo,user:email,workflow...
2025-03-24 22:08:13.830 [info] Getting sessions for all scopes...
2025-03-24 22:08:13.830 [info] Got 0 sessions for ...
