Logger Init
Initialization complete.
Loaded supported calls (Version 1.5)
Batch of 1 Total time: 536ms (Avg. Per Call: 536ms)
Batch of 1 Total time: 513ms (Avg. Per Call: 513ms)
Batch of 1 Total time: 518ms (Avg. Per Call: 518ms)
Batch of 2 Total time: 463ms (Avg. Per Call: 232ms)
Batch of 1 Total time: 419ms (Avg. Per Call: 419ms)
Batch of 1 Total time: 398ms (Avg. Per Call: 398ms)
Batch of 1 Total time: 314ms (Avg. Per Call: 314ms)
Batch of 1 Total time: 400ms (Avg. Per Call: 400ms)
Batch of 1 Total time: 429ms (Avg. Per Call: 429ms)
Batch of 1 Total time: 1564ms (Avg. Per Call: 1564ms)
Batch of 1 Total time: 520ms (Avg. Per Call: 520ms)
Batch of 1 Total time: 504ms (Avg. Per Call: 504ms)
Batch of 1 Total time: 329ms (Avg. Per Call: 329ms)
Batch of 1 Total time: 391ms (Avg. Per Call: 391ms)
Batch of 1 Total time: 478ms (Avg. Per Call: 478ms)
Batch of 1 Total time: 416ms (Avg. Per Call: 416ms)
Batch of 1 Total time: 458ms (Avg. Per Call: 458ms)
Batch of 1 Total time: 454ms (Avg. Per Call: 454ms)
Batch of 1 Total time: 480ms (Avg. Per Call: 480ms)
Gaia Unable to Retrieve Batch Full Call Summary for len(). (502)
Batch of 1 Total time: 432ms (Avg. Per Call: 432ms)
Batch of 1 Total time: 528ms (Avg. Per Call: 528ms)
Batch of 1 Total time: 2945ms (Avg. Per Call: 2945ms)
Batch of 1 Total time: 1707ms (Avg. Per Call: 1707ms)
Batch of 1 Total time: 736ms (Avg. Per Call: 736ms)
