2025-03-25 08:35:43.352 [info] Name: Mypy Type Checker
2025-03-25 08:35:43.352 [info] Module: mypy
2025-03-25 08:35:43.352 [info] Python extension loading
2025-03-25 08:35:43.352 [info] Waiting for interpreter from Python extension.
2025-03-25 08:35:43.352 [info] Python extension loaded
2025-03-25 08:35:43.352 [info] Server run command: /bin/python /home/luna/dotfiles/vscode/.vscode/extensions/ms-python.mypy-type-checker-2025.2.0/bundled/tool/lsp_server.py
2025-03-25 08:35:43.352 [info] Server: Start requested.
2025-03-25 08:35:43.676 [info] CWD Server: /home/luna/dotfiles/hypr/.config/hypr
2025-03-25 08:35:43.677 [info] Settings used to run Server:
[
    {
        "cwd": "/home/luna/dotfiles/hypr/.config/hypr",
        "workspace": "file:///home/luna/dotfiles/hypr/.config/hypr",
        "args": [],
        "severity": {
            "error": "Error",
            "note": "Information"
        },
        "path": [],
        "ignorePatterns": [],
        "interpreter": [
            "/bin/python"
        ],
        "importStrategy": "useBundled",
        "showNotifications": "off",
        "extraPaths": [],
        "reportingScope": "file",
        "preferDaemon": false,
        "daemonStatusFile": ""
    }
]

2025-03-25 08:35:43.677 [info] Global settings:
{
    "cwd": "${workspaceFolder}",
    "workspace": "/home/luna/dotfiles/hypr/.config/hypr",
    "args": [],
    "severity": {
        "error": "Error",
        "note": "Information"
    },
    "path": [],
    "ignorePatterns": [],
    "interpreter": [],
    "importStrategy": "useBundled",
    "showNotifications": "off",
    "extraPaths": [],
    "reportingScope": "file",
    "preferDaemon": false,
    "daemonStatusFile": ""
}

2025-03-25 08:35:43.677 [info] sys.path used to run Server:
   /home/luna/dotfiles/hypr/.config/hypr
   /home/luna/dotfiles/vscode/.vscode/extensions/ms-python.mypy-type-checker-2025.2.0/bundled/libs
   /home/luna/dotfiles/vscode/.vscode/extensions/ms-python.mypy-type-checker-2025.2.0/bundled/tool
   /usr/lib64/python313.zip
   /usr/lib64/python3.13
   /usr/lib64/python3.13/lib-dynload
   /home/luna/.local/lib/python3.13/site-packages
   /usr/local/lib64/python3.13/site-packages
   /usr/local/lib/python3.13/site-packages
   /usr/lib64/python3.13/site-packages
   /usr/lib/python3.13/site-packages
2025-03-25 08:35:43.677 [info] /bin/python -m mypy --version
2025-03-25 08:35:43.677 [info] CWD Server: /home/luna/dotfiles/hypr/.config/hypr
2025-03-25 08:35:43.869 [info] 
mypy 1.15.0 (compiled: no)


2025-03-25 08:35:43.869 [info] Version info for linter running for /home/luna/dotfiles/hypr/.config/hypr:
mypy 1.15.0 (compiled: no)

2025-03-25 08:35:43.869 [info] SUPPORTED mypy>=1.0.0
FOUND mypy==1.15.0

2025-03-25 08:35:43.875 [info] /home/luna/dotfiles/vscode/.vscode/extensions/ms-python.mypy-type-checker-2025.2.0/bundled/tool/lsp_server.py:165: DeprecationWarning: 'workspace.get_document' has been deprecated, use 'workspace.get_text_document' instead
  document = LSP_SERVER.workspace.get_document(params.text_document.uri)

2025-03-25 08:35:43.875 [info] [Trace - 8:35:43 AM] Received notification 'window/logMessage'.
2025-03-25 08:35:43.875 [info] /bin/python -m mypy --no-color-output --no-error-summary --show-absolute-path --show-column-numbers --show-error-codes --no-pretty --show-error-end /home/luna/dotfiles/hypr/.config/hypr/UserScripts/Weather.py
2025-03-25 08:35:43.875 [info] [Trace - 8:35:43 AM] Received notification 'window/logMessage'.
2025-03-25 08:35:43.875 [info] CWD Server: /home/luna/dotfiles/hypr/.config/hypr
2025-03-25 08:35:43.930 [info] [Trace - 8:35:43 AM] Sending notification 'textDocument/didClose'.
2025-03-25 08:35:46.090 [info] [Trace - 8:35:46 AM] Received notification 'window/logMessage'.
2025-03-25 08:35:46.090 [info] file:///home/luna/dotfiles/hypr/.config/hypr/UserScripts/Weather.py :
/home/luna/dotfiles/hypr/.config/hypr/UserScripts/Weather.py:6:1:6:1: error: Library stubs not installed for "requests"  [import-untyped]
/home/luna/dotfiles/hypr/.config/hypr/UserScripts/Weather.py:6:1:6:1: note: Hint: "python3 -m pip install types-requests"
/home/luna/dotfiles/hypr/.config/hypr/UserScripts/Weather.py:6:1:6:1: note: (or run "mypy --install-types" to install all missing stub packages)
/home/luna/dotfiles/hypr/.config/hypr/UserScripts/Weather.py:6:1:6:1: note: See https://mypy.readthedocs.io/en/stable/running_mypy.html#missing-imports
/home/luna/dotfiles/hypr/.config/hypr/UserScripts/Weather.py:9:1:9:1: error: Skipping analyzing "pyquery": module is installed, but missing library stubs or py.typed marker  [import-untyped]

2025-03-25 08:35:46.090 [info] [Trace - 8:35:46 AM] Received notification 'window/logMessage'.
2025-03-25 08:35:46.090 [info] file:///home/luna/dotfiles/hypr/.config/hypr/UserScripts/Weather.py :
/home/luna/dotfiles/hypr/.config/hypr/UserScripts/Weather.py:6:1:6:1: error: Library stubs not installed for "requests"  [import-untyped]
/home/luna/dotfiles/hypr/.config/hypr/UserScripts/Weather.py:6:1:6:1: note: Hint: "python3 -m pip install types-requests"
/home/luna/dotfiles/hypr/.config/hypr/UserScripts/Weather.py:6:1:6:1: note: (or run "mypy --install-types" to install all missing stub packages)
/home/luna/dotfiles/hypr/.config/hypr/UserScripts/Weather.py:6:1:6:1: note: See https://mypy.readthedocs.io/en/stable/running_mypy.html#missing-imports
/home/luna/dotfiles/hypr/.config/hypr/UserScripts/Weather.py:9:1:9:1: error: Skipping analyzing "pyquery": module is installed, but missing library stubs or py.typed marker  [import-untyped]

2025-03-25 08:35:46.092 [info] [Trace - 8:35:46 AM] Received notification 'textDocument/publishDiagnostics'.
2025-03-25 08:35:46.093 [info] /home/luna/dotfiles/vscode/.vscode/extensions/ms-python.mypy-type-checker-2025.2.0/bundled/tool/lsp_server.py:179: DeprecationWarning: 'workspace.get_document' has been deprecated, use 'workspace.get_text_document' instead
  document = LSP_SERVER.workspace.get_document(params.text_document.uri)

2025-03-25 08:35:46.093 [info] [Trace - 8:35:46 AM] Received notification 'textDocument/publishDiagnostics'.
2025-03-25 08:41:30.308 [info] [Trace - 8:41:30 AM] Sending notification 'textDocument/didOpen'.
2025-03-25 08:41:30.389 [info] [Trace - 8:41:30 AM] Received notification 'window/logMessage'.
2025-03-25 08:41:30.389 [info] /bin/python -m mypy --no-color-output --no-error-summary --show-absolute-path --show-column-numbers --show-error-codes --no-pretty --show-error-end /home/luna/dotfiles/hypr/.config/hypr/UserScripts/Weather.py
2025-03-25 08:41:30.408 [info] [Trace - 8:41:30 AM] Received notification 'window/logMessage'.
2025-03-25 08:41:30.408 [info] CWD Server: /home/luna/dotfiles/hypr/.config/hypr
2025-03-25 08:41:30.881 [info] [Trace - 8:41:30 AM] Received notification 'window/logMessage'.
2025-03-25 08:41:30.881 [info] file:///home/luna/dotfiles/hypr/.config/hypr/UserScripts/Weather.py :
/home/luna/dotfiles/hypr/.config/hypr/UserScripts/Weather.py:6:1:6:1: error: Library stubs not installed for "requests"  [import-untyped]
/home/luna/dotfiles/hypr/.config/hypr/UserScripts/Weather.py:6:1:6:1: note: Hint: "python3 -m pip install types-requests"
/home/luna/dotfiles/hypr/.config/hypr/UserScripts/Weather.py:6:1:6:1: note: (or run "mypy --install-types" to install all missing stub packages)
/home/luna/dotfiles/hypr/.config/hypr/UserScripts/Weather.py:6:1:6:1: note: See https://mypy.readthedocs.io/en/stable/running_mypy.html#missing-imports
/home/luna/dotfiles/hypr/.config/hypr/UserScripts/Weather.py:9:1:9:1: error: Skipping analyzing "pyquery": module is installed, but missing library stubs or py.typed marker  [import-untyped]

2025-03-25 08:41:30.881 [info] [Trace - 8:41:30 AM] Received notification 'window/logMessage'.
2025-03-25 08:41:30.881 [info] file:///home/luna/dotfiles/hypr/.config/hypr/UserScripts/Weather.py :
/home/luna/dotfiles/hypr/.config/hypr/UserScripts/Weather.py:6:1:6:1: error: Library stubs not installed for "requests"  [import-untyped]
/home/luna/dotfiles/hypr/.config/hypr/UserScripts/Weather.py:6:1:6:1: note: Hint: "python3 -m pip install types-requests"
/home/luna/dotfiles/hypr/.config/hypr/UserScripts/Weather.py:6:1:6:1: note: (or run "mypy --install-types" to install all missing stub packages)
/home/luna/dotfiles/hypr/.config/hypr/UserScripts/Weather.py:6:1:6:1: note: See https://mypy.readthedocs.io/en/stable/running_mypy.html#missing-imports
/home/luna/dotfiles/hypr/.config/hypr/UserScripts/Weather.py:9:1:9:1: error: Skipping analyzing "pyquery": module is installed, but missing library stubs or py.typed marker  [import-untyped]

2025-03-25 08:41:30.882 [info] [Trace - 8:41:30 AM] Received notification 'textDocument/publishDiagnostics'.
2025-03-25 08:41:31.945 [info] [Trace - 8:41:31 AM] Sending notification 'textDocument/didClose'.
2025-03-25 08:41:31.951 [info] [Trace - 8:41:31 AM] Received notification 'textDocument/publishDiagnostics'.
2025-03-25 08:47:13.207 [info] [Trace - 8:47:13 AM] Sending notification 'textDocument/didOpen'.
2025-03-25 08:47:13.244 [info] [Trace - 8:47:13 AM] Received notification 'window/logMessage'.
2025-03-25 08:47:13.244 [info] /bin/python -m mypy --no-color-output --no-error-summary --show-absolute-path --show-column-numbers --show-error-codes --no-pretty --show-error-end /home/luna/dotfiles/hypr/.config/hypr/UserScripts/Weather.py
2025-03-25 08:47:13.247 [info] [Trace - 8:47:13 AM] Received notification 'window/logMessage'.
2025-03-25 08:47:13.247 [info] CWD Server: /home/luna/dotfiles/hypr/.config/hypr
2025-03-25 08:47:13.505 [info] [Trace - 8:47:13 AM] Received notification 'window/logMessage'.
2025-03-25 08:47:13.506 [info] file:///home/luna/dotfiles/hypr/.config/hypr/UserScripts/Weather.py :
/home/luna/dotfiles/hypr/.config/hypr/UserScripts/Weather.py:6:1:6:1: error: Library stubs not installed for "requests"  [import-untyped]
/home/luna/dotfiles/hypr/.config/hypr/UserScripts/Weather.py:6:1:6:1: note: Hint: "python3 -m pip install types-requests"
/home/luna/dotfiles/hypr/.config/hypr/UserScripts/Weather.py:6:1:6:1: note: (or run "mypy --install-types" to install all missing stub packages)
/home/luna/dotfiles/hypr/.config/hypr/UserScripts/Weather.py:6:1:6:1: note: See https://mypy.readthedocs.io/en/stable/running_mypy.html#missing-imports
/home/luna/dotfiles/hypr/.config/hypr/UserScripts/Weather.py:9:1:9:1: error: Skipping analyzing "pyquery": module is installed, but missing library stubs or py.typed marker  [import-untyped]

2025-03-25 08:47:13.506 [info] [Trace - 8:47:13 AM] Received notification 'window/logMessage'.
2025-03-25 08:47:13.506 [info] file:///home/luna/dotfiles/hypr/.config/hypr/UserScripts/Weather.py :
/home/luna/dotfiles/hypr/.config/hypr/UserScripts/Weather.py:6:1:6:1: error: Library stubs not installed for "requests"  [import-untyped]
/home/luna/dotfiles/hypr/.config/hypr/UserScripts/Weather.py:6:1:6:1: note: Hint: "python3 -m pip install types-requests"
/home/luna/dotfiles/hypr/.config/hypr/UserScripts/Weather.py:6:1:6:1: note: (or run "mypy --install-types" to install all missing stub packages)
/home/luna/dotfiles/hypr/.config/hypr/UserScripts/Weather.py:6:1:6:1: note: See https://mypy.readthedocs.io/en/stable/running_mypy.html#missing-imports
/home/luna/dotfiles/hypr/.config/hypr/UserScripts/Weather.py:9:1:9:1: error: Skipping analyzing "pyquery": module is installed, but missing library stubs or py.typed marker  [import-untyped]

2025-03-25 08:47:13.507 [info] [Trace - 8:47:13 AM] Received notification 'textDocument/publishDiagnostics'.
2025-03-25 08:47:14.603 [info] [Trace - 8:47:14 AM] Sending notification 'textDocument/didClose'.
2025-03-25 08:47:14.606 [info] [Trace - 8:47:14 AM] Received notification 'textDocument/publishDiagnostics'.
2025-03-25 08:53:44.275 [info] [Trace - 8:53:44 AM] Sending notification 'textDocument/didOpen'.
2025-03-25 08:53:44.292 [info] [Trace - 8:53:44 AM] Received notification 'window/logMessage'.
2025-03-25 08:53:44.292 [info] /bin/python -m mypy --no-color-output --no-error-summary --show-absolute-path --show-column-numbers --show-error-codes --no-pretty --show-error-end /home/luna/dotfiles/hypr/.config/hypr/UserScripts/Weather.py
2025-03-25 08:53:44.293 [info] [Trace - 8:53:44 AM] Received notification 'window/logMessage'.
2025-03-25 08:53:44.293 [info] CWD Server: /home/luna/dotfiles/hypr/.config/hypr
2025-03-25 08:53:44.648 [info] [Trace - 8:53:44 AM] Received notification 'window/logMessage'.
2025-03-25 08:53:44.648 [info] file:///home/luna/dotfiles/hypr/.config/hypr/UserScripts/Weather.py :
/home/luna/dotfiles/hypr/.config/hypr/UserScripts/Weather.py:6:1:6:1: error: Library stubs not installed for "requests"  [import-untyped]
/home/luna/dotfiles/hypr/.config/hypr/UserScripts/Weather.py:6:1:6:1: note: Hint: "python3 -m pip install types-requests"
/home/luna/dotfiles/hypr/.config/hypr/UserScripts/Weather.py:6:1:6:1: note: (or run "mypy --install-types" to install all missing stub packages)
/home/luna/dotfiles/hypr/.config/hypr/UserScripts/Weather.py:6:1:6:1: note: See https://mypy.readthedocs.io/en/stable/running_mypy.html#missing-imports
/home/luna/dotfiles/hypr/.config/hypr/UserScripts/Weather.py:9:1:9:1: error: Skipping analyzing "pyquery": module is installed, but missing library stubs or py.typed marker  [import-untyped]

2025-03-25 08:53:44.676 [info] [Trace - 8:53:44 AM] Received notification 'window/logMessage'.
2025-03-25 08:53:44.676 [info] file:///home/luna/dotfiles/hypr/.config/hypr/UserScripts/Weather.py :
/home/luna/dotfiles/hypr/.config/hypr/UserScripts/Weather.py:6:1:6:1: error: Library stubs not installed for "requests"  [import-untyped]
/home/luna/dotfiles/hypr/.config/hypr/UserScripts/Weather.py:6:1:6:1: note: Hint: "python3 -m pip install types-requests"
/home/luna/dotfiles/hypr/.config/hypr/UserScripts/Weather.py:6:1:6:1: note: (or run "mypy --install-types" to install all missing stub packages)
/home/luna/dotfiles/hypr/.config/hypr/UserScripts/Weather.py:6:1:6:1: note: See https://mypy.readthedocs.io/en/stable/running_mypy.html#missing-imports
/home/luna/dotfiles/hypr/.config/hypr/UserScripts/Weather.py:9:1:9:1: error: Skipping analyzing "pyquery": module is installed, but missing library stubs or py.typed marker  [import-untyped]

2025-03-25 08:53:44.677 [info] [Trace - 8:53:44 AM] Received notification 'textDocument/publishDiagnostics'.
2025-03-25 08:53:44.847 [info] [Trace - 8:53:44 AM] Sending notification 'textDocument/didClose'.
2025-03-25 08:53:44.868 [info] [Trace - 8:53:44 AM] Received notification 'textDocument/publishDiagnostics'.
