2025-03-23 22:52:04.952 [info] [main] Log level: Info
2025-03-23 22:52:04.952 [info] [main] Validating found git in: "git"
2025-03-23 22:52:04.952 [info] [main] Using git "2.48.1" from "git"
2025-03-23 22:52:04.952 [info] [Model][doInitialScan] Initial repository scan started
2025-03-23 22:52:04.952 [info] > git rev-parse --show-toplevel [14ms]
2025-03-23 22:52:04.952 [info] > git rev-parse --git-dir --git-common-dir [1ms]
2025-03-23 22:52:04.952 [info] [Model][openRepository] Opened repository: /home/luna/repos/gh-cli-rs
2025-03-23 22:52:04.952 [info] > git config --get commit.template [5ms]
2025-03-23 22:52:04.952 [info] > git fetch [8ms]
2025-03-23 22:52:04.955 [info] > git rev-parse --show-toplevel [5ms]
2025-03-23 22:52:04.956 [info] [Git][getRemotes] No remotes found in the git config file
2025-03-23 22:52:04.968 [info] > git config --get commit.template [13ms]
2025-03-23 22:52:04.971 [info] > git rev-parse --show-toplevel [7ms]
2025-03-23 22:52:04.973 [info] [Model][doInitialScan] Initial repository scan completed - repositories (1), closed repositories (0), parent repositories (0), unsafe repositories (0)
2025-03-23 22:52:04.974 [info] > git for-each-ref --format=%(refname)%00%(upstream:short)%00%(objectname)%00%(upstream:track)%00%(upstream:remotename)%00%(upstream:remoteref) refs/heads/main refs/remotes/main [14ms]
2025-03-23 22:52:04.996 [info] [Git][getRemotes] No remotes found in the git config file
2025-03-23 22:52:04.997 [info] > git for-each-ref --format=%(refname)%00%(upstream:short)%00%(objectname)%00%(upstream:track)%00%(upstream:remotename)%00%(upstream:remoteref) refs/heads/main refs/remotes/main [20ms]
2025-03-23 22:52:05.001 [info] > git config --get --local branch.main.vscode-merge-base [1ms]
2025-03-23 22:52:05.002 [warning] [Git][config] git config failed: Failed to execute git
2025-03-23 22:52:05.004 [info] > git for-each-ref --format=%(refname)%00%(upstream:short)%00%(objectname)%00%(upstream:track)%00%(upstream:remotename)%00%(upstream:remoteref) refs/heads/main refs/remotes/main [8ms]
2025-03-23 22:52:05.017 [info] > git status -z -uall [8ms]
2025-03-23 22:52:05.018 [info] > git reflog main --grep-reflog=branch: Created from *. [14ms]
2025-03-23 22:52:05.022 [info] > git for-each-ref --sort -committerdate --format %(refname) %(objectname) %(*objectname) [6ms]
2025-03-23 22:52:05.796 [info] > git log --format=%H%n%aN%n%aE%n%at%n%ct%n%P%n%D%n%B -z --shortstat --diff-merges=first-parent -n50 --skip=0 --topo-order --decorate=full --stdin [703ms]
2025-03-23 22:52:05.897 [info] > git check-ignore -v -z --stdin [96ms]
2025-03-23 22:52:05.898 [info] > git show --textconv :Cargo.toml [9ms]
2025-03-23 22:52:05.898 [info] > git ls-files --stage -- /home/luna/repos/gh-cli-rs/Cargo.toml [3ms]
2025-03-23 22:52:05.903 [info] > git config --get commit.template [116ms]
2025-03-23 22:52:05.996 [info] > git cat-file -s 658cfee84005a10d855c777d5c659816b5395e4a [94ms]
2025-03-23 22:52:06.001 [info] [Git][getRemotes] No remotes found in the git config file
2025-03-23 22:52:06.010 [info] > git for-each-ref --format=%(refname)%00%(upstream:short)%00%(objectname)%00%(upstream:track)%00%(upstream:remotename)%00%(upstream:remoteref) refs/heads/main refs/remotes/main [5ms]
2025-03-23 22:52:06.019 [info] > git status -z -uall [5ms]
2025-03-23 22:52:06.034 [info] > git for-each-ref --sort -committerdate --format %(refname) %(objectname) %(*objectname) [17ms]
2025-03-23 22:52:06.177 [info] > git blame --root --incremental 9b9954e6e609f62f768df0de0c04c4b75610d789 -- /home/luna/repos/gh-cli-rs/Cargo.toml [41ms]
2025-03-23 22:52:07.662 [info] > git show --textconv :src/main.rs [13ms]
2025-03-23 22:52:07.663 [info] > git ls-files --stage -- /home/luna/repos/gh-cli-rs/src/main.rs [9ms]
2025-03-23 22:52:07.678 [info] > git cat-file -s e7a11a969c037e00a796aafeff6258501ec15e9a [11ms]
2025-03-23 22:52:07.766 [info] > git config --get commit.template [46ms]
2025-03-23 22:52:07.796 [info] [Git][getRemotes] No remotes found in the git config file
2025-03-23 22:52:07.814 [info] > git for-each-ref --format=%(refname)%00%(upstream:short)%00%(objectname)%00%(upstream:track)%00%(upstream:remotename)%00%(upstream:remoteref) refs/heads/main refs/remotes/main [19ms]
2025-03-23 22:52:07.843 [info] > git status -z -uall [25ms]
2025-03-23 22:52:07.845 [info] > git for-each-ref --sort -committerdate --format %(refname) %(objectname) %(*objectname) [24ms]
2025-03-23 22:52:07.926 [info] > git blame --root --incremental 9b9954e6e609f62f768df0de0c04c4b75610d789 -- /home/luna/repos/gh-cli-rs/src/main.rs [9ms]
2025-03-23 22:52:08.050 [info] > git config --get --local branch.main.github-pr-owner-number [16ms]
2025-03-23 22:52:08.050 [warning] [Git][config] git config failed: Failed to execute git
2025-03-23 22:52:08.097 [info] > git config --get --local branch.main.remote [35ms]
2025-03-23 22:52:08.097 [warning] [Git][config] git config failed: Failed to execute git
2025-03-23 22:52:08.109 [info] > git config --get --local branch.main.merge [5ms]
2025-03-23 22:52:08.109 [warning] [Git][config] git config failed: Failed to execute git
2025-03-23 22:52:09.538 [info] [Git][getRemotes] No remotes found in the git config file
2025-03-23 22:52:09.542 [info] > git config --get commit.template [104ms]
2025-03-23 22:52:09.549 [info] > git for-each-ref --format=%(refname)%00%(upstream:short)%00%(objectname)%00%(upstream:track)%00%(upstream:remotename)%00%(upstream:remoteref) refs/heads/main refs/remotes/main [10ms]
2025-03-23 22:52:09.572 [info] > git status -z -uall [14ms]
2025-03-23 22:52:09.572 [info] > git for-each-ref --sort -committerdate --format %(refname) %(objectname) %(*objectname) [4ms]
2025-03-23 22:54:10.822 [info] > git config --get commit.template [2ms]
2025-03-23 22:54:10.824 [info] [Git][getRemotes] No remotes found in the git config file
2025-03-23 22:54:10.831 [info] > git for-each-ref --format=%(refname)%00%(upstream:short)%00%(objectname)%00%(upstream:track)%00%(upstream:remotename)%00%(upstream:remoteref) refs/heads/main refs/remotes/main [0ms]
2025-03-23 22:54:10.850 [info] > git status -z -uall [12ms]
2025-03-23 22:54:10.851 [info] > git for-each-ref --sort -committerdate --format %(refname) %(objectname) %(*objectname) [4ms]
2025-03-23 22:55:57.509 [info] > git fetch [23ms]
2025-03-23 22:55:57.532 [info] > git config --get commit.template [1ms]
2025-03-23 22:55:57.540 [info] [Git][getRemotes] No remotes found in the git config file
2025-03-23 22:55:57.542 [info] > git for-each-ref --format=%(refname)%00%(upstream:short)%00%(objectname)%00%(upstream:track)%00%(upstream:remotename)%00%(upstream:remoteref) refs/heads/main refs/remotes/main [2ms]
2025-03-23 22:55:57.555 [info] > git status -z -uall [7ms]
2025-03-23 22:55:57.561 [info] > git for-each-ref --sort -committerdate --format %(refname) %(objectname) %(*objectname) [7ms]
2025-03-23 22:55:58.665 [info] [Git][getRemotes] No remotes found in the git config file
2025-03-23 22:55:58.667 [info] > git for-each-ref --format=%(refname)%00%(upstream:short)%00%(objectname)%00%(upstream:track)%00%(upstream:remotename)%00%(upstream:remoteref) refs/heads/main refs/remotes/main [3ms]
2025-03-23 22:55:58.668 [info] > git config --get commit.template [11ms]
2025-03-23 22:55:58.687 [info] > git status -z -uall [9ms]
2025-03-23 22:55:58.691 [info] > git for-each-ref --sort -committerdate --format %(refname) %(objectname) %(*objectname) [8ms]
2025-03-23 22:55:58.760 [info] > git ls-files --stage -- /home/luna/repos/gh-cli-rs/src/main.rs [1ms]
2025-03-23 22:55:58.767 [info] > git cat-file -s e7a11a969c037e00a796aafeff6258501ec15e9a [1ms]
2025-03-23 22:55:58.774 [info] > git show --textconv :src/main.rs [1ms]
2025-03-23 23:03:40.886 [info] > git fetch [15ms]
2025-03-23 23:03:40.917 [info] [Git][getRemotes] No remotes found in the git config file
2025-03-23 23:03:40.917 [info] > git config --get commit.template [9ms]
2025-03-23 23:03:40.921 [info] > git for-each-ref --format=%(refname)%00%(upstream:short)%00%(objectname)%00%(upstream:track)%00%(upstream:remotename)%00%(upstream:remoteref) refs/heads/main refs/remotes/main [4ms]
2025-03-23 23:03:40.938 [info] > git status -z -uall [11ms]
2025-03-23 23:03:40.943 [info] > git for-each-ref --sort -committerdate --format %(refname) %(objectname) %(*objectname) [6ms]
2025-03-23 23:04:10.885 [info] > git config --get commit.template [1ms]
2025-03-23 23:04:10.886 [info] > git ls-files --stage -- /home/luna/repos/gh-cli-rs/src/main.rs [10ms]
2025-03-23 23:04:10.897 [info] [Git][getRemotes] No remotes found in the git config file
2025-03-23 23:04:10.897 [info] > git for-each-ref --format=%(refname)%00%(upstream:short)%00%(objectname)%00%(upstream:track)%00%(upstream:remotename)%00%(upstream:remoteref) refs/heads/main refs/remotes/main [1ms]
2025-03-23 23:04:10.910 [info] > git cat-file -s e7a11a969c037e00a796aafeff6258501ec15e9a [19ms]
2025-03-23 23:04:10.912 [info] > git status -z -uall [8ms]
2025-03-23 23:04:10.913 [info] > git for-each-ref --sort -committerdate --format %(refname) %(objectname) %(*objectname) [3ms]
2025-03-23 23:04:10.982 [info] > git show --textconv :src/main.rs [1ms]
2025-03-23 23:07:13.322 [info] > git fetch [48ms]
2025-03-23 23:07:13.376 [info] [Git][getRemotes] No remotes found in the git config file
2025-03-23 23:07:13.376 [info] > git config --get commit.template [16ms]
2025-03-23 23:07:13.380 [info] > git for-each-ref --format=%(refname)%00%(upstream:short)%00%(objectname)%00%(upstream:track)%00%(upstream:remotename)%00%(upstream:remoteref) refs/heads/main refs/remotes/main [7ms]
2025-03-23 23:07:13.395 [info] > git status -z -uall [9ms]
2025-03-23 23:07:13.405 [info] > git for-each-ref --sort -committerdate --format %(refname) %(objectname) %(*objectname) [11ms]
2025-03-23 23:07:31.484 [info] > git ls-files --stage -- /home/luna/repos/gh-cli-rs/src/main.rs [1ms]
2025-03-23 23:07:31.489 [info] > git config --get commit.template [13ms]
2025-03-23 23:07:31.490 [info] > git cat-file -s e7a11a969c037e00a796aafeff6258501ec15e9a [1ms]
2025-03-23 23:07:31.496 [info] [Git][getRemotes] No remotes found in the git config file
2025-03-23 23:07:31.502 [info] > git for-each-ref --format=%(refname)%00%(upstream:short)%00%(objectname)%00%(upstream:track)%00%(upstream:remotename)%00%(upstream:remoteref) refs/heads/main refs/remotes/main [7ms]
2025-03-23 23:07:31.515 [info] > git show --textconv :src/main.rs [13ms]
2025-03-23 23:07:31.515 [info] > git status -z -uall [7ms]
2025-03-23 23:07:31.515 [info] > git for-each-ref --sort -committerdate --format %(refname) %(objectname) %(*objectname) [2ms]
2025-03-23 23:12:44.236 [info] > git fetch [20ms]
2025-03-23 23:12:44.245 [info] > git config --get commit.template [0ms]
2025-03-23 23:12:44.251 [info] [Git][getRemotes] No remotes found in the git config file
2025-03-23 23:12:44.253 [info] > git for-each-ref --format=%(refname)%00%(upstream:short)%00%(objectname)%00%(upstream:track)%00%(upstream:remotename)%00%(upstream:remoteref) refs/heads/main refs/remotes/main [2ms]
2025-03-23 23:12:44.265 [info] > git status -z -uall [7ms]
2025-03-23 23:12:44.265 [info] > git for-each-ref --sort -committerdate --format %(refname) %(objectname) %(*objectname) [1ms]
2025-03-23 23:13:03.080 [info] [Git][getRemotes] No remotes found in the git config file
2025-03-23 23:13:03.081 [info] > git for-each-ref --format=%(refname)%00%(upstream:short)%00%(objectname)%00%(upstream:track)%00%(upstream:remotename)%00%(upstream:remoteref) refs/heads/main refs/remotes/main [2ms]
2025-03-23 23:13:03.081 [info] > git config --get commit.template [7ms]
2025-03-23 23:13:03.093 [info] > git status -z -uall [6ms]
2025-03-23 23:13:03.094 [info] > git for-each-ref --sort -committerdate --format %(refname) %(objectname) %(*objectname) [3ms]
2025-03-23 23:13:03.161 [info] > git ls-files --stage -- /home/luna/repos/gh-cli-rs/src/main.rs [1ms]
2025-03-23 23:13:03.168 [info] > git cat-file -s e7a11a969c037e00a796aafeff6258501ec15e9a [2ms]
2025-03-23 23:13:03.174 [info] > git show --textconv :src/main.rs [0ms]
2025-03-23 23:35:46.729 [info] > git fetch [7ms]
2025-03-23 23:35:46.757 [info] > git config --get commit.template [1ms]
2025-03-23 23:35:46.765 [info] [Git][getRemotes] No remotes found in the git config file
2025-03-23 23:35:46.766 [info] > git for-each-ref --format=%(refname)%00%(upstream:short)%00%(objectname)%00%(upstream:track)%00%(upstream:remotename)%00%(upstream:remoteref) refs/heads/main refs/remotes/main [2ms]
2025-03-23 23:35:46.777 [info] > git status -z -uall [6ms]
2025-03-23 23:35:46.784 [info] > git for-each-ref --sort -committerdate --format %(refname) %(objectname) %(*objectname) [8ms]
2025-03-23 23:36:09.160 [info] > git ls-files --stage -- /home/luna/repos/gh-cli-rs/src/main.rs [1ms]
2025-03-23 23:36:09.170 [info] > git config --get commit.template [23ms]
2025-03-23 23:36:09.171 [info] > git cat-file -s e7a11a969c037e00a796aafeff6258501ec15e9a [1ms]
2025-03-23 23:36:09.178 [info] [Git][getRemotes] No remotes found in the git config file
2025-03-23 23:36:09.179 [info] > git for-each-ref --format=%(refname)%00%(upstream:short)%00%(objectname)%00%(upstream:track)%00%(upstream:remotename)%00%(upstream:remoteref) refs/heads/main refs/remotes/main [2ms]
2025-03-23 23:36:09.196 [info] > git status -z -uall [12ms]
2025-03-23 23:36:09.197 [info] > git show --textconv :src/main.rs [2ms]
2025-03-23 23:36:09.197 [info] > git for-each-ref --sort -committerdate --format %(refname) %(objectname) %(*objectname) [8ms]
2025-03-23 23:39:02.632 [info] > git fetch [24ms]
2025-03-23 23:39:02.642 [info] > git config --get commit.template [0ms]
2025-03-23 23:39:02.648 [info] [Git][getRemotes] No remotes found in the git config file
2025-03-23 23:39:02.649 [info] > git for-each-ref --format=%(refname)%00%(upstream:short)%00%(objectname)%00%(upstream:track)%00%(upstream:remotename)%00%(upstream:remoteref) refs/heads/main refs/remotes/main [1ms]
2025-03-23 23:39:02.661 [info] > git status -z -uall [6ms]
2025-03-23 23:39:02.664 [info] > git for-each-ref --sort -committerdate --format %(refname) %(objectname) %(*objectname) [5ms]
2025-03-23 23:39:03.786 [info] > git config --get commit.template [1ms]
2025-03-23 23:39:03.790 [info] [Git][getRemotes] No remotes found in the git config file
2025-03-23 23:39:03.791 [info] > git for-each-ref --format=%(refname)%00%(upstream:short)%00%(objectname)%00%(upstream:track)%00%(upstream:remotename)%00%(upstream:remoteref) refs/heads/main refs/remotes/main [1ms]
2025-03-23 23:39:03.806 [info] > git status -z -uall [8ms]
2025-03-23 23:39:03.810 [info] > git for-each-ref --sort -committerdate --format %(refname) %(objectname) %(*objectname) [5ms]
2025-03-23 23:39:03.841 [info] > git ls-files --stage -- /home/luna/repos/gh-cli-rs/src/main.rs [2ms]
2025-03-23 23:39:03.847 [info] > git cat-file -s e7a11a969c037e00a796aafeff6258501ec15e9a [1ms]
2025-03-23 23:39:03.855 [info] > git show --textconv :src/main.rs [0ms]
