2025-03-24 21:16:55.231 [info] [Activation] Extension version: 0.106.0
2025-03-24 21:16:55.303 [info] [Activation] Looking for git repository
2025-03-24 21:16:55.303 [info] [Activation] Found 0 repositories during activation
2025-03-24 21:16:55.303 [info] [Activation] Git repository found, initializing review manager and pr tree view.
2025-03-24 21:16:55.304 [info] [GitAPI] Registering git provider
2025-03-24 21:17:45.549 [info] [Activation] Extension version: 0.106.0
2025-03-24 21:17:45.963 [info] [Activation] Looking for git repository
2025-03-24 21:17:45.963 [info] [Activation] Found 0 repositories during activation
2025-03-24 21:17:45.963 [info] [Activation] Git repository found, initializing review manager and pr tree view.
2025-03-24 21:17:45.964 [info] [GitAPI] Registering git provider
2025-03-24 21:17:45.964 [info] [Review+0] Validate state in progress
2025-03-24 21:17:45.964 [info] [Review+0] Validating state...
2025-03-24 21:17:45.965 [warning] No remotes found. The following remotes are missing: origin, upstream
2025-03-24 21:17:45.965 [info] [FolderRepositoryManager+0] No GitHub remotes found for folder /home/luna/repos/gh-cli-rs
2025-03-24 21:17:45.965 [info] [FolderRepositoryManager+0] Trying to use globalState for assignableUsers.
2025-03-24 21:17:45.973 [info] [Review+0] No matching pull request metadata found locally for current branch main
2025-03-24 21:17:45.981 [info] [Review+0] No matching pull request metadata found on GitHub for current branch main
2025-03-24 21:17:46.076 [info] [FolderRepositoryManager+0] Using globalState assignableUsers for 0.
2025-03-24 21:17:46.809 [info] [Activation] Repo state for file:///home/luna/repos/gh-cli-rs changed.
2025-03-24 21:17:46.809 [info] [Activation] Repo file:///home/luna/repos/gh-cli-rs has already been setup.
2025-03-24 22:17:48.791 [info] [Review+0] Validate state in progress
2025-03-24 22:17:48.791 [info] [Review+0] Validating state...
2025-03-24 22:17:48.793 [warning] No remotes found. The following remotes are missing: origin, upstream
2025-03-24 22:17:48.793 [info] [FolderRepositoryManager+0] No GitHub remotes found for folder /home/luna/repos/gh-cli-rs
2025-03-24 22:17:48.794 [info] [FolderRepositoryManager+0] Using in-memory cached assignable users.
2025-03-24 22:17:48.881 [info] [Review+0] No matching pull request metadata found locally for current branch main
2025-03-24 22:17:48.897 [info] [Review+0] No matching pull request metadata found on GitHub for current branch main
