2025-03-24 00:56:53.800 [info] [2025-03-23 16:56:53.795] [          4ms] [/home/luna/.rustup/toolchains/stable-aarch64-unknown-linux-gnu/lib/rustlib/src/rust/library/core/src] git rev-parse --show-toplevel • FAILED
2025-03-24 00:56:53.800 [info] 
Error: Command failed: /usr/bin/git -c core.quotepath=false -c color.ui=false rev-parse --show-toplevel
fatal: not a git repository (or any parent up to mount point /)
Stopping at filesystem boundary (GIT_DISCOVERY_ACROSS_FILESYSTEM not set).


2025-03-24 00:56:53.843 [info] [2025-03-23 16:56:53.843] [          2ms] [/home/luna/.cargo/registry/src/index.crates.io-1949cf8c6b5b557f/crossterm-0.28.1/src] git rev-parse --show-toplevel • FAILED
2025-03-24 00:56:53.843 [info] 
Error: Command failed: /usr/bin/git -c core.quotepath=false -c color.ui=false rev-parse --show-toplevel
fatal: not a git repository (or any parent up to mount point /)
Stopping at filesystem boundary (GIT_DISCOVERY_ACROSS_FILESYSTEM not set).


2025-03-24 00:56:53.911 [info] [2025-03-23 16:56:53.911] [          4ms] [/home/luna/.cargo/registry/src/index.crates.io-1949cf8c6b5b557f/crossterm-0.28.1/src] git rev-parse --show-toplevel • FAILED
2025-03-24 00:56:53.911 [info] 
Error: Command failed: /usr/bin/git -c core.quotepath=false -c color.ui=false rev-parse --show-toplevel
fatal: not a git repository (or any parent up to mount point /)
Stopping at filesystem boundary (GIT_DISCOVERY_ACROSS_FILESYSTEM not set).


2025-03-24 01:01:08.062 [info] [2025-03-23 17:01:08.062] [          2ms] [/home/luna/.rustup/toolchains/stable-aarch64-unknown-linux-gnu/lib/rustlib/src/rust/library/core/src] git rev-parse --show-toplevel • FAILED
2025-03-24 01:01:08.062 [info] 
Error: Command failed: /usr/bin/git -c core.quotepath=false -c color.ui=false rev-parse --show-toplevel
fatal: not a git repository (or any parent up to mount point /)
Stopping at filesystem boundary (GIT_DISCOVERY_ACROSS_FILESYSTEM not set).


2025-03-24 01:01:08.697 [info] [2025-03-23 17:01:08.697] [          4ms] [/home/luna/.rustup/toolchains/stable-aarch64-unknown-linux-gnu/lib/rustlib/src/rust/library/core/src] git rev-parse --show-toplevel • FAILED
2025-03-24 01:01:08.697 [info] 
Error: Command failed: /usr/bin/git -c core.quotepath=false -c color.ui=false rev-parse --show-toplevel
fatal: not a git repository (or any parent up to mount point /)
Stopping at filesystem boundary (GIT_DISCOVERY_ACROSS_FILESYSTEM not set).


2025-03-24 01:01:14.671 [info] [2025-03-23 17:01:14.671] [          4ms] [/home/luna/.cargo/registry/src/index.crates.io-1949cf8c6b5b557f/ratatui-0.29.0/src/backend] git rev-parse --show-toplevel • FAILED
2025-03-24 01:01:14.671 [info] 
Error: Command failed: /usr/bin/git -c core.quotepath=false -c color.ui=false rev-parse --show-toplevel
fatal: not a git repository (or any parent up to mount point /)
Stopping at filesystem boundary (GIT_DISCOVERY_ACROSS_FILESYSTEM not set).


2025-03-24 01:18:45.891 [info] [2025-03-23 17:18:45.891] [          5ms] [/home/luna/.rustup/toolchains/stable-aarch64-unknown-linux-gnu/lib/rustlib/src/rust/library/core/src] git rev-parse --show-toplevel • FAILED
2025-03-24 01:18:45.892 [info] 
Error: Command failed: /usr/bin/git -c core.quotepath=false -c color.ui=false rev-parse --show-toplevel
fatal: not a git repository (or any parent up to mount point /)
Stopping at filesystem boundary (GIT_DISCOVERY_ACROSS_FILESYSTEM not set).


2025-03-24 01:19:38.329 [info] [2025-03-23 17:19:38.329] [          5ms] [/home/luna/.cargo/registry/src/index.crates.io-1949cf8c6b5b557f/ratatui-0.29.0/src/layout] git rev-parse --show-toplevel • FAILED
2025-03-24 01:19:38.329 [info] 
Error: Command failed: /usr/bin/git -c core.quotepath=false -c color.ui=false rev-parse --show-toplevel
fatal: not a git repository (or any parent up to mount point /)
Stopping at filesystem boundary (GIT_DISCOVERY_ACROSS_FILESYSTEM not set).


2025-03-24 01:19:44.113 [info] [2025-03-23 17:19:44.113] [          4ms] [/home/luna/.cargo/registry/src/index.crates.io-1949cf8c6b5b557f/ratatui-0.29.0/src/widgets] git rev-parse --show-toplevel • FAILED
2025-03-24 01:19:44.113 [info] 
Error: Command failed: /usr/bin/git -c core.quotepath=false -c color.ui=false rev-parse --show-toplevel
fatal: not a git repository (or any parent up to mount point /)
Stopping at filesystem boundary (GIT_DISCOVERY_ACROSS_FILESYSTEM not set).


2025-03-24 01:19:58.262 [info] [2025-03-23 17:19:58.262] [          5ms] [/home/luna/.cargo/registry/src/index.crates.io-1949cf8c6b5b557f/ratatui-0.29.0/src/terminal] git rev-parse --show-toplevel • FAILED
2025-03-24 01:19:58.262 [info] 
Error: Command failed: /usr/bin/git -c core.quotepath=false -c color.ui=false rev-parse --show-toplevel
fatal: not a git repository (or any parent up to mount point /)
Stopping at filesystem boundary (GIT_DISCOVERY_ACROSS_FILESYSTEM not set).


2025-03-24 10:08:52.307 [info] [2025-03-24 02:08:52.307] [          9ms] [/home/luna/.cargo/registry/src/index.crates.io-1949cf8c6b5b557f/ratatui-0.29.0/src/terminal] git rev-parse --show-toplevel • FAILED
2025-03-24 10:08:52.307 [info] 
Error: Command failed: /usr/bin/git -c core.quotepath=false -c color.ui=false rev-parse --show-toplevel
fatal: not a git repository (or any parent up to mount point /)
Stopping at filesystem boundary (GIT_DISCOVERY_ACROSS_FILESYSTEM not set).


2025-03-24 10:10:23.252 [info] [2025-03-24 02:10:23.252] [          8ms] [/home/luna/.rustup/toolchains/stable-aarch64-unknown-linux-gnu/lib/rustlib/src/rust/library/std/src] git rev-parse --show-toplevel • FAILED
2025-03-24 10:10:23.253 [info] 
Error: Command failed: /usr/bin/git -c core.quotepath=false -c color.ui=false rev-parse --show-toplevel
fatal: not a git repository (or any parent up to mount point /)
Stopping at filesystem boundary (GIT_DISCOVERY_ACROSS_FILESYSTEM not set).


2025-03-24 10:14:23.613 [info] [2025-03-24 02:14:23.613] [          8ms] [/home/luna/.cargo/registry/src/index.crates.io-1949cf8c6b5b557f/ratatui-0.29.0/src] git rev-parse --show-toplevel • FAILED
2025-03-24 10:14:23.614 [info] 
Error: Command failed: /usr/bin/git -c core.quotepath=false -c color.ui=false rev-parse --show-toplevel
fatal: not a git repository (or any parent up to mount point /)
Stopping at filesystem boundary (GIT_DISCOVERY_ACROSS_FILESYSTEM not set).


