2025-03-23 23:52:18.685 [info] Reading sessions from keychain...
2025-03-23 23:52:18.685 [info] Getting sessions for all scopes...
2025-03-23 23:52:18.685 [info] Getting sessions for all scopes...
2025-03-23 23:52:18.685 [info] Getting sessions for all scopes...
2025-03-23 23:52:18.685 [info] Getting sessions for all scopes...
2025-03-23 23:52:18.685 [info] Getting sessions for all scopes...
2025-03-23 23:52:18.685 [info] Getting sessions for all scopes...
2025-03-23 23:52:18.685 [info] Getting sessions for all scopes...
2025-03-23 23:52:18.685 [info] Getting sessions for all scopes...
2025-03-23 23:52:18.849 [info] Got stored sessions!
2025-03-23 23:52:18.849 [info] Got 1 verified sessions.
2025-03-23 23:52:18.849 [info] Got 1 sessions for ...
2025-03-23 23:52:18.849 [info] Got 1 sessions for ...
2025-03-23 23:52:18.849 [info] Got 1 sessions for ...
2025-03-23 23:52:18.849 [info] Got 1 sessions for ...
2025-03-23 23:52:18.849 [info] Got 1 sessions for ...
2025-03-23 23:52:18.849 [info] Got 1 sessions for ...
2025-03-23 23:52:18.849 [info] Got 1 sessions for ...
2025-03-23 23:52:18.849 [info] Got 1 sessions for ...
2025-03-23 23:52:20.334 [info] Getting sessions for all scopes...
2025-03-23 23:52:20.334 [info] Got 1 sessions for ...
2025-03-23 23:52:20.377 [info] Getting sessions for read:user,repo,user:email...
2025-03-23 23:52:20.377 [info] Got 0 sessions for read:user,repo,user:email...
2025-03-23 23:52:20.450 [info] Getting sessions for read:user,repo,user:email,workflow...
2025-03-23 23:52:20.450 [info] Got 0 sessions for read:user,repo,user:email,workflow...
2025-03-23 23:52:20.450 [info] Getting sessions for project,read:org,read:user,repo,user:email,workflow...
2025-03-23 23:52:20.450 [info] Got 0 sessions for project,read:org,read:user,repo,user:email,workflow...
2025-03-23 23:52:21.488 [info] Getting sessions for read:user...
2025-03-23 23:52:21.488 [info] Got 0 sessions for read:user...
2025-03-23 23:52:21.488 [info] Getting sessions for read:user,repo,user:email,workflow...
2025-03-23 23:52:21.488 [info] Got 0 sessions for read:user,repo,user:email,workflow...
2025-03-23 23:52:21.491 [info] Getting sessions for read:user,repo,user:email...
2025-03-23 23:52:21.491 [info] Got 0 sessions for read:user,repo,user:email...
2025-03-23 23:52:21.650 [info] Getting sessions for user:email...
2025-03-23 23:52:21.650 [info] Got 1 sessions for user:email...
2025-03-23 23:52:21.650 [info] Getting sessions for read:user,repo,user:email...
2025-03-23 23:52:21.650 [info] Got 0 sessions for read:user,repo,user:email...
2025-03-23 23:52:21.686 [info] Getting sessions for read:user,repo,user:email,workflow...
2025-03-23 23:52:21.686 [info] Got 0 sessions for read:user,repo,user:email,workflow...
2025-03-23 23:52:27.442 [info] Getting sessions for all scopes...
2025-03-23 23:52:27.442 [info] Got 1 sessions for ...
2025-03-23 23:52:27.442 [info] Getting sessions for all scopes...
2025-03-23 23:52:27.442 [info] Got 1 sessions for ...
2025-03-23 23:52:27.444 [info] Getting sessions for read:user,repo,user:email,workflow...
2025-03-23 23:52:27.444 [info] Got 0 sessions for read:user,repo,user:email,workflow...
2025-03-23 23:52:27.445 [info] Getting sessions for user:email...
2025-03-23 23:52:27.445 [info] Got 1 sessions for user:email...
2025-03-23 23:52:27.445 [info] Getting sessions for read:user,repo,user:email,workflow...
2025-03-23 23:52:27.445 [info] Got 0 sessions for read:user,repo,user:email,workflow...
2025-03-23 23:52:27.446 [info] Getting sessions for all scopes...
2025-03-23 23:52:27.446 [info] Got 1 sessions for ...
2025-03-23 23:52:27.446 [info] Getting sessions for read:user,repo,user:email,workflow...
2025-03-23 23:52:27.446 [info] Got 0 sessions for read:user,repo,user:email,workflow...
2025-03-23 23:52:27.447 [info] Getting sessions for user:email...
2025-03-23 23:52:27.447 [info] Got 1 sessions for user:email...
2025-03-23 23:52:27.447 [info] Getting sessions for all scopes...
2025-03-23 23:52:27.447 [info] Got 1 sessions for ...
2025-03-23 23:52:27.448 [info] Getting sessions for read:user,repo,user:email,workflow...
2025-03-23 23:52:27.448 [info] Got 0 sessions for read:user,repo,user:email,workflow...
2025-03-23 23:52:27.448 [info] Getting sessions for user:email...
2025-03-23 23:52:27.448 [info] Got 1 sessions for user:email...
2025-03-23 23:52:27.527 [info] Getting sessions for all scopes...
2025-03-23 23:52:27.527 [info] Got 1 sessions for ...
2025-03-23 23:52:27.531 [info] Getting sessions for read:user,repo,user:email,workflow...
2025-03-23 23:52:27.531 [info] Got 0 sessions for read:user,repo,user:email,workflow...
2025-03-23 23:52:27.532 [info] Getting sessions for user:email...
2025-03-23 23:52:27.532 [info] Got 1 sessions for user:email...
2025-03-23 23:52:28.369 [info] Getting sessions for all scopes...
2025-03-23 23:52:28.369 [info] Got 1 sessions for ...
2025-03-23 23:52:28.369 [info] Getting sessions for all scopes...
2025-03-23 23:52:28.369 [info] Got 1 sessions for ...
2025-03-23 23:52:28.382 [info] Getting sessions for read:user,repo,user:email,workflow...
2025-03-23 23:52:28.382 [info] Got 0 sessions for read:user,repo,user:email,workflow...
2025-03-23 23:52:28.383 [info] Getting sessions for user:email...
2025-03-23 23:52:28.383 [info] Got 1 sessions for user:email...
2025-03-23 23:52:28.383 [info] Getting sessions for read:user,repo,user:email,workflow...
2025-03-23 23:52:28.383 [info] Got 0 sessions for read:user,repo,user:email,workflow...
2025-03-23 23:52:28.384 [info] Getting sessions for all scopes...
2025-03-23 23:52:28.384 [info] Got 1 sessions for ...
2025-03-23 23:52:28.385 [info] Getting sessions for read:user,repo,user:email,workflow...
2025-03-23 23:52:28.385 [info] Got 0 sessions for read:user,repo,user:email,workflow...
2025-03-23 23:52:28.386 [info] Getting sessions for user:email...
2025-03-23 23:52:28.386 [info] Got 1 sessions for user:email...
2025-03-23 23:52:28.487 [info] Getting sessions for all scopes...
2025-03-23 23:52:28.487 [info] Got 1 sessions for ...
2025-03-23 23:52:28.488 [info] Getting sessions for all scopes...
2025-03-23 23:52:28.488 [info] Got 1 sessions for ...
2025-03-23 23:52:28.495 [info] Getting sessions for read:user,repo,user:email,workflow...
2025-03-23 23:52:28.495 [info] Got 0 sessions for read:user,repo,user:email,workflow...
2025-03-23 23:52:28.495 [info] Getting sessions for user:email...
2025-03-23 23:52:28.495 [info] Got 1 sessions for user:email...
2025-03-23 23:52:28.495 [info] Getting sessions for read:user,repo,user:email,workflow...
2025-03-23 23:52:28.495 [info] Got 0 sessions for read:user,repo,user:email,workflow...
2025-03-23 23:52:28.506 [info] Getting sessions for all scopes...
2025-03-23 23:52:28.506 [info] Got 1 sessions for ...
2025-03-23 23:52:28.507 [info] Getting sessions for read:user,repo,user:email,workflow...
2025-03-23 23:52:28.507 [info] Got 0 sessions for read:user,repo,user:email,workflow...
2025-03-23 23:52:28.507 [info] Getting sessions for user:email...
2025-03-23 23:52:28.507 [info] Got 1 sessions for user:email...
2025-03-23 23:52:29.749 [info] Getting sessions for all scopes...
2025-03-23 23:52:29.749 [info] Got 1 sessions for ...
2025-03-23 23:52:29.750 [info] Getting sessions for read:user,repo,user:email,workflow...
2025-03-23 23:52:29.750 [info] Got 0 sessions for read:user,repo,user:email,workflow...
2025-03-23 23:52:29.750 [info] Getting sessions for user:email...
2025-03-23 23:52:29.750 [info] Got 1 sessions for user:email...
2025-03-23 23:52:30.414 [info] Getting sessions for user:email...
2025-03-23 23:52:30.414 [info] Got 1 sessions for user:email...
2025-03-23 23:52:41.490 [info] Getting sessions for all scopes...
2025-03-23 23:52:41.491 [info] Got 1 sessions for ...
