2025-02-20 17:18:31.641 [info] Reading sessions from keychain...
2025-02-20 17:18:31.641 [info] Getting sessions for all scopes...
2025-02-20 17:18:31.641 [info] Getting sessions for all scopes...
2025-02-20 17:18:31.641 [info] Getting sessions for all scopes...
2025-02-20 17:18:31.641 [info] Getting sessions for all scopes...
2025-02-20 17:18:31.641 [info] Getting sessions for all scopes...
2025-02-20 17:18:31.641 [info] Getting sessions for all scopes...
2025-02-20 17:18:31.641 [info] Getting sessions for all scopes...
2025-02-20 17:18:31.641 [info] Getting sessions for all scopes...
2025-02-20 17:18:31.764 [info] Got stored sessions!
2025-02-20 17:18:31.764 [info] Got 1 verified sessions.
2025-02-20 17:18:31.764 [info] Got 1 sessions for ...
2025-02-20 17:18:31.764 [info] Got 1 sessions for ...
2025-02-20 17:18:31.764 [info] Got 1 sessions for ...
2025-02-20 17:18:31.764 [info] Got 1 sessions for ...
2025-02-20 17:18:31.764 [info] Got 1 sessions for ...
2025-02-20 17:18:31.764 [info] Got 1 sessions for ...
2025-02-20 17:18:31.764 [info] Got 1 sessions for ...
2025-02-20 17:18:31.764 [info] Got 1 sessions for ...
2025-02-20 17:18:32.838 [info] Getting sessions for read:user,repo,user:email...
2025-02-20 17:18:32.838 [info] Got 0 sessions for read:user,repo,user:email...
2025-02-20 17:18:32.838 [info] Getting sessions for read:user,repo,user:email,workflow...
2025-02-20 17:18:32.838 [info] Got 1 sessions for read:user,repo,user:email,workflow...
2025-02-20 17:18:32.857 [info] Getting sessions for all scopes...
2025-02-20 17:18:32.857 [info] Got 1 sessions for ...
2025-02-20 17:18:32.863 [info] Getting sessions for all scopes...
2025-02-20 17:18:32.863 [info] Got 1 sessions for ...
2025-02-20 17:18:32.869 [info] Getting sessions for project,read:org,read:user,repo,user:email,workflow...
2025-02-20 17:18:32.869 [info] Got 0 sessions for project,read:org,read:user,repo,user:email,workflow...
2025-02-20 17:18:32.885 [info] Getting sessions for read:user,repo,user:email,workflow...
2025-02-20 17:18:32.885 [info] Got 1 sessions for read:user,repo,user:email,workflow...
2025-02-20 17:18:32.885 [info] Getting sessions for read:user,repo,user:email,workflow...
2025-02-20 17:18:32.885 [info] Got 1 sessions for read:user,repo,user:email,workflow...
2025-02-20 17:18:33.678 [info] Getting sessions for all scopes...
2025-02-20 17:18:33.678 [info] Got 1 sessions for ...
2025-02-20 17:18:33.689 [info] Getting sessions for all scopes...
2025-02-20 17:18:33.689 [info] Got 1 sessions for ...
2025-02-20 17:18:33.713 [info] Getting sessions for read:user,repo,user:email,workflow...
2025-02-20 17:18:33.713 [info] Got 1 sessions for read:user,repo,user:email,workflow...
2025-02-20 17:18:33.723 [info] Getting sessions for all scopes...
2025-02-20 17:18:33.723 [info] Got 1 sessions for ...
2025-02-20 17:18:33.737 [info] Getting sessions for read:user,repo,user:email,workflow...
2025-02-20 17:18:33.737 [info] Got 1 sessions for read:user,repo,user:email,workflow...
2025-02-20 17:18:33.755 [info] Getting sessions for all scopes...
2025-02-20 17:18:33.755 [info] Got 1 sessions for ...
2025-02-20 17:18:33.756 [info] Getting sessions for read:user,repo,user:email,workflow...
2025-02-20 17:18:33.756 [info] Got 1 sessions for read:user,repo,user:email,workflow...
2025-02-20 17:18:34.640 [info] Getting sessions for all scopes...
2025-02-20 17:18:34.640 [info] Got 1 sessions for ...
2025-02-20 17:18:34.640 [info] Getting sessions for all scopes...
2025-02-20 17:18:34.640 [info] Got 1 sessions for ...
2025-02-20 17:18:34.656 [info] Getting sessions for read:user,repo,user:email,workflow...
2025-02-20 17:18:34.656 [info] Got 1 sessions for read:user,repo,user:email,workflow...
2025-02-20 17:18:34.658 [info] Getting sessions for all scopes...
2025-02-20 17:18:34.658 [info] Got 1 sessions for ...
2025-02-20 17:18:34.659 [info] Getting sessions for read:user,repo,user:email,workflow...
2025-02-20 17:18:34.659 [info] Got 1 sessions for read:user,repo,user:email,workflow...
2025-02-20 17:18:34.721 [info] Getting sessions for all scopes...
2025-02-20 17:18:34.721 [info] Got 1 sessions for ...
2025-02-20 17:18:34.723 [info] Getting sessions for read:user,repo,user:email,workflow...
2025-02-20 17:18:34.723 [info] Got 1 sessions for read:user,repo,user:email,workflow...
2025-02-20 17:18:36.088 [info] Getting sessions for all scopes...
2025-02-20 17:18:36.088 [info] Got 1 sessions for ...
2025-02-20 17:18:36.089 [info] Getting sessions for read:user,repo,user:email,workflow...
2025-02-20 17:18:36.090 [info] Got 1 sessions for read:user,repo,user:email,workflow...
2025-02-20 17:18:47.886 [info] Reading sessions from keychain...
2025-02-20 17:18:47.886 [info] Getting sessions for all scopes...
2025-02-20 17:18:47.886 [info] Getting sessions for all scopes...
2025-02-20 17:18:47.886 [info] Getting sessions for all scopes...
2025-02-20 17:18:47.886 [info] Got stored sessions!
2025-02-20 17:18:47.886 [info] Got 1 verified sessions.
2025-02-20 17:18:47.886 [info] Got 1 sessions for ...
2025-02-20 17:18:47.886 [info] Got 1 sessions for ...
2025-02-20 17:18:47.886 [info] Got 1 sessions for ...
2025-02-20 17:18:47.886 [info] Getting sessions for all scopes...
2025-02-20 17:18:47.886 [info] Got 1 sessions for ...
2025-02-20 17:18:47.886 [info] Getting sessions for all scopes...
2025-02-20 17:18:47.886 [info] Got 1 sessions for ...
2025-02-20 17:18:47.886 [info] Getting sessions for all scopes...
2025-02-20 17:18:47.886 [info] Got 1 sessions for ...
2025-02-20 17:18:47.886 [info] Getting sessions for all scopes...
2025-02-20 17:18:47.886 [info] Got 1 sessions for ...
2025-02-20 17:18:47.886 [info] Getting sessions for all scopes...
2025-02-20 17:18:47.886 [info] Got 1 sessions for ...
2025-02-20 17:18:47.886 [info] Getting sessions for all scopes...
2025-02-20 17:18:47.886 [info] Got 1 sessions for ...
2025-02-20 17:18:47.886 [info] Getting sessions for all scopes...
2025-02-20 17:18:47.886 [info] Got 1 sessions for ...
2025-02-20 17:18:48.172 [info] Getting sessions for read:user,repo,user:email,workflow...
2025-02-20 17:18:48.172 [info] Got 1 sessions for read:user,repo,user:email,workflow...
2025-02-20 17:18:48.775 [info] Getting sessions for all scopes...
2025-02-20 17:18:48.775 [info] Got 1 sessions for ...
2025-02-20 17:18:48.779 [info] Getting sessions for all scopes...
2025-02-20 17:18:48.779 [info] Got 1 sessions for ...
2025-02-20 17:18:48.781 [info] Getting sessions for read:user,repo,user:email...
2025-02-20 17:18:48.781 [info] Got 0 sessions for read:user,repo,user:email...
2025-02-20 17:18:48.781 [info] Getting sessions for read:user,repo,user:email,workflow...
2025-02-20 17:18:48.781 [info] Got 1 sessions for read:user,repo,user:email,workflow...
2025-02-20 17:18:48.794 [info] Getting sessions for project,read:org,read:user,repo,user:email,workflow...
2025-02-20 17:18:48.794 [info] Got 0 sessions for project,read:org,read:user,repo,user:email,workflow...
2025-02-20 17:18:48.926 [info] Getting sessions for read:user,repo,user:email,workflow...
2025-02-20 17:18:48.926 [info] Got 1 sessions for read:user,repo,user:email,workflow...
2025-02-20 17:18:48.933 [info] Getting sessions for read:user,repo,user:email,workflow...
2025-02-20 17:18:48.933 [info] Got 1 sessions for read:user,repo,user:email,workflow...
2025-02-20 17:18:48.948 [info] Getting sessions for read:user,repo,user:email...
2025-02-20 17:18:48.948 [info] Got 0 sessions for read:user,repo,user:email...
2025-02-20 17:18:49.822 [info] Getting sessions for all scopes...
2025-02-20 17:18:49.822 [info] Got 1 sessions for ...
2025-02-20 17:18:49.858 [info] Getting sessions for read:user,repo,user:email,workflow...
2025-02-20 17:18:49.858 [info] Got 1 sessions for read:user,repo,user:email,workflow...
2025-02-20 17:18:49.983 [info] Getting sessions for read:user,repo,user:email,workflow...
2025-02-20 17:18:49.983 [info] Got 1 sessions for read:user,repo,user:email,workflow...
2025-02-20 17:18:50.013 [info] Getting sessions for read:user,repo,user:email,workflow...
2025-02-20 17:18:50.013 [info] Got 1 sessions for read:user,repo,user:email,workflow...
2025-02-20 17:18:50.045 [info] Getting sessions for all scopes...
2025-02-20 17:18:50.045 [info] Got 1 sessions for ...
2025-02-20 17:18:50.079 [info] Getting sessions for read:user,repo,user:email,workflow...
2025-02-20 17:18:50.079 [info] Got 1 sessions for read:user,repo,user:email,workflow...
2025-02-20 17:18:50.412 [info] Getting sessions for read:user,repo,user:email,workflow...
2025-02-20 17:18:50.412 [info] Got 1 sessions for read:user,repo,user:email,workflow...
2025-02-20 17:18:50.555 [info] Getting sessions for read:user,repo,user:email,workflow...
2025-02-20 17:18:50.555 [info] Got 1 sessions for read:user,repo,user:email,workflow...
2025-02-20 17:18:50.753 [info] Getting sessions for all scopes...
2025-02-20 17:18:50.753 [info] Got 1 sessions for ...
2025-02-20 17:18:50.753 [info] Getting sessions for all scopes...
2025-02-20 17:18:50.753 [info] Got 1 sessions for ...
2025-02-20 17:18:50.831 [info] Getting sessions for read:user,repo,user:email,workflow...
2025-02-20 17:18:50.831 [info] Got 1 sessions for read:user,repo,user:email,workflow...
2025-02-20 17:18:50.854 [info] Getting sessions for all scopes...
2025-02-20 17:18:50.854 [info] Got 1 sessions for ...
2025-02-20 17:18:50.856 [info] Getting sessions for read:user,repo,user:email,workflow...
2025-02-20 17:18:50.857 [info] Got 1 sessions for read:user,repo,user:email,workflow...
2025-02-20 17:18:50.921 [info] Getting sessions for all scopes...
2025-02-20 17:18:50.921 [info] Got 1 sessions for ...
2025-02-20 17:18:50.928 [info] Getting sessions for read:user,repo,user:email,workflow...
2025-02-20 17:18:50.928 [info] Got 1 sessions for read:user,repo,user:email,workflow...
2025-02-20 17:18:50.950 [info] Getting sessions for read:user,repo,user:email,workflow...
2025-02-20 17:18:50.950 [info] Got 1 sessions for read:user,repo,user:email,workflow...
2025-02-20 17:18:51.310 [info] Getting sessions for all scopes...
2025-02-20 17:18:51.310 [info] Got 1 sessions for ...
2025-02-20 17:18:51.372 [info] Getting sessions for read:user,repo,user:email,workflow...
2025-02-20 17:18:51.372 [info] Got 1 sessions for read:user,repo,user:email,workflow...
2025-02-20 17:18:51.672 [info] Getting sessions for read:user,repo,user:email...
2025-02-20 17:18:51.672 [info] Got 0 sessions for read:user,repo,user:email...
2025-02-20 17:23:04.257 [info] Getting sessions for all scopes...
2025-02-20 17:23:04.257 [info] Got 1 sessions for ...
2025-02-20 17:23:04.257 [info] Getting sessions for read:user,repo,user:email,workflow...
2025-02-20 17:23:04.257 [info] Got 1 sessions for read:user,repo,user:email,workflow...
2025-02-20 17:23:06.023 [info] Getting sessions for all scopes...
2025-02-20 17:23:06.023 [info] Got 1 sessions for ...
2025-02-20 17:23:06.024 [info] Getting sessions for read:user,repo,user:email,workflow...
2025-02-20 17:23:06.024 [info] Got 1 sessions for read:user,repo,user:email,workflow...
2025-02-20 17:23:08.011 [info] Getting sessions for all scopes...
2025-02-20 17:23:08.011 [info] Got 1 sessions for ...
2025-02-20 17:23:08.013 [info] Getting sessions for read:user,repo,user:email,workflow...
2025-02-20 17:23:08.013 [info] Got 1 sessions for read:user,repo,user:email,workflow...
2025-02-20 17:23:14.758 [info] Getting sessions for all scopes...
2025-02-20 17:23:14.758 [info] Got 1 sessions for ...
2025-02-20 17:23:14.759 [info] Getting sessions for read:user,repo,user:email,workflow...
2025-02-20 17:23:14.759 [info] Got 1 sessions for read:user,repo,user:email,workflow...
2025-02-20 17:23:19.403 [info] Getting sessions for all scopes...
2025-02-20 17:23:19.403 [info] Got 1 sessions for ...
2025-02-20 17:23:19.404 [info] Getting sessions for read:user,repo,user:email,workflow...
2025-02-20 17:23:19.404 [info] Got 1 sessions for read:user,repo,user:email,workflow...
2025-02-20 17:23:20.351 [info] Getting sessions for all scopes...
2025-02-20 17:23:20.351 [info] Got 1 sessions for ...
2025-02-20 17:23:20.352 [info] Getting sessions for read:user,repo,user:email,workflow...
2025-02-20 17:23:20.352 [info] Got 1 sessions for read:user,repo,user:email,workflow...
2025-02-20 17:29:24.929 [info] Getting sessions for all scopes...
2025-02-20 17:29:24.929 [info] Got 1 sessions for ...
2025-02-20 17:29:24.934 [info] Getting sessions for read:user,repo,user:email,workflow...
2025-02-20 17:29:24.934 [info] Got 1 sessions for read:user,repo,user:email,workflow...
2025-02-20 17:29:25.907 [info] Getting sessions for all scopes...
2025-02-20 17:29:25.907 [info] Got 1 sessions for ...
2025-02-20 17:29:25.908 [info] Getting sessions for read:user,repo,user:email,workflow...
2025-02-20 17:29:25.908 [info] Got 1 sessions for read:user,repo,user:email,workflow...
2025-02-20 17:33:51.374 [info] Getting sessions for all scopes...
2025-02-20 17:33:51.374 [info] Got 1 sessions for ...
2025-02-20 17:33:51.375 [info] Getting sessions for read:user,repo,user:email,workflow...
2025-02-20 17:33:51.375 [info] Got 1 sessions for read:user,repo,user:email,workflow...
2025-02-20 17:43:50.747 [info] Getting sessions for all scopes...
2025-02-20 17:43:50.747 [info] Got 1 sessions for ...
2025-02-20 17:43:50.748 [info] Getting sessions for read:user,repo,user:email,workflow...
2025-02-20 17:43:50.748 [info] Got 1 sessions for read:user,repo,user:email,workflow...
2025-02-20 17:43:51.505 [info] Getting sessions for all scopes...
2025-02-20 17:43:51.505 [info] Got 1 sessions for ...
2025-02-20 17:43:51.505 [info] Getting sessions for all scopes...
2025-02-20 17:43:51.505 [info] Got 1 sessions for ...
2025-02-20 17:43:51.506 [info] Getting sessions for read:user,repo,user:email,workflow...
2025-02-20 17:43:51.506 [info] Got 1 sessions for read:user,repo,user:email,workflow...
2025-02-20 17:43:51.507 [info] Getting sessions for all scopes...
2025-02-20 17:43:51.507 [info] Got 1 sessions for ...
2025-02-20 17:43:51.508 [info] Getting sessions for read:user,repo,user:email,workflow...
2025-02-20 17:43:51.508 [info] Got 1 sessions for read:user,repo,user:email,workflow...
2025-02-20 17:43:51.524 [info] Getting sessions for all scopes...
2025-02-20 17:43:51.524 [info] Got 1 sessions for ...
2025-02-20 17:43:51.525 [info] Getting sessions for read:user,repo,user:email,workflow...
2025-02-20 17:43:51.525 [info] Got 1 sessions for read:user,repo,user:email,workflow...
2025-02-20 17:43:51.548 [info] Getting sessions for all scopes...
2025-02-20 17:43:51.548 [info] Got 1 sessions for ...
2025-02-20 17:43:51.560 [info] Getting sessions for read:user,repo,user:email,workflow...
2025-02-20 17:43:51.560 [info] Got 1 sessions for read:user,repo,user:email,workflow...
2025-02-20 17:46:13.946 [info] Getting sessions for read:user,repo,user:email,workflow...
2025-02-20 17:46:13.948 [info] Got 1 sessions for read:user,repo,user:email,workflow...
