2025-03-23 23:53:02.357 [info] [main] Log level: Info
2025-03-23 23:53:02.357 [info] [main] Validating found git in: "git"
2025-03-23 23:53:02.357 [info] [main] Using git "2.49.0" from "git"
2025-03-23 23:53:02.357 [info] [Model][doInitialScan] Initial repository scan started
2025-03-23 23:53:02.357 [info] > git rev-parse --show-toplevel [28ms]
2025-03-23 23:53:02.357 [info] > git rev-parse --git-dir --git-common-dir [3ms]
2025-03-23 23:53:02.357 [info] [Model][openRepository] Opened repository: /home/luna/repos/gh-cli-rs
2025-03-23 23:53:02.362 [info] > git rev-parse --show-toplevel [6ms]
2025-03-23 23:53:02.362 [info] > git config --get commit.template [8ms]
2025-03-23 23:53:02.362 [info] > git fetch [13ms]
2025-03-23 23:53:02.382 [info] [Git][getRemotes] No remotes found in the git config file
2025-03-23 23:53:02.386 [info] > git config --get commit.template [9ms]
2025-03-23 23:53:02.386 [info] > git rev-parse --show-toplevel [16ms]
2025-03-23 23:53:02.391 [info] > git for-each-ref --format=%(refname)%00%(upstream:short)%00%(objectname)%00%(upstream:track)%00%(upstream:remotename)%00%(upstream:remoteref) refs/heads/main refs/remotes/main [9ms]
2025-03-23 23:53:02.406 [info] [Git][getRemotes] No remotes found in the git config file
2025-03-23 23:53:02.412 [info] > git for-each-ref --format=%(refname)%00%(upstream:short)%00%(objectname)%00%(upstream:track)%00%(upstream:remotename)%00%(upstream:remoteref) refs/heads/main refs/remotes/main [14ms]
2025-03-23 23:53:02.416 [info] > git rev-parse --show-toplevel [26ms]
2025-03-23 23:53:02.428 [info] [Model][doInitialScan] Initial repository scan completed - repositories (1), closed repositories (0), parent repositories (0), unsafe repositories (0)
2025-03-23 23:53:02.431 [info] > git config --get --local branch.main.vscode-merge-base [15ms]
2025-03-23 23:53:02.433 [warning] [Git][config] git config failed: Failed to execute git
2025-03-23 23:53:02.436 [info] > git config --get commit.template [26ms]
2025-03-23 23:53:02.436 [info] > git for-each-ref --format=%(refname)%00%(upstream:short)%00%(objectname)%00%(upstream:track)%00%(upstream:remotename)%00%(upstream:remoteref) refs/heads/main refs/remotes/main [30ms]
2025-03-23 23:53:02.453 [info] > git for-each-ref --format=%(refname)%00%(upstream:short)%00%(objectname)%00%(upstream:track)%00%(upstream:remotename)%00%(upstream:remoteref) refs/heads/main refs/remotes/main [14ms]
2025-03-23 23:53:02.456 [info] > git reflog main --grep-reflog=branch: Created from *. [20ms]
2025-03-23 23:53:02.458 [info] [Git][getRemotes] No remotes found in the git config file
2025-03-23 23:53:02.461 [info] > git config --get --local branch.main.vscode-merge-base [5ms]
2025-03-23 23:53:02.461 [warning] [Git][config] git config failed: Failed to execute git
2025-03-23 23:53:02.466 [info] > git for-each-ref --format=%(refname)%00%(upstream:short)%00%(objectname)%00%(upstream:track)%00%(upstream:remotename)%00%(upstream:remoteref) refs/heads/main refs/remotes/main [5ms]
2025-03-23 23:53:02.479 [info] > git status -z -uall [9ms]
2025-03-23 23:53:02.481 [info] > git reflog main --grep-reflog=branch: Created from *. [16ms]
2025-03-23 23:53:02.482 [info] > git for-each-ref --sort -committerdate --format %(refname) %(objectname) %(*objectname) [6ms]
2025-03-23 23:53:02.887 [info] > git log --format=%H%n%aN%n%aE%n%at%n%ct%n%P%n%D%n%B -z --shortstat --diff-merges=first-parent -n50 --skip=0 --topo-order --decorate=full --stdin [355ms]
2025-03-23 23:53:04.407 [info] > git check-ignore -v -z --stdin [395ms]
2025-03-23 23:53:04.473 [info] > git show --textconv :src/main.rs [55ms]
2025-03-23 23:53:04.473 [info] > git ls-files --stage -- src/main.rs [53ms]
2025-03-23 23:53:04.490 [info] > git cat-file -s e7a11a969c037e00a796aafeff6258501ec15e9a [13ms]
2025-03-23 23:53:04.651 [info] > git blame --root --incremental 9b9954e6e609f62f768df0de0c04c4b75610d789 -- src/main.rs [15ms]
2025-03-23 23:53:05.495 [info] > git config --get --local branch.main.github-pr-owner-number [2ms]
2025-03-23 23:53:05.495 [warning] [Git][config] git config failed: Failed to execute git
2025-03-23 23:53:05.501 [info] > git config --get commit.template [20ms]
2025-03-23 23:53:05.502 [info] > git config --get --local branch.main.remote [1ms]
2025-03-23 23:53:05.502 [warning] [Git][config] git config failed: Failed to execute git
2025-03-23 23:53:05.513 [info] [Git][getRemotes] No remotes found in the git config file
2025-03-23 23:53:05.516 [info] > git config --get --local branch.main.merge [10ms]
2025-03-23 23:53:05.516 [warning] [Git][config] git config failed: Failed to execute git
2025-03-23 23:53:05.517 [info] > git for-each-ref --format=%(refname)%00%(upstream:short)%00%(objectname)%00%(upstream:track)%00%(upstream:remotename)%00%(upstream:remoteref) refs/heads/main refs/remotes/main [5ms]
2025-03-23 23:53:05.524 [info] > git status -z -uall [4ms]
2025-03-23 23:53:05.528 [info] > git for-each-ref --sort -committerdate --format %(refname) %(objectname) %(*objectname) [4ms]
2025-03-23 23:53:14.875 [info] [Git][getRemotes] No remotes found in the git config file
2025-03-23 23:53:14.878 [info] > git config --get commit.template [3ms]
2025-03-23 23:53:14.879 [info] > git for-each-ref --format=%(refname)%00%(upstream:short)%00%(objectname)%00%(upstream:track)%00%(upstream:remotename)%00%(upstream:remoteref) refs/heads/main refs/remotes/main [2ms]
2025-03-23 23:53:14.893 [info] > git status -z -uall [7ms]
2025-03-23 23:53:14.896 [info] > git for-each-ref --sort -committerdate --format %(refname) %(objectname) %(*objectname) [4ms]
