2025-03-24 22:08:33.221 [info] Extension host with pid 113313 started
2025-03-24 22:08:33.383 [info] ExtensionService#_doActivateExtension vscode.github-authentication, startup: false, activationEvent: 'onAuthenticationRequest:github'
2025-03-24 22:08:33.409 [info] ExtensionService#_doActivateExtension vscode.git-base, startup: true, activationEvent: '*', root cause: vscode.git
2025-03-24 22:08:33.410 [info] ExtensionService#_doActivateExtension christian-kohler.path-intellisense, startup: true, activationEvent: '*'
2025-03-24 22:08:33.414 [info] ExtensionService#_doActivateExtension mhutchie.git-graph, startup: true, activationEvent: '*'
2025-03-24 22:08:33.419 [info] ExtensionService#_doActivateExtension nhoizey.gremlins, startup: true, activationEvent: '*'
2025-03-24 22:08:33.420 [info] ExtensionService#_doActivateExtension oderwat.indent-rainbow, startup: true, activationEvent: '*'
2025-03-24 22:08:33.420 [info] ExtensionService#_doActivateExtension WakaTime.vscode-wakatime, startup: true, activationEvent: '*'
2025-03-24 22:08:33.449 [info] ExtensionService#_doActivateExtension wayou.vscode-todo-highlight, startup: true, activationEvent: '*'
2025-03-24 22:08:33.468 [info] ExtensionService#_doActivateExtension vscode.git, startup: true, activationEvent: '*'
2025-03-24 22:08:33.503 [info] ExtensionService#_doActivateExtension vscode.github, startup: true, activationEvent: '*'
2025-03-24 22:08:33.556 [info] Eager extensions activated
2025-03-24 22:08:33.563 [info] ExtensionService#_doActivateExtension vscode.debug-auto-launch, startup: false, activationEvent: 'onStartupFinished'
2025-03-24 22:08:33.564 [info] ExtensionService#_doActivateExtension vscode.merge-conflict, startup: false, activationEvent: 'onStartupFinished'
2025-03-24 22:08:33.573 [info] ExtensionService#_doActivateExtension aaron-bond.better-comments, startup: false, activationEvent: 'onStartupFinished'
2025-03-24 22:08:33.576 [info] ExtensionService#_doActivateExtension alefragnani.project-manager, startup: false, activationEvent: 'onStartupFinished'
2025-03-24 22:08:33.582 [info] ExtensionService#_doActivateExtension eamodio.gitlens, startup: false, activationEvent: 'onStartupFinished'
2025-03-24 22:08:33.655 [info] ExtensionService#_doActivateExtension ecmel.vscode-html-css, startup: false, activationEvent: 'onStartupFinished'
2025-03-24 22:08:33.655 [info] ExtensionService#_doActivateExtension esbenp.prettier-vscode, startup: false, activationEvent: 'onStartupFinished'
2025-03-24 22:08:33.693 [info] ExtensionService#_doActivateExtension felipecaputo.git-project-manager, startup: false, activationEvent: 'onStartupFinished'
2025-03-24 22:08:33.702 [info] ExtensionService#_doActivateExtension formulahendry.code-runner, startup: false, activationEvent: 'onStartupFinished'
2025-03-24 22:08:33.708 [info] ExtensionService#_doActivateExtension GitHub.vscode-pull-request-github, startup: false, activationEvent: 'onStartupFinished'
2025-03-24 22:08:33.769 [info] ExtensionService#_doActivateExtension Gruntfuggly.todo-tree, startup: false, activationEvent: 'onStartupFinished'
2025-03-24 22:08:33.790 [info] ExtensionService#_doActivateExtension kuba-p.theme-pink-candy, startup: false, activationEvent: 'onStartupFinished'
2025-03-24 22:08:33.792 [info] ExtensionService#_doActivateExtension mkxml.vscode-filesize, startup: false, activationEvent: 'onStartupFinished'
2025-03-24 22:08:33.794 [info] ExtensionService#_doActivateExtension ms-dotnettools.vscode-dotnet-runtime, startup: false, activationEvent: 'onStartupFinished'
2025-03-24 22:08:33.840 [info] ExtensionService#_doActivateExtension ms-vscode-remote.remote-containers, startup: false, activationEvent: 'onStartupFinished'
2025-03-24 22:08:33.949 [info] ExtensionService#_doActivateExtension PKief.material-icon-theme, startup: false, activationEvent: 'onStartupFinished'
2025-03-24 22:08:33.955 [info] ExtensionService#_doActivateExtension tonybaloney.vscode-pets, startup: false, activationEvent: 'onStartupFinished'
2025-03-24 22:08:33.959 [info] ExtensionService#_doActivateExtension unthrottled.doki-theme, startup: false, activationEvent: 'onStartupFinished'
2025-03-24 22:08:33.965 [info] ExtensionService#_doActivateExtension usernamehw.errorlens, startup: false, activationEvent: 'onStartupFinished'
2025-03-24 22:08:33.968 [info] ExtensionService#_doActivateExtension waderyan.gitblame, startup: false, activationEvent: 'onStartupFinished'
2025-03-24 22:09:28.130 [info] Extension host terminating: renderer closed the MessagePort
2025-03-24 22:09:28.172 [error] An error occurred when disposing the subscriptions for extension 'eamodio.gitlens':
2025-03-24 22:09:28.182 [error] TypeError: Cannot read properties of undefined (reading 'dispose')
	at Object.dispose (file:///usr/share/code/resources/app/out/vs/workbench/api/node/extensionHostProcess.js:135:120822)
	at cv.<anonymous> (file:///usr/share/code/resources/app/out/vs/workbench/api/node/extensionHostProcess.js:106:20084)
	at cv.dispose (file:///usr/share/code/resources/app/out/vs/workbench/api/node/extensionHostProcess.js:106:20180)
	at Object.dispose (/home/luna/dotfiles/vscode/.vscode/extensions/eamodio.gitlens-16.3.3/dist/gitlens.js:1154:126443)
	at /home/luna/dotfiles/vscode/.vscode/extensions/eamodio.gitlens-16.3.3/dist/gitlens.js:1425:15122
	at Array.forEach (<anonymous>)
	at Object.dispose (/home/luna/dotfiles/vscode/.vscode/extensions/eamodio.gitlens-16.3.3/dist/gitlens.js:1425:15104)
	at ui (file:///usr/share/code/resources/app/out/vs/workbench/api/node/extensionHostProcess.js:25:699)
	at file:///usr/share/code/resources/app/out/vs/workbench/api/node/extensionHostProcess.js:116:14992
	at file:///usr/share/code/resources/app/out/vs/workbench/api/node/extensionHostProcess.js:25:1009
	at Object.dispose (file:///usr/share/code/resources/app/out/vs/workbench/api/node/extensionHostProcess.js:8:705)
	at PW.eb (file:///usr/share/code/resources/app/out/vs/workbench/api/node/extensionHostProcess.js:116:11919)
	at file:///usr/share/code/resources/app/out/vs/workbench/api/node/extensionHostProcess.js:116:9874
	at Array.map (<anonymous>)
	at PW.$ (file:///usr/share/code/resources/app/out/vs/workbench/api/node/extensionHostProcess.js:116:9862)
	at PW.terminate (file:///usr/share/code/resources/app/out/vs/workbench/api/node/extensionHostProcess.js:116:10105)
	at wC.terminate (file:///usr/share/code/resources/app/out/vs/workbench/api/node/extensionHostProcess.js:117:1434)
	at ts (file:///usr/share/code/resources/app/out/vs/workbench/api/node/extensionHostProcess.js:190:15080)
	at MessagePortMain.<anonymous> (file:///usr/share/code/resources/app/out/vs/workbench/api/node/extensionHostProcess.js:190:11628)
	at MessagePortMain.emit (node:events:518:28)
	at MessagePortMain._internalPort.emit (node:electron/js2c/utility_init:2:2949)
2025-03-24 22:09:28.185 [error] An error occurred when disposing the subscriptions for extension 'Gruntfuggly.todo-tree':
2025-03-24 22:09:28.185 [error] AggregateError: Encountered errors while disposing of store
	at ui (file:///usr/share/code/resources/app/out/vs/workbench/api/node/extensionHostProcess.js:25:775)
	at file:///usr/share/code/resources/app/out/vs/workbench/api/node/extensionHostProcess.js:116:14992
	at file:///usr/share/code/resources/app/out/vs/workbench/api/node/extensionHostProcess.js:25:1009
	at Object.dispose (file:///usr/share/code/resources/app/out/vs/workbench/api/node/extensionHostProcess.js:8:705)
	at PW.eb (file:///usr/share/code/resources/app/out/vs/workbench/api/node/extensionHostProcess.js:116:11919)
	at file:///usr/share/code/resources/app/out/vs/workbench/api/node/extensionHostProcess.js:116:9874
	at Array.map (<anonymous>)
	at PW.$ (file:///usr/share/code/resources/app/out/vs/workbench/api/node/extensionHostProcess.js:116:9862)
	at PW.terminate (file:///usr/share/code/resources/app/out/vs/workbench/api/node/extensionHostProcess.js:116:10105)
	at wC.terminate (file:///usr/share/code/resources/app/out/vs/workbench/api/node/extensionHostProcess.js:117:1434)
	at ts (file:///usr/share/code/resources/app/out/vs/workbench/api/node/extensionHostProcess.js:190:15080)
	at MessagePortMain.<anonymous> (file:///usr/share/code/resources/app/out/vs/workbench/api/node/extensionHostProcess.js:190:11628)
	at MessagePortMain.emit (node:events:518:28)
	at MessagePortMain._internalPort.emit (node:electron/js2c/utility_init:2:2949)
2025-03-24 22:09:28.200 [error] Canceled: Canceled
	at new XR (file:///usr/share/code/resources/app/out/vs/workbench/api/node/extensionHostProcess.js:29:110406)
	at Uy.U (file:///usr/share/code/resources/app/out/vs/workbench/api/node/extensionHostProcess.js:29:115016)
	at s.<computed>.n.charCodeAt.s.<computed> (file:///usr/share/code/resources/app/out/vs/workbench/api/node/extensionHostProcess.js:29:112510)
	at mw.g (file:///usr/share/code/resources/app/out/vs/workbench/api/node/extensionHostProcess.js:112:32221)
	at mw.executeCommand (file:///usr/share/code/resources/app/out/vs/workbench/api/node/extensionHostProcess.js:112:31725)
	at r.registerCommand.description (file:///usr/share/code/resources/app/out/vs/workbench/api/node/extensionHostProcess.js:112:31055)
	at mw.h (file:///usr/share/code/resources/app/out/vs/workbench/api/node/extensionHostProcess.js:112:32741)
	at mw.g (file:///usr/share/code/resources/app/out/vs/workbench/api/node/extensionHostProcess.js:112:31818)
	at mw.executeCommand (file:///usr/share/code/resources/app/out/vs/workbench/api/node/extensionHostProcess.js:112:31725)
	at Object.executeCommand (file:///usr/share/code/resources/app/out/vs/workbench/api/node/extensionHostProcess.js:172:37254)
	at f (/home/luna/dotfiles/vscode/.vscode/extensions/eamodio.gitlens-16.3.3/dist/gitlens.js:1479:63905)
	at c (/home/luna/dotfiles/vscode/.vscode/extensions/eamodio.gitlens-16.3.3/dist/gitlens.js:1479:68465)
	at ActionRunners._updateContextKeys (/home/luna/dotfiles/vscode/.vscode/extensions/eamodio.gitlens-16.3.3/dist/gitlens.js:1104:92462)
	at s (/home/luna/dotfiles/vscode/.vscode/extensions/eamodio.gitlens-16.3.3/dist/gitlens.js:1104:90906)
	at RegisteredActionRunner.unregister (/home/luna/dotfiles/vscode/.vscode/extensions/eamodio.gitlens-16.3.3/dist/gitlens.js:1104:91049)
	at RegisteredActionRunner.dispose (/home/luna/dotfiles/vscode/.vscode/extensions/eamodio.gitlens-16.3.3/dist/gitlens.js:1104:89716)
	at Object.dispose (/home/luna/dotfiles/vscode/.vscode/extensions/eamodio.gitlens-16.3.3/dist/gitlens.js:1104:91143)
	at ui (file:///usr/share/code/resources/app/out/vs/workbench/api/node/extensionHostProcess.js:25:699)
	at file:///usr/share/code/resources/app/out/vs/workbench/api/node/extensionHostProcess.js:116:14992
	at file:///usr/share/code/resources/app/out/vs/workbench/api/node/extensionHostProcess.js:25:1009
	at Object.dispose (file:///usr/share/code/resources/app/out/vs/workbench/api/node/extensionHostProcess.js:8:705)
	at PW.eb (file:///usr/share/code/resources/app/out/vs/workbench/api/node/extensionHostProcess.js:116:11919)
	at file:///usr/share/code/resources/app/out/vs/workbench/api/node/extensionHostProcess.js:116:9874
	at Array.map (<anonymous>)
	at PW.$ (file:///usr/share/code/resources/app/out/vs/workbench/api/node/extensionHostProcess.js:116:9862)
	at PW.terminate (file:///usr/share/code/resources/app/out/vs/workbench/api/node/extensionHostProcess.js:116:10105)
	at wC.terminate (file:///usr/share/code/resources/app/out/vs/workbench/api/node/extensionHostProcess.js:117:1434)
	at ts (file:///usr/share/code/resources/app/out/vs/workbench/api/node/extensionHostProcess.js:190:15080)
	at MessagePortMain.<anonymous> (file:///usr/share/code/resources/app/out/vs/workbench/api/node/extensionHostProcess.js:190:11628)
	at MessagePortMain.emit (node:events:518:28)
	at MessagePortMain._internalPort.emit (node:electron/js2c/utility_init:2:2949) setContext undefined
2025-03-24 22:09:28.200 [error] Canceled: Canceled
	at new XR (file:///usr/share/code/resources/app/out/vs/workbench/api/node/extensionHostProcess.js:29:110406)
	at Uy.U (file:///usr/share/code/resources/app/out/vs/workbench/api/node/extensionHostProcess.js:29:115016)
	at s.<computed>.n.charCodeAt.s.<computed> (file:///usr/share/code/resources/app/out/vs/workbench/api/node/extensionHostProcess.js:29:112510)
	at mw.g (file:///usr/share/code/resources/app/out/vs/workbench/api/node/extensionHostProcess.js:112:32221)
	at mw.executeCommand (file:///usr/share/code/resources/app/out/vs/workbench/api/node/extensionHostProcess.js:112:31725)
	at r.registerCommand.description (file:///usr/share/code/resources/app/out/vs/workbench/api/node/extensionHostProcess.js:112:31055)
	at mw.h (file:///usr/share/code/resources/app/out/vs/workbench/api/node/extensionHostProcess.js:112:32741)
	at mw.g (file:///usr/share/code/resources/app/out/vs/workbench/api/node/extensionHostProcess.js:112:31818)
	at mw.executeCommand (file:///usr/share/code/resources/app/out/vs/workbench/api/node/extensionHostProcess.js:112:31725)
	at Object.executeCommand (file:///usr/share/code/resources/app/out/vs/workbench/api/node/extensionHostProcess.js:172:37254)
	at f (/home/luna/dotfiles/vscode/.vscode/extensions/eamodio.gitlens-16.3.3/dist/gitlens.js:1479:63905)
	at c (/home/luna/dotfiles/vscode/.vscode/extensions/eamodio.gitlens-16.3.3/dist/gitlens.js:1479:68465)
	at ActionRunners._updateContextKeys (/home/luna/dotfiles/vscode/.vscode/extensions/eamodio.gitlens-16.3.3/dist/gitlens.js:1104:92462)
	at s (/home/luna/dotfiles/vscode/.vscode/extensions/eamodio.gitlens-16.3.3/dist/gitlens.js:1104:90906)
	at RegisteredActionRunner.unregister (/home/luna/dotfiles/vscode/.vscode/extensions/eamodio.gitlens-16.3.3/dist/gitlens.js:1104:91049)
	at RegisteredActionRunner.dispose (/home/luna/dotfiles/vscode/.vscode/extensions/eamodio.gitlens-16.3.3/dist/gitlens.js:1104:89716)
	at Object.dispose (/home/luna/dotfiles/vscode/.vscode/extensions/eamodio.gitlens-16.3.3/dist/gitlens.js:1104:91143)
	at ui (file:///usr/share/code/resources/app/out/vs/workbench/api/node/extensionHostProcess.js:25:699)
	at file:///usr/share/code/resources/app/out/vs/workbench/api/node/extensionHostProcess.js:116:14992
	at file:///usr/share/code/resources/app/out/vs/workbench/api/node/extensionHostProcess.js:25:1009
	at Object.dispose (file:///usr/share/code/resources/app/out/vs/workbench/api/node/extensionHostProcess.js:8:705)
	at PW.eb (file:///usr/share/code/resources/app/out/vs/workbench/api/node/extensionHostProcess.js:116:11919)
	at file:///usr/share/code/resources/app/out/vs/workbench/api/node/extensionHostProcess.js:116:9874
	at Array.map (<anonymous>)
	at PW.$ (file:///usr/share/code/resources/app/out/vs/workbench/api/node/extensionHostProcess.js:116:9862)
	at PW.terminate (file:///usr/share/code/resources/app/out/vs/workbench/api/node/extensionHostProcess.js:116:10105)
	at wC.terminate (file:///usr/share/code/resources/app/out/vs/workbench/api/node/extensionHostProcess.js:117:1434)
	at ts (file:///usr/share/code/resources/app/out/vs/workbench/api/node/extensionHostProcess.js:190:15080)
	at MessagePortMain.<anonymous> (file:///usr/share/code/resources/app/out/vs/workbench/api/node/extensionHostProcess.js:190:11628)
	at MessagePortMain.emit (node:events:518:28)
	at MessagePortMain._internalPort.emit (node:electron/js2c/utility_init:2:2949) setContext undefined
2025-03-24 22:09:28.204 [error] Canceled: Canceled
	at new XR (file:///usr/share/code/resources/app/out/vs/workbench/api/node/extensionHostProcess.js:29:110406)
	at Uy.U (file:///usr/share/code/resources/app/out/vs/workbench/api/node/extensionHostProcess.js:29:115016)
	at s.<computed>.n.charCodeAt.s.<computed> (file:///usr/share/code/resources/app/out/vs/workbench/api/node/extensionHostProcess.js:29:112510)
	at mw.g (file:///usr/share/code/resources/app/out/vs/workbench/api/node/extensionHostProcess.js:112:32221)
	at mw.executeCommand (file:///usr/share/code/resources/app/out/vs/workbench/api/node/extensionHostProcess.js:112:31725)
	at r.registerCommand.description (file:///usr/share/code/resources/app/out/vs/workbench/api/node/extensionHostProcess.js:112:31055)
	at mw.h (file:///usr/share/code/resources/app/out/vs/workbench/api/node/extensionHostProcess.js:112:32741)
	at mw.g (file:///usr/share/code/resources/app/out/vs/workbench/api/node/extensionHostProcess.js:112:31818)
	at mw.executeCommand (file:///usr/share/code/resources/app/out/vs/workbench/api/node/extensionHostProcess.js:112:31725)
	at Object.executeCommand (file:///usr/share/code/resources/app/out/vs/workbench/api/node/extensionHostProcess.js:172:37254)
	at f (/home/luna/dotfiles/vscode/.vscode/extensions/eamodio.gitlens-16.3.3/dist/gitlens.js:1479:63905)
	at c (/home/luna/dotfiles/vscode/.vscode/extensions/eamodio.gitlens-16.3.3/dist/gitlens.js:1479:68465)
	at ActionRunners._updateContextKeys (/home/luna/dotfiles/vscode/.vscode/extensions/eamodio.gitlens-16.3.3/dist/gitlens.js:1104:92462)
	at s (/home/luna/dotfiles/vscode/.vscode/extensions/eamodio.gitlens-16.3.3/dist/gitlens.js:1104:90906)
	at RegisteredActionRunner.unregister (/home/luna/dotfiles/vscode/.vscode/extensions/eamodio.gitlens-16.3.3/dist/gitlens.js:1104:91049)
	at RegisteredActionRunner.dispose (/home/luna/dotfiles/vscode/.vscode/extensions/eamodio.gitlens-16.3.3/dist/gitlens.js:1104:89716)
	at Object.dispose (/home/luna/dotfiles/vscode/.vscode/extensions/eamodio.gitlens-16.3.3/dist/gitlens.js:1104:91143)
	at p (/home/luna/dotfiles/vscode/.vscode/extensions/github.vscode-pull-request-github-0.106.0/dist/extension.js:2081:429091)
	at kw.dispose (/home/luna/dotfiles/vscode/.vscode/extensions/github.vscode-pull-request-github-0.106.0/dist/extension.js:2081:429259)
	at ui (file:///usr/share/code/resources/app/out/vs/workbench/api/node/extensionHostProcess.js:25:699)
	at file:///usr/share/code/resources/app/out/vs/workbench/api/node/extensionHostProcess.js:116:14992
	at file:///usr/share/code/resources/app/out/vs/workbench/api/node/extensionHostProcess.js:25:1009
	at Object.dispose (file:///usr/share/code/resources/app/out/vs/workbench/api/node/extensionHostProcess.js:8:705)
	at PW.eb (file:///usr/share/code/resources/app/out/vs/workbench/api/node/extensionHostProcess.js:116:11919)
	at file:///usr/share/code/resources/app/out/vs/workbench/api/node/extensionHostProcess.js:116:9874
	at Array.map (<anonymous>)
	at PW.$ (file:///usr/share/code/resources/app/out/vs/workbench/api/node/extensionHostProcess.js:116:9862)
	at PW.terminate (file:///usr/share/code/resources/app/out/vs/workbench/api/node/extensionHostProcess.js:116:10105)
	at wC.terminate (file:///usr/share/code/resources/app/out/vs/workbench/api/node/extensionHostProcess.js:117:1434)
	at ts (file:///usr/share/code/resources/app/out/vs/workbench/api/node/extensionHostProcess.js:190:15080)
	at MessagePortMain.<anonymous> (file:///usr/share/code/resources/app/out/vs/workbench/api/node/extensionHostProcess.js:190:11628)
	at MessagePortMain.emit (node:events:518:28)
	at MessagePortMain._internalPort.emit (node:electron/js2c/utility_init:2:2949) setContext undefined
2025-03-24 22:09:28.204 [info] Extension host with pid 113313 exiting with code 0
2025-03-24 22:09:28.985 [info] Extension host with pid 114401 started
2025-03-24 22:09:29.157 [info] ExtensionService#_doActivateExtension vscode.github-authentication, startup: false, activationEvent: 'onAuthenticationRequest:github'
2025-03-24 22:09:29.201 [info] ExtensionService#_doActivateExtension vscode.git-base, startup: true, activationEvent: '*', root cause: vscode.git
2025-03-24 22:09:29.202 [info] ExtensionService#_doActivateExtension christian-kohler.path-intellisense, startup: true, activationEvent: '*'
2025-03-24 22:09:29.206 [info] ExtensionService#_doActivateExtension mhutchie.git-graph, startup: true, activationEvent: '*'
2025-03-24 22:09:29.214 [info] ExtensionService#_doActivateExtension nhoizey.gremlins, startup: true, activationEvent: '*'
2025-03-24 22:09:29.214 [info] ExtensionService#_doActivateExtension oderwat.indent-rainbow, startup: true, activationEvent: '*'
2025-03-24 22:09:29.215 [info] ExtensionService#_doActivateExtension WakaTime.vscode-wakatime, startup: true, activationEvent: '*'
2025-03-24 22:09:29.245 [info] ExtensionService#_doActivateExtension wayou.vscode-todo-highlight, startup: true, activationEvent: '*'
2025-03-24 22:09:29.265 [info] ExtensionService#_doActivateExtension vscode.git, startup: true, activationEvent: '*'
2025-03-24 22:09:29.299 [info] ExtensionService#_doActivateExtension vscode.github, startup: true, activationEvent: '*'
2025-03-24 22:09:29.357 [info] Eager extensions activated
2025-03-24 22:09:29.379 [info] ExtensionService#_doActivateExtension vscode.debug-auto-launch, startup: false, activationEvent: 'onStartupFinished'
2025-03-24 22:09:29.382 [info] ExtensionService#_doActivateExtension vscode.merge-conflict, startup: false, activationEvent: 'onStartupFinished'
2025-03-24 22:09:29.400 [info] ExtensionService#_doActivateExtension aaron-bond.better-comments, startup: false, activationEvent: 'onStartupFinished'
2025-03-24 22:09:29.402 [info] ExtensionService#_doActivateExtension alefragnani.project-manager, startup: false, activationEvent: 'onStartupFinished'
2025-03-24 22:09:29.410 [info] ExtensionService#_doActivateExtension eamodio.gitlens, startup: false, activationEvent: 'onStartupFinished'
2025-03-24 22:09:29.484 [info] ExtensionService#_doActivateExtension ecmel.vscode-html-css, startup: false, activationEvent: 'onStartupFinished'
2025-03-24 22:09:29.485 [info] ExtensionService#_doActivateExtension esbenp.prettier-vscode, startup: false, activationEvent: 'onStartupFinished'
2025-03-24 22:09:29.524 [info] ExtensionService#_doActivateExtension felipecaputo.git-project-manager, startup: false, activationEvent: 'onStartupFinished'
2025-03-24 22:09:29.538 [info] ExtensionService#_doActivateExtension formulahendry.code-runner, startup: false, activationEvent: 'onStartupFinished'
2025-03-24 22:09:29.545 [info] ExtensionService#_doActivateExtension GitHub.vscode-pull-request-github, startup: false, activationEvent: 'onStartupFinished'
2025-03-24 22:09:29.604 [info] ExtensionService#_doActivateExtension Gruntfuggly.todo-tree, startup: false, activationEvent: 'onStartupFinished'
2025-03-24 22:09:29.629 [info] ExtensionService#_doActivateExtension kuba-p.theme-pink-candy, startup: false, activationEvent: 'onStartupFinished'
2025-03-24 22:09:29.631 [info] ExtensionService#_doActivateExtension mkxml.vscode-filesize, startup: false, activationEvent: 'onStartupFinished'
2025-03-24 22:09:29.633 [info] ExtensionService#_doActivateExtension ms-dotnettools.vscode-dotnet-runtime, startup: false, activationEvent: 'onStartupFinished'
2025-03-24 22:09:29.677 [info] ExtensionService#_doActivateExtension ms-vscode-remote.remote-containers, startup: false, activationEvent: 'onStartupFinished'
2025-03-24 22:09:29.790 [info] ExtensionService#_doActivateExtension PKief.material-icon-theme, startup: false, activationEvent: 'onStartupFinished'
2025-03-24 22:09:29.797 [info] ExtensionService#_doActivateExtension tonybaloney.vscode-pets, startup: false, activationEvent: 'onStartupFinished'
2025-03-24 22:09:29.801 [info] ExtensionService#_doActivateExtension unthrottled.doki-theme, startup: false, activationEvent: 'onStartupFinished'
2025-03-24 22:09:29.806 [info] ExtensionService#_doActivateExtension usernamehw.errorlens, startup: false, activationEvent: 'onStartupFinished'
2025-03-24 22:09:29.809 [info] ExtensionService#_doActivateExtension waderyan.gitblame, startup: false, activationEvent: 'onStartupFinished'
2025-03-24 22:09:29.980 [info] Extension host terminating: renderer closed the MessagePort
2025-03-24 22:09:29.989 [error] An error occurred when disposing the subscriptions for extension 'eamodio.gitlens':
2025-03-24 22:09:29.993 [error] TypeError: Cannot read properties of undefined (reading 'dispose')
	at Object.dispose (file:///usr/share/code/resources/app/out/vs/workbench/api/node/extensionHostProcess.js:135:120822)
	at cv.<anonymous> (file:///usr/share/code/resources/app/out/vs/workbench/api/node/extensionHostProcess.js:106:20084)
	at cv.dispose (file:///usr/share/code/resources/app/out/vs/workbench/api/node/extensionHostProcess.js:106:20180)
	at Object.dispose (/home/luna/dotfiles/vscode/.vscode/extensions/eamodio.gitlens-16.3.3/dist/gitlens.js:1154:126443)
	at /home/luna/dotfiles/vscode/.vscode/extensions/eamodio.gitlens-16.3.3/dist/gitlens.js:1425:15122
	at Array.forEach (<anonymous>)
	at Object.dispose (/home/luna/dotfiles/vscode/.vscode/extensions/eamodio.gitlens-16.3.3/dist/gitlens.js:1425:15104)
	at ui (file:///usr/share/code/resources/app/out/vs/workbench/api/node/extensionHostProcess.js:25:699)
	at file:///usr/share/code/resources/app/out/vs/workbench/api/node/extensionHostProcess.js:116:14992
	at file:///usr/share/code/resources/app/out/vs/workbench/api/node/extensionHostProcess.js:25:1009
	at Object.dispose (file:///usr/share/code/resources/app/out/vs/workbench/api/node/extensionHostProcess.js:8:705)
	at PW.eb (file:///usr/share/code/resources/app/out/vs/workbench/api/node/extensionHostProcess.js:116:11919)
	at file:///usr/share/code/resources/app/out/vs/workbench/api/node/extensionHostProcess.js:116:9874
	at Array.map (<anonymous>)
	at PW.$ (file:///usr/share/code/resources/app/out/vs/workbench/api/node/extensionHostProcess.js:116:9862)
	at PW.terminate (file:///usr/share/code/resources/app/out/vs/workbench/api/node/extensionHostProcess.js:116:10105)
	at wC.terminate (file:///usr/share/code/resources/app/out/vs/workbench/api/node/extensionHostProcess.js:117:1434)
	at ts (file:///usr/share/code/resources/app/out/vs/workbench/api/node/extensionHostProcess.js:190:15080)
	at MessagePortMain.<anonymous> (file:///usr/share/code/resources/app/out/vs/workbench/api/node/extensionHostProcess.js:190:11628)
	at MessagePortMain.emit (node:events:518:28)
	at MessagePortMain._internalPort.emit (node:electron/js2c/utility_init:2:2949)
2025-03-24 22:09:29.993 [error] An error occurred when disposing the subscriptions for extension 'Gruntfuggly.todo-tree':
2025-03-24 22:09:29.993 [error] AggregateError: Encountered errors while disposing of store
	at ui (file:///usr/share/code/resources/app/out/vs/workbench/api/node/extensionHostProcess.js:25:775)
	at file:///usr/share/code/resources/app/out/vs/workbench/api/node/extensionHostProcess.js:116:14992
	at file:///usr/share/code/resources/app/out/vs/workbench/api/node/extensionHostProcess.js:25:1009
	at Object.dispose (file:///usr/share/code/resources/app/out/vs/workbench/api/node/extensionHostProcess.js:8:705)
	at PW.eb (file:///usr/share/code/resources/app/out/vs/workbench/api/node/extensionHostProcess.js:116:11919)
	at file:///usr/share/code/resources/app/out/vs/workbench/api/node/extensionHostProcess.js:116:9874
	at Array.map (<anonymous>)
	at PW.$ (file:///usr/share/code/resources/app/out/vs/workbench/api/node/extensionHostProcess.js:116:9862)
	at PW.terminate (file:///usr/share/code/resources/app/out/vs/workbench/api/node/extensionHostProcess.js:116:10105)
	at wC.terminate (file:///usr/share/code/resources/app/out/vs/workbench/api/node/extensionHostProcess.js:117:1434)
	at ts (file:///usr/share/code/resources/app/out/vs/workbench/api/node/extensionHostProcess.js:190:15080)
	at MessagePortMain.<anonymous> (file:///usr/share/code/resources/app/out/vs/workbench/api/node/extensionHostProcess.js:190:11628)
	at MessagePortMain.emit (node:events:518:28)
	at MessagePortMain._internalPort.emit (node:electron/js2c/utility_init:2:2949)
2025-03-24 22:09:29.996 [error] ProxyResolver#resolveProxy undefined Canceled: Canceled
	at jc (file:///usr/share/code/resources/app/out/vs/workbench/api/node/extensionHostProcess.js:7:1218)
	at file:///usr/share/code/resources/app/out/vs/workbench/api/node/extensionHostProcess.js:29:111857
	at Array.forEach (<anonymous>)
	at Uy.dispose (file:///usr/share/code/resources/app/out/vs/workbench/api/node/extensionHostProcess.js:29:111797)
	at PW.terminate (file:///usr/share/code/resources/app/out/vs/workbench/api/node/extensionHostProcess.js:116:10082)
	at wC.terminate (file:///usr/share/code/resources/app/out/vs/workbench/api/node/extensionHostProcess.js:117:1434)
	at ts (file:///usr/share/code/resources/app/out/vs/workbench/api/node/extensionHostProcess.js:190:15080)
	at MessagePortMain.<anonymous> (file:///usr/share/code/resources/app/out/vs/workbench/api/node/extensionHostProcess.js:190:11628)
	at MessagePortMain.emit (node:events:518:28)
	at MessagePortMain._internalPort.emit (node:electron/js2c/utility_init:2:2949) 
2025-03-24 22:09:29.996 [error] ProxyResolver#resolveProxy undefined Canceled: Canceled
	at jc (file:///usr/share/code/resources/app/out/vs/workbench/api/node/extensionHostProcess.js:7:1218)
	at file:///usr/share/code/resources/app/out/vs/workbench/api/node/extensionHostProcess.js:29:111857
	at Array.forEach (<anonymous>)
	at Uy.dispose (file:///usr/share/code/resources/app/out/vs/workbench/api/node/extensionHostProcess.js:29:111797)
	at PW.terminate (file:///usr/share/code/resources/app/out/vs/workbench/api/node/extensionHostProcess.js:116:10082)
	at wC.terminate (file:///usr/share/code/resources/app/out/vs/workbench/api/node/extensionHostProcess.js:117:1434)
	at ts (file:///usr/share/code/resources/app/out/vs/workbench/api/node/extensionHostProcess.js:190:15080)
	at MessagePortMain.<anonymous> (file:///usr/share/code/resources/app/out/vs/workbench/api/node/extensionHostProcess.js:190:11628)
	at MessagePortMain.emit (node:events:518:28)
	at MessagePortMain._internalPort.emit (node:electron/js2c/utility_init:2:2949) 
2025-03-24 22:09:30.016 [error] Canceled: Canceled
	at new XR (file:///usr/share/code/resources/app/out/vs/workbench/api/node/extensionHostProcess.js:29:110406)
	at Uy.U (file:///usr/share/code/resources/app/out/vs/workbench/api/node/extensionHostProcess.js:29:115016)
	at s.<computed>.n.charCodeAt.s.<computed> (file:///usr/share/code/resources/app/out/vs/workbench/api/node/extensionHostProcess.js:29:112510)
	at mw.g (file:///usr/share/code/resources/app/out/vs/workbench/api/node/extensionHostProcess.js:112:32221)
	at mw.executeCommand (file:///usr/share/code/resources/app/out/vs/workbench/api/node/extensionHostProcess.js:112:31725)
	at r.registerCommand.description (file:///usr/share/code/resources/app/out/vs/workbench/api/node/extensionHostProcess.js:112:31055)
	at mw.h (file:///usr/share/code/resources/app/out/vs/workbench/api/node/extensionHostProcess.js:112:32741)
	at mw.g (file:///usr/share/code/resources/app/out/vs/workbench/api/node/extensionHostProcess.js:112:31818)
	at mw.executeCommand (file:///usr/share/code/resources/app/out/vs/workbench/api/node/extensionHostProcess.js:112:31725)
	at Object.executeCommand (file:///usr/share/code/resources/app/out/vs/workbench/api/node/extensionHostProcess.js:172:37254)
	at f (/home/luna/dotfiles/vscode/.vscode/extensions/eamodio.gitlens-16.3.3/dist/gitlens.js:1479:63905)
	at c (/home/luna/dotfiles/vscode/.vscode/extensions/eamodio.gitlens-16.3.3/dist/gitlens.js:1479:68465)
	at ActionRunners._updateContextKeys (/home/luna/dotfiles/vscode/.vscode/extensions/eamodio.gitlens-16.3.3/dist/gitlens.js:1104:92462)
	at s (/home/luna/dotfiles/vscode/.vscode/extensions/eamodio.gitlens-16.3.3/dist/gitlens.js:1104:90906)
	at RegisteredActionRunner.unregister (/home/luna/dotfiles/vscode/.vscode/extensions/eamodio.gitlens-16.3.3/dist/gitlens.js:1104:91049)
	at RegisteredActionRunner.dispose (/home/luna/dotfiles/vscode/.vscode/extensions/eamodio.gitlens-16.3.3/dist/gitlens.js:1104:89716)
	at Object.dispose (/home/luna/dotfiles/vscode/.vscode/extensions/eamodio.gitlens-16.3.3/dist/gitlens.js:1104:91143)
	at ui (file:///usr/share/code/resources/app/out/vs/workbench/api/node/extensionHostProcess.js:25:699)
	at file:///usr/share/code/resources/app/out/vs/workbench/api/node/extensionHostProcess.js:116:14992
	at file:///usr/share/code/resources/app/out/vs/workbench/api/node/extensionHostProcess.js:25:1009
	at Object.dispose (file:///usr/share/code/resources/app/out/vs/workbench/api/node/extensionHostProcess.js:8:705)
	at PW.eb (file:///usr/share/code/resources/app/out/vs/workbench/api/node/extensionHostProcess.js:116:11919)
	at file:///usr/share/code/resources/app/out/vs/workbench/api/node/extensionHostProcess.js:116:9874
	at Array.map (<anonymous>)
	at PW.$ (file:///usr/share/code/resources/app/out/vs/workbench/api/node/extensionHostProcess.js:116:9862)
	at PW.terminate (file:///usr/share/code/resources/app/out/vs/workbench/api/node/extensionHostProcess.js:116:10105)
	at wC.terminate (file:///usr/share/code/resources/app/out/vs/workbench/api/node/extensionHostProcess.js:117:1434)
	at ts (file:///usr/share/code/resources/app/out/vs/workbench/api/node/extensionHostProcess.js:190:15080)
	at MessagePortMain.<anonymous> (file:///usr/share/code/resources/app/out/vs/workbench/api/node/extensionHostProcess.js:190:11628)
	at MessagePortMain.emit (node:events:518:28)
	at MessagePortMain._internalPort.emit (node:electron/js2c/utility_init:2:2949) setContext undefined
2025-03-24 22:09:30.016 [error] Canceled: Canceled
	at new XR (file:///usr/share/code/resources/app/out/vs/workbench/api/node/extensionHostProcess.js:29:110406)
	at Uy.U (file:///usr/share/code/resources/app/out/vs/workbench/api/node/extensionHostProcess.js:29:115016)
	at s.<computed>.n.charCodeAt.s.<computed> (file:///usr/share/code/resources/app/out/vs/workbench/api/node/extensionHostProcess.js:29:112510)
	at mw.g (file:///usr/share/code/resources/app/out/vs/workbench/api/node/extensionHostProcess.js:112:32221)
	at mw.executeCommand (file:///usr/share/code/resources/app/out/vs/workbench/api/node/extensionHostProcess.js:112:31725)
	at r.registerCommand.description (file:///usr/share/code/resources/app/out/vs/workbench/api/node/extensionHostProcess.js:112:31055)
	at mw.h (file:///usr/share/code/resources/app/out/vs/workbench/api/node/extensionHostProcess.js:112:32741)
	at mw.g (file:///usr/share/code/resources/app/out/vs/workbench/api/node/extensionHostProcess.js:112:31818)
	at mw.executeCommand (file:///usr/share/code/resources/app/out/vs/workbench/api/node/extensionHostProcess.js:112:31725)
	at Object.executeCommand (file:///usr/share/code/resources/app/out/vs/workbench/api/node/extensionHostProcess.js:172:37254)
	at f (/home/luna/dotfiles/vscode/.vscode/extensions/eamodio.gitlens-16.3.3/dist/gitlens.js:1479:63905)
	at c (/home/luna/dotfiles/vscode/.vscode/extensions/eamodio.gitlens-16.3.3/dist/gitlens.js:1479:68465)
	at ActionRunners._updateContextKeys (/home/luna/dotfiles/vscode/.vscode/extensions/eamodio.gitlens-16.3.3/dist/gitlens.js:1104:92462)
	at s (/home/luna/dotfiles/vscode/.vscode/extensions/eamodio.gitlens-16.3.3/dist/gitlens.js:1104:90906)
	at RegisteredActionRunner.unregister (/home/luna/dotfiles/vscode/.vscode/extensions/eamodio.gitlens-16.3.3/dist/gitlens.js:1104:91049)
	at RegisteredActionRunner.dispose (/home/luna/dotfiles/vscode/.vscode/extensions/eamodio.gitlens-16.3.3/dist/gitlens.js:1104:89716)
	at Object.dispose (/home/luna/dotfiles/vscode/.vscode/extensions/eamodio.gitlens-16.3.3/dist/gitlens.js:1104:91143)
	at ui (file:///usr/share/code/resources/app/out/vs/workbench/api/node/extensionHostProcess.js:25:699)
	at file:///usr/share/code/resources/app/out/vs/workbench/api/node/extensionHostProcess.js:116:14992
	at file:///usr/share/code/resources/app/out/vs/workbench/api/node/extensionHostProcess.js:25:1009
	at Object.dispose (file:///usr/share/code/resources/app/out/vs/workbench/api/node/extensionHostProcess.js:8:705)
	at PW.eb (file:///usr/share/code/resources/app/out/vs/workbench/api/node/extensionHostProcess.js:116:11919)
	at file:///usr/share/code/resources/app/out/vs/workbench/api/node/extensionHostProcess.js:116:9874
	at Array.map (<anonymous>)
	at PW.$ (file:///usr/share/code/resources/app/out/vs/workbench/api/node/extensionHostProcess.js:116:9862)
	at PW.terminate (file:///usr/share/code/resources/app/out/vs/workbench/api/node/extensionHostProcess.js:116:10105)
	at wC.terminate (file:///usr/share/code/resources/app/out/vs/workbench/api/node/extensionHostProcess.js:117:1434)
	at ts (file:///usr/share/code/resources/app/out/vs/workbench/api/node/extensionHostProcess.js:190:15080)
	at MessagePortMain.<anonymous> (file:///usr/share/code/resources/app/out/vs/workbench/api/node/extensionHostProcess.js:190:11628)
	at MessagePortMain.emit (node:events:518:28)
	at MessagePortMain._internalPort.emit (node:electron/js2c/utility_init:2:2949) setContext undefined
2025-03-24 22:09:30.016 [error] Canceled: Canceled
	at new XR (file:///usr/share/code/resources/app/out/vs/workbench/api/node/extensionHostProcess.js:29:110406)
	at Uy.U (file:///usr/share/code/resources/app/out/vs/workbench/api/node/extensionHostProcess.js:29:115016)
	at s.<computed>.n.charCodeAt.s.<computed> (file:///usr/share/code/resources/app/out/vs/workbench/api/node/extensionHostProcess.js:29:112510)
	at mw.g (file:///usr/share/code/resources/app/out/vs/workbench/api/node/extensionHostProcess.js:112:32221)
	at mw.executeCommand (file:///usr/share/code/resources/app/out/vs/workbench/api/node/extensionHostProcess.js:112:31725)
	at r.registerCommand.description (file:///usr/share/code/resources/app/out/vs/workbench/api/node/extensionHostProcess.js:112:31055)
	at mw.h (file:///usr/share/code/resources/app/out/vs/workbench/api/node/extensionHostProcess.js:112:32741)
	at mw.g (file:///usr/share/code/resources/app/out/vs/workbench/api/node/extensionHostProcess.js:112:31818)
	at mw.executeCommand (file:///usr/share/code/resources/app/out/vs/workbench/api/node/extensionHostProcess.js:112:31725)
	at Object.executeCommand (file:///usr/share/code/resources/app/out/vs/workbench/api/node/extensionHostProcess.js:172:37254)
	at f (/home/luna/dotfiles/vscode/.vscode/extensions/eamodio.gitlens-16.3.3/dist/gitlens.js:1479:63905)
	at c (/home/luna/dotfiles/vscode/.vscode/extensions/eamodio.gitlens-16.3.3/dist/gitlens.js:1479:68465)
	at ActionRunners._updateContextKeys (/home/luna/dotfiles/vscode/.vscode/extensions/eamodio.gitlens-16.3.3/dist/gitlens.js:1104:92462)
	at s (/home/luna/dotfiles/vscode/.vscode/extensions/eamodio.gitlens-16.3.3/dist/gitlens.js:1104:90906)
	at RegisteredActionRunner.unregister (/home/luna/dotfiles/vscode/.vscode/extensions/eamodio.gitlens-16.3.3/dist/gitlens.js:1104:91049)
	at RegisteredActionRunner.dispose (/home/luna/dotfiles/vscode/.vscode/extensions/eamodio.gitlens-16.3.3/dist/gitlens.js:1104:89716)
	at Object.dispose (/home/luna/dotfiles/vscode/.vscode/extensions/eamodio.gitlens-16.3.3/dist/gitlens.js:1104:91143)
	at ui (file:///usr/share/code/resources/app/out/vs/workbench/api/node/extensionHostProcess.js:25:699)
	at file:///usr/share/code/resources/app/out/vs/workbench/api/node/extensionHostProcess.js:116:14992
	at file:///usr/share/code/resources/app/out/vs/workbench/api/node/extensionHostProcess.js:25:1009
	at Object.dispose (file:///usr/share/code/resources/app/out/vs/workbench/api/node/extensionHostProcess.js:8:705)
	at PW.eb (file:///usr/share/code/resources/app/out/vs/workbench/api/node/extensionHostProcess.js:116:11919)
	at file:///usr/share/code/resources/app/out/vs/workbench/api/node/extensionHostProcess.js:116:9874
	at Array.map (<anonymous>)
	at PW.$ (file:///usr/share/code/resources/app/out/vs/workbench/api/node/extensionHostProcess.js:116:9862)
	at PW.terminate (file:///usr/share/code/resources/app/out/vs/workbench/api/node/extensionHostProcess.js:116:10105)
	at wC.terminate (file:///usr/share/code/resources/app/out/vs/workbench/api/node/extensionHostProcess.js:117:1434)
	at ts (file:///usr/share/code/resources/app/out/vs/workbench/api/node/extensionHostProcess.js:190:15080)
	at MessagePortMain.<anonymous> (file:///usr/share/code/resources/app/out/vs/workbench/api/node/extensionHostProcess.js:190:11628)
	at MessagePortMain.emit (node:events:518:28)
	at MessagePortMain._internalPort.emit (node:electron/js2c/utility_init:2:2949) setContext undefined
2025-03-24 22:09:30.016 [error] ProxyResolver#resolveProxy undefined Canceled: Canceled
	at new XR (file:///usr/share/code/resources/app/out/vs/workbench/api/node/extensionHostProcess.js:29:110406)
	at Uy.U (file:///usr/share/code/resources/app/out/vs/workbench/api/node/extensionHostProcess.js:29:115016)
	at s.<computed>.n.charCodeAt.s.<computed> (file:///usr/share/code/resources/app/out/vs/workbench/api/node/extensionHostProcess.js:29:112510)
	at K0.resolveProxy (file:///usr/share/code/resources/app/out/vs/workbench/api/node/extensionHostProcess.js:107:53329)
	at Object.resolveProxy (file:///usr/share/code/resources/app/out/vs/workbench/api/node/extensionHostProcess.js:174:17697)
	at useProxySettings (/usr/share/code/resources/app/node_modules/@vscode/proxy-agent/out/index.js:182:16)
	at /usr/share/code/resources/app/node_modules/@vscode/proxy-agent/out/index.js:119:13
	at /usr/share/code/resources/app/node_modules/@vscode/proxy-agent/out/index.js:707:13
	at process.processTicksAndRejections (node:internal/process/task_queues:95:5) 
2025-03-24 22:09:30.022 [info] Extension host with pid 114401 exiting with code 0
