2025-03-24 22:09:35.630 [info] Reading sessions from keychain...
2025-03-24 22:09:35.630 [info] Getting sessions for all scopes...
2025-03-24 22:09:35.630 [info] Getting sessions for all scopes...
2025-03-24 22:09:35.630 [info] Getting sessions for all scopes...
2025-03-24 22:09:35.630 [info] Got 0 sessions for ...
2025-03-24 22:09:35.630 [info] Got 0 sessions for ...
2025-03-24 22:09:35.630 [info] Got 0 sessions for ...
2025-03-24 22:09:35.630 [info] Getting sessions for user:email...
2025-03-24 22:09:35.630 [info] Got 0 sessions for user:email...
2025-03-24 22:09:35.630 [info] Getting sessions for all scopes...
2025-03-24 22:09:35.630 [info] Got 0 sessions for ...
2025-03-24 22:09:35.630 [info] Getting sessions for all scopes...
2025-03-24 22:09:35.630 [info] Got 0 sessions for ...
2025-03-24 22:09:35.630 [info] Getting sessions for all scopes...
2025-03-24 22:09:35.630 [info] Got 0 sessions for ...
2025-03-24 22:09:35.630 [info] Getting sessions for all scopes...
2025-03-24 22:09:35.630 [info] Got 0 sessions for ...
2025-03-24 22:09:35.630 [info] Getting sessions for all scopes...
2025-03-24 22:09:35.630 [info] Got 0 sessions for ...
2025-03-24 22:09:36.193 [info] Getting sessions for read:user,repo,user:email...
2025-03-24 22:09:36.193 [info] Got 0 sessions for read:user,repo,user:email...
2025-03-24 22:09:36.193 [info] Getting sessions for project,read:org,read:user,repo,user:email,workflow...
2025-03-24 22:09:36.193 [info] Got 0 sessions for project,read:org,read:user,repo,user:email,workflow...
2025-03-24 22:09:36.215 [info] Getting sessions for read:user,repo,user:email,workflow...
2025-03-24 22:09:36.215 [info] Got 0 sessions for read:user,repo,user:email,workflow...
2025-03-24 22:09:36.243 [info] Getting sessions for read:user,repo,user:email...
2025-03-24 22:09:36.243 [info] Got 0 sessions for read:user,repo,user:email...
2025-03-24 22:09:36.259 [info] Getting sessions for read:user,repo,user:email,workflow...
2025-03-24 22:09:36.259 [info] Got 0 sessions for read:user,repo,user:email,workflow...
2025-03-24 22:09:37.285 [info] Getting sessions for all scopes...
2025-03-24 22:09:37.285 [info] Got 0 sessions for ...
2025-03-24 22:10:02.201 [info] Reading sessions from keychain...
2025-03-24 22:10:02.201 [info] Getting sessions for all scopes...
2025-03-24 22:10:02.201 [info] Getting sessions for all scopes...
2025-03-24 22:10:02.201 [info] Getting sessions for all scopes...
2025-03-24 22:10:02.201 [info] Getting sessions for all scopes...
2025-03-24 22:10:02.201 [info] Getting sessions for all scopes...
2025-03-24 22:10:02.201 [info] Getting sessions for all scopes...
2025-03-24 22:10:02.201 [info] Getting sessions for all scopes...
2025-03-24 22:10:02.360 [info] Got 0 sessions for ...
2025-03-24 22:10:02.360 [info] Got 0 sessions for ...
2025-03-24 22:10:02.360 [info] Got 0 sessions for ...
2025-03-24 22:10:02.360 [info] Got 0 sessions for ...
2025-03-24 22:10:02.360 [info] Got 0 sessions for ...
2025-03-24 22:10:02.360 [info] Got 0 sessions for ...
2025-03-24 22:10:02.360 [info] Got 0 sessions for ...
2025-03-24 22:10:02.663 [info] Getting sessions for all scopes...
2025-03-24 22:10:02.663 [info] Got 0 sessions for ...
2025-03-24 22:10:02.698 [info] Getting sessions for user:email...
2025-03-24 22:10:02.699 [info] Got 0 sessions for user:email...
2025-03-24 22:10:03.547 [info] Getting sessions for read:user,repo,user:email,workflow...
2025-03-24 22:10:03.547 [info] Got 0 sessions for read:user,repo,user:email,workflow...
2025-03-24 22:10:04.017 [info] Getting sessions for read:user,repo,user:email...
2025-03-24 22:10:04.017 [info] Got 0 sessions for read:user,repo,user:email...
2025-03-24 22:10:04.017 [info] Getting sessions for project,read:org,read:user,repo,user:email,workflow...
2025-03-24 22:10:04.017 [info] Got 0 sessions for project,read:org,read:user,repo,user:email,workflow...
2025-03-24 22:10:04.040 [info] Getting sessions for read:user,repo,user:email,workflow...
2025-03-24 22:10:04.040 [info] Got 0 sessions for read:user,repo,user:email,workflow...
2025-03-24 22:10:04.394 [info] Getting sessions for read:user,repo,user:email,workflow...
2025-03-24 22:10:04.394 [info] Got 0 sessions for read:user,repo,user:email,workflow...
2025-03-24 22:10:04.394 [info] Getting sessions for read:user,repo,user:email,workflow...
2025-03-24 22:10:04.394 [info] Got 0 sessions for read:user,repo,user:email,workflow...
2025-03-24 22:10:04.466 [info] Getting sessions for read:user,repo,user:email...
2025-03-24 22:10:04.467 [info] Got 0 sessions for read:user,repo,user:email...
2025-03-24 22:10:04.544 [info] Getting sessions for read:user,repo,user:email,workflow...
2025-03-24 22:10:04.544 [info] Got 0 sessions for read:user,repo,user:email,workflow...
2025-03-24 22:10:04.943 [info] Getting sessions for all scopes...
2025-03-24 22:10:04.943 [info] Got 0 sessions for ...
2025-03-24 22:10:43.808 [info] Reading sessions from keychain...
2025-03-24 22:10:43.808 [info] Getting sessions for all scopes...
2025-03-24 22:10:43.808 [info] Getting sessions for all scopes...
2025-03-24 22:10:43.808 [info] Getting sessions for all scopes...
2025-03-24 22:10:43.808 [info] Getting sessions for all scopes...
2025-03-24 22:10:43.808 [info] Getting sessions for all scopes...
2025-03-24 22:10:43.808 [info] Getting sessions for all scopes...
2025-03-24 22:10:43.808 [info] Getting sessions for all scopes...
2025-03-24 22:10:43.839 [info] Got 0 sessions for ...
2025-03-24 22:10:43.840 [info] Got 0 sessions for ...
2025-03-24 22:10:43.840 [info] Got 0 sessions for ...
2025-03-24 22:10:43.840 [info] Got 0 sessions for ...
2025-03-24 22:10:43.840 [info] Got 0 sessions for ...
2025-03-24 22:10:43.840 [info] Got 0 sessions for ...
2025-03-24 22:10:43.840 [info] Got 0 sessions for ...
2025-03-24 22:10:44.288 [info] Getting sessions for all scopes...
2025-03-24 22:10:44.288 [info] Got 0 sessions for ...
2025-03-24 22:10:44.288 [info] Getting sessions for user:email...
2025-03-24 22:10:44.288 [info] Got 0 sessions for user:email...
2025-03-24 22:10:45.434 [info] Getting sessions for read:user,repo,user:email...
2025-03-24 22:10:45.434 [info] Got 0 sessions for read:user,repo,user:email...
2025-03-24 22:10:45.463 [info] Getting sessions for project,read:org,read:user,repo,user:email,workflow...
2025-03-24 22:10:45.463 [info] Got 0 sessions for project,read:org,read:user,repo,user:email,workflow...
2025-03-24 22:10:45.543 [info] Getting sessions for read:user,repo,user:email,workflow...
2025-03-24 22:10:45.543 [info] Got 0 sessions for read:user,repo,user:email,workflow...
2025-03-24 22:10:45.773 [info] Getting sessions for read:user,repo,user:email,workflow...
2025-03-24 22:10:45.773 [info] Got 0 sessions for read:user,repo,user:email,workflow...
2025-03-24 22:10:45.935 [info] Getting sessions for read:user,repo,user:email...
2025-03-24 22:10:45.935 [info] Got 0 sessions for read:user,repo,user:email...
2025-03-24 22:10:45.936 [info] Getting sessions for read:user,repo,user:email...
2025-03-24 22:10:45.936 [info] Got 0 sessions for read:user,repo,user:email...
2025-03-24 22:10:46.065 [info] Getting sessions for read:user,repo,user:email,workflow...
2025-03-24 22:10:46.065 [info] Got 0 sessions for read:user,repo,user:email,workflow...
2025-03-24 22:10:46.332 [info] Getting sessions for all scopes...
2025-03-24 22:10:46.333 [info] Got 0 sessions for ...
2025-03-24 22:10:46.771 [info] Getting sessions for read:user,repo,user:email,workflow...
2025-03-24 22:10:46.771 [info] Got 0 sessions for read:user,repo,user:email,workflow...
