2025-03-24 21:16:54.030 [info] Reading sessions from keychain...
2025-03-24 21:16:54.030 [info] Getting sessions for all scopes...
2025-03-24 21:16:54.030 [info] Getting sessions for all scopes...
2025-03-24 21:16:54.030 [info] Getting sessions for all scopes...
2025-03-24 21:16:54.030 [info] Getting sessions for all scopes...
2025-03-24 21:16:54.030 [info] Getting sessions for all scopes...
2025-03-24 21:16:54.030 [info] Getting sessions for all scopes...
2025-03-24 21:16:54.030 [info] Getting sessions for all scopes...
2025-03-24 21:16:54.030 [info] Got 0 sessions for ...
2025-03-24 21:16:54.030 [info] Got 0 sessions for ...
2025-03-24 21:16:54.030 [info] Got 0 sessions for ...
2025-03-24 21:16:54.030 [info] Got 0 sessions for ...
2025-03-24 21:16:54.030 [info] Got 0 sessions for ...
2025-03-24 21:16:54.030 [info] Got 0 sessions for ...
2025-03-24 21:16:54.030 [info] Got 0 sessions for ...
2025-03-24 21:16:54.030 [info] Getting sessions for user:email...
2025-03-24 21:16:54.030 [info] Got 0 sessions for user:email...
2025-03-24 21:16:55.215 [info] Getting sessions for read:user,repo,user:email...
2025-03-24 21:16:55.215 [info] Got 0 sessions for read:user,repo,user:email...
2025-03-24 21:16:55.215 [info] Getting sessions for project,read:org,read:user,repo,user:email,workflow...
2025-03-24 21:16:55.215 [info] Got 0 sessions for project,read:org,read:user,repo,user:email,workflow...
2025-03-24 21:16:55.246 [info] Getting sessions for read:user,repo,user:email,workflow...
2025-03-24 21:16:55.246 [info] Got 0 sessions for read:user,repo,user:email,workflow...
2025-03-24 21:16:55.294 [info] Getting sessions for read:user,repo,user:email...
2025-03-24 21:16:55.294 [info] Got 0 sessions for read:user,repo,user:email...
2025-03-24 21:16:55.299 [info] Getting sessions for read:user,repo,user:email,workflow...
2025-03-24 21:16:55.299 [info] Got 0 sessions for read:user,repo,user:email,workflow...
2025-03-24 21:16:55.602 [info] Getting sessions for all scopes...
2025-03-24 21:16:55.602 [info] Got 0 sessions for ...
2025-03-24 21:17:44.257 [info] Reading sessions from keychain...
2025-03-24 21:17:44.257 [info] Getting sessions for all scopes...
2025-03-24 21:17:44.257 [info] Getting sessions for all scopes...
2025-03-24 21:17:44.257 [info] Getting sessions for all scopes...
2025-03-24 21:17:44.257 [info] Getting sessions for all scopes...
2025-03-24 21:17:44.257 [info] Getting sessions for all scopes...
2025-03-24 21:17:44.257 [info] Getting sessions for all scopes...
2025-03-24 21:17:44.257 [info] Getting sessions for all scopes...
2025-03-24 21:17:44.276 [info] Got 0 sessions for ...
2025-03-24 21:17:44.276 [info] Got 0 sessions for ...
2025-03-24 21:17:44.276 [info] Got 0 sessions for ...
2025-03-24 21:17:44.276 [info] Got 0 sessions for ...
2025-03-24 21:17:44.276 [info] Got 0 sessions for ...
2025-03-24 21:17:44.276 [info] Got 0 sessions for ...
2025-03-24 21:17:44.276 [info] Got 0 sessions for ...
2025-03-24 21:17:44.599 [info] Getting sessions for all scopes...
2025-03-24 21:17:44.599 [info] Got 0 sessions for ...
2025-03-24 21:17:44.717 [info] Getting sessions for user:email...
2025-03-24 21:17:44.717 [info] Got 0 sessions for user:email...
2025-03-24 21:17:45.576 [info] Getting sessions for read:user,repo,user:email...
2025-03-24 21:17:45.576 [info] Got 0 sessions for read:user,repo,user:email...
2025-03-24 21:17:45.576 [info] Getting sessions for project,read:org,read:user,repo,user:email,workflow...
2025-03-24 21:17:45.576 [info] Got 0 sessions for project,read:org,read:user,repo,user:email,workflow...
2025-03-24 21:17:45.649 [info] Getting sessions for read:user,repo,user:email,workflow...
2025-03-24 21:17:45.649 [info] Got 0 sessions for read:user,repo,user:email,workflow...
2025-03-24 21:17:45.711 [info] Getting sessions for read:user,repo,user:email...
2025-03-24 21:17:45.711 [info] Got 0 sessions for read:user,repo,user:email...
2025-03-24 21:17:45.781 [info] Getting sessions for read:user,repo,user:email...
2025-03-24 21:17:45.781 [info] Got 0 sessions for read:user,repo,user:email...
2025-03-24 21:17:45.936 [info] Getting sessions for read:user,repo,user:email,workflow...
2025-03-24 21:17:45.936 [info] Got 0 sessions for read:user,repo,user:email,workflow...
2025-03-24 21:17:46.140 [info] Getting sessions for all scopes...
2025-03-24 21:17:46.140 [info] Got 0 sessions for ...
