2025-02-20 17:12:10.593 [info] [main] Log level: Info
2025-02-20 17:12:10.594 [info] [main] Validating found git in: "git"
2025-02-20 17:12:10.594 [info] [main] Using git "2.48.1" from "git"
2025-02-20 17:12:10.594 [info] [Model][doInitialScan] Initial repository scan started
2025-02-20 17:12:10.594 [info] [Model][doInitialScan] Initial repository scan completed - repositories (0), closed repositories (0), parent repositories (0), unsafe repositories (0)
2025-02-20 17:15:43.921 [info] [main] Log level: Info
2025-02-20 17:15:43.921 [info] [main] Validating found git in: "git"
2025-02-20 17:15:43.921 [info] [main] Using git "2.48.1" from "git"
2025-02-20 17:15:43.921 [info] [Model][doInitialScan] Initial repository scan started
2025-02-20 17:15:43.921 [info] [Model][doInitialScan] Initial repository scan completed - repositories (0), closed repositories (0), parent repositories (0), unsafe repositories (0)
2025-02-20 17:16:00.134 [info] [main] Log level: Info
2025-02-20 17:16:00.134 [info] [main] Validating found git in: "git"
2025-02-20 17:16:00.134 [info] [main] Using git "2.48.1" from "git"
2025-02-20 17:16:00.134 [info] [Model][doInitialScan] Initial repository scan started
2025-02-20 17:16:00.134 [info] [Model][doInitialScan] Initial repository scan completed - repositories (0), closed repositories (0), parent repositories (0), unsafe repositories (0)
2025-02-20 17:16:39.246 [info] [main] Log level: Info
2025-02-20 17:16:39.246 [info] [main] Validating found git in: "git"
2025-02-20 17:16:39.246 [info] [main] Using git "2.48.1" from "git"
2025-02-20 17:16:39.246 [info] [Model][doInitialScan] Initial repository scan started
2025-02-20 17:16:39.246 [info] [Model][doInitialScan] Initial repository scan completed - repositories (0), closed repositories (0), parent repositories (0), unsafe repositories (0)
