2025-02-20 17:48:29.363 [info] (Client) Pylance async client (2025.2.1) started with python extension (2025.0.0)
2025-02-20 17:48:29.709 [info] [Info  - 5:48:29 PM] (44076) Server root directory: file:///home/nat/.vscode/extensions/ms-python.vscode-pylance-2025.2.1/dist
2025-02-20 17:48:29.709 [info] [Info  - 5:48:29 PM] (44076) Pylance language server 2025.2.1 (pyright version 1.1.393, commit 3763156f) starting
2025-02-20 17:48:29.728 [info] [Info  - 5:48:29 PM] (44076) Starting service instance "sigma-lang-web"
2025-02-20 17:48:29.780 [info] [Info  - 5:48:29 PM] (44076) Setting environmentName for service "sigma-lang-web": "3.13.2 (global)"
2025-02-20 17:48:29.780 [info] [Info  - 5:48:29 PM] (44076) Setting pythonPath for service "sigma-lang-web": "/usr/bin/python"
2025-02-20 17:48:29.780 [info] [Info  - 5:48:29 PM] (44076) No include entries specified; assuming /home/nat/repos/sigma-lang-web
2025-02-20 17:48:29.780 [info] [Info  - 5:48:29 PM] (44076) Auto-excluding **/node_modules
2025-02-20 17:48:29.780 [info] [Info  - 5:48:29 PM] (44076) Auto-excluding **/__pycache__
2025-02-20 17:48:29.780 [info] [Info  - 5:48:29 PM] (44076) Auto-excluding **/.*
2025-02-20 17:48:29.802 [info] [Info  - 5:48:29 PM] (44076) Assuming Python version 3.13.2.final.0
2025-02-20 17:48:29.865 [info] [Info  - 5:48:29 PM] (44076) Found 1 source file
2025-02-20 17:48:30.169 [info] [Info  - 5:48:30 PM] (44076) Background analysis(1) root directory: file:///home/nat/.vscode/extensions/ms-python.vscode-pylance-2025.2.1/dist
2025-02-20 17:48:30.171 [info] [Info  - 5:48:30 PM] (44076) Background analysis(1) started
2025-02-20 17:48:33.207 [info] [Info  - 5:48:33 PM] (44076) Indexer background runner(2) root directory: file:///home/nat/.vscode/extensions/ms-python.vscode-pylance-2025.2.1/dist (index)
2025-02-20 17:48:33.207 [info] [Info  - 5:48:33 PM] (44076) Indexing(2) started
2025-02-20 17:48:33.208 [info] [Info  - 5:48:33 PM] (44076) Starting service instance "<default>"
2025-02-20 17:48:33.231 [info] [Info  - 5:48:33 PM] (44076) Setting environmentName for service "<default>": "3.13.2 (global)"
2025-02-20 17:48:33.232 [info] [Info  - 5:48:33 PM] (44076) Setting pythonPath for service "<default>": "/usr/bin/python"
2025-02-20 17:48:33.233 [info] [Info  - 5:48:33 PM] (44076) No include entries specified; assuming /<default workspace root>
2025-02-20 17:48:33.233 [info] [Info  - 5:48:33 PM] (44076) Auto-excluding **/node_modules
2025-02-20 17:48:33.233 [info] [Info  - 5:48:33 PM] (44076) Auto-excluding **/__pycache__
2025-02-20 17:48:33.233 [info] [Info  - 5:48:33 PM] (44076) Auto-excluding **/.*
2025-02-20 17:48:33.284 [info] [Info  - 5:48:33 PM] (44076) Assuming Python version 3.13.2.final.0
2025-02-20 17:48:33.331 [info] [Error - 5:48:33 PM] (44076) File or directory "/<default workspace root>" does not exist.
2025-02-20 17:48:33.332 [info] [Info  - 5:48:33 PM] (44076) No source files found.
2025-02-20 17:48:33.441 [info] [Info  - 5:48:33 PM] (44076) scanned(2) 425 files over 1 exec env
2025-02-20 17:48:33.681 [info] [Info  - 5:48:33 PM] (44076) indexed(2) 425 files over 1 exec env
2025-02-20 17:48:33.685 [info] [Info  - 5:48:33 PM] (44076) Background analysis(3) root directory: file:///home/nat/.vscode/extensions/ms-python.vscode-pylance-2025.2.1/dist
2025-02-20 17:48:33.686 [info] [Info  - 5:48:33 PM] (44076) Background analysis(3) started
2025-02-20 17:48:33.744 [info] [Info  - 5:48:33 PM] (44076) Indexing finished(2).
