2025-02-21 00:31:52.430 [info] Reading sessions from keychain...
2025-02-21 00:31:52.430 [info] Getting sessions for all scopes...
2025-02-21 00:31:52.430 [info] Getting sessions for all scopes...
2025-02-21 00:31:52.430 [info] Getting sessions for all scopes...
2025-02-21 00:31:52.430 [info] Getting sessions for all scopes...
2025-02-21 00:31:52.430 [info] Getting sessions for all scopes...
2025-02-21 00:31:52.430 [info] Getting sessions for all scopes...
2025-02-21 00:31:52.430 [info] Getting sessions for all scopes...
2025-02-21 00:31:52.430 [info] Got stored sessions!
2025-02-21 00:31:52.430 [info] Got 1 verified sessions.
2025-02-21 00:31:52.430 [info] Got 1 sessions for ...
2025-02-21 00:31:52.430 [info] Got 1 sessions for ...
2025-02-21 00:31:52.430 [info] Got 1 sessions for ...
2025-02-21 00:31:52.430 [info] Got 1 sessions for ...
2025-02-21 00:31:52.430 [info] Got 1 sessions for ...
2025-02-21 00:31:52.430 [info] Got 1 sessions for ...
2025-02-21 00:31:52.430 [info] Got 1 sessions for ...
2025-02-21 00:31:52.430 [info] Getting sessions for all scopes...
2025-02-21 00:31:52.430 [info] Got 1 sessions for ...
2025-02-21 00:31:52.430 [info] Getting sessions for all scopes...
2025-02-21 00:31:52.430 [info] Got 1 sessions for ...
2025-02-21 00:31:52.430 [info] Getting sessions for all scopes...
2025-02-21 00:31:52.430 [info] Got 1 sessions for ...
2025-02-21 00:31:52.455 [info] Getting sessions for read:user,repo,user:email,workflow...
2025-02-21 00:31:52.455 [info] Got 1 sessions for read:user,repo,user:email,workflow...
2025-02-21 00:31:53.043 [info] Getting sessions for all scopes...
2025-02-21 00:31:53.043 [info] Got 1 sessions for ...
2025-02-21 00:31:53.185 [info] Getting sessions for all scopes...
2025-02-21 00:31:53.185 [info] Got 1 sessions for ...
2025-02-21 00:31:53.295 [info] Getting sessions for read:user,repo,user:email...
2025-02-21 00:31:53.295 [info] Got 0 sessions for read:user,repo,user:email...
2025-02-21 00:31:53.295 [info] Getting sessions for read:user,repo,user:email,workflow...
2025-02-21 00:31:53.295 [info] Got 1 sessions for read:user,repo,user:email,workflow...
2025-02-21 00:31:53.295 [info] Getting sessions for project,read:org,read:user,repo,user:email,workflow...
2025-02-21 00:31:53.295 [info] Got 0 sessions for project,read:org,read:user,repo,user:email,workflow...
2025-02-21 00:31:53.315 [info] Getting sessions for read:user,repo,user:email,workflow...
2025-02-21 00:31:53.315 [info] Got 1 sessions for read:user,repo,user:email,workflow...
2025-02-21 00:31:53.561 [info] Getting sessions for read:user,repo,user:email,workflow...
2025-02-21 00:31:53.561 [info] Got 1 sessions for read:user,repo,user:email,workflow...
2025-02-21 00:31:53.594 [info] Getting sessions for read:user,repo,user:email,workflow...
2025-02-21 00:31:53.594 [info] Got 1 sessions for read:user,repo,user:email,workflow...
2025-02-21 00:31:53.647 [info] Getting sessions for all scopes...
2025-02-21 00:31:53.647 [info] Got 1 sessions for ...
2025-02-21 00:31:54.562 [info] Getting sessions for read:user,repo,user:email,workflow...
2025-02-21 00:31:54.562 [info] Got 1 sessions for read:user,repo,user:email,workflow...
2025-02-21 00:31:54.569 [info] Getting sessions for read:user,repo,user:email...
2025-02-21 00:31:54.569 [info] Got 0 sessions for read:user,repo,user:email...
2025-02-21 00:31:54.596 [info] Getting sessions for read:user,repo,user:email,workflow...
2025-02-21 00:31:54.596 [info] Got 1 sessions for read:user,repo,user:email,workflow...
2025-02-21 00:31:54.608 [info] Getting sessions for all scopes...
2025-02-21 00:31:54.608 [info] Got 1 sessions for ...
2025-02-21 00:31:54.701 [info] Getting sessions for read:user,repo,user:email,workflow...
2025-02-21 00:31:54.701 [info] Got 1 sessions for read:user,repo,user:email,workflow...
2025-02-21 00:31:55.070 [info] Getting sessions for read:user,repo,user:email,workflow...
2025-02-21 00:31:55.070 [info] Got 1 sessions for read:user,repo,user:email,workflow...
2025-02-21 00:31:55.244 [info] Getting sessions for read:user,repo,user:email,workflow...
2025-02-21 00:31:55.244 [info] Got 1 sessions for read:user,repo,user:email,workflow...
2025-02-21 00:31:55.500 [info] Getting sessions for all scopes...
2025-02-21 00:31:55.500 [info] Got 1 sessions for ...
2025-02-21 00:31:55.500 [info] Getting sessions for all scopes...
2025-02-21 00:31:55.500 [info] Got 1 sessions for ...
2025-02-21 00:31:55.537 [info] Getting sessions for read:user,repo,user:email,workflow...
2025-02-21 00:31:55.537 [info] Got 1 sessions for read:user,repo,user:email,workflow...
2025-02-21 00:31:55.552 [info] Getting sessions for all scopes...
2025-02-21 00:31:55.552 [info] Got 1 sessions for ...
2025-02-21 00:31:55.558 [info] Getting sessions for read:user,repo,user:email,workflow...
2025-02-21 00:31:55.558 [info] Got 1 sessions for read:user,repo,user:email,workflow...
2025-02-21 00:31:55.612 [info] Getting sessions for all scopes...
2025-02-21 00:31:55.612 [info] Got 1 sessions for ...
2025-02-21 00:31:55.617 [info] Getting sessions for read:user,repo,user:email,workflow...
2025-02-21 00:31:55.617 [info] Got 1 sessions for read:user,repo,user:email,workflow...
2025-02-21 00:31:55.631 [info] Getting sessions for read:user,repo,user:email,workflow...
2025-02-21 00:31:55.631 [info] Got 1 sessions for read:user,repo,user:email,workflow...
2025-02-21 00:31:56.821 [info] Getting sessions for all scopes...
2025-02-21 00:31:56.821 [info] Got 1 sessions for ...
2025-02-21 00:31:56.823 [info] Getting sessions for read:user,repo,user:email,workflow...
2025-02-21 00:31:56.823 [info] Got 1 sessions for read:user,repo,user:email,workflow...
2025-02-21 00:44:23.440 [info] Getting sessions for codespace,read:user,repo,user:email...
2025-02-21 00:44:23.440 [info] Got 0 sessions for codespace,read:user,repo,user:email...
2025-02-21 00:44:23.455 [info] Getting sessions for codespace,read:user,repo,user:email...
2025-02-21 00:44:23.455 [info] Got 0 sessions for codespace,read:user,repo,user:email...
2025-02-21 00:44:47.624 [info] Reading sessions from keychain...
2025-02-21 00:44:47.624 [info] Getting sessions for all scopes...
2025-02-21 00:44:47.624 [info] Getting sessions for all scopes...
2025-02-21 00:44:47.624 [info] Getting sessions for all scopes...
2025-02-21 00:44:47.664 [info] Got stored sessions!
2025-02-21 00:44:47.664 [info] Got 1 verified sessions.
2025-02-21 00:44:47.664 [info] Got 1 sessions for ...
2025-02-21 00:44:47.664 [info] Got 1 sessions for ...
2025-02-21 00:44:47.664 [info] Got 1 sessions for ...
2025-02-21 00:44:48.706 [info] Getting sessions for all scopes...
2025-02-21 00:44:48.706 [info] Got 1 sessions for ...
2025-02-21 00:44:48.706 [info] Getting sessions for all scopes...
2025-02-21 00:44:48.706 [info] Got 1 sessions for ...
2025-02-21 00:44:48.707 [info] Getting sessions for all scopes...
2025-02-21 00:44:48.707 [info] Got 1 sessions for ...
2025-02-21 00:44:48.707 [info] Getting sessions for all scopes...
2025-02-21 00:44:48.707 [info] Got 1 sessions for ...
2025-02-21 00:44:48.707 [info] Getting sessions for all scopes...
2025-02-21 00:44:48.707 [info] Got 1 sessions for ...
2025-02-21 00:45:05.738 [info] Reading sessions from keychain...
2025-02-21 00:45:05.738 [info] Getting sessions for all scopes...
2025-02-21 00:45:05.738 [info] Getting sessions for all scopes...
2025-02-21 00:45:05.738 [info] Getting sessions for all scopes...
2025-02-21 00:45:05.766 [info] Got stored sessions!
2025-02-21 00:45:05.766 [info] Got 1 verified sessions.
2025-02-21 00:45:05.766 [info] Got 1 sessions for ...
2025-02-21 00:45:05.766 [info] Got 1 sessions for ...
2025-02-21 00:45:05.766 [info] Got 1 sessions for ...
2025-02-21 00:45:06.143 [info] Getting sessions for all scopes...
2025-02-21 00:45:06.143 [info] Got 1 sessions for ...
2025-02-21 00:45:06.143 [info] Getting sessions for all scopes...
2025-02-21 00:45:06.143 [info] Got 1 sessions for ...
2025-02-21 00:45:06.144 [info] Getting sessions for all scopes...
2025-02-21 00:45:06.144 [info] Got 1 sessions for ...
2025-02-21 00:45:06.144 [info] Getting sessions for all scopes...
2025-02-21 00:45:06.144 [info] Got 1 sessions for ...
2025-02-21 00:45:06.144 [info] Getting sessions for all scopes...
2025-02-21 00:45:06.144 [info] Got 1 sessions for ...
2025-02-21 00:45:14.372 [info] Getting sessions for read:user,repo,user:email,workflow...
2025-02-21 00:45:14.372 [info] Got 1 sessions for read:user,repo,user:email,workflow...
2025-02-21 00:45:16.904 [info] Getting sessions for read:user,repo,user:email,workflow...
2025-02-21 00:45:16.904 [info] Got 1 sessions for read:user,repo,user:email,workflow...
2025-02-21 00:45:18.111 [info] Getting sessions for read:user,repo,user:email,workflow...
2025-02-21 00:45:18.111 [info] Got 1 sessions for read:user,repo,user:email,workflow...
2025-02-21 00:45:35.258 [info] Getting sessions for read:user,repo,user:email,workflow...
2025-02-21 00:45:35.258 [info] Got 1 sessions for read:user,repo,user:email,workflow...
2025-02-21 00:45:36.130 [info] Getting sessions for read:user,repo,user:email,workflow...
2025-02-21 00:45:36.130 [info] Got 1 sessions for read:user,repo,user:email,workflow...
2025-02-21 00:51:35.146 [info] Reading sessions from keychain...
2025-02-21 00:51:35.146 [info] Getting sessions for all scopes...
2025-02-21 00:51:35.146 [info] Getting sessions for all scopes...
2025-02-21 00:51:35.146 [info] Getting sessions for all scopes...
2025-02-21 00:51:35.213 [info] Getting sessions for all scopes...
2025-02-21 00:51:35.214 [info] Getting sessions for all scopes...
2025-02-21 00:51:35.214 [info] Getting sessions for all scopes...
2025-02-21 00:51:35.214 [info] Getting sessions for all scopes...
2025-02-21 00:51:35.214 [info] Getting sessions for all scopes...
2025-02-21 00:51:35.225 [info] Got stored sessions!
2025-02-21 00:51:35.225 [info] Got 1 verified sessions.
2025-02-21 00:51:35.225 [info] Got 1 sessions for ...
2025-02-21 00:51:35.225 [info] Got 1 sessions for ...
2025-02-21 00:51:35.225 [info] Got 1 sessions for ...
2025-02-21 00:51:35.225 [info] Got 1 sessions for ...
2025-02-21 00:51:35.225 [info] Got 1 sessions for ...
2025-02-21 00:51:35.225 [info] Got 1 sessions for ...
2025-02-21 00:51:35.225 [info] Got 1 sessions for ...
2025-02-21 00:51:35.225 [info] Got 1 sessions for ...
2025-02-21 00:53:25.927 [info] Reading sessions from keychain...
2025-02-21 00:53:25.927 [info] Getting sessions for all scopes...
2025-02-21 00:53:25.927 [info] Getting sessions for all scopes...
2025-02-21 00:53:25.927 [info] Getting sessions for all scopes...
2025-02-21 00:53:25.948 [info] Got stored sessions!
2025-02-21 00:53:25.948 [info] Got 1 verified sessions.
2025-02-21 00:53:25.948 [info] Got 1 sessions for ...
2025-02-21 00:53:25.948 [info] Got 1 sessions for ...
2025-02-21 00:53:25.948 [info] Got 1 sessions for ...
2025-02-21 00:53:27.014 [info] Getting sessions for all scopes...
2025-02-21 00:53:27.014 [info] Got 1 sessions for ...
2025-02-21 00:53:27.014 [info] Getting sessions for all scopes...
2025-02-21 00:53:27.014 [info] Got 1 sessions for ...
2025-02-21 00:53:27.014 [info] Getting sessions for all scopes...
2025-02-21 00:53:27.014 [info] Got 1 sessions for ...
2025-02-21 00:53:27.014 [info] Getting sessions for all scopes...
2025-02-21 00:53:27.014 [info] Got 1 sessions for ...
2025-02-21 00:53:27.014 [info] Getting sessions for all scopes...
2025-02-21 00:53:27.014 [info] Got 1 sessions for ...
2025-02-21 00:53:30.176 [info] Getting sessions for read:user,repo,user:email,workflow...
2025-02-21 00:53:30.176 [info] Got 1 sessions for read:user,repo,user:email,workflow...
2025-02-21 00:53:32.390 [info] Getting sessions for read:user,repo,user:email,workflow...
2025-02-21 00:53:32.390 [info] Got 1 sessions for read:user,repo,user:email,workflow...
2025-02-21 00:56:46.803 [info] Reading sessions from keychain...
2025-02-21 00:56:46.803 [info] Getting sessions for all scopes...
2025-02-21 00:56:46.803 [info] Getting sessions for all scopes...
2025-02-21 00:56:46.803 [info] Getting sessions for all scopes...
2025-02-21 00:56:46.803 [info] Got stored sessions!
2025-02-21 00:56:46.803 [info] Got 1 verified sessions.
2025-02-21 00:56:46.803 [info] Got 1 sessions for ...
2025-02-21 00:56:46.803 [info] Got 1 sessions for ...
2025-02-21 00:56:46.803 [info] Got 1 sessions for ...
2025-02-21 00:56:47.799 [info] Getting sessions for all scopes...
2025-02-21 00:56:47.799 [info] Got 1 sessions for ...
2025-02-21 00:56:47.799 [info] Getting sessions for all scopes...
2025-02-21 00:56:47.799 [info] Got 1 sessions for ...
2025-02-21 00:56:47.800 [info] Getting sessions for all scopes...
2025-02-21 00:56:47.800 [info] Got 1 sessions for ...
2025-02-21 00:56:47.800 [info] Getting sessions for all scopes...
2025-02-21 00:56:47.800 [info] Got 1 sessions for ...
2025-02-21 00:56:47.800 [info] Getting sessions for all scopes...
2025-02-21 00:56:47.800 [info] Got 1 sessions for ...
2025-02-21 00:57:00.244 [info] Reading sessions from keychain...
2025-02-21 00:57:00.244 [info] Getting sessions for all scopes...
2025-02-21 00:57:00.244 [info] Getting sessions for all scopes...
2025-02-21 00:57:00.244 [info] Getting sessions for all scopes...
2025-02-21 00:57:00.270 [info] Got stored sessions!
2025-02-21 00:57:00.270 [info] Got 1 verified sessions.
2025-02-21 00:57:00.270 [info] Got 1 sessions for ...
2025-02-21 00:57:00.270 [info] Got 1 sessions for ...
2025-02-21 00:57:00.270 [info] Got 1 sessions for ...
2025-02-21 00:57:01.387 [info] Getting sessions for all scopes...
2025-02-21 00:57:01.387 [info] Got 1 sessions for ...
2025-02-21 00:57:01.387 [info] Getting sessions for all scopes...
2025-02-21 00:57:01.387 [info] Got 1 sessions for ...
2025-02-21 00:57:01.387 [info] Getting sessions for all scopes...
2025-02-21 00:57:01.387 [info] Got 1 sessions for ...
2025-02-21 00:57:01.387 [info] Getting sessions for all scopes...
2025-02-21 00:57:01.387 [info] Got 1 sessions for ...
2025-02-21 00:57:01.387 [info] Getting sessions for all scopes...
2025-02-21 00:57:01.387 [info] Got 1 sessions for ...
2025-02-21 00:57:06.973 [info] Getting sessions for read:user,repo,user:email,workflow...
2025-02-21 00:57:06.973 [info] Got 1 sessions for read:user,repo,user:email,workflow...
2025-02-21 00:57:08.001 [info] Getting sessions for read:user,repo,user:email,workflow...
2025-02-21 00:57:08.001 [info] Got 1 sessions for read:user,repo,user:email,workflow...
2025-02-21 00:57:09.506 [info] Getting sessions for read:user,repo,user:email,workflow...
2025-02-21 00:57:09.506 [info] Got 1 sessions for read:user,repo,user:email,workflow...
2025-02-21 01:28:49.730 [info] Reading sessions from keychain...
2025-02-21 01:28:49.730 [info] Getting sessions for all scopes...
2025-02-21 01:28:49.730 [info] Getting sessions for all scopes...
2025-02-21 01:28:49.730 [info] Getting sessions for all scopes...
2025-02-21 01:28:49.730 [info] Got stored sessions!
2025-02-21 01:28:49.730 [info] Got 1 verified sessions.
2025-02-21 01:28:49.730 [info] Got 1 sessions for ...
2025-02-21 01:28:49.730 [info] Got 1 sessions for ...
2025-02-21 01:28:49.730 [info] Got 1 sessions for ...
2025-02-21 01:28:51.175 [info] Getting sessions for all scopes...
2025-02-21 01:28:51.175 [info] Got 1 sessions for ...
2025-02-21 01:28:51.175 [info] Getting sessions for all scopes...
2025-02-21 01:28:51.175 [info] Got 1 sessions for ...
2025-02-21 01:28:51.175 [info] Getting sessions for all scopes...
2025-02-21 01:28:51.175 [info] Got 1 sessions for ...
2025-02-21 01:28:51.176 [info] Getting sessions for all scopes...
2025-02-21 01:28:51.176 [info] Got 1 sessions for ...
2025-02-21 01:28:51.176 [info] Getting sessions for all scopes...
2025-02-21 01:28:51.176 [info] Got 1 sessions for ...
2025-02-21 01:29:09.613 [info] Reading sessions from keychain...
2025-02-21 01:29:09.613 [info] Getting sessions for all scopes...
2025-02-21 01:29:09.613 [info] Getting sessions for all scopes...
2025-02-21 01:29:09.613 [info] Getting sessions for all scopes...
2025-02-21 01:29:09.667 [info] Got stored sessions!
2025-02-21 01:29:09.667 [info] Got 1 verified sessions.
2025-02-21 01:29:09.667 [info] Got 1 sessions for ...
2025-02-21 01:29:09.667 [info] Got 1 sessions for ...
2025-02-21 01:29:09.667 [info] Got 1 sessions for ...
2025-02-21 01:29:10.476 [info] Getting sessions for all scopes...
2025-02-21 01:29:10.476 [info] Got 1 sessions for ...
2025-02-21 01:29:10.476 [info] Getting sessions for all scopes...
2025-02-21 01:29:10.476 [info] Got 1 sessions for ...
2025-02-21 01:29:10.476 [info] Getting sessions for all scopes...
2025-02-21 01:29:10.476 [info] Got 1 sessions for ...
2025-02-21 01:29:10.477 [info] Getting sessions for all scopes...
2025-02-21 01:29:10.477 [info] Got 1 sessions for ...
2025-02-21 01:29:10.477 [info] Getting sessions for all scopes...
2025-02-21 01:29:10.477 [info] Got 1 sessions for ...
2025-02-21 01:29:15.752 [info] Getting sessions for read:user,repo,user:email,workflow...
2025-02-21 01:29:15.753 [info] Got 1 sessions for read:user,repo,user:email,workflow...
2025-02-21 01:29:16.875 [info] Getting sessions for read:user,repo,user:email,workflow...
2025-02-21 01:29:16.875 [info] Got 1 sessions for read:user,repo,user:email,workflow...
2025-02-21 01:29:18.499 [info] Getting sessions for read:user,repo,user:email,workflow...
2025-02-21 01:29:18.499 [info] Got 1 sessions for read:user,repo,user:email,workflow...
2025-02-21 01:40:56.112 [info] Reading sessions from keychain...
2025-02-21 01:40:56.112 [info] Getting sessions for all scopes...
2025-02-21 01:40:56.112 [info] Getting sessions for all scopes...
2025-02-21 01:40:56.112 [info] Getting sessions for all scopes...
2025-02-21 01:40:56.112 [info] Got stored sessions!
2025-02-21 01:40:56.112 [info] Got 1 verified sessions.
2025-02-21 01:40:56.112 [info] Got 1 sessions for ...
2025-02-21 01:40:56.112 [info] Got 1 sessions for ...
2025-02-21 01:40:56.112 [info] Got 1 sessions for ...
2025-02-21 01:40:56.117 [info] Getting sessions for all scopes...
2025-02-21 01:40:56.117 [info] Got 1 sessions for ...
2025-02-21 01:40:56.117 [info] Getting sessions for all scopes...
2025-02-21 01:40:56.117 [info] Got 1 sessions for ...
2025-02-21 01:40:56.117 [info] Getting sessions for all scopes...
2025-02-21 01:40:56.117 [info] Got 1 sessions for ...
2025-02-21 01:40:56.117 [info] Getting sessions for all scopes...
2025-02-21 01:40:56.118 [info] Got 1 sessions for ...
2025-02-21 01:40:56.118 [info] Getting sessions for all scopes...
2025-02-21 01:40:56.118 [info] Got 1 sessions for ...
2025-02-21 01:41:30.470 [info] Reading sessions from keychain...
2025-02-21 01:41:30.470 [info] Getting sessions for all scopes...
2025-02-21 01:41:30.470 [info] Getting sessions for all scopes...
2025-02-21 01:41:30.470 [info] Getting sessions for all scopes...
2025-02-21 01:41:30.470 [info] Getting sessions for all scopes...
2025-02-21 01:41:30.470 [info] Getting sessions for all scopes...
2025-02-21 01:41:30.470 [info] Getting sessions for all scopes...
2025-02-21 01:41:30.470 [info] Getting sessions for all scopes...
2025-02-21 01:41:30.470 [info] Getting sessions for all scopes...
2025-02-21 01:41:30.470 [info] Got stored sessions!
2025-02-21 01:41:30.470 [info] Got 1 verified sessions.
2025-02-21 01:41:30.470 [info] Got 1 sessions for ...
2025-02-21 01:41:30.470 [info] Got 1 sessions for ...
2025-02-21 01:41:30.470 [info] Got 1 sessions for ...
2025-02-21 01:41:30.470 [info] Got 1 sessions for ...
2025-02-21 01:41:30.470 [info] Got 1 sessions for ...
2025-02-21 01:41:30.470 [info] Got 1 sessions for ...
2025-02-21 01:41:30.470 [info] Got 1 sessions for ...
2025-02-21 01:41:30.470 [info] Got 1 sessions for ...
2025-02-21 01:41:32.068 [info] Getting sessions for read:user,repo,user:email...
2025-02-21 01:41:32.068 [info] Got 0 sessions for read:user,repo,user:email...
2025-02-21 01:41:32.068 [info] Getting sessions for read:user,repo,user:email,workflow...
2025-02-21 01:41:32.068 [info] Got 1 sessions for read:user,repo,user:email,workflow...
2025-02-21 01:41:32.080 [info] Getting sessions for all scopes...
2025-02-21 01:41:32.080 [info] Got 1 sessions for ...
2025-02-21 01:41:32.080 [info] Getting sessions for all scopes...
2025-02-21 01:41:32.081 [info] Got 1 sessions for ...
2025-02-21 01:41:32.081 [info] Getting sessions for project,read:org,read:user,repo,user:email,workflow...
2025-02-21 01:41:32.081 [info] Got 0 sessions for project,read:org,read:user,repo,user:email,workflow...
2025-02-21 01:41:32.161 [info] Getting sessions for all scopes...
2025-02-21 01:41:32.161 [info] Got 1 sessions for ...
2025-02-21 01:41:32.199 [info] Getting sessions for read:user,repo,user:email,workflow...
2025-02-21 01:41:32.199 [info] Got 1 sessions for read:user,repo,user:email,workflow...
2025-02-21 01:41:32.200 [info] Getting sessions for read:user,repo,user:email,workflow...
2025-02-21 01:41:32.201 [info] Got 1 sessions for read:user,repo,user:email,workflow...
2025-02-21 01:41:32.201 [info] Getting sessions for read:user,repo,user:email,workflow...
2025-02-21 01:41:32.201 [info] Got 1 sessions for read:user,repo,user:email,workflow...
2025-02-21 01:41:32.321 [info] Getting sessions for all scopes...
2025-02-21 01:41:32.321 [info] Got 1 sessions for ...
2025-02-21 01:41:32.321 [info] Getting sessions for all scopes...
2025-02-21 01:41:32.321 [info] Got 1 sessions for ...
2025-02-21 01:41:33.339 [info] Getting sessions for read:user,repo,user:email,workflow...
2025-02-21 01:41:33.339 [info] Got 1 sessions for read:user,repo,user:email,workflow...
2025-02-21 01:41:33.351 [info] Getting sessions for read:user,repo,user:email...
2025-02-21 01:41:33.351 [info] Got 0 sessions for read:user,repo,user:email...
2025-02-21 01:41:33.410 [info] Getting sessions for all scopes...
2025-02-21 01:41:33.410 [info] Got 1 sessions for ...
2025-02-21 01:41:33.468 [info] Getting sessions for read:user,repo,user:email,workflow...
2025-02-21 01:41:33.468 [info] Got 1 sessions for read:user,repo,user:email,workflow...
2025-02-21 01:41:33.714 [info] Getting sessions for read:user,repo,user:email,workflow...
2025-02-21 01:41:33.714 [info] Got 1 sessions for read:user,repo,user:email,workflow...
2025-02-21 01:41:33.768 [info] Getting sessions for read:user,repo,user:email,workflow...
2025-02-21 01:41:33.768 [info] Got 1 sessions for read:user,repo,user:email,workflow...
2025-02-21 01:41:34.279 [info] Getting sessions for all scopes...
2025-02-21 01:41:34.279 [info] Got 1 sessions for ...
2025-02-21 01:41:34.279 [info] Getting sessions for all scopes...
2025-02-21 01:41:34.279 [info] Got 1 sessions for ...
2025-02-21 01:41:34.289 [info] Getting sessions for read:user,repo,user:email,workflow...
2025-02-21 01:41:34.289 [info] Got 1 sessions for read:user,repo,user:email,workflow...
2025-02-21 01:41:34.306 [info] Getting sessions for read:user,repo,user:email,workflow...
2025-02-21 01:41:34.306 [info] Got 1 sessions for read:user,repo,user:email,workflow...
2025-02-21 01:41:34.309 [info] Getting sessions for all scopes...
2025-02-21 01:41:34.309 [info] Got 1 sessions for ...
2025-02-21 01:41:34.310 [info] Getting sessions for read:user,repo,user:email,workflow...
2025-02-21 01:41:34.310 [info] Got 1 sessions for read:user,repo,user:email,workflow...
2025-02-21 01:41:34.370 [info] Getting sessions for all scopes...
2025-02-21 01:41:34.370 [info] Got 1 sessions for ...
2025-02-21 01:41:34.388 [info] Getting sessions for read:user,repo,user:email,workflow...
2025-02-21 01:41:34.388 [info] Got 1 sessions for read:user,repo,user:email,workflow...
2025-02-21 01:41:35.519 [info] Getting sessions for all scopes...
2025-02-21 01:41:35.519 [info] Got 1 sessions for ...
2025-02-21 01:41:35.520 [info] Getting sessions for read:user,repo,user:email,workflow...
2025-02-21 01:41:35.520 [info] Got 1 sessions for read:user,repo,user:email,workflow...
