[Error - 1:17:35 PM] Client Bash IDE: connection to server is erroring. Shutting down server.
[Error - 1:17:35 PM] Client Bash IDE: connection to server is erroring. Shutting down server.
[Error - 1:17:35 PM] Stopping server failed
Error: Client is not running and can't be stopped. It's current state is: starting
	at LanguageClient.shutdown (/home/luna/dotfiles/vscode/.vscode/extensions/mads-hartmann.bash-ide-vscode-1.43.0/node_modules/vscode-languageclient/lib/common/client.js:914:19)
	at LanguageClient.stop (/home/luna/dotfiles/vscode/.vscode/extensions/mads-hartmann.bash-ide-vscode-1.43.0/node_modules/vscode-languageclient/lib/common/client.js:885:21)
	at LanguageClient.stop (/home/luna/dotfiles/vscode/.vscode/extensions/mads-hartmann.bash-ide-vscode-1.43.0/node_modules/vscode-languageclient/lib/node/main.js:150:22)
	at LanguageClient.handleConnectionError (/home/luna/dotfiles/vscode/.vscode/extensions/mads-hartmann.bash-ide-vscode-1.43.0/node_modules/vscode-languageclient/lib/common/client.js:1146:18)
	at process.processTicksAndRejections (node:internal/process/task_queues:95:5)
[Error - 1:17:35 PM] Stopping server failed
Error: Client is not running and can't be stopped. It's current state is: starting
	at LanguageClient.shutdown (/home/luna/dotfiles/vscode/.vscode/extensions/mads-hartmann.bash-ide-vscode-1.43.0/node_modules/vscode-languageclient/lib/common/client.js:914:19)
	at LanguageClient.stop (/home/luna/dotfiles/vscode/.vscode/extensions/mads-hartmann.bash-ide-vscode-1.43.0/node_modules/vscode-languageclient/lib/common/client.js:885:21)
	at LanguageClient.stop (/home/luna/dotfiles/vscode/.vscode/extensions/mads-hartmann.bash-ide-vscode-1.43.0/node_modules/vscode-languageclient/lib/node/main.js:150:22)
	at LanguageClient.handleConnectionError (/home/luna/dotfiles/vscode/.vscode/extensions/mads-hartmann.bash-ide-vscode-1.43.0/node_modules/vscode-languageclient/lib/common/client.js:1146:18)
	at process.processTicksAndRejections (node:internal/process/task_queues:95:5)
[Error - 1:17:35 PM] Server initialization failed.
  Message: Pending response rejected since connection got disposed
  Code: -32097 
[Info  - 1:17:35 PM] Connection to server got closed. Server will restart.
true
[Error - 1:17:35 PM] Bash IDE client: couldn't create connection to server.
  Message: Pending response rejected since connection got disposed
  Code: -32097 
[Error - 1:17:35 PM] Client Bash IDE: connection to server is erroring. Shutting down server.
[Error - 1:17:35 PM] Client Bash IDE: connection to server is erroring. Shutting down server.
[Error - 1:17:35 PM] Stopping server failed
Error: Client is not running and can't be stopped. It's current state is: startFailed
	at LanguageClient.shutdown (/home/luna/dotfiles/vscode/.vscode/extensions/mads-hartmann.bash-ide-vscode-1.43.0/node_modules/vscode-languageclient/lib/common/client.js:914:19)
	at LanguageClient.stop (/home/luna/dotfiles/vscode/.vscode/extensions/mads-hartmann.bash-ide-vscode-1.43.0/node_modules/vscode-languageclient/lib/common/client.js:885:21)
	at LanguageClient.stop (/home/luna/dotfiles/vscode/.vscode/extensions/mads-hartmann.bash-ide-vscode-1.43.0/node_modules/vscode-languageclient/lib/node/main.js:150:22)
	at LanguageClient.handleConnectionError (/home/luna/dotfiles/vscode/.vscode/extensions/mads-hartmann.bash-ide-vscode-1.43.0/node_modules/vscode-languageclient/lib/common/client.js:1146:18)
	at process.processTicksAndRejections (node:internal/process/task_queues:95:5)
[Error - 1:17:35 PM] Stopping server failed
Error: Client is not running and can't be stopped. It's current state is: startFailed
	at LanguageClient.shutdown (/home/luna/dotfiles/vscode/.vscode/extensions/mads-hartmann.bash-ide-vscode-1.43.0/node_modules/vscode-languageclient/lib/common/client.js:914:19)
	at LanguageClient.stop (/home/luna/dotfiles/vscode/.vscode/extensions/mads-hartmann.bash-ide-vscode-1.43.0/node_modules/vscode-languageclient/lib/common/client.js:885:21)
	at LanguageClient.stop (/home/luna/dotfiles/vscode/.vscode/extensions/mads-hartmann.bash-ide-vscode-1.43.0/node_modules/vscode-languageclient/lib/node/main.js:150:22)
	at LanguageClient.handleConnectionError (/home/luna/dotfiles/vscode/.vscode/extensions/mads-hartmann.bash-ide-vscode-1.43.0/node_modules/vscode-languageclient/lib/common/client.js:1146:18)
	at process.processTicksAndRejections (node:internal/process/task_queues:95:5)
[Error - 1:17:35 PM] Server initialization failed.
  Message: Pending response rejected since connection got disposed
  Code: -32097 
[Info  - 1:17:35 PM] Connection to server got closed. Server will restart.
true
[Error - 1:17:35 PM] Bash IDE client: couldn't create connection to server.
  Message: Pending response rejected since connection got disposed
  Code: -32097 
[Error - 1:17:35 PM] Start failed
  Message: Pending response rejected since connection got disposed
  Code: -32097 
[Error - 1:17:35 PM] Client Bash IDE: connection to server is erroring. Shutting down server.
[Error - 1:17:35 PM] Client Bash IDE: connection to server is erroring. Shutting down server.
[Error - 1:17:35 PM] Stopping server failed
Error: Client is not running and can't be stopped. It's current state is: startFailed
	at LanguageClient.shutdown (/home/luna/dotfiles/vscode/.vscode/extensions/mads-hartmann.bash-ide-vscode-1.43.0/node_modules/vscode-languageclient/lib/common/client.js:914:19)
	at LanguageClient.stop (/home/luna/dotfiles/vscode/.vscode/extensions/mads-hartmann.bash-ide-vscode-1.43.0/node_modules/vscode-languageclient/lib/common/client.js:885:21)
	at LanguageClient.stop (/home/luna/dotfiles/vscode/.vscode/extensions/mads-hartmann.bash-ide-vscode-1.43.0/node_modules/vscode-languageclient/lib/node/main.js:150:22)
	at LanguageClient.handleConnectionError (/home/luna/dotfiles/vscode/.vscode/extensions/mads-hartmann.bash-ide-vscode-1.43.0/node_modules/vscode-languageclient/lib/common/client.js:1146:18)
	at process.processTicksAndRejections (node:internal/process/task_queues:95:5)
[Error - 1:17:35 PM] Stopping server failed
Error: Client is not running and can't be stopped. It's current state is: startFailed
	at LanguageClient.shutdown (/home/luna/dotfiles/vscode/.vscode/extensions/mads-hartmann.bash-ide-vscode-1.43.0/node_modules/vscode-languageclient/lib/common/client.js:914:19)
	at LanguageClient.stop (/home/luna/dotfiles/vscode/.vscode/extensions/mads-hartmann.bash-ide-vscode-1.43.0/node_modules/vscode-languageclient/lib/common/client.js:885:21)
	at LanguageClient.stop (/home/luna/dotfiles/vscode/.vscode/extensions/mads-hartmann.bash-ide-vscode-1.43.0/node_modules/vscode-languageclient/lib/node/main.js:150:22)
	at LanguageClient.handleConnectionError (/home/luna/dotfiles/vscode/.vscode/extensions/mads-hartmann.bash-ide-vscode-1.43.0/node_modules/vscode-languageclient/lib/common/client.js:1146:18)
	at process.processTicksAndRejections (node:internal/process/task_queues:95:5)
[Error - 1:17:35 PM] Server initialization failed.
  Message: Pending response rejected since connection got disposed
  Code: -32097 
[Info  - 1:17:35 PM] Connection to server got closed. Server will restart.
true
[Error - 1:17:35 PM] Bash IDE client: couldn't create connection to server.
  Message: Pending response rejected since connection got disposed
  Code: -32097 
[Error - 1:17:35 PM] Restarting server failed
  Message: Pending response rejected since connection got disposed
  Code: -32097 
[Error - 1:17:35 PM] Client Bash IDE: connection to server is erroring. Shutting down server.
[Error - 1:17:35 PM] Client Bash IDE: connection to server is erroring. Shutting down server.
[Error - 1:17:35 PM] Stopping server failed
Error: Client is not running and can't be stopped. It's current state is: startFailed
	at LanguageClient.shutdown (/home/luna/dotfiles/vscode/.vscode/extensions/mads-hartmann.bash-ide-vscode-1.43.0/node_modules/vscode-languageclient/lib/common/client.js:914:19)
	at LanguageClient.stop (/home/luna/dotfiles/vscode/.vscode/extensions/mads-hartmann.bash-ide-vscode-1.43.0/node_modules/vscode-languageclient/lib/common/client.js:885:21)
	at LanguageClient.stop (/home/luna/dotfiles/vscode/.vscode/extensions/mads-hartmann.bash-ide-vscode-1.43.0/node_modules/vscode-languageclient/lib/node/main.js:150:22)
	at LanguageClient.handleConnectionError (/home/luna/dotfiles/vscode/.vscode/extensions/mads-hartmann.bash-ide-vscode-1.43.0/node_modules/vscode-languageclient/lib/common/client.js:1146:18)
	at process.processTicksAndRejections (node:internal/process/task_queues:95:5)
[Error - 1:17:35 PM] Stopping server failed
Error: Client is not running and can't be stopped. It's current state is: startFailed
	at LanguageClient.shutdown (/home/luna/dotfiles/vscode/.vscode/extensions/mads-hartmann.bash-ide-vscode-1.43.0/node_modules/vscode-languageclient/lib/common/client.js:914:19)
	at LanguageClient.stop (/home/luna/dotfiles/vscode/.vscode/extensions/mads-hartmann.bash-ide-vscode-1.43.0/node_modules/vscode-languageclient/lib/common/client.js:885:21)
	at LanguageClient.stop (/home/luna/dotfiles/vscode/.vscode/extensions/mads-hartmann.bash-ide-vscode-1.43.0/node_modules/vscode-languageclient/lib/node/main.js:150:22)
	at LanguageClient.handleConnectionError (/home/luna/dotfiles/vscode/.vscode/extensions/mads-hartmann.bash-ide-vscode-1.43.0/node_modules/vscode-languageclient/lib/common/client.js:1146:18)
	at process.processTicksAndRejections (node:internal/process/task_queues:95:5)
[Error - 1:17:35 PM] Server initialization failed.
  Message: Pending response rejected since connection got disposed
  Code: -32097 
[Info  - 1:17:35 PM] Connection to server got closed. Server will restart.
true
[Error - 1:17:35 PM] Bash IDE client: couldn't create connection to server.
  Message: Pending response rejected since connection got disposed
  Code: -32097 
[Error - 1:17:35 PM] Restarting server failed
  Message: Pending response rejected since connection got disposed
  Code: -32097 
[Error - 1:17:35 PM] Client Bash IDE: connection to server is erroring. Shutting down server.
[Error - 1:17:35 PM] Client Bash IDE: connection to server is erroring. Shutting down server.
[Error - 1:17:35 PM] Stopping server failed
Error: Client is not running and can't be stopped. It's current state is: startFailed
	at LanguageClient.shutdown (/home/luna/dotfiles/vscode/.vscode/extensions/mads-hartmann.bash-ide-vscode-1.43.0/node_modules/vscode-languageclient/lib/common/client.js:914:19)
	at LanguageClient.stop (/home/luna/dotfiles/vscode/.vscode/extensions/mads-hartmann.bash-ide-vscode-1.43.0/node_modules/vscode-languageclient/lib/common/client.js:885:21)
	at LanguageClient.stop (/home/luna/dotfiles/vscode/.vscode/extensions/mads-hartmann.bash-ide-vscode-1.43.0/node_modules/vscode-languageclient/lib/node/main.js:150:22)
	at LanguageClient.handleConnectionError (/home/luna/dotfiles/vscode/.vscode/extensions/mads-hartmann.bash-ide-vscode-1.43.0/node_modules/vscode-languageclient/lib/common/client.js:1146:18)
	at process.processTicksAndRejections (node:internal/process/task_queues:95:5)
[Error - 1:17:35 PM] Stopping server failed
Error: Client is not running and can't be stopped. It's current state is: startFailed
	at LanguageClient.shutdown (/home/luna/dotfiles/vscode/.vscode/extensions/mads-hartmann.bash-ide-vscode-1.43.0/node_modules/vscode-languageclient/lib/common/client.js:914:19)
	at LanguageClient.stop (/home/luna/dotfiles/vscode/.vscode/extensions/mads-hartmann.bash-ide-vscode-1.43.0/node_modules/vscode-languageclient/lib/common/client.js:885:21)
	at LanguageClient.stop (/home/luna/dotfiles/vscode/.vscode/extensions/mads-hartmann.bash-ide-vscode-1.43.0/node_modules/vscode-languageclient/lib/node/main.js:150:22)
	at LanguageClient.handleConnectionError (/home/luna/dotfiles/vscode/.vscode/extensions/mads-hartmann.bash-ide-vscode-1.43.0/node_modules/vscode-languageclient/lib/common/client.js:1146:18)
	at process.processTicksAndRejections (node:internal/process/task_queues:95:5)
[Error - 1:17:35 PM] Server initialization failed.
  Message: Pending response rejected since connection got disposed
  Code: -32097 
[Error - 1:17:35 PM] The Bash IDE server crashed 5 times in the last 3 minutes. The server will not be restarted. See the output for more information.
[Error - 1:17:35 PM] Bash IDE client: couldn't create connection to server.
  Message: Pending response rejected since connection got disposed
  Code: -32097 
[Error - 1:17:35 PM] Restarting server failed
  Message: Pending response rejected since connection got disposed
  Code: -32097 
