2025-03-25 09:26:21.541 [info] Extension host with pid 29444 started
2025-03-25 09:26:21.541 [info] Skipping acquiring lock for /home/luna/.config/Code/User/workspaceStorage/efcd484ce73dcb97e9b5f50c8e2929e1.
2025-03-25 09:26:21.809 [info] ExtensionService#_doActivateExtension vscode.github-authentication, startup: false, activationEvent: 'onAuthenticationRequest:github'
2025-03-25 09:26:21.934 [info] ExtensionService#_doActivateExtension vscode.git-base, startup: true, activationEvent: '*', root cause: vscode.git
2025-03-25 09:26:21.936 [info] ExtensionService#_doActivateExtension christian-kohler.path-intellisense, startup: true, activationEvent: '*'
2025-03-25 09:26:21.939 [info] ExtensionService#_doActivateExtension mhutchie.git-graph, startup: true, activationEvent: '*'
2025-03-25 09:26:21.945 [info] ExtensionService#_doActivateExtension nhoizey.gremlins, startup: true, activationEvent: '*'
2025-03-25 09:26:21.946 [info] ExtensionService#_doActivateExtension oderwat.indent-rainbow, startup: true, activationEvent: '*'
2025-03-25 09:26:21.947 [info] ExtensionService#_doActivateExtension WakaTime.vscode-wakatime, startup: true, activationEvent: '*'
2025-03-25 09:26:21.977 [info] ExtensionService#_doActivateExtension wayou.vscode-todo-highlight, startup: true, activationEvent: '*'
2025-03-25 09:26:22.017 [info] ExtensionService#_doActivateExtension vscode.git, startup: true, activationEvent: '*'
2025-03-25 09:26:22.051 [info] ExtensionService#_doActivateExtension vscode.github, startup: true, activationEvent: '*'
2025-03-25 09:26:22.100 [info] Eager extensions activated
2025-03-25 09:26:22.121 [info] ExtensionService#_doActivateExtension vscode.debug-auto-launch, startup: false, activationEvent: 'onStartupFinished'
2025-03-25 09:26:22.122 [info] ExtensionService#_doActivateExtension vscode.merge-conflict, startup: false, activationEvent: 'onStartupFinished'
2025-03-25 09:26:22.132 [info] ExtensionService#_doActivateExtension aaron-bond.better-comments, startup: false, activationEvent: 'onStartupFinished'
2025-03-25 09:26:22.134 [info] ExtensionService#_doActivateExtension alefragnani.project-manager, startup: false, activationEvent: 'onStartupFinished'
2025-03-25 09:26:22.141 [info] ExtensionService#_doActivateExtension eamodio.gitlens, startup: false, activationEvent: 'onStartupFinished'
2025-03-25 09:26:22.212 [info] ExtensionService#_doActivateExtension ecmel.vscode-html-css, startup: false, activationEvent: 'onStartupFinished'
2025-03-25 09:26:22.219 [info] ExtensionService#_doActivateExtension esbenp.prettier-vscode, startup: false, activationEvent: 'onStartupFinished'
2025-03-25 09:26:22.257 [info] ExtensionService#_doActivateExtension felipecaputo.git-project-manager, startup: false, activationEvent: 'onStartupFinished'
2025-03-25 09:26:22.266 [info] ExtensionService#_doActivateExtension formulahendry.code-runner, startup: false, activationEvent: 'onStartupFinished'
2025-03-25 09:26:22.272 [info] ExtensionService#_doActivateExtension GitHub.vscode-pull-request-github, startup: false, activationEvent: 'onStartupFinished'
2025-03-25 09:26:22.325 [info] ExtensionService#_doActivateExtension Gruntfuggly.todo-tree, startup: false, activationEvent: 'onStartupFinished'
2025-03-25 09:26:22.347 [info] ExtensionService#_doActivateExtension kuba-p.theme-pink-candy, startup: false, activationEvent: 'onStartupFinished'
2025-03-25 09:26:22.350 [info] ExtensionService#_doActivateExtension mkxml.vscode-filesize, startup: false, activationEvent: 'onStartupFinished'
2025-03-25 09:26:22.351 [info] ExtensionService#_doActivateExtension ms-dotnettools.vscode-dotnet-runtime, startup: false, activationEvent: 'onStartupFinished'
2025-03-25 09:26:22.393 [info] ExtensionService#_doActivateExtension ms-vscode-remote.remote-containers, startup: false, activationEvent: 'onStartupFinished'
2025-03-25 09:26:22.509 [info] ExtensionService#_doActivateExtension PKief.material-icon-theme, startup: false, activationEvent: 'onStartupFinished'
2025-03-25 09:26:22.515 [info] ExtensionService#_doActivateExtension tonybaloney.vscode-pets, startup: false, activationEvent: 'onStartupFinished'
2025-03-25 09:26:22.519 [info] ExtensionService#_doActivateExtension unthrottled.doki-theme, startup: false, activationEvent: 'onStartupFinished'
2025-03-25 09:26:22.524 [info] ExtensionService#_doActivateExtension usernamehw.errorlens, startup: false, activationEvent: 'onStartupFinished'
2025-03-25 09:26:22.527 [info] ExtensionService#_doActivateExtension waderyan.gitblame, startup: false, activationEvent: 'onStartupFinished'
2025-03-25 09:26:22.966 [info] ExtensionService#_doActivateExtension vscode.emmet, startup: false, activationEvent: 'onLanguage'
2025-03-25 09:26:42.385 [warning] TextEditor is closed/disposed
2025-03-25 09:26:46.160 [warning] TextEditor is closed/disposed
2025-03-25 09:27:04.899 [warning] TextEditor is closed/disposed
2025-03-25 09:27:16.067 [warning] TextEditor is closed/disposed
2025-03-25 09:27:23.734 [warning] TextEditor is closed/disposed
2025-03-25 09:28:09.821 [warning] TextEditor is closed/disposed
2025-03-25 09:28:20.585 [warning] TextEditor is closed/disposed
2025-03-25 09:28:31.931 [warning] TextEditor is closed/disposed
2025-03-25 09:28:39.670 [warning] TextEditor is closed/disposed
2025-03-25 09:28:46.281 [warning] TextEditor is closed/disposed
2025-03-25 09:28:51.773 [warning] TextEditor is closed/disposed
2025-03-25 09:28:52.441 [warning] TextEditor is closed/disposed
2025-03-25 09:28:52.450 [warning] Illegal argument: TextEditor(vs.editor.ICodeEditor:1,$model16)
2025-03-25 09:28:59.582 [warning] TextEditor is closed/disposed
2025-03-25 09:29:01.590 [warning] TextEditor is closed/disposed
2025-03-25 09:29:09.054 [warning] TextEditor is closed/disposed
2025-03-25 09:29:10.775 [warning] TextEditor is closed/disposed
2025-03-25 09:29:11.817 [warning] TextEditor is closed/disposed
2025-03-25 09:29:13.199 [warning] TextEditor is closed/disposed
2025-03-25 09:29:14.364 [warning] TextEditor is closed/disposed
2025-03-25 09:29:21.823 [warning] TextEditor is closed/disposed
2025-03-25 09:29:23.396 [warning] TextEditor is closed/disposed
2025-03-25 09:29:25.093 [warning] TextEditor is closed/disposed
2025-03-25 09:29:26.269 [warning] TextEditor is closed/disposed
2025-03-25 09:29:39.403 [warning] TextEditor is closed/disposed
2025-03-25 09:29:41.350 [warning] TextEditor is closed/disposed
2025-03-25 09:29:43.226 [warning] TextEditor is closed/disposed
2025-03-25 09:29:52.012 [warning] TextEditor is closed/disposed
2025-03-25 09:29:54.874 [warning] TextEditor is closed/disposed
2025-03-25 09:30:13.283 [warning] TextEditor is closed/disposed
2025-03-25 09:30:14.266 [warning] TextEditor is closed/disposed
2025-03-25 09:30:14.945 [warning] TextEditor is closed/disposed
2025-03-25 09:30:15.302 [warning] TextEditor is closed/disposed
2025-03-25 09:30:15.376 [warning] Illegal argument: TextEditor(vs.editor.ICodeEditor:1,$model19)
2025-03-25 09:30:15.687 [warning] TextEditor is closed/disposed
2025-03-25 09:30:15.721 [warning] Illegal argument: TextEditor(vs.editor.ICodeEditor:1,$model6)
2025-03-25 09:30:16.127 [warning] TextEditor is closed/disposed
2025-03-25 09:30:16.679 [warning] TextEditor is closed/disposed
2025-03-25 09:30:18.147 [warning] TextEditor is closed/disposed
2025-03-25 09:30:18.872 [warning] TextEditor is closed/disposed
2025-03-25 09:30:19.309 [warning] TextEditor is closed/disposed
2025-03-25 09:30:19.786 [warning] TextEditor is closed/disposed
2025-03-25 09:30:20.335 [warning] TextEditor is closed/disposed
2025-03-25 09:30:21.499 [warning] TextEditor is closed/disposed
2025-03-25 09:30:29.554 [warning] TextEditor is closed/disposed
2025-03-25 09:30:30.487 [warning] TextEditor is closed/disposed
2025-03-25 09:30:37.636 [warning] TextEditor is closed/disposed
2025-03-25 09:30:41.608 [warning] TextEditor is closed/disposed
2025-03-25 09:30:50.317 [warning] TextEditor is closed/disposed
2025-03-25 09:30:51.013 [warning] TextEditor is closed/disposed
2025-03-25 09:30:51.027 [warning] Illegal argument: TextEditor(vs.editor.ICodeEditor:1,$model31)
2025-03-25 09:30:51.606 [warning] TextEditor is closed/disposed
2025-03-25 09:30:51.607 [warning] Illegal argument: TextEditor(vs.editor.ICodeEditor:1,$model32)
2025-03-25 09:30:52.222 [warning] TextEditor is closed/disposed
2025-03-25 09:30:52.230 [warning] Illegal argument: TextEditor(vs.editor.ICodeEditor:1,$model33)
2025-03-25 09:30:53.320 [warning] TextEditor is closed/disposed
2025-03-25 09:30:53.321 [warning] Illegal argument: TextEditor(vs.editor.ICodeEditor:1,$model35)
2025-03-25 09:30:53.920 [warning] TextEditor is closed/disposed
2025-03-25 09:30:53.921 [warning] Illegal argument: TextEditor(vs.editor.ICodeEditor:1,$model36)
2025-03-25 09:30:54.675 [warning] TextEditor is closed/disposed
2025-03-25 09:30:59.273 [warning] TextEditor is closed/disposed
2025-03-25 09:31:01.065 [warning] TextEditor is closed/disposed
2025-03-25 09:31:01.997 [warning] TextEditor is closed/disposed
2025-03-25 09:31:02.742 [warning] TextEditor is closed/disposed
2025-03-25 09:31:03.406 [warning] Illegal argument: TextEditor(vs.editor.ICodeEditor:1,$model42)
2025-03-25 09:31:03.410 [warning] TextEditor is closed/disposed
2025-03-25 09:31:04.009 [warning] TextEditor is closed/disposed
2025-03-25 09:31:04.021 [warning] Illegal argument: TextEditor(vs.editor.ICodeEditor:1,$model43)
2025-03-25 09:31:04.568 [warning] Illegal argument: TextEditor(vs.editor.ICodeEditor:1,$model44)
2025-03-25 09:31:04.572 [warning] TextEditor is closed/disposed
2025-03-25 09:31:05.189 [warning] TextEditor is closed/disposed
2025-03-25 09:31:05.189 [warning] Illegal argument: TextEditor(vs.editor.ICodeEditor:1,$model45)
2025-03-25 09:31:05.854 [warning] TextEditor is closed/disposed
2025-03-25 09:31:05.860 [warning] Illegal argument: TextEditor(vs.editor.ICodeEditor:1,$model46)
2025-03-25 09:31:06.458 [warning] TextEditor is closed/disposed
2025-03-25 09:31:06.464 [warning] Illegal argument: TextEditor(vs.editor.ICodeEditor:1,$model47)
2025-03-25 09:31:07.113 [warning] TextEditor is closed/disposed
2025-03-25 09:31:07.136 [warning] Illegal argument: TextEditor(vs.editor.ICodeEditor:1,$model48)
2025-03-25 09:31:08.348 [warning] TextEditor is closed/disposed
2025-03-25 09:31:09.024 [warning] TextEditor is closed/disposed
2025-03-25 09:31:09.039 [warning] Illegal argument: TextEditor(vs.editor.ICodeEditor:1,$model50)
2025-03-25 09:31:09.599 [warning] TextEditor is closed/disposed
2025-03-25 09:31:09.613 [warning] Illegal argument: TextEditor(vs.editor.ICodeEditor:1,$model51)
2025-03-25 09:31:44.115 [warning] TextEditor is closed/disposed
2025-03-25 09:31:48.539 [warning] TextEditor is closed/disposed
2025-03-25 09:31:52.102 [warning] TextEditor is closed/disposed
2025-03-25 09:31:57.060 [warning] TextEditor is closed/disposed
2025-03-25 09:32:04.558 [warning] TextEditor is closed/disposed
2025-03-25 09:32:06.309 [warning] TextEditor is closed/disposed
2025-03-25 09:32:19.567 [warning] TextEditor is closed/disposed
2025-03-25 09:32:24.846 [warning] TextEditor is closed/disposed
2025-03-25 09:32:27.776 [warning] TextEditor is closed/disposed
2025-03-25 09:32:30.371 [warning] TextEditor is closed/disposed
2025-03-25 09:32:43.814 [warning] TextEditor is closed/disposed
2025-03-25 09:33:03.390 [warning] TextEditor is closed/disposed
2025-03-25 09:33:19.086 [warning] TextEditor is closed/disposed
2025-03-25 09:33:20.297 [warning] TextEditor is closed/disposed
2025-03-25 09:33:31.537 [warning] TextEditor is closed/disposed
2025-03-25 09:33:38.241 [warning] TextEditor is closed/disposed
2025-03-25 09:33:46.264 [warning] TextEditor is closed/disposed
2025-03-25 09:33:57.528 [warning] TextEditor is closed/disposed
2025-03-25 09:34:04.614 [warning] TextEditor is closed/disposed
2025-03-25 09:34:14.434 [warning] TextEditor is closed/disposed
2025-03-25 09:34:24.262 [warning] TextEditor is closed/disposed
2025-03-25 09:34:31.562 [warning] TextEditor is closed/disposed
2025-03-25 09:34:44.305 [warning] TextEditor is closed/disposed
2025-03-25 09:34:51.642 [warning] TextEditor is closed/disposed
2025-03-25 09:35:04.115 [info] Extension host terminating: renderer closed the MessagePort
2025-03-25 09:35:04.163 [error] An error occurred when disposing the subscriptions for extension 'eamodio.gitlens':
2025-03-25 09:35:04.169 [error] TypeError: Cannot read properties of undefined (reading 'dispose')
	at Object.dispose (file:///usr/share/code/resources/app/out/vs/workbench/api/node/extensionHostProcess.js:135:120822)
	at cv.<anonymous> (file:///usr/share/code/resources/app/out/vs/workbench/api/node/extensionHostProcess.js:106:20084)
	at cv.dispose (file:///usr/share/code/resources/app/out/vs/workbench/api/node/extensionHostProcess.js:106:20180)
	at Object.dispose (/home/luna/dotfiles/vscode/.vscode/extensions/eamodio.gitlens-16.3.3/dist/gitlens.js:1154:126443)
	at /home/luna/dotfiles/vscode/.vscode/extensions/eamodio.gitlens-16.3.3/dist/gitlens.js:1425:15122
	at Array.forEach (<anonymous>)
	at Object.dispose (/home/luna/dotfiles/vscode/.vscode/extensions/eamodio.gitlens-16.3.3/dist/gitlens.js:1425:15104)
	at ui (file:///usr/share/code/resources/app/out/vs/workbench/api/node/extensionHostProcess.js:25:699)
	at file:///usr/share/code/resources/app/out/vs/workbench/api/node/extensionHostProcess.js:116:14992
	at file:///usr/share/code/resources/app/out/vs/workbench/api/node/extensionHostProcess.js:25:1009
	at Object.dispose (file:///usr/share/code/resources/app/out/vs/workbench/api/node/extensionHostProcess.js:8:705)
	at PW.eb (file:///usr/share/code/resources/app/out/vs/workbench/api/node/extensionHostProcess.js:116:11919)
	at file:///usr/share/code/resources/app/out/vs/workbench/api/node/extensionHostProcess.js:116:9874
	at Array.map (<anonymous>)
	at PW.$ (file:///usr/share/code/resources/app/out/vs/workbench/api/node/extensionHostProcess.js:116:9862)
	at PW.terminate (file:///usr/share/code/resources/app/out/vs/workbench/api/node/extensionHostProcess.js:116:10105)
	at wC.terminate (file:///usr/share/code/resources/app/out/vs/workbench/api/node/extensionHostProcess.js:117:1434)
	at ts (file:///usr/share/code/resources/app/out/vs/workbench/api/node/extensionHostProcess.js:190:15080)
	at MessagePortMain.<anonymous> (file:///usr/share/code/resources/app/out/vs/workbench/api/node/extensionHostProcess.js:190:11628)
	at MessagePortMain.emit (node:events:518:28)
	at MessagePortMain._internalPort.emit (node:electron/js2c/utility_init:2:2949)
2025-03-25 09:35:04.176 [error] An error occurred when disposing the subscriptions for extension 'Gruntfuggly.todo-tree':
2025-03-25 09:35:04.177 [error] AggregateError: Encountered errors while disposing of store
	at ui (file:///usr/share/code/resources/app/out/vs/workbench/api/node/extensionHostProcess.js:25:775)
	at file:///usr/share/code/resources/app/out/vs/workbench/api/node/extensionHostProcess.js:116:14992
	at file:///usr/share/code/resources/app/out/vs/workbench/api/node/extensionHostProcess.js:25:1009
	at Object.dispose (file:///usr/share/code/resources/app/out/vs/workbench/api/node/extensionHostProcess.js:8:705)
	at PW.eb (file:///usr/share/code/resources/app/out/vs/workbench/api/node/extensionHostProcess.js:116:11919)
	at file:///usr/share/code/resources/app/out/vs/workbench/api/node/extensionHostProcess.js:116:9874
	at Array.map (<anonymous>)
	at PW.$ (file:///usr/share/code/resources/app/out/vs/workbench/api/node/extensionHostProcess.js:116:9862)
	at PW.terminate (file:///usr/share/code/resources/app/out/vs/workbench/api/node/extensionHostProcess.js:116:10105)
	at wC.terminate (file:///usr/share/code/resources/app/out/vs/workbench/api/node/extensionHostProcess.js:117:1434)
	at ts (file:///usr/share/code/resources/app/out/vs/workbench/api/node/extensionHostProcess.js:190:15080)
	at MessagePortMain.<anonymous> (file:///usr/share/code/resources/app/out/vs/workbench/api/node/extensionHostProcess.js:190:11628)
	at MessagePortMain.emit (node:events:518:28)
	at MessagePortMain._internalPort.emit (node:electron/js2c/utility_init:2:2949)
2025-03-25 09:35:04.192 [error] Canceled: Canceled
	at new XR (file:///usr/share/code/resources/app/out/vs/workbench/api/node/extensionHostProcess.js:29:110406)
	at Uy.U (file:///usr/share/code/resources/app/out/vs/workbench/api/node/extensionHostProcess.js:29:115016)
	at s.<computed>.n.charCodeAt.s.<computed> (file:///usr/share/code/resources/app/out/vs/workbench/api/node/extensionHostProcess.js:29:112510)
	at mw.g (file:///usr/share/code/resources/app/out/vs/workbench/api/node/extensionHostProcess.js:112:32221)
	at mw.executeCommand (file:///usr/share/code/resources/app/out/vs/workbench/api/node/extensionHostProcess.js:112:31725)
	at r.registerCommand.description (file:///usr/share/code/resources/app/out/vs/workbench/api/node/extensionHostProcess.js:112:31055)
	at mw.h (file:///usr/share/code/resources/app/out/vs/workbench/api/node/extensionHostProcess.js:112:32741)
	at mw.g (file:///usr/share/code/resources/app/out/vs/workbench/api/node/extensionHostProcess.js:112:31818)
	at mw.executeCommand (file:///usr/share/code/resources/app/out/vs/workbench/api/node/extensionHostProcess.js:112:31725)
	at Object.executeCommand (file:///usr/share/code/resources/app/out/vs/workbench/api/node/extensionHostProcess.js:172:37254)
	at f (/home/luna/dotfiles/vscode/.vscode/extensions/eamodio.gitlens-16.3.3/dist/gitlens.js:1479:63905)
	at c (/home/luna/dotfiles/vscode/.vscode/extensions/eamodio.gitlens-16.3.3/dist/gitlens.js:1479:68465)
	at ActionRunners._updateContextKeys (/home/luna/dotfiles/vscode/.vscode/extensions/eamodio.gitlens-16.3.3/dist/gitlens.js:1104:92462)
	at s (/home/luna/dotfiles/vscode/.vscode/extensions/eamodio.gitlens-16.3.3/dist/gitlens.js:1104:90906)
	at RegisteredActionRunner.unregister (/home/luna/dotfiles/vscode/.vscode/extensions/eamodio.gitlens-16.3.3/dist/gitlens.js:1104:91049)
	at RegisteredActionRunner.dispose (/home/luna/dotfiles/vscode/.vscode/extensions/eamodio.gitlens-16.3.3/dist/gitlens.js:1104:89716)
	at Object.dispose (/home/luna/dotfiles/vscode/.vscode/extensions/eamodio.gitlens-16.3.3/dist/gitlens.js:1104:91143)
	at ui (file:///usr/share/code/resources/app/out/vs/workbench/api/node/extensionHostProcess.js:25:699)
	at file:///usr/share/code/resources/app/out/vs/workbench/api/node/extensionHostProcess.js:116:14992
	at file:///usr/share/code/resources/app/out/vs/workbench/api/node/extensionHostProcess.js:25:1009
	at Object.dispose (file:///usr/share/code/resources/app/out/vs/workbench/api/node/extensionHostProcess.js:8:705)
	at PW.eb (file:///usr/share/code/resources/app/out/vs/workbench/api/node/extensionHostProcess.js:116:11919)
	at file:///usr/share/code/resources/app/out/vs/workbench/api/node/extensionHostProcess.js:116:9874
	at Array.map (<anonymous>)
	at PW.$ (file:///usr/share/code/resources/app/out/vs/workbench/api/node/extensionHostProcess.js:116:9862)
	at PW.terminate (file:///usr/share/code/resources/app/out/vs/workbench/api/node/extensionHostProcess.js:116:10105)
	at wC.terminate (file:///usr/share/code/resources/app/out/vs/workbench/api/node/extensionHostProcess.js:117:1434)
	at ts (file:///usr/share/code/resources/app/out/vs/workbench/api/node/extensionHostProcess.js:190:15080)
	at MessagePortMain.<anonymous> (file:///usr/share/code/resources/app/out/vs/workbench/api/node/extensionHostProcess.js:190:11628)
	at MessagePortMain.emit (node:events:518:28)
	at MessagePortMain._internalPort.emit (node:electron/js2c/utility_init:2:2949) setContext undefined
2025-03-25 09:35:04.192 [error] Canceled: Canceled
	at new XR (file:///usr/share/code/resources/app/out/vs/workbench/api/node/extensionHostProcess.js:29:110406)
	at Uy.U (file:///usr/share/code/resources/app/out/vs/workbench/api/node/extensionHostProcess.js:29:115016)
	at s.<computed>.n.charCodeAt.s.<computed> (file:///usr/share/code/resources/app/out/vs/workbench/api/node/extensionHostProcess.js:29:112510)
	at mw.g (file:///usr/share/code/resources/app/out/vs/workbench/api/node/extensionHostProcess.js:112:32221)
	at mw.executeCommand (file:///usr/share/code/resources/app/out/vs/workbench/api/node/extensionHostProcess.js:112:31725)
	at r.registerCommand.description (file:///usr/share/code/resources/app/out/vs/workbench/api/node/extensionHostProcess.js:112:31055)
	at mw.h (file:///usr/share/code/resources/app/out/vs/workbench/api/node/extensionHostProcess.js:112:32741)
	at mw.g (file:///usr/share/code/resources/app/out/vs/workbench/api/node/extensionHostProcess.js:112:31818)
	at mw.executeCommand (file:///usr/share/code/resources/app/out/vs/workbench/api/node/extensionHostProcess.js:112:31725)
	at Object.executeCommand (file:///usr/share/code/resources/app/out/vs/workbench/api/node/extensionHostProcess.js:172:37254)
	at f (/home/luna/dotfiles/vscode/.vscode/extensions/eamodio.gitlens-16.3.3/dist/gitlens.js:1479:63905)
	at c (/home/luna/dotfiles/vscode/.vscode/extensions/eamodio.gitlens-16.3.3/dist/gitlens.js:1479:68465)
	at ActionRunners._updateContextKeys (/home/luna/dotfiles/vscode/.vscode/extensions/eamodio.gitlens-16.3.3/dist/gitlens.js:1104:92462)
	at s (/home/luna/dotfiles/vscode/.vscode/extensions/eamodio.gitlens-16.3.3/dist/gitlens.js:1104:90906)
	at RegisteredActionRunner.unregister (/home/luna/dotfiles/vscode/.vscode/extensions/eamodio.gitlens-16.3.3/dist/gitlens.js:1104:91049)
	at RegisteredActionRunner.dispose (/home/luna/dotfiles/vscode/.vscode/extensions/eamodio.gitlens-16.3.3/dist/gitlens.js:1104:89716)
	at Object.dispose (/home/luna/dotfiles/vscode/.vscode/extensions/eamodio.gitlens-16.3.3/dist/gitlens.js:1104:91143)
	at ui (file:///usr/share/code/resources/app/out/vs/workbench/api/node/extensionHostProcess.js:25:699)
	at file:///usr/share/code/resources/app/out/vs/workbench/api/node/extensionHostProcess.js:116:14992
	at file:///usr/share/code/resources/app/out/vs/workbench/api/node/extensionHostProcess.js:25:1009
	at Object.dispose (file:///usr/share/code/resources/app/out/vs/workbench/api/node/extensionHostProcess.js:8:705)
	at PW.eb (file:///usr/share/code/resources/app/out/vs/workbench/api/node/extensionHostProcess.js:116:11919)
	at file:///usr/share/code/resources/app/out/vs/workbench/api/node/extensionHostProcess.js:116:9874
	at Array.map (<anonymous>)
	at PW.$ (file:///usr/share/code/resources/app/out/vs/workbench/api/node/extensionHostProcess.js:116:9862)
	at PW.terminate (file:///usr/share/code/resources/app/out/vs/workbench/api/node/extensionHostProcess.js:116:10105)
	at wC.terminate (file:///usr/share/code/resources/app/out/vs/workbench/api/node/extensionHostProcess.js:117:1434)
	at ts (file:///usr/share/code/resources/app/out/vs/workbench/api/node/extensionHostProcess.js:190:15080)
	at MessagePortMain.<anonymous> (file:///usr/share/code/resources/app/out/vs/workbench/api/node/extensionHostProcess.js:190:11628)
	at MessagePortMain.emit (node:events:518:28)
	at MessagePortMain._internalPort.emit (node:electron/js2c/utility_init:2:2949) setContext undefined
2025-03-25 09:35:04.194 [error] Canceled: Canceled
	at new XR (file:///usr/share/code/resources/app/out/vs/workbench/api/node/extensionHostProcess.js:29:110406)
	at Uy.U (file:///usr/share/code/resources/app/out/vs/workbench/api/node/extensionHostProcess.js:29:115016)
	at s.<computed>.n.charCodeAt.s.<computed> (file:///usr/share/code/resources/app/out/vs/workbench/api/node/extensionHostProcess.js:29:112510)
	at mw.g (file:///usr/share/code/resources/app/out/vs/workbench/api/node/extensionHostProcess.js:112:32221)
	at mw.executeCommand (file:///usr/share/code/resources/app/out/vs/workbench/api/node/extensionHostProcess.js:112:31725)
	at r.registerCommand.description (file:///usr/share/code/resources/app/out/vs/workbench/api/node/extensionHostProcess.js:112:31055)
	at mw.h (file:///usr/share/code/resources/app/out/vs/workbench/api/node/extensionHostProcess.js:112:32741)
	at mw.g (file:///usr/share/code/resources/app/out/vs/workbench/api/node/extensionHostProcess.js:112:31818)
	at mw.executeCommand (file:///usr/share/code/resources/app/out/vs/workbench/api/node/extensionHostProcess.js:112:31725)
	at Object.executeCommand (file:///usr/share/code/resources/app/out/vs/workbench/api/node/extensionHostProcess.js:172:37254)
	at f (/home/luna/dotfiles/vscode/.vscode/extensions/eamodio.gitlens-16.3.3/dist/gitlens.js:1479:63905)
	at c (/home/luna/dotfiles/vscode/.vscode/extensions/eamodio.gitlens-16.3.3/dist/gitlens.js:1479:68465)
	at ActionRunners._updateContextKeys (/home/luna/dotfiles/vscode/.vscode/extensions/eamodio.gitlens-16.3.3/dist/gitlens.js:1104:92462)
	at s (/home/luna/dotfiles/vscode/.vscode/extensions/eamodio.gitlens-16.3.3/dist/gitlens.js:1104:90906)
	at RegisteredActionRunner.unregister (/home/luna/dotfiles/vscode/.vscode/extensions/eamodio.gitlens-16.3.3/dist/gitlens.js:1104:91049)
	at RegisteredActionRunner.dispose (/home/luna/dotfiles/vscode/.vscode/extensions/eamodio.gitlens-16.3.3/dist/gitlens.js:1104:89716)
	at Object.dispose (/home/luna/dotfiles/vscode/.vscode/extensions/eamodio.gitlens-16.3.3/dist/gitlens.js:1104:91143)
	at p (/home/luna/dotfiles/vscode/.vscode/extensions/github.vscode-pull-request-github-0.106.0/dist/extension.js:2081:429091)
	at kw.dispose (/home/luna/dotfiles/vscode/.vscode/extensions/github.vscode-pull-request-github-0.106.0/dist/extension.js:2081:429259)
	at ui (file:///usr/share/code/resources/app/out/vs/workbench/api/node/extensionHostProcess.js:25:699)
	at file:///usr/share/code/resources/app/out/vs/workbench/api/node/extensionHostProcess.js:116:14992
	at file:///usr/share/code/resources/app/out/vs/workbench/api/node/extensionHostProcess.js:25:1009
	at Object.dispose (file:///usr/share/code/resources/app/out/vs/workbench/api/node/extensionHostProcess.js:8:705)
	at PW.eb (file:///usr/share/code/resources/app/out/vs/workbench/api/node/extensionHostProcess.js:116:11919)
	at file:///usr/share/code/resources/app/out/vs/workbench/api/node/extensionHostProcess.js:116:9874
	at Array.map (<anonymous>)
	at PW.$ (file:///usr/share/code/resources/app/out/vs/workbench/api/node/extensionHostProcess.js:116:9862)
	at PW.terminate (file:///usr/share/code/resources/app/out/vs/workbench/api/node/extensionHostProcess.js:116:10105)
	at wC.terminate (file:///usr/share/code/resources/app/out/vs/workbench/api/node/extensionHostProcess.js:117:1434)
	at ts (file:///usr/share/code/resources/app/out/vs/workbench/api/node/extensionHostProcess.js:190:15080)
	at MessagePortMain.<anonymous> (file:///usr/share/code/resources/app/out/vs/workbench/api/node/extensionHostProcess.js:190:11628)
	at MessagePortMain.emit (node:events:518:28)
	at MessagePortMain._internalPort.emit (node:electron/js2c/utility_init:2:2949) setContext undefined
2025-03-25 09:35:04.194 [info] Extension host with pid 29444 exiting with code 0
