2025-02-21 00:31:52.430 [info] Reading sessions from keychain...
2025-02-21 00:31:52.430 [info] Getting sessions for all scopes...
2025-02-21 00:31:52.430 [info] Getting sessions for all scopes...
2025-02-21 00:31:52.430 [info] Getting sessions for all scopes...
2025-02-21 00:31:52.430 [info] Getting sessions for all scopes...
2025-02-21 00:31:52.430 [info] Getting sessions for all scopes...
2025-02-21 00:31:52.430 [info] Getting sessions for all scopes...
2025-02-21 00:31:52.430 [info] Getting sessions for all scopes...
2025-02-21 00:31:52.430 [info] Got stored sessions!
2025-02-21 00:31:52.430 [info] Got 1 verified sessions.
2025-02-21 00:31:52.430 [info] Got 1 sessions for ...
2025-02-21 00:31:52.430 [info] Got 1 sessions for ...
2025-02-21 00:31:52.430 [info] Got 1 sessions for ...
2025-02-21 00:31:52.430 [info] Got 1 sessions for ...
2025-02-21 00:31:52.430 [info] Got 1 sessions for ...
2025-02-21 00:31:52.430 [info] Got 1 sessions for ...
2025-02-21 00:31:52.430 [info] Got 1 sessions for ...
2025-02-21 00:31:52.430 [info] Getting sessions for all scopes...
2025-02-21 00:31:52.430 [info] Got 1 sessions for ...
2025-02-21 00:31:52.430 [info] Getting sessions for all scopes...
2025-02-21 00:31:52.430 [info] Got 1 sessions for ...
2025-02-21 00:31:52.430 [info] Getting sessions for all scopes...
2025-02-21 00:31:52.430 [info] Got 1 sessions for ...
2025-02-21 00:31:52.455 [info] Getting sessions for read:user,repo,user:email,workflow...
2025-02-21 00:31:52.455 [info] Got 1 sessions for read:user,repo,user:email,workflow...
2025-02-21 00:31:53.043 [info] Getting sessions for all scopes...
2025-02-21 00:31:53.043 [info] Got 1 sessions for ...
2025-02-21 00:31:53.185 [info] Getting sessions for all scopes...
2025-02-21 00:31:53.185 [info] Got 1 sessions for ...
2025-02-21 00:31:53.295 [info] Getting sessions for read:user,repo,user:email...
2025-02-21 00:31:53.295 [info] Got 0 sessions for read:user,repo,user:email...
2025-02-21 00:31:53.295 [info] Getting sessions for read:user,repo,user:email,workflow...
2025-02-21 00:31:53.295 [info] Got 1 sessions for read:user,repo,user:email,workflow...
2025-02-21 00:31:53.295 [info] Getting sessions for project,read:org,read:user,repo,user:email,workflow...
2025-02-21 00:31:53.295 [info] Got 0 sessions for project,read:org,read:user,repo,user:email,workflow...
2025-02-21 00:31:53.315 [info] Getting sessions for read:user,repo,user:email,workflow...
2025-02-21 00:31:53.315 [info] Got 1 sessions for read:user,repo,user:email,workflow...
2025-02-21 00:31:53.561 [info] Getting sessions for read:user,repo,user:email,workflow...
2025-02-21 00:31:53.561 [info] Got 1 sessions for read:user,repo,user:email,workflow...
2025-02-21 00:31:53.594 [info] Getting sessions for read:user,repo,user:email,workflow...
2025-02-21 00:31:53.594 [info] Got 1 sessions for read:user,repo,user:email,workflow...
2025-02-21 00:31:53.647 [info] Getting sessions for all scopes...
2025-02-21 00:31:53.647 [info] Got 1 sessions for ...
2025-02-21 00:31:54.562 [info] Getting sessions for read:user,repo,user:email,workflow...
2025-02-21 00:31:54.562 [info] Got 1 sessions for read:user,repo,user:email,workflow...
2025-02-21 00:31:54.569 [info] Getting sessions for read:user,repo,user:email...
2025-02-21 00:31:54.569 [info] Got 0 sessions for read:user,repo,user:email...
2025-02-21 00:31:54.596 [info] Getting sessions for read:user,repo,user:email,workflow...
2025-02-21 00:31:54.596 [info] Got 1 sessions for read:user,repo,user:email,workflow...
2025-02-21 00:31:54.608 [info] Getting sessions for all scopes...
2025-02-21 00:31:54.608 [info] Got 1 sessions for ...
2025-02-21 00:31:54.701 [info] Getting sessions for read:user,repo,user:email,workflow...
2025-02-21 00:31:54.701 [info] Got 1 sessions for read:user,repo,user:email,workflow...
2025-02-21 00:31:55.070 [info] Getting sessions for read:user,repo,user:email,workflow...
2025-02-21 00:31:55.070 [info] Got 1 sessions for read:user,repo,user:email,workflow...
2025-02-21 00:31:55.244 [info] Getting sessions for read:user,repo,user:email,workflow...
2025-02-21 00:31:55.244 [info] Got 1 sessions for read:user,repo,user:email,workflow...
2025-02-21 00:31:55.500 [info] Getting sessions for all scopes...
2025-02-21 00:31:55.500 [info] Got 1 sessions for ...
2025-02-21 00:31:55.500 [info] Getting sessions for all scopes...
2025-02-21 00:31:55.500 [info] Got 1 sessions for ...
2025-02-21 00:31:55.537 [info] Getting sessions for read:user,repo,user:email,workflow...
2025-02-21 00:31:55.537 [info] Got 1 sessions for read:user,repo,user:email,workflow...
2025-02-21 00:31:55.552 [info] Getting sessions for all scopes...
2025-02-21 00:31:55.552 [info] Got 1 sessions for ...
2025-02-21 00:31:55.558 [info] Getting sessions for read:user,repo,user:email,workflow...
2025-02-21 00:31:55.558 [info] Got 1 sessions for read:user,repo,user:email,workflow...
2025-02-21 00:31:55.612 [info] Getting sessions for all scopes...
2025-02-21 00:31:55.612 [info] Got 1 sessions for ...
2025-02-21 00:31:55.617 [info] Getting sessions for read:user,repo,user:email,workflow...
2025-02-21 00:31:55.617 [info] Got 1 sessions for read:user,repo,user:email,workflow...
2025-02-21 00:31:55.631 [info] Getting sessions for read:user,repo,user:email,workflow...
2025-02-21 00:31:55.631 [info] Got 1 sessions for read:user,repo,user:email,workflow...
2025-02-21 00:31:56.821 [info] Getting sessions for all scopes...
2025-02-21 00:31:56.821 [info] Got 1 sessions for ...
2025-02-21 00:31:56.823 [info] Getting sessions for read:user,repo,user:email,workflow...
2025-02-21 00:31:56.823 [info] Got 1 sessions for read:user,repo,user:email,workflow...
